-----------------------------------------------------------------------------------------------------------------------------
Showing VGG16_CIFAR10_Conv2dRFFTFunction_date-20240125-062929.pt
-------------------------------------------------------  ------------  ------------  ------------  ------------  ------------  ------------  ------------  ------------  ------------  ------------  ------------  ------------  ------------  ------------  ------------  
                                                   Name    Self CPU %      Self CPU   CPU total %     CPU total  CPU time avg     Self CUDA   Self CUDA %    CUDA total  CUDA time avg       CPU Mem  Self CPU Mem      CUDA Mem  Self CUDA Mem    # of Calls  Total GFLOPs  
-------------------------------------------------------  ------------  ------------  ------------  ------------  ------------  ------------  ------------  ------------  ------------  ------------  ------------  ------------  ------------  ------------  ------------  
                                            aten::copy_         0.02%       9.378ms        80.67%       44.829s      67.923ms     712.162ms         2.56%     714.691ms       1.083ms           0 b           0 b           0 b      -9.31 Mb           660            --  
                                          ProfilerStep*         0.00%     232.000us        50.15%       27.868s        6.967s       0.000us         0.00%       10.255s        2.564s       4.59 Mb      -1.05 Kb           0 b           0 b             4            --  
                                        cudaMemcpyAsync        40.02%       22.242s        40.02%       22.242s     132.393ms       0.000us         0.00%       0.000us       0.000us           0 b           0 b           0 b           0 b           168            --  
                                               aten::to         0.00%     168.000us        39.87%       22.155s        1.846s       0.000us         0.00%       3.976ms     331.333us       9.19 Mb           0 b       9.19 Mb           0 b            12            --  
                                         aten::_to_copy         0.00%     317.000us        39.87%       22.155s        1.846s       0.000us         0.00%       3.976ms     331.333us       9.19 Mb           0 b       9.19 Mb           0 b            12            --  
autograd::engine::evaluate_function: ToCopyBackward0...         0.00%     227.000us        39.86%       22.152s        5.538s       0.000us         0.00%       2.529ms     632.250us       9.19 Mb           0 b      -9.35 Mb      -9.35 Mb             4            --  
                                        ToCopyBackward0         0.00%      39.000us        39.86%       22.152s        5.538s       0.000us         0.00%       2.529ms     632.250us       9.19 Mb           0 b           0 b           0 b             4            --  
                             Conv2dRFFTFunction Step#10        12.47%        6.932s        12.54%        6.969s        6.969s       0.000us         0.00%        2.564s        2.564s          -4 b      -2.30 Mb           0 b    -494.46 Mb             1            --  
                              Conv2dRFFTFunction Step#9        12.48%        6.933s        12.54%        6.968s        6.968s       0.000us         0.00%        2.563s        2.563s          -4 b      -2.30 Mb           0 b    -493.50 Mb             1            --  
                             Conv2dRFFTFunction Step#11        12.47%        6.931s        12.54%        6.966s        6.966s       0.000us         0.00%        2.564s        2.564s          -4 b      -2.30 Mb           0 b    -493.50 Mb             1            --  
                              Conv2dRFFTFunction Step#8        12.48%        6.934s        12.53%        6.965s        6.965s       0.000us         0.00%        2.564s        2.564s       4.59 Mb       2.30 Mb           0 b    -494.46 Mb             1            --  
                                       cudaLaunchKernel         9.63%        5.354s         9.63%        5.354s       1.096ms       0.000us         0.00%       0.000us       0.000us           0 b           0 b           0 b           0 b          4884            --  
autograd::engine::evaluate_function: Conv2dRFFTFunct...         0.00%       1.230ms         8.58%        4.767s      91.679ms       0.000us         0.00%       17.478s     336.116ms           0 b           0 b      27.68 Gb    -939.30 Mb            52            --  
                             Conv2dRFFTFunctionBackward         0.04%      23.792ms         8.58%        4.766s      91.655ms       0.000us         0.00%       17.478s     336.116ms           0 b           0 b      28.60 Gb   -1236.64 Gb            52            --  
                                        aten::fft_rfftn         0.00%       2.216ms         3.18%        1.766s       6.791ms       0.000us         0.00%        2.768s      10.644ms           0 b           0 b      60.81 Gb     -56.09 Gb           260            --  
                                         aten::_fft_r2c         0.03%      14.927ms         2.31%        1.284s       4.940ms        2.501s         8.99%        2.501s       9.620ms           0 b           0 b      60.00 Gb    -119.67 Gb           260            --  
                                              aten::mul         0.04%      23.506ms         1.97%        1.093s       1.168ms       12.647s        45.47%       13.040s      13.931ms         -16 b         -16 b    1057.73 Gb    1027.47 Gb           936        48.421  
                                       aten::fft_irfftn         0.00%     922.000us         1.91%        1.061s       6.801ms       0.000us         0.00%        1.838s      11.785ms           0 b           0 b      29.45 Gb           0 b           156            --  
                                         aten::_fft_c2r         0.02%      10.992ms         1.91%        1.060s       6.796ms        1.315s         4.73%        1.838s      11.785ms           0 b           0 b      29.45 Gb     -91.13 Gb           156            --  
autograd::engine::evaluate_function: torch::autograd...         0.00%       2.299ms         1.01%     560.242ms       2.374ms       0.000us         0.00%      30.083ms     127.470us           0 b           0 b     -29.81 Gb           0 b           236            --  
                        torch::autograd::AccumulateGrad         0.00%       1.994ms         1.00%     557.943ms       2.364ms       0.000us         0.00%      30.083ms     127.470us           0 b           0 b     -29.81 Gb     -29.81 Gb           236            --  
                                             aten::add_         0.01%       3.766ms         1.00%     557.349ms       1.962ms      30.208ms         0.11%      30.208ms     106.366us           0 b           0 b           0 b           0 b           284            --  
                                  aten::constant_pad_nd         0.01%       7.079ms         0.94%     522.004ms       2.008ms       0.000us         0.00%     282.213ms       1.085ms           0 b           0 b      58.05 Gb           0 b           260            --  
                                              aten::add         0.01%       6.679ms         0.93%     515.160ms       1.415ms        6.168s        22.17%        6.168s      16.944ms           0 b           0 b     529.68 Gb     529.68 Gb           364        94.861  
                                            aten::clone         0.00%       2.363ms         0.74%     413.340ms       1.076ms       0.000us         0.00%     659.958ms       1.719ms           0 b           0 b      61.20 Gb           0 b           384            --  
                                              aten::sum         0.01%       7.812ms         0.52%     287.695ms       1.308ms        1.809s         6.50%        1.809s       8.222ms           0 b           0 b      30.84 Gb      30.84 Gb           220            --  
                                            aten::fill_         0.01%       3.067ms         0.49%     272.423ms     959.236us     235.390ms         0.85%     235.390ms     828.838us           0 b           0 b           0 b           0 b           284            --  
                                              aten::sub         0.01%       2.814ms         0.34%     186.543ms       1.196ms        2.304s         8.28%        2.304s      14.772ms           0 b           0 b     176.29 Gb     176.29 Gb           156            --  
                                             aten::mul_         0.00%       1.841ms         0.28%     155.259ms     995.250us       0.000us         0.00%     256.218ms       1.642ms           0 b          16 b           0 b           0 b           156            --  
     autograd::engine::evaluate_function: ReluBackward0         0.00%     839.000us         0.23%     125.184ms       2.086ms       0.000us         0.00%      10.112ms     168.533us           0 b           0 b    -857.03 Mb      -1.66 Gb            60            --  
                                          ReluBackward0         0.00%     568.000us         0.22%     124.345ms       2.072ms       0.000us         0.00%      10.112ms     168.533us           0 b           0 b     842.78 Mb           0 b            60            --  
                               aten::threshold_backward         0.00%       1.568ms         0.22%     123.777ms       2.063ms      10.112ms         0.04%      10.112ms     168.533us           0 b           0 b     842.78 Mb     842.78 Mb            60            --  
                                       aten::contiguous         0.00%      59.000us         0.22%     119.555ms       5.978ms       0.000us         0.00%     859.000us      42.950us           0 b           0 b     104.59 Mb           0 b            20            --  
autograd::engine::evaluate_function: CudnnBatchNormB...         0.00%       1.130ms         0.16%      88.373ms       1.699ms       0.000us         0.00%      17.397ms     334.558us           0 b           0 b    -830.48 Mb      -1.64 Gb            52            --  
                                     Conv2dRFFTFunction         0.02%      13.547ms         0.16%      88.111ms       1.694ms       0.000us         0.00%       10.208s     196.311ms           0 b           0 b     832.22 Mb    -619.90 Gb            52            --  
                                CudnnBatchNormBackward0         0.00%     556.000us         0.16%      87.243ms       1.678ms       0.000us         0.00%      17.397ms     334.558us           0 b           0 b     844.15 Mb           0 b            52            --  
                        aten::cudnn_batch_norm_backward         0.01%       2.779ms         0.16%      86.687ms       1.667ms      17.397ms         0.06%      17.397ms     334.558us           0 b           0 b     844.15 Mb           0 b            52            --  
                                              aten::pad         0.00%     562.000us         0.08%      43.557ms     418.817us       0.000us         0.00%      15.994ms     153.788us           0 b           0 b       1.15 Gb           0 b           104            --  
                                            aten::randn         0.00%     107.000us         0.06%      30.828ms       3.853ms       0.000us         0.00%       0.000us       0.000us       9.19 Mb           0 b           0 b           0 b             8            --  
                                          aten::normal_         0.05%      30.276ms         0.05%      30.276ms       3.784ms       0.000us         0.00%       0.000us       0.000us           0 b           0 b           0 b           0 b             8            --  
                                            aten::empty         0.03%      16.170ms         0.03%      16.170ms       9.105us       0.000us         0.00%       0.000us       0.000us       9.19 Mb       9.19 Mb     360.06 Gb     360.06 Gb          1776            --  
                                       aten::batch_norm         0.00%     212.000us         0.01%       7.173ms     137.942us       0.000us         0.00%      11.793ms     226.788us           0 b           0 b     846.90 Mb           0 b            52            --  
                           aten::_batch_norm_impl_index         0.00%     303.000us         0.01%       6.961ms     133.865us       0.000us         0.00%      11.793ms     226.788us           0 b           0 b     846.90 Mb           0 b            52            --  
                                 aten::cudnn_batch_norm         0.01%       3.077ms         0.01%       6.658ms     128.038us      11.793ms         0.04%      11.793ms     226.788us           0 b           0 b     846.90 Mb           0 b            52            --  
                                            aten::slice         0.01%       4.762ms         0.01%       6.603ms       5.079us       0.000us         0.00%       0.000us       0.000us           0 b           0 b           0 b           0 b          1300            --  
                                             aten::real         0.00%       1.821ms         0.01%       6.593ms      21.131us       0.000us         0.00%       0.000us       0.000us           0 b           0 b           0 b           0 b           312            --  
                                       aten::empty_like         0.00%       2.017ms         0.01%       6.412ms      13.819us       0.000us         0.00%       0.000us       0.000us           0 b           0 b      62.03 Gb           0 b           464            --  
                                             aten::imag         0.00%       1.777ms         0.01%       6.135ms      19.663us       0.000us         0.00%       0.000us       0.000us           0 b           0 b           0 b           0 b           312            --  
autograd::engine::evaluate_function: MaxPool2DWithIn...         0.00%     321.000us         0.01%       5.087ms     254.350us       0.000us         0.00%       7.805ms     390.250us           0 b           0 b      82.27 Mb    -291.35 Mb            20            --  
                                           aten::narrow         0.00%       1.672ms         0.01%       4.943ms       6.790us       0.000us         0.00%       0.000us       0.000us           0 b           0 b           0 b           0 b           728            --  
                          MaxPool2DWithIndicesBackward0         0.00%     201.000us         0.01%       4.766ms     238.300us       0.000us         0.00%       7.805ms     390.250us           0 b           0 b     373.62 Mb           0 b            20            --  
                 aten::max_pool2d_with_indices_backward         0.00%     743.000us         0.01%       4.565ms     228.250us       5.549ms         0.02%       7.805ms     390.250us           0 b           0 b     373.62 Mb     278.34 Mb            20            --  
                                           aten::select         0.01%       3.637ms         0.01%       4.399ms       7.050us       0.000us         0.00%       0.000us       0.000us           0 b           0 b           0 b           0 b           624            --  
                                       aten::as_strided         0.01%       4.011ms         0.01%       4.011ms       1.391us       0.000us         0.00%       0.000us       0.000us           0 b           0 b           0 b           0 b          2884            --  
    autograd::engine::evaluate_function: AddmmBackward0         0.00%     514.000us         0.01%       3.362ms     280.167us       0.000us         0.00%      16.105ms       1.342ms           0 b           0 b       1.78 Gb      -2.53 Mb            12            --  
                                     aten::view_as_real         0.01%       3.247ms         0.01%       3.247ms       5.204us       0.000us         0.00%       0.000us       0.000us           0 b           0 b           0 b           0 b           624            --  
                                    aten::empty_strided         0.00%       2.636ms         0.00%       2.636ms      11.169us       0.000us         0.00%       0.000us       0.000us       9.19 Mb       9.19 Mb      30.26 Gb      30.26 Gb           236            --  
                                          aten::reshape         0.00%       1.771ms         0.00%       2.503ms       5.303us       0.000us         0.00%       0.000us       0.000us           0 b           0 b           0 b           0 b           472            --  
                                            aten::relu_         0.00%     776.000us         0.00%       2.286ms      38.100us       0.000us         0.00%       6.907ms     115.117us           0 b           0 b           0 b           0 b            60            --  
                                         AddmmBackward0         0.00%     376.000us         0.00%       2.097ms     174.750us       0.000us         0.00%      16.009ms       1.334ms           0 b           0 b       1.78 Gb           0 b            12            --  
                                          aten::permute         0.00%       1.478ms         0.00%       2.002ms       4.812us       0.000us         0.00%       0.000us       0.000us           0 b           0 b           0 b           0 b           416            --  
                                        aten::unsqueeze         0.00%       1.538ms         0.00%       1.959ms       7.535us       0.000us         0.00%       0.000us       0.000us           0 b           0 b           0 b           0 b           260            --  
                                           aten::linear         0.00%     130.000us         0.00%       1.625ms     135.417us       0.000us         0.00%      23.743ms       1.979ms           0 b           0 b     514.00 Kb           0 b            12            --  
                                            aten::_conj         0.00%       1.288ms         0.00%       1.521ms       4.875us       0.000us         0.00%       0.000us       0.000us           0 b           0 b           0 b           0 b           312            --  
                                       aten::clamp_min_         0.00%     773.000us         0.00%       1.510ms      25.167us       6.907ms         0.02%       6.907ms     115.117us           0 b           0 b           0 b           0 b            60            --  
                                          aten::resize_         0.00%       1.490ms         0.00%       1.490ms       3.548us       0.000us         0.00%       0.000us       0.000us           0 b           0 b       1.53 Mb       1.53 Mb           420            --  
                                            aten::zero_         0.00%     147.000us         0.00%       1.415ms      44.219us       0.000us         0.00%       1.472ms      46.000us           0 b           0 b           0 b           0 b            32            --  
                                            aten::addmm         0.00%     739.000us         0.00%       1.329ms     110.750us      23.743ms         0.09%      23.743ms       1.979ms           0 b           0 b     514.00 Kb     514.00 Kb            12         3.827  
                                               aten::mm         0.00%     614.000us         0.00%       1.295ms      53.958us      16.009ms         0.06%      16.009ms     667.042us           0 b           0 b       1.78 Gb       1.78 Gb            24         7.653  
                                       aten::max_pool2d         0.00%     116.000us         0.00%       1.113ms      55.650us       0.000us         0.00%       2.869ms     143.450us           0 b           0 b     284.96 Mb           0 b            20            --  
                          aten::max_pool2d_with_indices         0.00%     684.000us         0.00%     997.000us      49.850us       2.869ms         0.01%       2.869ms     143.450us           0 b           0 b     284.96 Mb     284.96 Mb            20            --  
                                   aten::_reshape_alias         0.00%     764.000us         0.00%     764.000us       1.605us       0.000us         0.00%       0.000us       0.000us           0 b           0 b           0 b           0 b           476            --  
                                                aten::t         0.00%     328.000us         0.00%     697.000us      11.617us       0.000us         0.00%       0.000us       0.000us           0 b           0 b           0 b           0 b            60            --  
                                          aten::dropout         0.00%      36.000us         0.00%     655.000us      81.875us       0.000us         0.00%      36.000us       4.500us           0 b           0 b     640.00 Kb           0 b             8            --  
                                        aten::_neg_view         0.00%     550.000us         0.00%     628.000us       6.038us       0.000us         0.00%       0.000us       0.000us           0 b           0 b           0 b           0 b           104            --  
                                   aten::native_dropout         0.00%     216.000us         0.00%     619.000us      77.375us      36.000us         0.00%      36.000us       4.500us           0 b           0 b     640.00 Kb           0 b             8            --  
autograd::engine::evaluate_function: NativeDropoutBa...         0.00%      93.000us         0.00%     595.000us      74.375us       0.000us         0.00%      11.000us       1.375us           0 b           0 b    -128.00 Kb    -640.00 Kb             8            --  
                                      aten::as_strided_         0.00%     585.000us         0.00%     585.000us       1.406us       0.000us         0.00%       0.000us       0.000us           0 b           0 b           0 b           0 b           416            --  
                                 cudaFuncSetCacheConfig         0.00%     546.000us         0.00%     546.000us       1.312us       0.000us         0.00%       0.000us       0.000us           0 b           0 b           0 b           0 b           416            --  
                                 NativeDropoutBackward0         0.00%      57.000us         0.00%     502.000us      62.750us       0.000us         0.00%      11.000us       1.375us           0 b           0 b     512.00 Kb           0 b             8            --  
autograd::engine::evaluate_function: AdaptiveAvgPool...         0.00%      53.000us         0.00%     468.000us     117.000us       0.000us         0.00%     114.000us      28.500us           0 b           0 b      -1.53 Mb      -3.06 Mb             4            --  
                          aten::native_dropout_backward         0.00%     164.000us         0.00%     445.000us      55.625us      11.000us         0.00%      11.000us       1.375us           0 b           0 b     512.00 Kb           0 b             8            --  
                             AdaptiveAvgPool2DBackward0         0.00%      27.000us         0.00%     415.000us     103.750us       0.000us         0.00%     114.000us      28.500us           0 b           0 b       1.53 Mb           0 b             4            --  
                    aten::_adaptive_avg_pool2d_backward         0.00%      92.000us         0.00%     388.000us      97.000us     106.000us         0.00%     114.000us      28.500us           0 b           0 b       1.53 Mb           0 b             4            --  
                                        aten::transpose         0.00%     247.000us         0.00%     369.000us       6.150us       0.000us         0.00%       0.000us       0.000us           0 b           0 b           0 b           0 b            60            --  
                                             aten::view         0.00%     340.000us         0.00%     340.000us       2.931us       0.000us         0.00%       0.000us       0.000us           0 b           0 b           0 b           0 b           116            --  
                                        cudaMemsetAsync         0.00%     319.000us         0.00%     319.000us      26.583us       0.000us         0.00%       0.000us       0.000us           0 b           0 b           0 b           0 b            12            --  
                                            aten::alias         0.00%     311.000us         0.00%     311.000us       0.748us       0.000us         0.00%       0.000us       0.000us           0 b           0 b           0 b           0 b           416            --  
                              aten::adaptive_avg_pool2d         0.00%      18.000us         0.00%     279.000us      69.750us       0.000us         0.00%     155.000us      38.750us           0 b           0 b       1.53 Mb           0 b             4            --  
                             aten::_adaptive_avg_pool2d         0.00%      99.000us         0.00%     261.000us      65.250us     155.000us         0.00%     155.000us      38.750us           0 b           0 b       1.53 Mb           0 b             4            --  
        autograd::engine::evaluate_function: TBackward0         0.00%     105.000us         0.00%     253.000us      21.083us       0.000us         0.00%       0.000us       0.000us           0 b           0 b           0 b           0 b            12            --  
                                  cudaStreamSynchronize         0.00%     243.000us         0.00%     243.000us      20.250us       0.000us         0.00%       0.000us       0.000us           0 b           0 b           0 b           0 b            12            --  
                                       aten::zeros_like         0.00%      30.000us         0.00%     226.000us      56.500us       0.000us         0.00%       8.000us       2.000us           0 b           0 b       1.53 Mb           0 b             4            --  
                                            aten::zeros         0.00%      90.000us         0.00%     183.000us      22.875us       0.000us         0.00%       0.000us       0.000us          32 b           0 b           0 b           0 b             8            --  
                                             TBackward0         0.00%      43.000us         0.00%     148.000us      12.333us       0.000us         0.00%       0.000us       0.000us           0 b           0 b           0 b           0 b            12            --  
                                           aten::expand         0.00%      68.000us         0.00%     101.000us       6.312us       0.000us         0.00%       0.000us       0.000us           0 b           0 b           0 b           0 b            16            --  
autograd::engine::evaluate_function: ReshapeAliasBac...         0.00%      30.000us         0.00%      92.000us      23.000us       0.000us         0.00%       0.000us       0.000us           0 b           0 b           0 b           0 b             4            --  
                                           aten::detach         0.00%      33.000us         0.00%      91.000us      22.750us       0.000us         0.00%       0.000us       0.000us           0 b           0 b           0 b           0 b             4            --  
                                  ReshapeAliasBackward0         0.00%      18.000us         0.00%      62.000us      15.500us       0.000us         0.00%       0.000us       0.000us           0 b           0 b           0 b           0 b             4            --  
                                                 detach         0.00%      58.000us         0.00%      58.000us      14.500us       0.000us         0.00%       0.000us       0.000us           0 b           0 b           0 b           0 b             4            --  
-------------------------------------------------------  ------------  ------------  ------------  ------------  ------------  ------------  ------------  ------------  ------------  ------------  ------------  ------------  ------------  ------------  ------------  
Self CPU time total: 55.571s
Self CUDA time total: 27.817s


-----------------------------------------------------------------------------------------------------------------------------
Showing VGG16_CIFAR10_Conv2dRFFTPhasorFunction_date-20240125-062929.pt
-------------------------------------------------------  ------------  ------------  ------------  ------------  ------------  ------------  ------------  ------------  ------------  ------------  ------------  ------------  ------------  ------------  ------------  
                                                   Name    Self CPU %      Self CPU   CPU total %     CPU total  CPU time avg     Self CUDA   Self CUDA %    CUDA total  CUDA time avg       CPU Mem  Self CPU Mem      CUDA Mem  Self CUDA Mem    # of Calls  Total MFLOPs  
-------------------------------------------------------  ------------  ------------  ------------  ------------  ------------  ------------  ------------  ------------  ------------  ------------  ------------  ------------  ------------  ------------  ------------  
                                            aten::copy_         0.04%      16.921ms        69.39%       30.586s      23.821ms        1.689s         7.65%        1.692s       1.318ms           0 b           0 b           0 b      -9.31 Mb          1284            --  
                                          ProfilerStep*         0.00%     500.000us        50.21%       22.129s        5.532s       0.000us         0.00%        6.435s        1.609s       4.59 Mb      -1.05 Kb           0 b           0 b             4            --  
                                        cudaMemcpyAsync        33.19%       14.629s        33.19%       14.629s      87.079ms       0.000us         0.00%       0.000us       0.000us           0 b           0 b           0 b           0 b           168            --  
                                               aten::to         0.00%     170.000us        32.94%       14.521s        1.210s       0.000us         0.00%       4.881ms     406.750us       9.19 Mb           0 b       9.19 Mb           0 b            12            --  
                                         aten::_to_copy         0.00%     298.000us        32.94%       14.521s        1.210s       0.000us         0.00%       4.881ms     406.750us       9.19 Mb           0 b       9.19 Mb           0 b            12            --  
autograd::engine::evaluate_function: ToCopyBackward0...         0.00%     188.000us        32.94%       14.518s        3.629s       0.000us         0.00%       3.326ms     831.500us       9.19 Mb           0 b      -9.35 Mb      -9.35 Mb             4            --  
                                        ToCopyBackward0         0.00%      34.000us        32.94%       14.517s        3.629s       0.000us         0.00%       3.326ms     831.500us       9.19 Mb           0 b           0 b           0 b             4            --  
autograd::engine::evaluate_function: Conv2dRFFTPhaso...         0.00%       1.222ms        15.83%        6.979s     134.210ms       0.000us         0.00%       10.983s     211.210ms           0 b           0 b      27.68 Gb    -943.53 Mb            52            --  
                       Conv2dRFFTPhasorFunctionBackward         0.06%      26.239ms        15.83%        6.978s     134.186ms       0.000us         0.00%       10.983s     211.210ms           0 b           0 b      28.60 Gb   -1033.32 Gb            52            --  
                                       cudaLaunchKernel        14.55%        6.414s        14.55%        6.414s       1.313ms       0.000us         0.00%       0.000us       0.000us           0 b           0 b           0 b           0 b          4884            --  
                       Conv2dRFFTPhasorFunction Step#10        12.47%        5.496s        12.55%        5.533s        5.533s       0.000us         0.00%        1.609s        1.609s          -4 b      -2.30 Mb           0 b    -494.44 Mb             1            --  
                       Conv2dRFFTPhasorFunction Step#11        12.47%        5.496s        12.55%        5.532s        5.532s       0.000us         0.00%        1.609s        1.609s          -4 b      -2.30 Mb           0 b    -493.10 Mb             1            --  
                        Conv2dRFFTPhasorFunction Step#9        12.47%        5.495s        12.55%        5.532s        5.532s       0.000us         0.00%        1.609s        1.609s          -4 b      -2.30 Mb           0 b    -493.10 Mb             1            --  
                        Conv2dRFFTPhasorFunction Step#8        12.46%        5.494s        12.55%        5.531s        5.531s       0.000us         0.00%        1.609s        1.609s       4.59 Mb       2.30 Mb           0 b    -494.44 Mb             1            --  
                                        aten::fft_rfftn         0.01%       2.475ms         7.38%        3.254s      12.514ms       0.000us         0.00%        2.767s      10.643ms           0 b           0 b      60.81 Gb     -56.65 Gb           260            --  
                                         aten::_fft_r2c         0.04%      17.088ms         5.87%        2.587s       9.951ms        2.501s        11.33%        2.501s       9.619ms           0 b           0 b      60.56 Gb    -119.11 Gb           260            --  
                                              aten::abs         0.94%     414.396ms         3.71%        1.635s       2.620ms       0.000us         0.00%        1.084s       1.737ms           0 b           0 b      30.81 Gb     -91.93 Gb           624            --  
                                            aten::angle         0.70%     307.963ms         3.08%        1.357s       2.175ms       0.000us         0.00%        1.084s       1.737ms           0 b           0 b      61.72 Gb     -91.93 Gb           624            --  
                                       aten::fft_irfftn         0.00%     989.000us         2.57%        1.134s       7.272ms       0.000us         0.00%        1.839s      11.789ms           0 b           0 b      29.45 Gb           0 b           156            --  
                                         aten::_fft_c2r         0.03%      11.117ms         2.57%        1.133s       7.265ms        1.316s         5.96%        1.839s      11.789ms           0 b           0 b      29.45 Gb     -91.13 Gb           156            --  
                                  aten::constant_pad_nd         0.01%       5.634ms         2.11%     931.140ms       3.581ms       0.000us         0.00%     282.218ms       1.085ms           0 b           0 b      58.05 Gb           0 b           260            --  
                                              aten::mul         0.03%      14.199ms         1.22%     538.654ms     863.228us        8.158s        36.95%        8.158s      13.074ms          -8 b          -8 b     881.44 Gb     881.44 Gb           624     94918.623  
                                            aten::clone         0.01%       2.483ms         1.06%     466.867ms       1.216ms       0.000us         0.00%     836.310ms       2.178ms           0 b           0 b      91.44 Gb           0 b           384            --  
                                            aten::fill_         0.01%       3.458ms         1.01%     445.123ms       1.567ms     235.387ms         1.07%     235.387ms     828.827us           0 b           0 b           0 b           0 b           284            --  
autograd::engine::evaluate_function: torch::autograd...         0.00%       1.701ms         0.68%     299.715ms       1.270ms       0.000us         0.00%      30.072ms     127.424us           0 b           0 b     -29.81 Gb           0 b           236            --  
                        torch::autograd::AccumulateGrad         0.00%       1.905ms         0.68%     298.014ms       1.263ms       0.000us         0.00%      30.072ms     127.424us           0 b           0 b     -29.81 Gb     -29.81 Gb           236            --  
                                             aten::add_         0.01%       3.693ms         0.67%     297.513ms       1.048ms      30.189ms         0.14%      30.189ms     106.299us           0 b           0 b           0 b           0 b           284            --  
                                              aten::pad         0.00%     698.000us         0.61%     267.702ms       2.574ms       0.000us         0.00%      15.998ms     153.827us           0 b           0 b       1.15 Gb           0 b           104            --  
                                              aten::sum         0.02%       8.292ms         0.58%     256.157ms       1.164ms        1.809s         8.19%        1.809s       8.223ms           0 b           0 b      30.84 Gb      30.84 Gb           220            --  
                                             aten::mul_         0.00%       2.181ms         0.42%     185.515ms       1.189ms       0.000us         0.00%     256.248ms       1.643ms           0 b           8 b           0 b           0 b           156            --  
                               Conv2dRFFTPhasorFunction         0.03%      13.623ms         0.23%     101.121ms       1.945ms       0.000us         0.00%        6.388s     122.839ms           0 b           0 b     829.34 Mb    -532.35 Gb            52            --  
                                              aten::exp         0.16%      71.837ms         0.16%      71.837ms     460.494us       0.000us         0.00%       0.000us       0.000us           0 b           0 b     352.58 Gb     352.58 Gb           156            --  
autograd::engine::evaluate_function: MaxPool2DWithIn...         0.00%     334.000us         0.15%      67.658ms       3.383ms       0.000us         0.00%       7.806ms     390.300us           0 b           0 b      86.17 Mb    -287.45 Mb            20            --  
                          MaxPool2DWithIndicesBackward0         0.00%     210.000us         0.15%      67.324ms       3.366ms       0.000us         0.00%       7.806ms     390.300us           0 b           0 b     373.62 Mb           0 b            20            --  
                 aten::max_pool2d_with_indices_backward         0.00%     763.000us         0.15%      67.114ms       3.356ms       5.551ms         0.03%       7.806ms     390.300us           0 b           0 b     373.62 Mb     279.34 Mb            20            --  
                                       aten::contiguous         0.00%      67.000us         0.11%      49.235ms       2.462ms       0.000us         0.00%     861.000us      43.050us           0 b           0 b     103.59 Mb           0 b            20            --  
autograd::engine::evaluate_function: CudnnBatchNormB...         0.00%       1.138ms         0.10%      42.668ms     820.538us       0.000us         0.00%      17.475ms     336.058us           0 b           0 b    -822.14 Mb      -1.63 Gb            52            --  
                                CudnnBatchNormBackward0         0.00%     568.000us         0.09%      41.530ms     798.654us       0.000us         0.00%      17.475ms     336.058us           0 b           0 b     849.38 Mb           0 b            52            --  
                        aten::cudnn_batch_norm_backward         0.01%       2.711ms         0.09%      40.962ms     787.731us      17.475ms         0.08%      17.475ms     336.058us           0 b           0 b     849.38 Mb           0 b            52            --  
                                              aten::add         0.01%       4.587ms         0.09%      39.538ms     190.087us        1.669s         7.56%        1.669s       8.024ms           0 b           0 b     177.10 Gb     177.10 Gb           208       491.560  
     autograd::engine::evaluate_function: ReluBackward0         0.00%     791.000us         0.08%      37.142ms     619.033us       0.000us         0.00%      10.114ms     168.567us           0 b           0 b    -861.62 Mb      -1.66 Gb            60            --  
                                          ReluBackward0         0.00%     575.000us         0.08%      36.351ms     605.850us       0.000us         0.00%      10.114ms     168.567us           0 b           0 b     842.55 Mb           0 b            60            --  
                               aten::threshold_backward         0.00%       1.489ms         0.08%      35.776ms     596.267us      10.114ms         0.05%      10.114ms     168.567us           0 b           0 b     842.55 Mb     842.55 Mb            60            --  
                                            aten::randn         0.00%     115.000us         0.06%      27.600ms       3.450ms       0.000us         0.00%       0.000us       0.000us       9.19 Mb           0 b           0 b           0 b             8            --  
                                          aten::normal_         0.06%      27.207ms         0.06%      27.207ms       3.401ms       0.000us         0.00%       0.000us       0.000us           0 b           0 b           0 b           0 b             8            --  
                                            aten::empty         0.06%      24.718ms         0.06%      24.718ms       9.114us       0.000us         0.00%       0.000us       0.000us       9.19 Mb       9.19 Mb     360.06 Gb     360.06 Gb          2712            --  
                                            aten::zero_         0.00%     181.000us         0.04%      17.793ms     556.031us       0.000us         0.00%       1.470ms      45.938us           0 b           0 b           0 b           0 b            32            --  
                                             aten::real         0.01%       3.447ms         0.02%       9.948ms      15.942us       0.000us         0.00%       0.000us       0.000us           0 b           0 b           0 b           0 b           624            --  
                                       aten::empty_like         0.01%       2.382ms         0.02%       8.927ms      15.717us       0.000us         0.00%       0.000us       0.000us           0 b           0 b      62.63 Gb           0 b           568            --  
                                            aten::slice         0.02%       6.621ms         0.02%       8.557ms       6.582us       0.000us         0.00%       0.000us       0.000us           0 b           0 b           0 b           0 b          1300            --  
                                          aten::resize_         0.02%       8.213ms         0.02%       8.213ms       6.057us       0.000us         0.00%       0.000us       0.000us           0 b           0 b     154.23 Gb     154.23 Gb          1356            --  
                                       aten::batch_norm         0.00%     223.000us         0.02%       7.370ms     141.731us       0.000us         0.00%      11.818ms     227.269us           0 b           0 b     851.26 Mb           0 b            52            --  
                           aten::_batch_norm_impl_index         0.00%     303.000us         0.02%       7.147ms     137.442us       0.000us         0.00%      11.818ms     227.269us           0 b           0 b     851.26 Mb           0 b            52            --  
                                 aten::cudnn_batch_norm         0.01%       3.199ms         0.02%       6.844ms     131.615us      11.818ms         0.05%      11.818ms     227.269us           0 b           0 b     851.26 Mb           0 b            52            --  
                                    aten::empty_strided         0.01%       5.753ms         0.01%       5.753ms      10.498us       0.000us         0.00%       0.000us       0.000us       9.19 Mb       9.19 Mb      91.36 Gb      91.36 Gb           548            --  
                                           aten::narrow         0.00%       1.795ms         0.01%       5.369ms       7.375us       0.000us         0.00%       0.000us       0.000us           0 b           0 b           0 b           0 b           728            --  
                                       aten::as_strided         0.01%       4.497ms         0.01%       4.497ms       1.559us       0.000us         0.00%       0.000us       0.000us           0 b           0 b           0 b           0 b          2884            --  
                                           aten::select         0.01%       2.574ms         0.01%       3.657ms       5.861us       0.000us         0.00%       0.000us       0.000us           0 b           0 b           0 b           0 b           624            --  
    autograd::engine::evaluate_function: AddmmBackward0         0.00%     484.000us         0.01%       3.204ms     267.000us       0.000us         0.00%      16.101ms       1.342ms           0 b           0 b       1.78 Gb      -2.53 Mb            12            --  
                                          aten::reshape         0.01%       2.331ms         0.01%       3.150ms       6.674us       0.000us         0.00%       0.000us       0.000us           0 b           0 b           0 b           0 b           472            --  
                                     aten::view_as_real         0.01%       2.844ms         0.01%       2.844ms       4.558us       0.000us         0.00%       0.000us       0.000us           0 b           0 b           0 b           0 b           624            --  
                                            aten::relu_         0.00%     881.000us         0.01%       2.453ms      40.883us       0.000us         0.00%       6.908ms     115.133us           0 b           0 b           0 b           0 b            60            --  
                                        aten::unsqueeze         0.00%       1.745ms         0.01%       2.219ms       8.535us       0.000us         0.00%       0.000us       0.000us           0 b           0 b           0 b           0 b           260            --  
                                          aten::permute         0.00%       1.640ms         0.00%       2.177ms       5.233us       0.000us         0.00%       0.000us       0.000us           0 b           0 b           0 b           0 b           416            --  
                                         AddmmBackward0         0.00%     399.000us         0.00%       2.004ms     167.000us       0.000us         0.00%      16.009ms       1.334ms           0 b           0 b       1.78 Gb           0 b            12            --  
                                           aten::linear         0.00%     167.000us         0.00%       1.615ms     134.583us       0.000us         0.00%      23.736ms       1.978ms           0 b           0 b     514.00 Kb           0 b            12            --  
                                       aten::clamp_min_         0.00%     803.000us         0.00%       1.572ms      26.200us       6.908ms         0.03%       6.908ms     115.133us           0 b           0 b           0 b           0 b            60            --  
                                            aten::addmm         0.00%     717.000us         0.00%       1.269ms     105.750us      23.736ms         0.11%      23.736ms       1.978ms           0 b           0 b     514.00 Kb     514.00 Kb            12      3826.516  
                                               aten::mm         0.00%     600.000us         0.00%       1.173ms      48.875us      16.009ms         0.07%      16.009ms     667.042us           0 b           0 b       1.78 Gb       1.78 Gb            24      7653.032  
                                       aten::max_pool2d         0.00%     138.000us         0.00%       1.157ms      57.850us       0.000us         0.00%       2.869ms     143.450us           0 b           0 b     282.62 Mb           0 b            20            --  
                          aten::max_pool2d_with_indices         0.00%     726.000us         0.00%       1.019ms      50.950us       2.869ms         0.01%       2.869ms     143.450us           0 b           0 b     282.62 Mb     282.62 Mb            20            --  
                                   aten::_reshape_alias         0.00%     848.000us         0.00%     848.000us       1.782us       0.000us         0.00%       0.000us       0.000us           0 b           0 b           0 b           0 b           476            --  
                                            aten::_conj         0.00%     694.000us         0.00%     807.000us       7.760us       0.000us         0.00%       0.000us       0.000us           0 b           0 b           0 b           0 b           104            --  
                                                aten::t         0.00%     330.000us         0.00%     751.000us      12.517us       0.000us         0.00%       0.000us       0.000us           0 b           0 b           0 b           0 b            60            --  
                                      aten::as_strided_         0.00%     702.000us         0.00%     702.000us       1.688us       0.000us         0.00%       0.000us       0.000us           0 b           0 b           0 b           0 b           416            --  
                                 cudaFuncSetCacheConfig         0.00%     634.000us         0.00%     634.000us       1.524us       0.000us         0.00%       0.000us       0.000us           0 b           0 b           0 b           0 b           416            --  
                                          aten::dropout         0.00%      38.000us         0.00%     630.000us      78.750us       0.000us         0.00%      37.000us       4.625us           0 b           0 b     640.00 Kb           0 b             8            --  
                                   aten::native_dropout         0.00%     212.000us         0.00%     592.000us      74.000us      37.000us         0.00%      37.000us       4.625us           0 b           0 b     640.00 Kb           0 b             8            --  
autograd::engine::evaluate_function: NativeDropoutBa...         0.00%      93.000us         0.00%     569.000us      71.125us       0.000us         0.00%      11.000us       1.375us           0 b           0 b    -128.00 Kb    -640.00 Kb             8            --  
                                 NativeDropoutBackward0         0.00%      60.000us         0.00%     476.000us      59.500us       0.000us         0.00%      11.000us       1.375us           0 b           0 b     512.00 Kb           0 b             8            --  
autograd::engine::evaluate_function: AdaptiveAvgPool...         0.00%      51.000us         0.00%     457.000us     114.250us       0.000us         0.00%     115.000us      28.750us           0 b           0 b      -1.53 Mb      -3.06 Mb             4            --  
                                        aten::transpose         0.00%     280.000us         0.00%     421.000us       7.017us       0.000us         0.00%       0.000us       0.000us           0 b           0 b           0 b           0 b            60            --  
                          aten::native_dropout_backward         0.00%     157.000us         0.00%     416.000us      52.000us      11.000us         0.00%      11.000us       1.375us           0 b           0 b     512.00 Kb           0 b             8            --  
                             AdaptiveAvgPool2DBackward0         0.00%      23.000us         0.00%     406.000us     101.500us       0.000us         0.00%     115.000us      28.750us           0 b           0 b       1.53 Mb           0 b             4            --  
                    aten::_adaptive_avg_pool2d_backward         0.00%      86.000us         0.00%     383.000us      95.750us     107.000us         0.00%     115.000us      28.750us           0 b           0 b       1.53 Mb           0 b             4            --  
                                             aten::view         0.00%     349.000us         0.00%     349.000us       3.009us       0.000us         0.00%       0.000us       0.000us           0 b           0 b           0 b           0 b           116            --  
                                     cudaGetErrorString         0.00%     347.000us         0.00%     347.000us       0.293us       0.000us         0.00%       0.000us       0.000us           0 b           0 b           0 b           0 b          1184            --  
                                        cudaMemsetAsync         0.00%     283.000us         0.00%     283.000us      23.583us       0.000us         0.00%       0.000us       0.000us           0 b           0 b           0 b           0 b            12            --  
        autograd::engine::evaluate_function: TBackward0         0.00%     106.000us         0.00%     281.000us      23.417us       0.000us         0.00%       0.000us       0.000us           0 b           0 b           0 b           0 b            12            --  
                              aten::adaptive_avg_pool2d         0.00%      18.000us         0.00%     280.000us      70.000us       0.000us         0.00%     154.000us      38.500us           0 b           0 b       1.53 Mb           0 b             4            --  
                             aten::_adaptive_avg_pool2d         0.00%      88.000us         0.00%     262.000us      65.500us     154.000us         0.00%     154.000us      38.500us           0 b           0 b       1.53 Mb           0 b             4            --  
                                       aten::zeros_like         0.00%      28.000us         0.00%     222.000us      55.500us       0.000us         0.00%       8.000us       2.000us           0 b           0 b       1.53 Mb           0 b             4            --  
                                  cudaStreamSynchronize         0.00%     199.000us         0.00%     199.000us      16.583us       0.000us         0.00%       0.000us       0.000us           0 b           0 b           0 b           0 b            12            --  
                                            aten::zeros         0.00%      89.000us         0.00%     182.000us      22.750us       0.000us         0.00%       0.000us       0.000us          32 b           0 b           0 b           0 b             8            --  
                                             TBackward0         0.00%      35.000us         0.00%     175.000us      14.583us       0.000us         0.00%       0.000us       0.000us           0 b           0 b           0 b           0 b            12            --  
                                            aten::alias         0.00%     113.000us         0.00%     113.000us       1.087us       0.000us         0.00%       0.000us       0.000us           0 b           0 b           0 b           0 b           104            --  
autograd::engine::evaluate_function: ReshapeAliasBac...         0.00%      27.000us         0.00%      90.000us      22.500us       0.000us         0.00%       0.000us       0.000us           0 b           0 b           0 b           0 b             4            --  
                                           aten::expand         0.00%      66.000us         0.00%      89.000us       5.562us       0.000us         0.00%       0.000us       0.000us           0 b           0 b           0 b           0 b            16            --  
                                           aten::detach         0.00%      35.000us         0.00%      89.000us      22.250us       0.000us         0.00%       0.000us       0.000us           0 b           0 b           0 b           0 b             4            --  
                                  ReshapeAliasBackward0         0.00%      19.000us         0.00%      63.000us      15.750us       0.000us         0.00%       0.000us       0.000us           0 b           0 b           0 b           0 b             4            --  
-------------------------------------------------------  ------------  ------------  ------------  ------------  ------------  ------------  ------------  ------------  ------------  ------------  ------------  ------------  ------------  ------------  ------------  
Self CPU time total: 44.077s
Self CUDA time total: 22.077s

