[0m-----------------------------------------------------------------------------------------------------------------------------[0m
[0mShowing InceptionV3_CIFAR10_Conv2dRFFTFunction_date-20240129-061235.pt[0m
[0m-------------------------------------------------------  ------------  ------------  ------------  ------------  ------------  ------------  ------------  ------------  ------------  ------------  ------------  ------------  ------------  ------------  ------------  
                                                   Name    Self CPU %      Self CPU   CPU total %     CPU total  CPU time avg     Self CUDA   Self CUDA %    CUDA total  CUDA time avg       CPU Mem  Self CPU Mem      CUDA Mem  Self CUDA Mem    # of Calls  Total MFLOPs  
-------------------------------------------------------  ------------  ------------  ------------  ------------  ------------  ------------  ------------  ------------  ------------  ------------  ------------  ------------  ------------  ------------  ------------  
                                          ProfilerStep*         0.00%     389.000us        52.81%       86.539s       21.635s       0.000us         0.00%       27.249s        6.812s      32.74 Mb      -1.05 Kb           0 b           0 b             4            --  
                                       cudaLaunchKernel        43.52%       71.322s        43.53%       71.326s       2.743ms       0.000us         0.00%       0.000us       0.000us      -9.77 Kb      -9.77 Kb   -3733.13 Gb   -3733.61 Gb         26000            --  
autograd::engine::evaluate_function: Conv2dRFFTFunct...        -0.14%  -226830.000us        29.57%       48.458s     220.263ms       0.000us         0.00%       58.510s     265.957ms           0 b           0 b      21.30 Gb      -4.86 Gb           220            --  
                             Conv2dRFFTFunctionBackward        -8.15%  -13357474.000us        29.26%       47.949s     217.952ms       0.000us         0.00%       58.489s     265.859ms           0 b       5.25 Kb      25.61 Gb   -1404.46 Gb           220            --  
                             Conv2dRFFTFunction Step#11        11.17%       18.308s        13.21%       21.641s       21.641s       0.000us         0.00%        6.812s        6.812s          -4 b     -16.37 Mb           0 b      -1.80 Gb             1            --  
                             Conv2dRFFTFunction Step#10        10.98%       17.991s        13.20%       21.638s       21.638s       0.000us         0.00%        6.812s        6.812s          -4 b     -16.37 Mb           0 b      -1.75 Gb             1            --  
                              Conv2dRFFTFunction Step#8        11.20%       18.360s        13.20%       21.631s       21.631s       0.000us         0.00%        6.812s        6.812s      32.74 Mb      16.37 Mb           0 b      -1.82 Gb             1            --  
                              Conv2dRFFTFunction Step#9        10.95%       17.948s        13.20%       21.628s       21.628s       0.000us         0.00%        6.812s        6.812s          -4 b     -16.37 Mb           0 b      -1.51 Gb             1            --  
                                       aten::fft_irfftn        -0.05%  -75314.000us        10.92%       17.887s      26.777ms       0.000us         0.00%        8.173s      12.235ms           0 b         288 b      27.26 Gb           0 b           668            --  
                                         aten::_fft_c2r        -0.82%  -1348414.000us        10.91%       17.883s      26.771ms        7.684s         8.91%        8.173s      12.235ms           0 b        -864 b      27.26 Gb    -115.44 Gb           668            --  
                                            aten::copy_         3.15%        5.170s        10.70%       17.529s       6.680ms     766.871ms         0.89%     766.871ms     292.253us           0 b           0 b           0 b           0 b          2624            --  
                                        aten::fft_rfftn        -0.66%  -1085014.000us         9.89%       16.201s      14.517ms       0.000us         0.00%        2.408s       2.158ms           0 b           0 b      57.21 Gb     -41.32 Gb          1116            --  
                                              aten::mul         4.33%        7.095s         9.38%       15.373s       3.813ms       40.859s        47.38%       41.203s      10.219ms          -8 b          -8 b    3558.37 Gb    3131.34 Gb          4032    163382.045  
                                        cudaMemcpyAsync         8.17%       13.391s         8.17%       13.393s      12.928ms       0.000us         0.00%       0.000us       0.000us           0 b           0 b    -130.96 Mb    -130.96 Mb          1036            --  
                                         aten::_fft_r2c         0.24%     390.200ms         8.09%       13.254s      11.877ms        2.153s         2.50%        2.153s       1.929ms           0 b           0 b      55.61 Gb     -51.57 Gb          1116            --  
                                               aten::to         0.00%     194.000us         6.55%       10.740s     671.242ms       0.000us         0.00%      41.180ms       2.574ms      65.48 Mb           0 b      65.48 Mb           0 b            16            --  
                                         aten::_to_copy         0.00%     205.000us         6.55%       10.740s     894.973ms       0.000us         0.00%      41.180ms       3.432ms      65.48 Mb           0 b      65.48 Mb           0 b            12            --  
autograd::engine::evaluate_function: ToCopyBackward0...         0.00%     140.000us         6.55%       10.727s        2.682s       0.000us         0.00%      30.052ms       7.513ms      65.48 Mb           0 b     -65.48 Mb     -65.48 Mb             4            --  
                                        ToCopyBackward0         0.00%      34.000us         6.55%       10.727s        2.682s       0.000us         0.00%      30.052ms       7.513ms      65.48 Mb           0 b           0 b           0 b             4            --  
                                     Conv2dRFFTFunction        -1.07%  -1751492.000us         6.16%       10.096s      44.283ms       0.000us         0.00%       27.110s     118.905ms           0 b       2.68 Kb       1.65 Gb    -763.50 Gb           228            --  
                                             aten::add_         3.10%        5.085s         3.72%        6.098s       4.012ms      15.198ms         0.02%      15.198ms       9.999us           0 b           0 b           0 b           0 b          1520            --  
autograd::engine::evaluate_function: torch::autograd...        -0.34%  -564104.000us         3.33%        5.449s       4.780ms       0.000us         0.00%      14.379ms      12.613us           0 b           0 b     -22.89 Gb       2.77 Gb          1140            --  
                        torch::autograd::AccumulateGrad        -0.53%  -863937.000us         3.32%        5.441s       4.773ms       0.000us         0.00%      14.379ms      12.613us           0 b           0 b     -22.89 Gb     -21.06 Gb          1140            --  
                                              aten::add         2.20%        3.613s         3.23%        5.298s       3.542ms       20.787s        24.10%       20.787s      13.895ms           0 b           0 b    1781.05 Gb    1751.62 Gb          1496    318900.058  
                                            aten::clone        -0.13%  -212409.000us         3.13%        5.129s       2.590ms       0.000us         0.00%     649.554ms     328.058us           0 b           0 b      61.91 Gb      -1.22 Mb          1980            --  
autograd::engine::evaluate_function: ConvolutionBack...        -0.25%  -412531.000us         3.09%        5.068s      32.488ms       0.000us         0.00%     307.055ms       1.968ms           0 b           0 b    -114.50 Mb      17.10 Gb           156            --  
                                   ConvolutionBackward0        -0.05%  -87852.000us         3.04%        4.989s      31.981ms       0.000us         0.00%     305.694ms       1.960ms           0 b           0 b     729.77 Mb       3.20 Gb           156            --  
                             aten::convolution_backward         0.44%     720.048ms         3.04%        4.987s      31.969ms     305.694ms         0.35%     305.694ms       1.960ms           0 b           0 b     729.77 Mb     -25.32 Gb           156            --  
                                  aten::constant_pad_nd        -0.86%  -1409045.000us         2.58%        4.224s       4.437ms       0.000us         0.00%     310.569ms     326.228us           0 b           0 b      52.31 Gb           0 b           952            --  
                                              aten::sum         0.85%        1.392s         1.50%        2.456s       3.655ms        5.473s         6.35%        5.473s       8.144ms           0 b           0 b      29.42 Gb      29.42 Gb           672            --  
                                             aten::mul_        -0.12%  -192335.000us         1.23%        2.013s       3.014ms       0.000us         0.00%     236.222ms     353.626us           0 b         176 b           0 b           0 b           668            --  
     autograd::engine::evaluate_function: ReluBackward0        -0.58%  -947053.000us         1.17%        1.920s       5.106ms       0.000us         0.00%      27.778ms      73.878us           0 b           0 b      -2.23 Gb      -3.21 Gb           376            --  
                                          ReluBackward0        -0.04%  -70410.000us         1.17%        1.915s       5.093ms       0.000us         0.00%      27.778ms      73.878us           0 b           0 b       2.17 Gb           0 b           376            --  
                               aten::threshold_backward         0.95%        1.559s         1.17%        1.912s       5.085ms      27.778ms         0.03%      27.778ms      73.878us           0 b           0 b       2.17 Gb       2.17 Gb           376            --  
                                              aten::sub         0.98%        1.610s         1.17%        1.909s       2.858ms        7.762s         9.00%        7.762s      11.620ms           0 b           0 b     593.04 Gb     582.82 Gb           668            --  
                                            aten::fill_         0.82%        1.350s         0.99%        1.615s       2.493ms     198.059ms         0.23%     198.059ms     305.647us           0 b           0 b           0 b           0 b           648            --  
autograd::engine::evaluate_function: CudnnBatchNormB...        -0.58%  -957753.000us         0.81%        1.335s       3.551ms       0.000us         0.00%      50.963ms     135.540us           0 b           0 b      -2.15 Gb      -1.64 Gb           376            --  
                                CudnnBatchNormBackward0        -0.05%  -83861.000us         0.81%        1.327s       3.530ms       0.000us         0.00%      50.963ms     135.540us           0 b           0 b       2.16 Gb           0 b           376            --  
                        aten::cudnn_batch_norm_backward         0.65%        1.071s         0.81%        1.322s       3.517ms      50.963ms         0.06%      50.963ms     135.540us           0 b           0 b       2.16 Gb           0 b           376            --  
                                              aten::pad         0.00%       1.269ms         0.79%        1.290s       2.879ms       0.000us         0.00%      55.093ms     122.975us           0 b           0 b       5.76 Gb           0 b           448            --  
                                            aten::relu_        -0.09%  -143270.000us         0.42%     692.869ms       1.804ms       0.000us         0.00%      16.054ms      41.807us           0 b           0 b           0 b           0 b           384            --  
                                       aten::clamp_min_         0.25%     402.012ms         0.42%     685.468ms       1.785ms      16.054ms         0.02%      16.054ms      41.807us           0 b           0 b           0 b           0 b           384            --  
                                       aten::batch_norm        -0.01%  -11340.000us         0.40%     649.960ms       1.693ms       0.000us         0.00%      37.744ms      98.292us           0 b           0 b       3.16 Gb           0 b           384            --  
                           aten::_batch_norm_impl_index        -0.07%  -106601.000us         0.40%     647.997ms       1.687ms       0.000us         0.00%      37.744ms      98.292us           0 b           0 b       3.16 Gb           0 b           384            --  
                                           aten::conv2d         0.00%     379.000us         0.37%     603.986ms       3.872ms       0.000us         0.00%      42.243ms     270.788us           0 b           0 b     584.46 Mb      14.50 Kb           156    269495.710  
                                      aten::convolution        -0.02%  -32090.000us         0.37%     602.397ms       3.862ms       0.000us         0.00%      42.243ms     270.788us           0 b           0 b     584.46 Mb      27.15 Mb           156            --  
                                     aten::_convolution        -0.02%  -40145.000us         0.37%     598.647ms       3.837ms       0.000us         0.00%      42.243ms     270.788us           0 b           0 b     584.46 Mb      16.50 Kb           156            --  
                                aten::cudnn_convolution         0.17%     271.913ms         0.36%     596.081ms       3.821ms      42.243ms         0.05%      42.243ms     270.788us           0 b           0 b     584.46 Mb      73.99 Mb           156            --  
                                 aten::cudnn_batch_norm         0.17%     277.656ms         0.32%     527.053ms       1.373ms      28.689ms         0.03%      28.689ms      74.711us           0 b           0 b       2.17 Gb           0 b           384            --  
                                            aten::randn         0.00%     160.000us         0.13%     205.950ms      25.744ms       0.000us         0.00%       0.000us       0.000us      65.48 Mb           0 b           0 b           0 b             8            --  
                                          aten::normal_         0.13%     205.340ms         0.13%     205.340ms      25.668ms       0.000us         0.00%       0.000us       0.000us           0 b           0 b           0 b           0 b             8            --  
autograd::engine::evaluate_function: AvgPool2DBackwa...        -0.06%  -99717.000us         0.09%     141.995ms       3.944ms       0.000us         0.00%      26.313ms     730.917us           0 b           0 b       1.59 Mb    -403.13 Mb            36            --  
                                     AvgPool2DBackward0         0.00%     334.000us         0.09%     141.581ms       3.933ms       0.000us         0.00%      26.313ms     730.917us           0 b           0 b     490.46 Mb           0 b            36            --  
                              aten::avg_pool2d_backward         0.08%     132.101ms         0.09%     141.234ms       3.923ms      26.313ms         0.03%      26.313ms     730.917us           0 b           0 b     490.46 Mb     490.46 Mb            36            --  
                                       aten::contiguous         0.00%     178.000us         0.07%     118.345ms       1.644ms       0.000us         0.00%       9.312ms     129.333us           0 b           0 b       1.02 Gb           0 b            72            --  
                                            aten::empty         0.05%      79.155ms         0.05%      79.179ms       8.782us       0.000us         0.00%       0.000us       0.000us      65.48 Mb      65.48 Mb     600.42 Gb     600.39 Gb          9016            --  
    autograd::engine::evaluate_function: SliceBackward0        -0.02%  -25956.000us         0.04%      71.730ms       5.978ms       0.000us         0.00%       4.157ms     346.417us           0 b           0 b    -130.96 Mb    -376.51 Mb            12            --  
                                           aten::linear         0.00%     181.000us         0.03%      55.872ms       6.984ms       0.000us         0.00%     317.000us      39.625us           0 b           0 b     254.00 Kb           0 b             8            --  
                                            aten::addmm         0.00%       1.875ms         0.03%      55.514ms       6.939ms     317.000us         0.00%     317.000us      39.625us           0 b           0 b     254.00 Kb     254.00 Kb             8       100.925  
autograd::engine::evaluate_function: MaxPool2DWithIn...        -0.01%  -20980.000us         0.03%      48.363ms       3.023ms       0.000us         0.00%      18.324ms       1.145ms           0 b           0 b     227.15 Mb    -305.18 Mb            16            --  
                          MaxPool2DWithIndicesBackward0        -0.00%    -347.000us         0.03%      48.155ms       3.010ms       0.000us         0.00%      18.324ms       1.145ms           0 b           0 b     714.26 Mb       5.08 Mb            16            --  
                 aten::max_pool2d_with_indices_backward         0.02%      30.746ms         0.03%      47.977ms       2.999ms      15.238ms         0.02%      18.324ms       1.145ms           0 b           0 b     714.26 Mb     681.94 Mb            16            --  
                                       aten::avg_pool2d         0.02%      33.553ms         0.03%      44.676ms       1.117ms      15.861ms         0.02%      15.861ms     396.525us           0 b           0 b     493.93 Mb     493.93 Mb            40            --  
                                         SliceBackward0         0.00%      52.000us         0.02%      38.477ms       3.206ms       0.000us         0.00%       2.477ms     206.417us           0 b           0 b     196.44 Mb           0 b            12            --  
                                   aten::slice_backward        -0.00%   -1880.000us         0.02%      38.425ms       3.202ms       0.000us         0.00%       2.477ms     206.417us           0 b           0 b     196.44 Mb           0 b            12            --  
                              aten::adaptive_avg_pool2d         0.00%      83.000us         0.02%      36.345ms       4.543ms       0.000us         0.00%     262.000us      32.750us           0 b           0 b     704.00 Kb           0 b             8            --  
                                             aten::mean         0.01%      18.475ms         0.02%      36.262ms       4.533ms     262.000us         0.00%     262.000us      32.750us           0 b           0 b     704.00 Kb     704.00 Kb             8            --  
                                       aten::empty_like         0.01%       9.597ms         0.02%      28.903ms      14.224us       0.000us         0.00%       0.000us       0.000us           0 b           0 b      59.17 Gb      -4.79 Mb          2032            --  
                                             aten::real         0.00%       7.823ms         0.02%      28.622ms      21.424us       0.000us         0.00%       0.000us       0.000us           0 b           0 b           0 b           0 b          1336            --  
                                              aten::cat         0.01%      14.493ms         0.02%      24.705ms     386.016us       6.614ms         0.01%       6.614ms     103.344us           0 b           0 b     717.25 Mb     717.25 Mb            64            --  
                                             aten::imag         0.00%       6.943ms         0.01%      23.610ms      17.672us       0.000us         0.00%       0.000us       0.000us           0 b           0 b           0 b           0 b          1336            --  
                                           aten::select         0.01%      15.147ms         0.01%      18.128ms       6.724us       0.000us         0.00%       0.000us       0.000us           0 b           0 b           0 b           0 b          2696            --  
                                            aten::slice         0.01%      12.646ms         0.01%      17.437ms       5.057us       0.000us         0.00%       0.000us       0.000us           0 b           0 b           0 b           0 b          3448            --  
                                    aten::empty_strided         0.01%      14.652ms         0.01%      14.652ms      11.629us       0.000us         0.00%       0.000us       0.000us      65.48 Mb      65.48 Mb      31.55 Gb      31.55 Gb          1260            --  
                                       aten::as_strided         0.01%      13.763ms         0.01%      13.763ms       1.408us       0.000us         0.00%       0.000us       0.000us           0 b           0 b           0 b           0 b          9772            --  
                                     aten::view_as_real         0.01%      13.618ms         0.01%      13.618ms       5.097us       0.000us         0.00%       0.000us       0.000us           0 b           0 b           0 b           0 b          2672            --  
                                           aten::narrow         0.00%       3.732ms         0.01%      11.059ms       6.760us       0.000us         0.00%       0.000us       0.000us           0 b           0 b           0 b           0 b          1636            --  
                                            aten::zero_         0.00%     171.000us         0.01%      10.263ms     213.812us       0.000us         0.00%       4.369ms      91.021us           0 b           0 b           0 b           0 b            48            --  
                                        aten::unsqueeze         0.00%       7.365ms         0.01%       9.596ms       8.507us       0.000us         0.00%       0.000us       0.000us           0 b           0 b           0 b           0 b          1128            --  
                                          aten::reshape         0.00%       6.738ms         0.01%       9.081ms       5.079us       0.000us         0.00%       0.000us       0.000us           0 b           0 b           0 b           0 b          1788            --  
                                          aten::permute         0.00%       6.538ms         0.01%       8.815ms       4.941us       0.000us         0.00%       0.000us       0.000us           0 b           0 b           0 b           0 b          1784            --  
autograd::engine::evaluate_function: SelectBackward0...        -0.00%    -875.000us         0.01%       8.389ms     699.083us       0.000us         0.00%       1.370ms     114.167us           0 b           0 b     122.00 Mb     -62.03 Mb            12            --  
                                        SelectBackward0         0.00%      56.000us         0.01%       8.296ms     691.333us       0.000us         0.00%       1.370ms     114.167us           0 b           0 b     196.44 Mb           0 b            12            --  
                                  aten::select_backward        -0.00%   -2746.000us         0.01%       8.240ms     686.667us       0.000us         0.00%       1.370ms     114.167us           0 b           0 b     196.44 Mb           0 b            12            --  
      autograd::engine::evaluate_function: MulBackward0        -0.00%   -1776.000us         0.00%       7.919ms     659.917us       0.000us         0.00%     563.000us      46.917us         -96 b         -88 b       8.96 Mb     -65.48 Mb            12            --  
                                           MulBackward0         0.00%      67.000us         0.00%       7.823ms     651.917us       0.000us         0.00%     563.000us      46.917us           0 b           0 b      74.44 Mb           0 b            12            --  
                                            aten::zeros         0.00%     233.000us         0.00%       7.169ms     224.031us       0.000us         0.00%       1.540ms      48.125us          32 b           0 b     392.88 Mb           0 b            32            --  
                                            aten::_conj         0.00%       5.787ms         0.00%       6.782ms       5.046us       0.000us         0.00%       0.000us       0.000us           0 b           0 b           0 b           0 b          1344            --  
                                          aten::resize_         0.00%       5.876ms         0.00%       5.876ms       3.294us       0.000us         0.00%       0.000us       0.000us           0 b           0 b           0 b           0 b          1784            --  
                                            aten::alias         0.00%       3.607ms         0.00%       3.607ms       1.698us       0.000us         0.00%       0.000us       0.000us           0 b           0 b           0 b           0 b          2124            --  
      autograd::engine::evaluate_function: CatBackward0         0.00%     844.000us         0.00%       3.010ms      47.031us       0.000us         0.00%       0.000us       0.000us           0 b           0 b           0 b           0 b            64            --  
                                      aten::as_strided_         0.00%       2.942ms         0.00%       2.955ms       1.656us       0.000us         0.00%       0.000us       0.000us           0 b           0 b           0 b           0 b          1784            --  
                                 cudaFuncSetCacheConfig         0.00%       2.767ms         0.00%       2.767ms       0.902us       0.000us         0.00%       0.000us       0.000us           0 b           0 b    -814.96 Mb    -814.96 Mb          3068            --  
                                        aten::_neg_view         0.00%       2.357ms         0.00%       2.688ms       6.000us       0.000us         0.00%       0.000us       0.000us           0 b           0 b           0 b           0 b           448            --  
                                   aten::_reshape_alias         0.00%       2.412ms         0.00%       2.412ms       1.343us       0.000us         0.00%       0.000us       0.000us           0 b           0 b           0 b           0 b          1796            --  
                                             aten::view         0.00%       2.242ms         0.00%       2.242ms       2.935us       0.000us         0.00%       0.000us       0.000us           0 b           0 b           0 b           0 b           764            --  
                                           CatBackward0         0.00%     650.000us         0.00%       2.166ms      33.844us       0.000us         0.00%       0.000us       0.000us           0 b           0 b           0 b           0 b            64            --  
    autograd::engine::evaluate_function: AddmmBackward0         0.00%     251.000us         0.00%       1.848ms     462.000us       0.000us         0.00%      95.000us      23.750us           0 b           0 b     322.00 Kb    -512.00 Kb             4            --  
                                       aten::max_pool2d         0.00%     131.000us         0.00%       1.815ms     113.438us       0.000us         0.00%       5.988ms     374.250us           0 b           0 b     519.02 Mb           0 b            16            --  
                          aten::max_pool2d_with_indices         0.00%       1.576ms         0.00%       1.684ms     105.250us       5.988ms         0.01%       5.988ms     374.250us           0 b           0 b     519.02 Mb     519.02 Mb            16            --  
-------------------------------------------------------  ------------  ------------  ------------  ------------  ------------  ------------  ------------  ------------  ------------  ------------  ------------  ------------  ------------  ------------  ------------  
Self CPU time total: 163.868s
Self CUDA time total: 86.240s
[0m
[0m-----------------------------------------------------------------------------------------------------------------------------[0m
[0mShowing InceptionV3_CIFAR10_Conv2dRFFTPhasorFunction_date-20240129-061235.pt[0m
[0m-------------------------------------------------------  ------------  ------------  ------------  ------------  ------------  ------------  ------------  ------------  ------------  ------------  ------------  ------------  ------------  ------------  ------------  
                                                   Name    Self CPU %      Self CPU   CPU total %     CPU total  CPU time avg     Self CUDA   Self CUDA %    CUDA total  CUDA time avg       CPU Mem  Self CPU Mem      CUDA Mem  Self CUDA Mem    # of Calls  Total MFLOPs  
-------------------------------------------------------  ------------  ------------  ------------  ------------  ------------  ------------  ------------  ------------  ------------  ------------  ------------  ------------  ------------  ------------  ------------  
                                          ProfilerStep*         0.00%     302.000us        54.49%       63.698s       15.924s       0.000us         0.00%       15.351s        3.838s      32.74 Mb      -1.05 Kb           0 b           0 b             4            --  
                                       cudaLaunchKernel        39.57%       46.259s        39.57%       46.259s       1.786ms       0.000us         0.00%       0.000us       0.000us           0 b           0 b           0 b           0 b         25904            --  
autograd::engine::evaluate_function: Conv2dRFFTPhaso...         0.01%       6.970ms        32.02%       37.433s     170.150ms       0.000us         0.00%       34.977s     158.985ms           0 b           0 b      21.30 Gb      -5.94 Gb           220            --  
                       Conv2dRFFTPhasorFunctionBackward         0.08%      98.049ms        31.75%       37.111s     168.688ms       0.000us         0.00%       34.955s     158.888ms           0 b           0 b      25.60 Gb   -3250.44 Gb           220            --  
                       Conv2dRFFTPhasorFunction Step#11        11.43%       13.355s        13.63%       15.931s       15.931s       0.000us         0.00%        3.837s        3.837s          -4 b     -16.37 Mb           0 b      -1.82 Gb             1            --  
                       Conv2dRFFTPhasorFunction Step#10        11.42%       13.349s        13.62%       15.924s       15.924s       0.000us         0.00%        3.838s        3.838s          -4 b     -16.37 Mb           0 b      -1.82 Gb             1            --  
                        Conv2dRFFTPhasorFunction Step#8        11.42%       13.350s        13.62%       15.922s       15.922s       0.000us         0.00%        3.839s        3.839s      32.74 Mb      16.37 Mb           0 b      -1.82 Gb             1            --  
                        Conv2dRFFTPhasorFunction Step#9        11.42%       13.343s        13.62%       15.921s       15.921s       0.000us         0.00%        3.837s        3.837s          -4 b     -16.37 Mb           0 b      -1.82 Gb             1            --  
                                            aten::copy_         0.05%      63.833ms        13.49%       15.767s       2.977ms        1.694s         2.67%        1.694s     319.903us           0 b           0 b           0 b           0 b          5296            --  
                                       aten::fft_irfftn         0.00%       4.537ms        12.64%       14.775s      22.118ms       0.000us         0.00%        8.186s      12.254ms           0 b           0 b      27.26 Gb           0 b           668            --  
                                         aten::_fft_c2r         0.05%      61.060ms        12.64%       14.771s      22.112ms        7.697s        12.14%        8.186s      12.254ms           0 b           0 b      27.26 Gb    -316.70 Gb           668            --  
                                        cudaMemcpyAsync         8.33%        9.733s         8.33%        9.733s       9.395ms       0.000us         0.00%       0.000us       0.000us           0 b           0 b           0 b           0 b          1036            --  
                                        aten::fft_rfftn         0.01%       9.804ms         7.96%        9.306s       8.339ms       0.000us         0.00%        2.408s       2.158ms           0 b           0 b      57.21 Gb     -45.10 Gb          1116            --  
                                              aten::abs         1.62%        1.899s         7.47%        8.737s       3.270ms       0.000us         0.00%        1.016s     380.140us           0 b           0 b      29.57 Gb     -85.40 Gb          2672            --  
                                            aten::angle         1.73%        2.026s         7.40%        8.644s       3.235ms       0.000us         0.00%        1.015s     379.845us           0 b           0 b      59.14 Gb     -85.40 Gb          2672            --  
                               Conv2dRFFTPhasorFunction         0.07%      83.914ms         7.10%        8.302s      36.414ms       0.000us         0.00%       15.212s      66.720ms           0 b           0 b       1.66 Gb   -1645.41 Gb           228            --  
                                         aten::_fft_r2c         0.06%      71.500ms         6.67%        7.800s       6.989ms        2.153s         3.40%        2.153s       1.929ms           0 b           0 b      55.75 Gb    -111.58 Gb          1116            --  
                                               aten::to         0.00%     193.000us         6.65%        7.778s     486.128ms       0.000us         0.00%      49.571ms       3.098ms      65.48 Mb           0 b      65.48 Mb           0 b            16            --  
                                         aten::_to_copy         0.00%     400.000us         6.65%        7.778s     648.154ms       0.000us         0.00%      49.571ms       4.131ms      65.48 Mb           0 b      65.48 Mb           0 b            12            --  
autograd::engine::evaluate_function: ToCopyBackward0...         0.00%     157.000us         6.64%        7.765s        1.941s       0.000us         0.00%      38.037ms       9.509ms      65.48 Mb           0 b     -65.48 Mb     -65.48 Mb             4            --  
                                        ToCopyBackward0         0.00%      35.000us         6.64%        7.764s        1.941s       0.000us         0.00%      38.037ms       9.509ms      65.48 Mb           0 b           0 b           0 b             4            --  
                                              aten::mul         0.05%      63.530ms         5.73%        6.702s       2.486ms       27.154s        42.84%       27.154s      10.072ms           0 b           0 b    2965.31 Gb    2965.31 Gb          2696    319457.472  
                                             aten::add_         0.02%      21.540ms         3.03%        3.542s       2.330ms      15.252ms         0.02%      15.252ms      10.034us           0 b           0 b           0 b           0 b          1520            --  
autograd::engine::evaluate_function: torch::autograd...         0.01%       7.186ms         2.71%        3.170s       2.780ms       0.000us         0.00%      14.401ms      12.632us           0 b           0 b     -22.89 Gb           0 b          1140            --  
                        torch::autograd::AccumulateGrad         0.01%       8.829ms         2.71%        3.163s       2.774ms       0.000us         0.00%      14.401ms      12.632us           0 b           0 b     -22.89 Gb     -22.89 Gb          1140            --  
                                            aten::clone         0.01%      14.481ms         2.59%        3.033s       1.532ms       0.000us         0.00%     801.689ms     404.893us           0 b           0 b      88.31 Gb           0 b          1980            --  
                                  aten::constant_pad_nd         0.01%      15.544ms         2.31%        2.703s       2.840ms       0.000us         0.00%     310.173ms     325.812us           0 b           0 b      52.31 Gb           0 b           952            --  
autograd::engine::evaluate_function: ConvolutionBack...         0.00%       2.750ms         1.95%        2.279s      14.611ms       0.000us         0.00%     307.557ms       1.972ms           0 b           0 b    -109.52 Mb    -955.41 Mb           156            --  
                                   ConvolutionBackward0         0.00%       1.812ms         1.88%        2.197s      14.085ms       0.000us         0.00%     306.191ms       1.963ms           0 b           0 b     735.76 Mb           0 b           156            --  
                             aten::convolution_backward         0.10%     116.839ms         1.88%        2.195s      14.074ms     306.191ms         0.48%     306.191ms       1.963ms           0 b           0 b     735.76 Mb     -34.54 Gb           156            --  
                                              aten::exp         1.84%        2.148s         1.84%        2.148s       3.216ms       0.000us         0.00%       0.000us       0.000us           0 b           0 b    1186.07 Gb    1186.07 Gb           668            --  
                                              aten::sum         0.02%      26.255ms         1.77%        2.069s       3.079ms        5.473s         8.63%        5.473s       8.144ms           0 b           0 b      29.41 Gb      29.41 Gb           672            --  
                                              aten::add         0.02%      17.794ms         1.48%        1.725s       2.083ms        5.891s         9.29%        5.891s       7.114ms           0 b           0 b     594.97 Gb     594.97 Gb           828      1554.714  
                                             aten::mul_         0.01%      10.995ms         1.34%        1.570s       2.350ms       0.000us         0.00%     236.121ms     353.475us           0 b           0 b           0 b           0 b           668            --  
     autograd::engine::evaluate_function: ReluBackward0         0.00%       4.401ms         1.06%        1.236s       3.286ms       0.000us         0.00%      27.778ms      73.878us           0 b           0 b      -2.22 Gb      -4.40 Gb           376            --  
                                          ReluBackward0         0.00%       3.128ms         1.05%        1.231s       3.274ms       0.000us         0.00%      27.778ms      73.878us           0 b           0 b       2.17 Gb           0 b           376            --  
                               aten::threshold_backward         0.01%       8.826ms         1.05%        1.228s       3.266ms      27.778ms         0.04%      27.778ms      73.878us           0 b           0 b       2.17 Gb       2.17 Gb           376            --  
                                              aten::pad         0.00%       3.217ms         1.04%        1.210s       2.701ms       0.000us         0.00%      55.081ms     122.949us           0 b           0 b       5.75 Gb           0 b           448            --  
autograd::engine::evaluate_function: CudnnBatchNormB...         0.01%       8.234ms         0.93%        1.092s       2.903ms       0.000us         0.00%      51.061ms     135.801us           0 b           0 b      -2.17 Gb      -4.33 Gb           376            --  
                                CudnnBatchNormBackward0         0.00%       4.906ms         0.93%        1.083s       2.881ms       0.000us         0.00%      51.061ms     135.801us           0 b           0 b       2.16 Gb           0 b           376            --  
                        aten::cudnn_batch_norm_backward         0.01%      15.546ms         0.92%        1.078s       2.868ms      51.061ms         0.08%      51.061ms     135.801us           0 b           0 b       2.16 Gb           0 b           376            --  
                                            aten::fill_         0.01%       8.026ms         0.87%        1.018s       1.572ms     197.882ms         0.31%     197.882ms     305.373us           0 b           0 b           0 b           0 b           648            --  
                                       aten::batch_norm         0.00%       2.205ms         0.38%     448.661ms       1.168ms       0.000us         0.00%      37.728ms      98.250us           0 b           0 b       3.16 Gb           0 b           384            --  
                           aten::_batch_norm_impl_index         0.00%       3.236ms         0.38%     446.456ms       1.163ms       0.000us         0.00%      37.728ms      98.250us           0 b           0 b       3.16 Gb           0 b           384            --  
                                 aten::cudnn_batch_norm         0.03%      32.525ms         0.37%     437.003ms       1.138ms      28.708ms         0.05%      28.708ms      74.760us           0 b           0 b       2.17 Gb           0 b           384            --  
                                            aten::relu_         0.01%       7.463ms         0.35%     409.928ms       1.068ms       0.000us         0.00%      16.008ms      41.688us           0 b           0 b           0 b           0 b           384            --  
                                       aten::clamp_min_         0.01%       6.372ms         0.34%     402.465ms       1.048ms      16.008ms         0.03%      16.008ms      41.688us           0 b           0 b           0 b           0 b           384            --  
                                           aten::conv2d         0.00%       1.831ms         0.20%     235.104ms       1.507ms       0.000us         0.00%      42.282ms     271.038us           0 b           0 b     585.95 Mb           0 b           156    269495.710  
                                      aten::convolution         0.00%       3.687ms         0.20%     233.273ms       1.495ms       0.000us         0.00%      42.282ms     271.038us           0 b           0 b     585.95 Mb           0 b           156            --  
                                     aten::_convolution         0.00%       2.549ms         0.20%     229.586ms       1.472ms       0.000us         0.00%      42.282ms     271.038us           0 b           0 b     585.95 Mb           0 b           156            --  
                                aten::cudnn_convolution         0.07%      84.209ms         0.19%     227.037ms       1.455ms      42.282ms         0.07%      42.282ms     271.038us           0 b           0 b     585.95 Mb    -174.73 Mb           156            --  
                                            aten::randn         0.00%     162.000us         0.19%     221.069ms      27.634ms       0.000us         0.00%       0.000us       0.000us      65.48 Mb           0 b           0 b           0 b             8            --  
                                          aten::normal_         0.19%     220.763ms         0.19%     220.763ms      27.595ms       0.000us         0.00%       0.000us       0.000us           0 b           0 b           0 b           0 b             8            --  
autograd::engine::evaluate_function: AvgPool2DBackwa...         0.00%     418.000us         0.12%     141.686ms       3.936ms       0.000us         0.00%      26.443ms     734.528us           0 b           0 b     840.00 Kb    -488.87 Mb            36            --  
                                     AvgPool2DBackward0         0.00%     345.000us         0.12%     141.268ms       3.924ms       0.000us         0.00%      26.443ms     734.528us           0 b           0 b     489.69 Mb           0 b            36            --  
                              aten::avg_pool2d_backward         0.00%     846.000us         0.12%     140.923ms       3.915ms      26.443ms         0.04%      26.443ms     734.528us           0 b           0 b     489.69 Mb     489.69 Mb            36            --  
                                           aten::linear         0.00%     225.000us         0.10%     114.776ms      14.347ms       0.000us         0.00%     312.000us      39.000us           0 b           0 b     254.00 Kb           0 b             8            --  
                                            aten::addmm         0.00%     872.000us         0.10%     114.348ms      14.293ms     312.000us         0.00%     312.000us      39.000us           0 b           0 b     254.00 Kb     254.00 Kb             8       100.925  
                                            aten::empty         0.08%      98.250ms         0.08%      98.250ms       7.544us       0.000us         0.00%       0.000us       0.000us      65.48 Mb      65.48 Mb     600.43 Gb     600.43 Gb         13024            --  
                                              aten::cat         0.00%       3.037ms         0.07%      85.152ms       1.331ms       6.597ms         0.01%       6.597ms     103.078us           0 b           0 b     717.25 Mb     717.25 Mb            64            --  
                                             aten::real         0.01%      14.462ms         0.03%      39.962ms      14.956us       0.000us         0.00%       0.000us       0.000us           0 b           0 b           0 b           0 b          2672            --  
                              aten::adaptive_avg_pool2d         0.00%      87.000us         0.03%      37.904ms       4.738ms       0.000us         0.00%     264.000us      33.000us           0 b           0 b     704.00 Kb           0 b             8            --  
                                             aten::mean         0.00%       1.141ms         0.03%      37.817ms       4.727ms     264.000us         0.00%     264.000us      33.000us           0 b           0 b     704.00 Kb     704.00 Kb             8            --  
autograd::engine::evaluate_function: MaxPool2DWithIn...         0.00%     194.000us         0.03%      35.494ms       2.218ms       0.000us         0.00%      18.332ms       1.146ms           0 b           0 b     224.48 Mb    -489.78 Mb            16            --  
                          MaxPool2DWithIndicesBackward0         0.00%     173.000us         0.03%      35.300ms       2.206ms       0.000us         0.00%      18.332ms       1.146ms           0 b           0 b     714.26 Mb           0 b            16            --  
                 aten::max_pool2d_with_indices_backward         0.00%     472.000us         0.03%      35.127ms       2.195ms      15.245ms         0.02%      18.332ms       1.146ms           0 b           0 b     714.26 Mb     681.94 Mb            16            --  
                                       aten::max_pool2d         0.00%     175.000us         0.03%      34.099ms       2.131ms       0.000us         0.00%       5.981ms     373.812us           0 b           0 b     522.10 Mb           0 b            16            --  
                          aten::max_pool2d_with_indices         0.00%     957.000us         0.03%      33.924ms       2.120ms       5.981ms         0.01%       5.981ms     373.812us           0 b           0 b     522.10 Mb     522.10 Mb            16            --  
                                       aten::empty_like         0.01%      10.586ms         0.03%      33.312ms      13.476us       0.000us         0.00%       0.000us       0.000us           0 b           0 b      62.21 Gb           0 b          2472            --  
                                          aten::resize_         0.03%      31.296ms         0.03%      31.296ms       5.403us       0.000us         0.00%       0.000us       0.000us           0 b           0 b     147.39 Gb     147.39 Gb          5792            --  
                                    aten::empty_strided         0.02%      27.587ms         0.02%      27.587ms      10.627us       0.000us         0.00%       0.000us       0.000us      65.48 Mb      65.48 Mb      87.55 Gb      87.55 Gb          2596            --  
                                            aten::slice         0.01%      13.442ms         0.02%      18.394ms       5.335us       0.000us         0.00%       0.000us       0.000us           0 b           0 b           0 b           0 b          3448            --  
                                       aten::as_strided         0.01%      15.524ms         0.01%      15.524ms       1.589us       0.000us         0.00%       0.000us       0.000us           0 b           0 b           0 b           0 b          9772            --  
                                           aten::select         0.01%      10.359ms         0.01%      14.733ms       5.465us       0.000us         0.00%       0.000us       0.000us           0 b           0 b           0 b           0 b          2696            --  
    autograd::engine::evaluate_function: SliceBackward0         0.00%     162.000us         0.01%      13.029ms       1.086ms       0.000us         0.00%       4.158ms     346.500us           0 b           0 b    -130.96 Mb    -458.36 Mb            12            --  
                                            aten::zero_         0.00%     163.000us         0.01%      12.801ms     266.688us       0.000us         0.00%       4.364ms      90.917us           0 b           0 b           0 b           0 b            48            --  
                                         SliceBackward0         0.00%      46.000us         0.01%      12.706ms       1.059ms       0.000us         0.00%       2.475ms     206.250us           0 b           0 b     196.44 Mb           0 b            12            --  
                                   aten::slice_backward         0.00%      94.000us         0.01%      12.660ms       1.055ms       0.000us         0.00%       2.475ms     206.250us           0 b           0 b     196.44 Mb           0 b            12            --  
                                           aten::narrow         0.00%       4.311ms         0.01%      12.235ms       7.479us       0.000us         0.00%       0.000us       0.000us           0 b           0 b           0 b           0 b          1636            --  
                                     aten::view_as_real         0.01%      10.999ms         0.01%      10.999ms       4.116us       0.000us         0.00%       0.000us       0.000us           0 b           0 b           0 b           0 b          2672            --  
                                          aten::reshape         0.01%       7.865ms         0.01%      10.570ms       5.912us       0.000us         0.00%       0.000us       0.000us           0 b           0 b           0 b           0 b          1788            --  
                                        aten::unsqueeze         0.01%       7.666ms         0.01%      10.127ms       8.978us       0.000us         0.00%       0.000us       0.000us           0 b           0 b           0 b           0 b          1128            --  
    autograd::engine::evaluate_function: AddmmBackward0         0.00%     357.000us         0.01%       9.534ms       2.384ms       0.000us         0.00%      95.000us      23.750us           0 b           0 b     322.00 Kb    -512.00 Kb             4            --  
                                          aten::permute         0.01%       7.104ms         0.01%       9.464ms       5.305us       0.000us         0.00%       0.000us       0.000us           0 b           0 b           0 b           0 b          1784            --  
                                       aten::contiguous         0.00%     329.000us         0.01%       8.256ms     114.667us       0.000us         0.00%       9.279ms     128.875us           0 b           0 b       1.02 Gb           0 b            72            --  
      autograd::engine::evaluate_function: MulBackward0         0.00%     106.000us         0.01%       6.324ms     527.000us       0.000us         0.00%     568.000us      47.333us         -96 b         -96 b       1.39 Mb     -65.48 Mb            12            --  
                                       aten::avg_pool2d         0.00%       1.561ms         0.01%       6.292ms     157.300us      15.840ms         0.02%      15.840ms     396.000us           0 b           0 b     494.10 Mb     494.10 Mb            40            --  
                                           MulBackward0         0.00%      72.000us         0.01%       6.218ms     518.167us       0.000us         0.00%     568.000us      47.333us           0 b           0 b      66.87 Mb           0 b            12            --  
autograd::engine::evaluate_function: SelectBackward0...         0.00%      87.000us         0.01%       5.912ms     492.667us       0.000us         0.00%       1.368ms     114.000us           0 b           0 b     129.57 Mb     -66.87 Mb            12            --  
                                        SelectBackward0         0.00%      40.000us         0.00%       5.825ms     485.417us       0.000us         0.00%       1.368ms     114.000us           0 b           0 b     196.44 Mb           0 b            12            --  
                                  aten::select_backward         0.00%     111.000us         0.00%       5.785ms     482.083us       0.000us         0.00%       1.368ms     114.000us           0 b           0 b     196.44 Mb           0 b            12            --  
                                            aten::zeros         0.00%     239.000us         0.00%       5.614ms     175.438us       0.000us         0.00%       1.536ms      48.000us          32 b           0 b     392.88 Mb           0 b            32            --  
                                            aten::_conj         0.00%       3.323ms         0.00%       3.873ms       8.645us       0.000us         0.00%       0.000us       0.000us           0 b           0 b           0 b           0 b           448            --  
      autograd::engine::evaluate_function: CatBackward0         0.00%     873.000us         0.00%       3.013ms      47.078us       0.000us         0.00%       0.000us       0.000us           0 b           0 b           0 b           0 b            64            --  
                                            aten::alias         0.00%       2.996ms         0.00%       2.996ms       3.841us       0.000us         0.00%       0.000us       0.000us           0 b           0 b           0 b           0 b           780            --  
                                   aten::_reshape_alias         0.00%       2.812ms         0.00%       2.812ms       1.566us       0.000us         0.00%       0.000us       0.000us           0 b           0 b           0 b           0 b          1796            --  
                                 cudaFuncSetCacheConfig         0.00%       2.734ms         0.00%       2.734ms       0.891us       0.000us         0.00%       0.000us       0.000us           0 b           0 b           0 b           0 b          3068            --  
                                      aten::as_strided_         0.00%       2.710ms         0.00%       2.710ms       1.519us       0.000us         0.00%       0.000us       0.000us           0 b           0 b           0 b           0 b          1784            --  
                                             aten::view         0.00%       2.410ms         0.00%       2.410ms       3.154us       0.000us         0.00%       0.000us       0.000us           0 b           0 b           0 b           0 b           764            --  
                                           CatBackward0         0.00%     669.000us         0.00%       2.140ms      33.438us       0.000us         0.00%       0.000us       0.000us           0 b           0 b           0 b           0 b            64            --  
-------------------------------------------------------  ------------  ------------  ------------  ------------  ------------  ------------  ------------  ------------  ------------  ------------  ------------  ------------  ------------  ------------  ------------  
Self CPU time total: 116.888s
Self CUDA time total: 63.380s
[0m
