-----------------------------------------------------------------------------------------------------------------------------
Showing DenseNet121_CIFAR10_Conv2dRFFTFunction_date-20240125-063411.pt
-------------------------------------------------------  ------------  ------------  ------------  ------------  ------------  ------------  ------------  ------------  ------------  ------------  ------------  ------------  ------------  ------------  ------------  
                                                   Name    Self CPU %      Self CPU   CPU total %     CPU total  CPU time avg     Self CUDA   Self CUDA %    CUDA total  CUDA time avg       CPU Mem  Self CPU Mem      CUDA Mem  Self CUDA Mem    # of Calls  Total KFLOPs  
-------------------------------------------------------  ------------  ------------  ------------  ------------  ------------  ------------  ------------  ------------  ------------  ------------  ------------  ------------  ------------  ------------  ------------  
                                          ProfilerStep*         0.00%     153.000us        60.32%       43.134s       10.783s       0.000us         0.00%       15.369s        3.842s       9.19 Mb        -544 b           0 b           0 b             4            --  
                                       cudaLaunchKernel        43.54%       31.132s        43.54%       31.132s     761.706us       0.000us         0.00%       0.000us       0.000us           0 b           0 b           0 b           0 b         40872            --  
autograd::engine::evaluate_function: Conv2dRFFTFunct...         0.01%       4.641ms        22.48%       16.070s      33.761ms       0.000us         0.00%       27.559s      57.897ms           0 b           0 b      25.46 Gb    -740.17 Mb           476            --  
                             Conv2dRFFTFunctionBackward         0.15%     110.389ms        22.47%       16.066s      33.752ms       0.000us         0.00%       27.559s      57.897ms           0 b           0 b      26.18 Gb   -2167.04 Gb           476            --  
                                            aten::copy_         0.06%      42.954ms        18.03%       12.890s       2.352ms     684.244ms         1.59%     684.244ms     124.862us           0 b           0 b           0 b           0 b          5480            --  
                                     Conv2dRFFTFunction         0.10%      74.508ms        17.13%       12.249s      25.732ms       0.000us         0.00%       15.306s      32.156ms           0 b           0 b     763.47 Mb   -1084.84 Gb           476            --  
                                        cudaMemcpyAsync        15.24%       10.895s        15.24%       10.895s       5.604ms       0.000us         0.00%       0.000us       0.000us           0 b           0 b           0 b           0 b          1944            --  
                             Conv2dRFFTFunction Step#11         9.95%        7.118s        15.08%       10.784s       10.784s       0.000us         0.00%        3.842s        3.842s          -4 b      -4.59 Mb     832.00 Kb      -1.03 Gb             1            --  
                              Conv2dRFFTFunction Step#9         9.95%        7.117s        15.08%       10.784s       10.784s       0.000us         0.00%        3.843s        3.843s          -4 b      -4.59 Mb     832.00 Kb      -1.03 Gb             1            --  
                              Conv2dRFFTFunction Step#8         9.95%        7.116s        15.08%       10.783s       10.783s       0.000us         0.00%        3.842s        3.842s       9.19 Mb       4.59 Mb    -832.00 Kb      -1.03 Gb             1            --  
                             Conv2dRFFTFunction Step#10         9.95%        7.116s        15.08%       10.783s       10.783s       0.000us         0.00%        3.842s        3.842s          -4 b      -4.59 Mb    -832.00 Kb      -1.03 Gb             1            --  
                                               aten::to         0.00%      70.000us        13.46%        9.624s     601.498ms       0.000us         0.00%       9.822ms     613.875us      18.38 Mb           0 b      20.00 Mb           0 b            16            --  
                                         aten::_to_copy         0.00%     153.000us        13.46%        9.624s     801.992ms       0.000us         0.00%       9.822ms     818.500us      18.38 Mb           0 b      20.00 Mb           0 b            12            --  
autograd::engine::evaluate_function: ToCopyBackward0...         0.00%      57.000us        13.45%        9.620s        2.405s       0.000us         0.00%       6.745ms       1.686ms      18.38 Mb           0 b     -20.00 Mb     -20.00 Mb             4            --  
                                        ToCopyBackward0         0.00%      17.000us        13.45%        9.620s        2.405s       0.000us         0.00%       6.745ms       1.686ms      18.38 Mb           0 b           0 b           0 b             4            --  
                                              aten::mul         0.14%     102.967ms        11.94%        8.537s     996.384us       20.654s        47.98%       21.008s       2.452ms      -2.12 Kb      -2.12 Kb    1896.84 Gb    1869.68 Gb          8568  87412671.892  
                                       aten::fft_irfftn         0.01%       4.231ms        10.23%        7.311s       5.120ms       0.000us         0.00%        1.743s       1.220ms           0 b           0 b      26.93 Gb           0 b          1428            --  
                                         aten::_fft_c2r         0.07%      53.271ms        10.22%        7.307s       5.117ms        1.263s         2.93%        1.743s       1.220ms           0 b           0 b      26.93 Gb     -84.65 Gb          1428            --  
                                        aten::fft_rfftn         0.01%      10.228ms         8.84%        6.322s       2.656ms       0.000us         0.00%        2.223s     934.046us           0 b           0 b      57.57 Gb     -33.44 Gb          2380            --  
                                         aten::_fft_r2c         0.11%      75.479ms         6.99%        4.998s       2.100ms        1.990s         4.62%        1.990s     836.103us           0 b           0 b      42.24 Gb    -124.59 Gb          2380            --  
                                              aten::add         0.06%      45.280ms         6.13%        4.383s     877.348us       11.079s        25.74%       11.079s       2.217ms           0 b           0 b     949.48 Gb     949.48 Gb          4996  170015629.312  
                                  aten::constant_pad_nd         0.03%      18.213ms         3.40%        2.433s       1.139ms       0.000us         0.00%     271.516ms     127.114us           0 b           0 b      52.51 Gb           0 b          2136            --  
                                            aten::clone         0.02%      13.069ms         3.38%        2.419s     633.248us       0.000us         0.00%     624.784ms     163.556us           0 b           0 b      58.90 Gb           0 b          3820            --  
                                              aten::sum         0.04%      25.271ms         2.54%        1.817s       1.269ms        2.887s         6.71%        2.887s       2.016ms           0 b           0 b      29.18 Gb      29.18 Gb          1432            --  
      autograd::engine::evaluate_function: CatBackward0         0.02%      12.618ms         1.90%        1.360s       5.483ms       0.000us         0.00%      17.492ms      70.532us           0 b           0 b      -1.12 Gb      -2.19 Gb           248            --  
                                             aten::add_         0.02%      16.155ms         1.83%        1.309s     674.546us      12.294ms         0.03%      12.294ms       6.337us         -16 b         -16 b      -3.50 Kb      -3.50 Kb          1940            --  
                                            aten::fill_         0.02%      11.499ms         1.68%        1.201s     726.820us     200.539ms         0.47%     200.539ms     121.392us           0 b           0 b           0 b           0 b          1652            --  
                                             aten::mul_         0.01%       9.378ms         1.63%        1.163s     814.707us       0.000us         0.00%     230.569ms     161.463us           0 b       2.12 Kb           0 b           0 b          1428            --  
                                              aten::pad         0.00%       2.902ms         1.57%        1.122s       1.179ms       0.000us         0.00%      38.413ms      40.350us           0 b           0 b       3.74 Gb           0 b           952            --  
                                              aten::sub         0.02%      15.573ms         1.45%        1.039s     727.778us        4.136s         9.61%        4.136s       2.896ms           0 b           0 b     316.14 Gb     316.14 Gb          1428            --  
                                            aten::relu_         0.01%       4.091ms         1.30%     931.254ms       1.924ms       0.000us         0.00%      14.228ms      29.397us           0 b           0 b           0 b           0 b           484            --  
                                       aten::clamp_min_         0.01%       3.927ms         1.30%     927.163ms       1.916ms      14.228ms         0.03%      14.228ms      29.397us           0 b           0 b           0 b           0 b           484            --  
autograd::engine::evaluate_function: torch::autograd...         0.01%       5.585ms         1.01%     725.532ms     496.940us       0.000us         0.00%      11.190ms       7.664us           0 b           0 b     -24.31 Gb           0 b          1460            --  
                        torch::autograd::AccumulateGrad         0.01%       6.251ms         1.01%     719.947ms     493.114us       0.000us         0.00%      11.190ms       7.664us           0 b           0 b     -24.31 Gb     -24.31 Gb          1460            --  
                                       aten::batch_norm         0.00%       1.121ms         0.86%     615.637ms       1.272ms       0.000us         0.00%      26.252ms      54.240us           0 b           0 b       1.90 Gb           0 b           484            --  
                           aten::_batch_norm_impl_index         0.00%       1.578ms         0.86%     614.516ms       1.270ms       0.000us         0.00%      26.252ms      54.240us           0 b           0 b       1.90 Gb           0 b           484            --  
                                 aten::cudnn_batch_norm         0.02%      16.353ms         0.86%     612.938ms       1.266ms      26.252ms         0.06%      26.252ms      54.240us           0 b           0 b       1.90 Gb           0 b           484            --  
autograd::engine::evaluate_function: CudnnBatchNormB...         0.01%       5.440ms         0.42%     301.469ms     622.870us       0.000us         0.00%      37.147ms      76.750us           0 b           0 b      -1.94 Gb      -3.85 Gb           484            --  
                                CudnnBatchNormBackward0         0.00%       2.220ms         0.41%     296.029ms     611.630us       0.000us         0.00%      37.147ms      76.750us           0 b           0 b       1.90 Gb           0 b           484            --  
                        aten::cudnn_batch_norm_backward         0.02%      11.307ms         0.41%     293.809ms     607.043us      37.147ms         0.09%      37.147ms      76.750us           0 b           0 b       1.90 Gb           0 b           484            --  
     autograd::engine::evaluate_function: ReluBackward0         0.01%       3.823ms         0.40%     282.969ms     584.647us       0.000us         0.00%      24.621ms      50.870us           0 b           0 b      -1.93 Gb      -3.88 Gb           484            --  
                                          ReluBackward0         0.00%       2.054ms         0.39%     279.146ms     576.748us       0.000us         0.00%      24.621ms      50.870us           0 b           0 b       1.95 Gb           0 b           484            --  
                               aten::threshold_backward         0.01%       6.357ms         0.39%     277.092ms     572.504us      24.621ms         0.06%      24.621ms      50.870us           0 b           0 b       1.95 Gb       1.95 Gb           484            --  
                                              aten::cat         0.01%       5.548ms         0.34%     239.975ms     967.641us      15.378ms         0.04%      15.378ms      62.008us           0 b           0 b       1.28 Gb       1.28 Gb           248            --  
                                            aten::empty         0.10%      71.288ms         0.10%      71.288ms       4.725us       0.000us         0.00%       0.000us       0.000us      18.38 Mb      18.38 Mb     336.48 Gb     336.48 Gb         15088            --  
                                             aten::real         0.01%       8.500ms         0.05%      33.970ms      11.894us       0.000us         0.00%       0.000us       0.000us           0 b           0 b           0 b           0 b          2856            --  
                                             aten::imag         0.01%       8.621ms         0.04%      31.607ms      11.067us       0.000us         0.00%       0.000us       0.000us           0 b           0 b           0 b           0 b          2856            --  
                                            aten::randn         0.00%      57.000us         0.04%      29.896ms       3.737ms       0.000us         0.00%       0.000us       0.000us      18.38 Mb           0 b           0 b           0 b             8            --  
                                          aten::normal_         0.04%      29.559ms         0.04%      29.559ms       3.695ms       0.000us         0.00%       0.000us       0.000us           0 b           0 b           0 b           0 b             8            --  
                                       aten::empty_like         0.01%       9.812ms         0.04%      29.505ms       7.732us       0.000us         0.00%       0.000us       0.000us           0 b           0 b      58.25 Gb           0 b          3816            --  
                                            aten::slice         0.03%      20.959ms         0.04%      28.875ms       2.652us       0.000us         0.00%       0.000us       0.000us           0 b           0 b           0 b           0 b         10888            --  
                                           aten::select         0.03%      19.414ms         0.03%      23.688ms       4.147us       0.000us         0.00%       0.000us       0.000us           0 b           0 b           0 b           0 b          5712            --  
                                           aten::narrow         0.01%       7.116ms         0.03%      23.190ms       3.499us       0.000us         0.00%       0.000us       0.000us           0 b           0 b           0 b           0 b          6628            --  
                                       aten::as_strided         0.03%      18.961ms         0.03%      18.961ms       0.782us       0.000us         0.00%       0.000us       0.000us           0 b           0 b           0 b           0 b         24244            --  
                                     aten::view_as_real         0.02%      17.434ms         0.02%      17.434ms       3.052us       0.000us         0.00%       0.000us       0.000us           0 b           0 b           0 b           0 b          5712            --  
                                    aten::empty_strided         0.02%      14.586ms         0.02%      14.586ms       6.067us       0.000us         0.00%       0.000us       0.000us      18.38 Mb      18.38 Mb      29.73 Gb      29.73 Gb          2404            --  
                                          aten::reshape         0.01%       7.651ms         0.02%      10.775ms       2.827us       0.000us         0.00%       0.000us       0.000us           0 b           0 b           0 b           0 b          3812            --  
                                           CatBackward0         0.00%       2.568ms         0.01%      10.654ms      42.960us       0.000us         0.00%       0.000us       0.000us           0 b           0 b           0 b           0 b           248            --  
                                        aten::unsqueeze         0.01%       7.960ms         0.01%      10.370ms       4.357us       0.000us         0.00%       0.000us       0.000us           0 b           0 b           0 b           0 b          2380            --  
                                          aten::permute         0.01%       7.558ms         0.01%      10.361ms       2.721us       0.000us         0.00%       0.000us       0.000us           0 b           0 b           0 b           0 b          3808            --  
                                            aten::_conj         0.01%       6.323ms         0.01%       7.645ms       2.677us       0.000us         0.00%       0.000us       0.000us           0 b           0 b           0 b           0 b          2856            --  
                                          aten::resize_         0.01%       7.290ms         0.01%       7.290ms       1.914us       0.000us         0.00%       0.000us       0.000us           0 b           0 b           0 b           0 b          3808            --  
autograd::engine::evaluate_function: MaxPool2DWithIn...         0.00%      34.000us         0.01%       5.959ms       1.490ms       0.000us         0.00%       2.478ms     619.500us           0 b           0 b      24.50 Mb     -73.50 Mb             4            --  
                          MaxPool2DWithIndicesBackward0         0.00%      27.000us         0.01%       5.925ms       1.481ms       0.000us         0.00%       2.478ms     619.500us           0 b           0 b      98.00 Mb           0 b             4            --  
                 aten::max_pool2d_with_indices_backward         0.00%      74.000us         0.01%       5.898ms       1.474ms       2.092ms         0.00%       2.478ms     619.500us           0 b           0 b      98.00 Mb      98.00 Mb             4            --  
                                        aten::_neg_view         0.00%       2.712ms         0.00%       3.147ms       3.306us       0.000us         0.00%       0.000us       0.000us           0 b           0 b           0 b           0 b           952            --  
                                   aten::_reshape_alias         0.00%       3.141ms         0.00%       3.141ms       0.823us       0.000us         0.00%       0.000us       0.000us           0 b           0 b           0 b           0 b          3816            --  
                                            aten::alias         0.00%       3.048ms         0.00%       3.048ms       0.709us       0.000us         0.00%       0.000us       0.000us           0 b           0 b           0 b           0 b          4296            --  
                                            aten::zero_         0.00%      40.000us         0.00%       2.960ms     246.667us       0.000us         0.00%     386.000us      32.167us           0 b           0 b           0 b           0 b            12            --  
                                      aten::as_strided_         0.00%       2.821ms         0.00%       2.821ms       0.741us       0.000us         0.00%       0.000us       0.000us           0 b           0 b      -4.29 Gb      -4.29 Gb          3808            --  
                                             aten::view         0.00%       1.453ms         0.00%       1.453ms       1.495us       0.000us         0.00%       0.000us       0.000us           0 b           0 b           0 b           0 b           972            --  
autograd::engine::evaluate_function: AvgPool2DBackwa...         0.00%      94.000us         0.00%     924.000us      77.000us       0.000us         0.00%       2.109ms     175.750us           0 b           0 b     -19.62 Mb    -110.62 Mb            12            --  
                                     AvgPool2DBackward0         0.00%      55.000us         0.00%     830.000us      69.167us       0.000us         0.00%       2.109ms     175.750us           0 b           0 b      91.00 Mb           0 b            12            --  
                                 cudaFuncSetCacheConfig         0.00%     811.000us         0.00%     811.000us       0.172us       0.000us         0.00%       0.000us       0.000us           0 b           0 b           0 b           0 b          4704            --  
autograd::engine::evaluate_function: ConvolutionBack...         0.00%      29.000us         0.00%     792.000us     198.000us       0.000us         0.00%      13.790ms       3.447ms           0 b           0 b     -77.86 Mb     -98.00 Mb             4            --  
                              aten::avg_pool2d_backward         0.00%     136.000us         0.00%     775.000us      64.583us       2.109ms         0.00%       2.109ms     175.750us           0 b           0 b      91.00 Mb      91.00 Mb            12            --  
                                   ConvolutionBackward0         0.00%      39.000us         0.00%     763.000us     190.750us       0.000us         0.00%      13.790ms       3.447ms           0 b           0 b      20.14 Mb           0 b             4            --  
                                     cudaGetErrorString         0.00%     761.000us         0.00%     761.000us       0.092us       0.000us         0.00%       0.000us       0.000us           0 b           0 b           0 b           0 b          8256            --  
                             aten::convolution_backward         0.00%     342.000us         0.00%     724.000us     181.000us      13.790ms         0.03%      13.790ms       3.447ms           0 b           0 b      20.14 Mb      19.86 Mb             4            --  
    autograd::engine::evaluate_function: AddmmBackward0         0.00%     108.000us         0.00%     664.000us     166.000us       0.000us         0.00%     100.000us      25.000us           0 b           0 b     162.00 Kb    -128.00 Kb             4            --  
                                           aten::conv2d         0.00%      45.000us         0.00%     561.000us     140.250us       0.000us         0.00%       1.275ms     318.750us           0 b           0 b      98.00 Mb           0 b             4   7552892.928  
                                      aten::convolution         0.00%      58.000us         0.00%     516.000us     129.000us       0.000us         0.00%       1.275ms     318.750us           0 b           0 b      98.00 Mb           0 b             4            --  
                                       aten::avg_pool2d         0.00%     195.000us         0.00%     474.000us      39.500us     708.000us         0.00%     708.000us      59.000us           0 b           0 b      21.44 Mb      21.44 Mb            12            --  
                                     aten::_convolution         0.00%      37.000us         0.00%     458.000us     114.500us       0.000us         0.00%       1.275ms     318.750us           0 b           0 b      98.00 Mb           0 b             4            --  
                                aten::cudnn_convolution         0.00%     256.000us         0.00%     421.000us     105.250us       1.275ms         0.00%       1.275ms     318.750us           0 b           0 b      98.00 Mb      97.71 Mb             4            --  
                                         AddmmBackward0         0.00%      84.000us         0.00%     419.000us     104.750us       0.000us         0.00%      72.000us      18.000us           0 b           0 b     288.00 Kb           0 b             4            --  
                                           aten::linear         0.00%      40.000us         0.00%     351.000us      87.750us       0.000us         0.00%     109.000us      27.250us           0 b           0 b       2.00 Kb           0 b             4            --  
                                            aten::addmm         0.00%     177.000us         0.00%     270.000us      67.500us     109.000us         0.00%     109.000us      27.250us           0 b           0 b       2.00 Kb       2.00 Kb             4       655.360  
                                  cudaStreamSynchronize         0.00%     255.000us         0.00%     255.000us      21.250us       0.000us         0.00%       0.000us       0.000us           0 b           0 b           0 b           0 b            12            --  
                                               aten::mm         0.00%     132.000us         0.00%     251.000us      31.375us      72.000us         0.00%      72.000us       9.000us           0 b           0 b     288.00 Kb     288.00 Kb             8      1310.720  
     autograd::engine::evaluate_function: MeanBackward1         0.00%      24.000us         0.00%     227.000us      56.750us       0.000us         0.00%      28.000us       7.000us           0 b           0 b       6.00 Mb    -128.00 Kb             4            --  
                                          MeanBackward1         0.00%      34.000us         0.00%     203.000us      50.750us       0.000us         0.00%      28.000us       7.000us           0 b           0 b       6.12 Mb           0 b             4            --  
                                       aten::max_pool2d         0.00%      22.000us         0.00%     160.000us      40.000us       0.000us         0.00%     835.000us     208.750us           0 b           0 b      73.50 Mb           0 b             4            --  
                              aten::adaptive_avg_pool2d         0.00%      18.000us         0.00%     160.000us      40.000us       0.000us         0.00%      66.000us      16.500us           0 b           0 b     128.00 Kb           0 b             4            --  
                                                aten::t         0.00%      73.000us         0.00%     145.000us       7.250us       0.000us         0.00%       0.000us       0.000us           0 b           0 b           0 b           0 b            20            --  
                                             aten::mean         0.00%      93.000us         0.00%     142.000us      35.500us      66.000us         0.00%      66.000us      16.500us           0 b           0 b     128.00 Kb     128.00 Kb             4            --  
                                              aten::div         0.00%      95.000us         0.00%     142.000us      35.500us      28.000us         0.00%      28.000us       7.000us           0 b           0 b       6.12 Mb       6.12 Mb             4            --  
                          aten::max_pool2d_with_indices         0.00%      94.000us         0.00%     138.000us      34.500us     835.000us         0.00%     835.000us     208.750us           0 b           0 b      73.50 Mb      73.50 Mb             4            --  
                                            aten::zeros         0.00%      51.000us         0.00%     118.000us      14.750us       0.000us         0.00%       0.000us       0.000us          32 b           0 b           0 b           0 b             8            --  
                                        aten::transpose         0.00%      49.000us         0.00%      72.000us       3.600us       0.000us         0.00%       0.000us       0.000us           0 b           0 b           0 b           0 b            20            --  
-------------------------------------------------------  ------------  ------------  ------------  ------------  ------------  ------------  ------------  ------------  ------------  ------------  ------------  ------------  ------------  ------------  ------------  
Self CPU time total: 71.503s
Self CUDA time total: 43.044s


-----------------------------------------------------------------------------------------------------------------------------
Showing DenseNet121_CIFAR10_Conv2dRFFTPhasorFunction_date-20240125-063411.pt
-------------------------------------------------------  ------------  ------------  ------------  ------------  ------------  ------------  ------------  ------------  ------------  ------------  ------------  ------------  ------------  ------------  ------------  
                                                   Name    Self CPU %      Self CPU   CPU total %     CPU total  CPU time avg     Self CUDA   Self CUDA %    CUDA total  CUDA time avg       CPU Mem  Self CPU Mem      CUDA Mem  Self CUDA Mem    # of Calls  Total KFLOPs  
-------------------------------------------------------  ------------  ------------  ------------  ------------  ------------  ------------  ------------  ------------  ------------  ------------  ------------  ------------  ------------  ------------  ------------  
                                          ProfilerStep*         0.00%     132.000us        60.25%       32.478s        8.120s       0.000us         0.00%        8.907s        2.227s       9.19 Mb        -544 b           0 b           0 b             4            --  
                                       cudaLaunchKernel        36.58%       19.718s        36.58%       19.718s     482.438us       0.000us         0.00%       0.000us       0.000us           0 b           0 b           0 b           0 b         40872            --  
autograd::engine::evaluate_function: Conv2dRFFTPhaso...         0.01%       4.598ms        24.10%       12.991s      27.293ms       0.000us         0.00%       16.154s      33.937ms           0 b           0 b      25.46 Gb    -740.17 Mb           476            --  
                       Conv2dRFFTPhasorFunctionBackward         0.19%     101.477ms        24.09%       12.987s      27.283ms       0.000us         0.00%       16.154s      33.937ms           0 b           0 b      26.18 Gb   -1775.49 Gb           476            --  
                                            aten::copy_         0.14%      74.456ms        23.20%       12.504s       1.117ms        1.590s         4.91%        1.590s     142.062us           0 b           0 b      -1.24 Gb      -1.24 Gb         11192            --  
                               Conv2dRFFTPhasorFunction         0.13%      71.070ms        18.96%       10.222s      21.476ms       0.000us         0.00%        8.844s      18.580ms           0 b           0 b     763.47 Mb    -902.43 Gb           476            --  
                                        aten::fft_rfftn         0.02%      10.217ms        15.16%        8.174s       3.434ms       0.000us         0.00%        2.222s     933.813us           0 b           0 b      57.57 Gb     -34.09 Gb          2380            --  
                       Conv2dRFFTPhasorFunction Step#11         9.98%        5.382s        15.07%        8.121s        8.121s       0.000us         0.00%        2.227s        2.227s          -4 b      -4.59 Mb     832.00 Kb      -1.03 Gb             1            --  
                       Conv2dRFFTPhasorFunction Step#10         9.98%        5.381s        15.06%        8.120s        8.120s       0.000us         0.00%        2.226s        2.226s          -4 b      -4.59 Mb    -832.00 Kb      -1.03 Gb             1            --  
                        Conv2dRFFTPhasorFunction Step#8         9.98%        5.381s        15.06%        8.119s        8.119s       0.000us         0.00%        2.227s        2.227s       9.19 Mb       4.59 Mb    -832.00 Kb      -1.03 Gb             1            --  
                        Conv2dRFFTPhasorFunction Step#9         9.98%        5.380s        15.06%        8.119s        8.119s       0.000us         0.00%        2.227s        2.227s          -4 b      -4.59 Mb     832.00 Kb      -1.03 Gb             1            --  
                                        cudaMemcpyAsync        14.44%        7.785s        14.44%        7.785s       4.005ms       0.000us         0.00%       0.000us       0.000us           0 b           0 b           0 b           0 b          1944            --  
                                              aten::abs         3.58%        1.929s        14.09%        7.598s       1.330ms       0.000us         0.00%        1.009s     176.682us           0 b           0 b      22.42 Gb     -85.52 Gb          5712            --  
                                               aten::to         0.00%      68.000us        12.57%        6.775s     423.440ms       0.000us         0.00%       8.727ms     545.438us      18.38 Mb           0 b      20.00 Mb           0 b            16            --  
                                         aten::_to_copy         0.00%     150.000us        12.57%        6.775s     564.582ms       0.000us         0.00%       8.727ms     727.250us      18.38 Mb           0 b      20.00 Mb           0 b            12            --  
autograd::engine::evaluate_function: ToCopyBackward0...         0.00%      60.000us        12.56%        6.771s        1.693s       0.000us         0.00%       5.661ms       1.415ms      18.38 Mb           0 b     -20.00 Mb     -20.00 Mb             4            --  
                                        ToCopyBackward0         0.00%      16.000us        12.56%        6.771s        1.693s       0.000us         0.00%       5.661ms       1.415ms      18.38 Mb           0 b           0 b           0 b             4            --  
                                         aten::_fft_r2c         0.14%      74.402ms        12.40%        6.682s       2.808ms        1.989s         6.14%        1.989s     835.873us           0 b           0 b      42.89 Gb    -124.30 Gb          2380            --  
                                            aten::angle         2.61%        1.409s        10.78%        5.812s       1.017ms       0.000us         0.00%        1.006s     176.107us           0 b           0 b      58.34 Gb     -84.30 Gb          5712            --  
                                       aten::fft_irfftn         0.01%       4.071ms         6.64%        3.581s       2.508ms       0.000us         0.00%        1.743s       1.220ms           0 b           0 b      26.93 Gb           0 b          1428            --  
                                         aten::_fft_c2r         0.10%      52.419ms         6.64%        3.577s       2.505ms        1.263s         3.90%        1.743s       1.220ms           0 b           0 b      26.93 Gb     -84.99 Gb          1428            --  
                                  aten::constant_pad_nd         0.03%      18.626ms         4.30%        2.319s       1.086ms       0.000us         0.00%     271.521ms     127.117us           0 b           0 b      52.51 Gb           0 b          2136            --  
                                              aten::mul         0.11%      60.453ms         4.16%        2.240s     392.125us       14.258s        44.03%       14.258s       2.496ms      -2.35 Kb      -2.35 Kb    1580.69 Gb    1580.69 Gb          5712  170362201.492  
                                            aten::clone         0.02%      12.975ms         3.68%        1.984s     519.476us       0.000us         0.00%     777.495ms     203.533us           0 b           0 b      86.04 Gb           0 b          3820            --  
                                              aten::add         0.06%      34.138ms         2.05%        1.103s     309.005us        2.836s         8.76%        2.836s     794.829us           0 b           0 b     317.20 Gb     317.20 Gb          3568    928612.352  
                                            aten::fill_         0.02%      10.850ms         1.73%     931.004ms     563.562us     200.542ms         0.62%     200.542ms     121.393us           0 b           0 b           0 b           0 b          1652            --  
                                              aten::pad         0.01%       3.084ms         1.56%     840.491ms     882.869us       0.000us         0.00%      38.423ms      40.360us           0 b           0 b       3.74 Gb           0 b           952            --  
                                             aten::add_         0.03%      15.430ms         1.42%     763.341ms     393.475us      12.256ms         0.04%      12.256ms       6.318us         -40 b         -40 b      -9.00 Kb      -9.00 Kb          1940            --  
      autograd::engine::evaluate_function: CatBackward0         0.02%      12.212ms         1.33%     718.633ms       2.898ms       0.000us         0.00%      17.474ms      70.460us           0 b           0 b      -1.12 Gb      -2.19 Gb           248            --  
                                              aten::sum         0.05%      24.598ms         1.25%     672.569ms     469.671us        2.887s         8.92%        2.887s       2.016ms           0 b           0 b      29.18 Gb      29.18 Gb          1432            --  
                                             aten::mul_         0.02%       9.363ms         1.22%     655.999ms     459.383us       0.000us         0.00%     230.502ms     161.416us           0 b       2.35 Kb           0 b           0 b          1428            --  
autograd::engine::evaluate_function: torch::autograd...         0.01%       5.380ms         1.10%     594.196ms     406.984us       0.000us         0.00%      11.153ms       7.639us           0 b           0 b     -24.31 Gb           0 b          1460            --  
                        torch::autograd::AccumulateGrad         0.01%       6.054ms         1.09%     588.816ms     403.299us       0.000us         0.00%      11.153ms       7.639us           0 b           0 b     -24.31 Gb     -24.31 Gb          1460            --  
                                              aten::exp         0.99%     535.075ms         0.99%     535.075ms     374.702us       0.000us         0.00%       0.000us       0.000us           0 b           0 b     632.27 Gb     632.27 Gb          1428            --  
                                       aten::batch_norm         0.00%       1.107ms         0.39%     209.204ms     432.240us       0.000us         0.00%      26.268ms      54.273us           0 b           0 b       1.90 Gb           0 b           484            --  
                           aten::_batch_norm_impl_index         0.00%       1.595ms         0.39%     208.097ms     429.952us       0.000us         0.00%      26.268ms      54.273us           0 b           0 b       1.90 Gb           0 b           484            --  
                                 aten::cudnn_batch_norm         0.03%      17.398ms         0.38%     206.502ms     426.657us      26.268ms         0.08%      26.268ms      54.273us           0 b           0 b       1.90 Gb           0 b           484            --  
     autograd::engine::evaluate_function: ReluBackward0         0.01%       3.546ms         0.34%     181.883ms     375.791us       0.000us         0.00%      24.629ms      50.886us           0 b           0 b      -1.92 Gb      -3.88 Gb           484            --  
                                          ReluBackward0         0.00%       1.989ms         0.33%     178.337ms     368.465us       0.000us         0.00%      24.629ms      50.886us           0 b           0 b       1.96 Gb           0 b           484            --  
                               aten::threshold_backward         0.01%       6.114ms         0.33%     176.348ms     364.355us      24.629ms         0.08%      24.629ms      50.886us           0 b           0 b       1.96 Gb       1.96 Gb           484            --  
autograd::engine::evaluate_function: CudnnBatchNormB...         0.01%       5.313ms         0.29%     156.672ms     323.702us       0.000us         0.00%      37.146ms      76.748us           0 b           0 b      -1.95 Gb      -3.85 Gb           484            --  
                                              aten::cat         0.01%       5.929ms         0.29%     154.398ms     622.573us      15.368ms         0.05%      15.368ms      61.968us           0 b           0 b       1.28 Gb       1.28 Gb           248            --  
                                CudnnBatchNormBackward0         0.00%       2.279ms         0.28%     151.359ms     312.725us       0.000us         0.00%      37.146ms      76.748us           0 b           0 b       1.90 Gb           0 b           484            --  
                                            aten::relu_         0.01%       4.135ms         0.28%     151.192ms     312.380us       0.000us         0.00%      14.211ms      29.362us           0 b           0 b           0 b           0 b           484            --  
                        aten::cudnn_batch_norm_backward         0.02%      10.884ms         0.28%     149.080ms     308.017us      37.146ms         0.11%      37.146ms      76.748us           0 b           0 b       1.90 Gb           0 b           484            --  
                                       aten::clamp_min_         0.01%       3.779ms         0.27%     147.057ms     303.837us      14.211ms         0.04%      14.211ms      29.362us           0 b           0 b           0 b           0 b           484            --  
                                            aten::empty         0.19%     100.210ms         0.19%     100.210ms       4.236us       0.000us         0.00%       0.000us       0.000us      18.38 Mb      18.38 Mb     336.48 Gb     336.48 Gb         23656            --  
                                             aten::real         0.03%      15.514ms         0.08%      45.434ms       7.954us       0.000us         0.00%       0.000us       0.000us           0 b           0 b           0 b           0 b          5712            --  
                                          aten::resize_         0.07%      38.147ms         0.07%      38.147ms       3.082us       0.000us         0.00%       0.000us       0.000us           0 b           0 b     145.93 Gb     145.93 Gb         12376            --  
                                       aten::empty_like         0.02%      10.232ms         0.06%      34.025ms       7.136us       0.000us         0.00%       0.000us       0.000us           0 b           0 b      60.25 Gb           0 b          4768            --  
                                    aten::empty_strided         0.05%      29.216ms         0.05%      29.216ms       5.554us       0.000us         0.00%       0.000us       0.000us      18.38 Mb      18.38 Mb      86.04 Gb      86.04 Gb          5260            --  
                                            aten::slice         0.04%      21.154ms         0.05%      28.880ms       2.652us       0.000us         0.00%       0.000us       0.000us           0 b           0 b           0 b           0 b         10888            --  
                                            aten::randn         0.00%      84.000us         0.05%      26.986ms       3.373ms       0.000us         0.00%       0.000us       0.000us      18.38 Mb           0 b           0 b           0 b             8            --  
                                          aten::normal_         0.05%      25.711ms         0.05%      25.711ms       3.214ms       0.000us         0.00%       0.000us       0.000us           0 b           0 b           0 b           0 b             8            --  
                                           aten::narrow         0.01%       7.251ms         0.04%      23.241ms       3.506us       0.000us         0.00%       0.000us       0.000us           0 b           0 b           0 b           0 b          6628            --  
                                       aten::as_strided         0.04%      20.007ms         0.04%      20.007ms       0.825us       0.000us         0.00%       0.000us       0.000us           0 b           0 b           0 b           0 b         24244            --  
                                           aten::select         0.02%      11.412ms         0.03%      16.793ms       2.940us       0.000us         0.00%       0.000us       0.000us           0 b           0 b           0 b           0 b          5712            --  
                                     aten::view_as_real         0.02%      13.127ms         0.02%      13.127ms       2.298us       0.000us         0.00%       0.000us       0.000us           0 b           0 b           0 b           0 b          5712            --  
                                          aten::reshape         0.02%       8.437ms         0.02%      11.504ms       3.018us       0.000us         0.00%       0.000us       0.000us           0 b           0 b           0 b           0 b          3812            --  
autograd::engine::evaluate_function: ConvolutionBack...         0.00%      27.000us         0.02%      11.112ms       2.778ms       0.000us         0.00%      13.759ms       3.440ms           0 b           0 b     -77.86 Mb     -98.00 Mb             4            --  
                                   ConvolutionBackward0         0.00%      31.000us         0.02%      11.085ms       2.771ms       0.000us         0.00%      13.759ms       3.440ms           0 b           0 b      20.14 Mb           0 b             4            --  
                             aten::convolution_backward         0.00%     340.000us         0.02%      11.054ms       2.764ms      13.759ms         0.04%      13.759ms       3.440ms           0 b           0 b      20.14 Mb      19.86 Mb             4            --  
                                        aten::unsqueeze         0.02%       8.209ms         0.02%      10.827ms       4.549us       0.000us         0.00%       0.000us       0.000us           0 b           0 b           0 b           0 b          2380            --  
                                          aten::permute         0.01%       7.815ms         0.02%      10.576ms       2.777us       0.000us         0.00%       0.000us       0.000us           0 b           0 b           0 b           0 b          3808            --  
                                           CatBackward0         0.00%       2.677ms         0.02%      10.300ms      41.532us       0.000us         0.00%       0.000us       0.000us           0 b           0 b           0 b           0 b           248            --  
                                       aten::avg_pool2d         0.00%     197.000us         0.01%       3.755ms     312.917us     711.000us         0.00%     711.000us      59.250us           0 b           0 b      21.44 Mb      21.44 Mb            12            --  
                                            aten::_conj         0.00%       2.645ms         0.01%       3.212ms       3.374us       0.000us         0.00%       0.000us       0.000us           0 b           0 b           0 b           0 b           952            --  
                                   aten::_reshape_alias         0.01%       3.085ms         0.01%       3.085ms       0.808us       0.000us         0.00%       0.000us       0.000us           0 b           0 b           0 b           0 b          3816            --  
                                      aten::as_strided_         0.01%       2.758ms         0.01%       2.758ms       0.724us       0.000us         0.00%       0.000us       0.000us           0 b           0 b      -3.61 Gb      -3.61 Gb          3808            --  
                                            aten::alias         0.00%       1.894ms         0.00%       1.894ms       1.315us       0.000us         0.00%       0.000us       0.000us           0 b           0 b           0 b           0 b          1440            --  
                                             aten::view         0.00%       1.347ms         0.00%       1.347ms       1.386us       0.000us         0.00%       0.000us       0.000us           0 b           0 b           0 b           0 b           972            --  
autograd::engine::evaluate_function: AvgPool2DBackwa...         0.00%     108.000us         0.00%       1.063ms      88.583us       0.000us         0.00%       2.103ms     175.250us           0 b           0 b     -19.62 Mb    -110.62 Mb            12            --  
                                     AvgPool2DBackward0         0.00%      51.000us         0.00%     955.000us      79.583us       0.000us         0.00%       2.103ms     175.250us           0 b           0 b      91.00 Mb           0 b            12            --  
                              aten::avg_pool2d_backward         0.00%     132.000us         0.00%     904.000us      75.333us       2.103ms         0.01%       2.103ms     175.250us           0 b           0 b      91.00 Mb      91.00 Mb            12            --  
                                 cudaFuncSetCacheConfig         0.00%     827.000us         0.00%     827.000us       0.176us       0.000us         0.00%       0.000us       0.000us           0 b           0 b           0 b           0 b          4704            --  
    autograd::engine::evaluate_function: AddmmBackward0         0.00%     130.000us         0.00%     651.000us     162.750us       0.000us         0.00%     102.000us      25.500us           0 b           0 b     162.00 Kb    -128.00 Kb             4            --  
                                           aten::conv2d         0.00%      28.000us         0.00%     545.000us     136.250us       0.000us         0.00%       1.275ms     318.750us           0 b           0 b      98.00 Mb           0 b             4   7552892.928  
                                      aten::convolution         0.00%      62.000us         0.00%     517.000us     129.250us       0.000us         0.00%       1.275ms     318.750us           0 b           0 b      98.00 Mb           0 b             4            --  
                                     aten::_convolution         0.00%      41.000us         0.00%     455.000us     113.750us       0.000us         0.00%       1.275ms     318.750us           0 b           0 b      98.00 Mb           0 b             4            --  
                                    cudaPeekAtLastError         0.00%     452.000us         0.00%     452.000us       0.094us       0.000us         0.00%       0.000us       0.000us           0 b           0 b           0 b           0 b          4832            --  
                                aten::cudnn_convolution         0.00%     241.000us         0.00%     414.000us     103.500us       1.275ms         0.00%       1.275ms     318.750us           0 b           0 b      98.00 Mb      97.71 Mb             4            --  
                                         AddmmBackward0         0.00%      75.000us         0.00%     398.000us      99.500us       0.000us         0.00%      73.000us      18.250us           0 b           0 b     288.00 Kb           0 b             4            --  
                                           aten::linear         0.00%      35.000us         0.00%     329.000us      82.250us       0.000us         0.00%     111.000us      27.750us           0 b           0 b       2.00 Kb           0 b             4            --  
                                            aten::addmm         0.00%     170.000us         0.00%     254.000us      63.500us     111.000us         0.00%     111.000us      27.750us           0 b           0 b       2.00 Kb       2.00 Kb             4       655.360  
                                  cudaStreamSynchronize         0.00%     253.000us         0.00%     253.000us      21.083us       0.000us         0.00%       0.000us       0.000us           0 b           0 b           0 b           0 b            12            --  
                                               aten::mm         0.00%     126.000us         0.00%     236.000us      29.500us      73.000us         0.00%      73.000us       9.125us           0 b           0 b     288.00 Kb     288.00 Kb             8      1310.720  
autograd::engine::evaluate_function: MaxPool2DWithIn...         0.00%      32.000us         0.00%     212.000us      53.000us       0.000us         0.00%       2.473ms     618.250us           0 b           0 b      24.50 Mb     -73.50 Mb             4            --  
     autograd::engine::evaluate_function: MeanBackward1         0.00%      21.000us         0.00%     209.000us      52.250us       0.000us         0.00%      28.000us       7.000us           0 b           0 b       6.00 Mb    -128.00 Kb             4            --  
                                          MeanBackward1         0.00%      30.000us         0.00%     188.000us      47.000us       0.000us         0.00%      28.000us       7.000us           0 b           0 b       6.12 Mb           0 b             4            --  
                          MaxPool2DWithIndicesBackward0         0.00%      21.000us         0.00%     180.000us      45.000us       0.000us         0.00%       2.473ms     618.250us           0 b           0 b      98.00 Mb           0 b             4            --  
                                       aten::max_pool2d         0.00%      19.000us         0.00%     169.000us      42.250us       0.000us         0.00%     839.000us     209.750us           0 b           0 b      73.50 Mb           0 b             4            --  
                 aten::max_pool2d_with_indices_backward         0.00%      68.000us         0.00%     159.000us      39.750us       2.086ms         0.01%       2.473ms     618.250us           0 b           0 b      98.00 Mb      98.00 Mb             4            --  
                              aten::adaptive_avg_pool2d         0.00%      14.000us         0.00%     153.000us      38.250us       0.000us         0.00%      64.000us      16.000us           0 b           0 b     128.00 Kb           0 b             4            --  
                          aten::max_pool2d_with_indices         0.00%     112.000us         0.00%     150.000us      37.500us     839.000us         0.00%     839.000us     209.750us           0 b           0 b      73.50 Mb      73.50 Mb             4            --  
                                                aten::t         0.00%      73.000us         0.00%     147.000us       7.350us       0.000us         0.00%       0.000us       0.000us           0 b           0 b           0 b           0 b            20            --  
                                             aten::mean         0.00%      96.000us         0.00%     139.000us      34.750us      64.000us         0.00%      64.000us      16.000us           0 b           0 b     128.00 Kb     128.00 Kb             4            --  
                                              aten::div         0.00%      89.000us         0.00%     130.000us      32.500us      28.000us         0.00%      28.000us       7.000us           0 b           0 b       6.12 Mb       6.12 Mb             4            --  
                                            aten::zeros         0.00%      46.000us         0.00%      80.000us      10.000us       0.000us         0.00%       0.000us       0.000us          32 b           0 b           0 b           0 b             8            --  
                                        aten::transpose         0.00%      47.000us         0.00%      74.000us       3.700us       0.000us         0.00%       0.000us       0.000us           0 b           0 b           0 b           0 b            20            --  
                                            aten::zero_         0.00%      18.000us         0.00%      64.000us       5.333us       0.000us         0.00%     387.000us      32.250us           0 b           0 b           0 b           0 b            12            --  
-------------------------------------------------------  ------------  ------------  ------------  ------------  ------------  ------------  ------------  ------------  ------------  ------------  ------------  ------------  ------------  ------------  ------------  
Self CPU time total: 53.905s
Self CUDA time total: 32.385s

