-----------------------------------------------------------------------------------------------------------------------------
Showing ResNet18_CIFAR10_Conv2dRFFTFunction_date-20240125-063434.pt
-------------------------------------------------------  ------------  ------------  ------------  ------------  ------------  ------------  ------------  ------------  ------------  ------------  ------------  ------------  ------------  ------------  ------------  
                                                   Name    Self CPU %      Self CPU   CPU total %     CPU total  CPU time avg     Self CUDA   Self CUDA %    CUDA total  CUDA time avg       CPU Mem  Self CPU Mem      CUDA Mem  Self CUDA Mem    # of Calls  Total MFLOPs  
-------------------------------------------------------  ------------  ------------  ------------  ------------  ------------  ------------  ------------  ------------  ------------  ------------  ------------  ------------  ------------  ------------  ------------  
                                          ProfilerStep*         0.00%     222.000us        50.48%       39.732s        9.933s       0.000us         0.00%       13.360s        3.340s      36.75 Mb      -1.05 Kb           0 b           0 b             4            --  
                                            aten::copy_         0.01%      11.244ms        31.29%       24.625s      35.792ms     341.964ms         0.87%     341.964ms     497.041us           0 b           0 b           0 b           0 b           688            --  
                                        cudaMemcpyAsync        29.78%       23.440s        29.78%       23.440s     139.526ms       0.000us         0.00%       0.000us       0.000us           0 b           0 b           0 b           0 b           168            --  
                                               aten::to         0.00%     194.000us        29.30%       23.060s        1.441s       0.000us         0.00%     150.070ms       9.379ms     147.00 Mb           0 b     147.01 Mb           0 b            16            --  
                                         aten::_to_copy         0.00%     396.000us        29.30%       23.059s        1.922s       0.000us         0.00%     150.070ms      12.506ms     147.00 Mb           0 b     147.01 Mb           0 b            12            --  
autograd::engine::evaluate_function: ToCopyBackward0...         0.00%     187.000us        29.25%       23.018s        5.754s       0.000us         0.00%     110.434ms      27.608ms     147.00 Mb           0 b    -147.00 Mb    -147.00 Mb             4            --  
                                        ToCopyBackward0         0.00%      46.000us        29.25%       23.017s        5.754s       0.000us         0.00%     110.434ms      27.608ms     147.00 Mb           0 b           0 b           0 b             4            --  
                                       cudaLaunchKernel        19.60%       15.424s        19.60%       15.424s       2.303ms       0.000us         0.00%       0.000us       0.000us           0 b           0 b           0 b           0 b          6696            --  
autograd::engine::evaluate_function: Conv2dRFFTFunct...         0.00%       1.756ms        17.06%       13.429s     258.241ms       0.000us         0.00%       25.470s     489.810ms           0 b           0 b       2.54 Gb      -2.65 Gb            52            --  
                             Conv2dRFFTFunctionBackward         0.04%      34.856ms        16.89%       13.296s     255.700ms       0.000us         0.00%       25.462s     489.662ms           0 b           0 b       4.64 Gb   -2221.75 Gb            52            --  
                             Conv2dRFFTFunction Step#10        12.40%        9.758s        12.62%        9.936s        9.936s       0.000us         0.00%        3.341s        3.341s          -4 b     -36.75 Mb           0 b      -1.74 Gb             1            --  
                              Conv2dRFFTFunction Step#8        12.40%        9.758s        12.62%        9.934s        9.934s       0.000us         0.00%        3.340s        3.340s      36.75 Mb        -268 b           0 b      -1.74 Gb             1            --  
                              Conv2dRFFTFunction Step#9        12.40%        9.758s        12.62%        9.934s        9.934s       0.000us         0.00%        3.339s        3.339s          -4 b     -36.75 Mb           0 b      -1.74 Gb             1            --  
                             Conv2dRFFTFunction Step#11        12.41%        9.763s        12.61%        9.927s        9.927s       0.000us         0.00%        3.340s        3.340s          -4 b     -36.75 Mb           0 b      -1.74 Gb             1            --  
                                              aten::mul         0.04%      27.635ms         5.04%        3.970s       4.241ms       18.830s        48.07%       18.896s      20.188ms           0 b           0 b    1987.88 Gb    1982.82 Gb           936     91422.720  
                                        aten::fft_rfftn         0.00%       2.663ms         4.04%        3.180s      12.230ms       0.000us         0.00%     461.625ms       1.775ms           0 b           0 b      11.53 Gb      -7.82 Gb           260            --  
                                       aten::fft_irfftn         0.00%       1.131ms         3.64%        2.867s      18.376ms       0.000us         0.00%     503.295ms       3.226ms           0 b           0 b       6.09 Gb           0 b           156            --  
                                         aten::_fft_c2r         0.02%      13.156ms         3.64%        2.866s      18.369ms     394.436ms         1.01%     503.295ms       3.226ms           0 b           0 b       6.09 Gb     -21.41 Gb           156            --  
                                         aten::_fft_r2c         0.02%      16.359ms         2.68%        2.108s       8.107ms     402.420ms         1.03%     402.420ms       1.548ms           0 b           0 b      11.53 Gb     -22.26 Gb           260            --  
                                              aten::add         0.01%       9.318ms         2.46%        1.934s       5.621ms       11.590s        29.59%       11.590s      33.693ms           0 b           0 b     994.83 Gb     994.83 Gb           344    178109.678  
                                  aten::constant_pad_nd         0.01%       5.662ms         2.12%        1.669s       6.420ms       0.000us         0.00%     101.978ms     392.223us           0 b           0 b      10.73 Gb           0 b           260            --  
                                              aten::sum         0.01%       9.152ms         1.48%        1.167s       7.293ms        2.920s         7.46%        2.920s      18.251ms           0 b           0 b       6.54 Gb       6.54 Gb           160            --  
autograd::engine::evaluate_function: torch::autograd...         0.00%       1.887ms         1.45%        1.138s       4.517ms       0.000us         0.00%       4.501ms      17.861us           0 b           0 b      -3.21 Gb           0 b           252            --  
                                             aten::add_         0.01%       5.882ms         1.44%        1.137s       3.159ms      14.089ms         0.04%      14.089ms      39.136us           0 b           0 b           0 b           0 b           360            --  
                        torch::autograd::AccumulateGrad         0.00%       2.593ms         1.44%        1.136s       4.509ms       0.000us         0.00%       4.501ms      17.861us           0 b           0 b      -3.21 Gb      -3.21 Gb           252            --  
                                            aten::fill_         0.00%       3.447ms         1.14%     894.428ms       3.388ms      46.094ms         0.12%      46.094ms     174.598us           0 b           0 b           0 b           0 b           264            --  
                                            aten::clone         0.00%       3.010ms         1.03%     814.435ms       1.958ms       0.000us         0.00%     132.929ms     319.541us           0 b           0 b      12.87 Gb           0 b           416            --  
                                              aten::pad         0.00%     697.000us         0.76%     600.430ms       5.773ms       0.000us         0.00%      42.773ms     411.279us           0 b           0 b       2.92 Gb           0 b           104            --  
                                             aten::mul_         0.00%       2.638ms         0.75%     586.948ms       3.762ms       0.000us         0.00%      52.866ms     338.885us           0 b           0 b           0 b           0 b           156            --  
                                            aten::randn         0.00%     145.000us         0.69%     539.231ms      67.404ms       0.000us         0.00%       0.000us       0.000us     147.01 Mb           0 b           0 b           0 b             8            --  
                                          aten::normal_         0.68%     538.870ms         0.68%     538.870ms      67.359ms       0.000us         0.00%       0.000us       0.000us           0 b           0 b           0 b           0 b             8            --  
     autograd::engine::evaluate_function: ReluBackward0         0.00%       1.084ms         0.65%     512.390ms       7.535ms       0.000us         0.00%      28.893ms     424.897us           0 b           0 b      -2.32 Gb      -4.53 Gb            68            --  
                                          ReluBackward0         0.00%     874.000us         0.65%     511.306ms       7.519ms       0.000us         0.00%      28.893ms     424.897us           0 b           0 b       2.21 Gb           0 b            68            --  
                               aten::threshold_backward         0.00%       2.291ms         0.65%     510.432ms       7.506ms      28.893ms         0.07%      28.893ms     424.897us           0 b           0 b       2.21 Gb       2.21 Gb            68            --  
autograd::engine::evaluate_function: ConvolutionBack...         0.00%     863.000us         0.58%     454.417ms      16.229ms       0.000us         0.00%     120.724ms       4.312ms           0 b           0 b    -607.61 Mb      -1.77 Gb            28            --  
autograd::engine::evaluate_function: CudnnBatchNormB...         0.00%       1.713ms         0.53%     413.502ms       5.169ms       0.000us         0.00%      54.013ms     675.163us           0 b           0 b      -1.66 Gb      -4.04 Gb            80            --  
                                CudnnBatchNormBackward0         0.00%     912.000us         0.52%     411.789ms       5.147ms       0.000us         0.00%      54.013ms     675.163us           0 b           0 b       2.38 Gb           0 b            80            --  
                        aten::cudnn_batch_norm_backward         0.01%       4.728ms         0.52%     410.877ms       5.136ms      54.013ms         0.14%      54.013ms     675.163us           0 b           0 b       2.38 Gb           0 b            80            --  
                                              aten::sub         0.00%       3.629ms         0.49%     389.347ms       2.496ms        4.332s        11.06%        4.332s      27.772ms           0 b           0 b     331.31 Gb     331.31 Gb           156            --  
                                   ConvolutionBackward0         0.00%     378.000us         0.48%     378.823ms      13.529ms       0.000us         0.00%     116.351ms       4.155ms           0 b           0 b     862.39 Mb           0 b            28            --  
                             aten::convolution_backward         0.00%       3.712ms         0.48%     378.445ms      13.516ms     116.351ms         0.30%     116.351ms       4.155ms           0 b           0 b     862.39 Mb     832.79 Mb            28            --  
                                     Conv2dRFFTFunction         0.02%      12.835ms         0.11%      87.647ms       1.686ms       0.000us         0.00%       13.219s     254.209ms           0 b           0 b       1.46 Gb   -1112.37 Gb            52            --  
                                            aten::empty         0.02%      19.604ms         0.02%      19.604ms       9.093us       0.000us         0.00%       0.000us       0.000us     147.01 Mb     147.01 Mb      78.11 Gb      78.11 Gb          2156            --  
                                       aten::batch_norm         0.00%     343.000us         0.02%      14.298ms     178.725us       0.000us         0.00%      43.650ms     545.625us           0 b           0 b       3.66 Gb           0 b            80            --  
                           aten::_batch_norm_impl_index         0.00%     655.000us         0.02%      13.955ms     174.438us       0.000us         0.00%      43.650ms     545.625us           0 b           0 b       3.66 Gb           0 b            80            --  
                                 aten::cudnn_batch_norm         0.01%       5.059ms         0.01%      10.290ms     128.625us      31.841ms         0.08%      31.841ms     398.012us           0 b           0 b       2.38 Gb           0 b            80            --  
                                            aten::slice         0.01%       5.511ms         0.01%       7.507ms       5.775us       0.000us         0.00%       0.000us       0.000us           0 b           0 b           0 b           0 b          1300            --  
                                             aten::real         0.00%       1.969ms         0.01%       7.371ms      23.625us       0.000us         0.00%       0.000us       0.000us           0 b           0 b           0 b           0 b           312            --  
                                       aten::empty_like         0.00%       2.390ms         0.01%       7.258ms      14.633us       0.000us         0.00%       0.000us       0.000us           0 b           0 b      15.25 Gb           0 b           496            --  
                                             aten::imag         0.00%       1.713ms         0.01%       6.161ms      19.747us       0.000us         0.00%       0.000us       0.000us           0 b           0 b           0 b           0 b           312            --  
                                           aten::narrow         0.00%       1.802ms         0.01%       5.404ms       7.423us       0.000us         0.00%       0.000us       0.000us           0 b           0 b           0 b           0 b           728            --  
                                           aten::select         0.01%       4.011ms         0.01%       4.720ms       7.564us       0.000us         0.00%       0.000us       0.000us           0 b           0 b           0 b           0 b           624            --  
                                           aten::conv2d         0.00%     229.000us         0.01%       4.607ms     164.536us       0.000us         0.00%      22.382ms     799.357us           0 b           0 b       1.10 Gb           0 b            28    159073.174  
                                      aten::convolution         0.00%     558.000us         0.01%       4.378ms     156.357us       0.000us         0.00%      22.382ms     799.357us           0 b           0 b       1.10 Gb           0 b            28            --  
                                       aten::as_strided         0.01%       4.241ms         0.01%       4.241ms       1.523us       0.000us         0.00%       0.000us       0.000us           0 b           0 b           0 b           0 b          2784            --  
                                     aten::_convolution         0.00%     352.000us         0.00%       3.820ms     136.429us       0.000us         0.00%      22.382ms     799.357us           0 b           0 b       1.10 Gb           0 b            28            --  
                                     aten::view_as_real         0.00%       3.676ms         0.00%       3.676ms       5.891us       0.000us         0.00%       0.000us       0.000us           0 b           0 b           0 b           0 b           624            --  
                                aten::cudnn_convolution         0.00%       1.988ms         0.00%       3.468ms     123.857us      22.382ms         0.06%      22.382ms     799.357us           0 b           0 b       1.10 Gb       1.10 Gb            28            --  
                                       aten::contiguous         0.00%     151.000us         0.00%       3.010ms      57.885us       0.000us         0.00%      11.809ms     227.096us           0 b           0 b       1.28 Gb           0 b            52            --  
                                            aten::relu_         0.00%     923.000us         0.00%       2.703ms      39.750us       0.000us         0.00%      19.103ms     280.926us           0 b           0 b           0 b           0 b            68            --  
                                    aten::empty_strided         0.00%       2.627ms         0.00%       2.627ms      11.941us       0.000us         0.00%       0.000us       0.000us     147.00 Mb     147.00 Mb       5.20 Gb       5.20 Gb           220            --  
                                        aten::unsqueeze         0.00%       1.913ms         0.00%       2.456ms       9.446us       0.000us         0.00%       0.000us       0.000us           0 b           0 b           0 b           0 b           260            --  
                                          aten::reshape         0.00%       1.719ms         0.00%       2.364ms       5.629us       0.000us         0.00%       0.000us       0.000us           0 b           0 b           0 b           0 b           420            --  
                                          aten::permute         0.00%       1.572ms         0.00%       2.133ms       5.127us       0.000us         0.00%       0.000us       0.000us           0 b           0 b           0 b           0 b           416            --  
                                       aten::clamp_min_         0.00%     882.000us         0.00%       1.780ms      26.176us      19.103ms         0.05%      19.103ms     280.926us           0 b           0 b           0 b           0 b            68            --  
                                            aten::_conj         0.00%       1.467ms         0.00%       1.688ms       5.410us       0.000us         0.00%       0.000us       0.000us           0 b           0 b           0 b           0 b           312            --  
    autograd::engine::evaluate_function: AddmmBackward0         0.00%     296.000us         0.00%       1.667ms     416.750us       0.000us         0.00%     104.000us      26.000us           0 b           0 b      82.00 Kb    -512.00 Kb             4            --  
autograd::engine::evaluate_function: MaxPool2DWithIn...         0.00%      62.000us         0.00%       1.648ms     412.000us       0.000us         0.00%      19.405ms       4.851ms           0 b           0 b     192.00 Mb    -592.00 Mb             4            --  
                          MaxPool2DWithIndicesBackward0         0.00%      44.000us         0.00%       1.586ms     396.500us       0.000us         0.00%      19.405ms       4.851ms           0 b           0 b     784.00 Mb           0 b             4            --  
                 aten::max_pool2d_with_indices_backward         0.00%     122.000us         0.00%       1.542ms     385.500us      16.324ms         0.04%      19.405ms       4.851ms           0 b           0 b     784.00 Mb     784.00 Mb             4            --  
                                          aten::resize_         0.00%       1.475ms         0.00%       1.475ms       3.546us       0.000us         0.00%       0.000us       0.000us           0 b           0 b           0 b           0 b           416            --  
                                         AddmmBackward0         0.00%     185.000us         0.00%       1.029ms     257.250us       0.000us         0.00%      76.000us      19.000us           0 b           0 b     592.00 Kb           0 b             4            --  
                                      aten::as_strided_         0.00%     791.000us         0.00%     791.000us       1.901us       0.000us         0.00%       0.000us       0.000us           0 b           0 b           0 b           0 b           416            --  
                                 cudaFuncSetCacheConfig         0.00%     716.000us         0.00%     716.000us       1.432us       0.000us         0.00%       0.000us       0.000us           0 b           0 b           0 b           0 b           500            --  
                                   aten::_reshape_alias         0.00%     673.000us         0.00%     673.000us       1.587us       0.000us         0.00%       0.000us       0.000us           0 b           0 b           0 b           0 b           424            --  
                                        aten::_neg_view         0.00%     585.000us         0.00%     659.000us       6.337us       0.000us         0.00%       0.000us       0.000us           0 b           0 b           0 b           0 b           104            --  
                                            aten::zero_         0.00%      27.000us         0.00%     651.000us      54.250us       0.000us         0.00%       3.081ms     256.750us           0 b           0 b           0 b           0 b            12            --  
                                               aten::mm         0.00%     290.000us         0.00%     599.000us      74.875us      76.000us         0.00%      76.000us       9.500us           0 b           0 b     592.00 Kb     592.00 Kb             8         5.243  
                                           aten::linear         0.00%      66.000us         0.00%     592.000us     148.000us       0.000us         0.00%      75.000us      18.750us           0 b           0 b      10.00 Kb           0 b             4            --  
                                        cudaBindTexture         0.00%     572.000us         0.00%     572.000us      10.214us       0.000us         0.00%       0.000us       0.000us           0 b           0 b           0 b           0 b            56            --  
                                        cudaMemsetAsync         0.00%     556.000us         0.00%     556.000us      19.857us       0.000us         0.00%       0.000us       0.000us           0 b           0 b           0 b           0 b            28            --  
                                             aten::view         0.00%     521.000us         0.00%     521.000us       3.177us       0.000us         0.00%       0.000us       0.000us           0 b           0 b           0 b           0 b           164            --  
    autograd::engine::evaluate_function: CloneBackward0         0.00%     459.000us         0.00%     514.000us       9.885us       0.000us         0.00%       0.000us       0.000us           0 b           0 b           0 b           0 b            52            --  
     autograd::engine::evaluate_function: MeanBackward1         0.00%      40.000us         0.00%     467.000us     116.750us       0.000us         0.00%     100.000us      25.000us           0 b           0 b      24.00 Mb    -512.00 Kb             4            --  
                                            aten::addmm         0.00%     293.000us         0.00%     456.000us     114.000us      75.000us         0.00%      75.000us      18.750us           0 b           0 b      10.00 Kb      10.00 Kb             4         2.621  
                                          MeanBackward1         0.00%      72.000us         0.00%     427.000us     106.750us       0.000us         0.00%     100.000us      25.000us           0 b           0 b      24.50 Mb           0 b             4            --  
                                                aten::t         0.00%     149.000us         0.00%     350.000us      17.500us       0.000us         0.00%       0.000us       0.000us           0 b           0 b           0 b           0 b            20            --  
                                  cudaStreamSynchronize         0.00%     340.000us         0.00%     340.000us      28.333us       0.000us         0.00%       0.000us       0.000us           0 b           0 b           0 b           0 b            12            --  
                                       aten::max_pool2d         0.00%      33.000us         0.00%     326.000us      81.500us       0.000us         0.00%       6.471ms       1.618ms           0 b           0 b     592.00 Mb           0 b             4            --  
      autograd::engine::evaluate_function: AddBackward0         0.00%     287.000us         0.00%     326.000us      10.188us       0.000us         0.00%       0.000us       0.000us           0 b           0 b           0 b           0 b            32            --  
                                              aten::div         0.00%     229.000us         0.00%     310.000us      77.500us     100.000us         0.00%     100.000us      25.000us           0 b           0 b      24.50 Mb      24.50 Mb             4            --  
                              aten::adaptive_avg_pool2d         0.00%      26.000us         0.00%     296.000us      74.000us       0.000us         0.00%     224.000us      56.000us           0 b           0 b     512.00 Kb           0 b             4            --  
                                            aten::alias         0.00%     295.000us         0.00%     295.000us       0.709us       0.000us         0.00%       0.000us       0.000us           0 b           0 b           0 b           0 b           416            --  
                          aten::max_pool2d_with_indices         0.00%     185.000us         0.00%     293.000us      73.250us       6.471ms         0.02%       6.471ms       1.618ms           0 b           0 b     592.00 Mb     592.00 Mb             4            --  
                                             aten::mean         0.00%     179.000us         0.00%     270.000us      67.500us     224.000us         0.00%     224.000us      56.000us           0 b           0 b     512.00 Kb     512.00 Kb             4            --  
                                            aten::zeros         0.00%      97.000us         0.00%     221.000us      27.625us       0.000us         0.00%       0.000us       0.000us          32 b           0 b           0 b           0 b             8            --  
                                        aten::transpose         0.00%     138.000us         0.00%     201.000us      10.050us       0.000us         0.00%       0.000us       0.000us           0 b           0 b           0 b           0 b            20            --  
                                           aten::detach         0.00%      34.000us         0.00%      91.000us      22.750us       0.000us         0.00%       0.000us       0.000us           0 b           0 b           0 b           0 b             4            --  
autograd::engine::evaluate_function: ReshapeAliasBac...         0.00%      30.000us         0.00%      90.000us      22.500us       0.000us         0.00%       0.000us       0.000us           0 b           0 b           0 b           0 b             4            --  
        autograd::engine::evaluate_function: TBackward0         0.00%      37.000us         0.00%      83.000us      20.750us       0.000us         0.00%       0.000us       0.000us           0 b           0 b           0 b           0 b             4            --  
-------------------------------------------------------  ------------  ------------  ------------  ------------  ------------  ------------  ------------  ------------  ------------  ------------  ------------  ------------  ------------  ------------  ------------  
Self CPU time total: 78.702s
Self CUDA time total: 39.169s


-----------------------------------------------------------------------------------------------------------------------------
Showing ResNet18_CIFAR10_Conv2dRFFTPhasorFunction_date-20240125-063434.pt
-------------------------------------------------------  ------------  ------------  ------------  ------------  ------------  ------------  ------------  ------------  ------------  ------------  ------------  ------------  ------------  ------------  ------------  
                                                   Name    Self CPU %      Self CPU   CPU total %     CPU total  CPU time avg     Self CUDA   Self CUDA %    CUDA total  CUDA time avg       CPU Mem  Self CPU Mem      CUDA Mem  Self CUDA Mem    # of Calls  Total MFLOPs  
-------------------------------------------------------  ------------  ------------  ------------  ------------  ------------  ------------  ------------  ------------  ------------  ------------  ------------  ------------  ------------  ------------  ------------  
                                          ProfilerStep*         0.00%     201.000us        50.44%       28.872s        7.218s       0.000us         0.00%        7.398s        1.850s      36.75 Mb      -1.05 Kb           0 b           0 b             4            --  
                                            aten::copy_         0.02%      14.157ms        28.94%       16.565s      12.626ms     513.422ms         1.80%     513.422ms     391.328us           0 b           0 b           0 b           0 b          1312            --  
                                        cudaMemcpyAsync        26.67%       15.264s        26.67%       15.264s      90.859ms       0.000us         0.00%       0.000us       0.000us           0 b           0 b           0 b           0 b           168            --  
                                               aten::to         0.00%     195.000us        26.15%       14.966s     935.372ms       0.000us         0.00%     122.200ms       7.638ms     147.00 Mb           0 b     147.01 Mb           0 b            16            --  
                                         aten::_to_copy         0.00%     417.000us        26.15%       14.966s        1.247s       0.000us         0.00%     122.200ms      10.183ms     147.00 Mb           0 b     147.01 Mb           0 b            12            --  
autograd::engine::evaluate_function: ToCopyBackward0...         0.00%     155.000us        26.11%       14.946s        3.736s       0.000us         0.00%     104.061ms      26.015ms     147.00 Mb           0 b    -147.00 Mb    -147.00 Mb             4            --  
                                        ToCopyBackward0         0.00%      30.000us        26.11%       14.946s        3.736s       0.000us         0.00%     104.061ms      26.015ms     147.00 Mb           0 b           0 b           0 b             4            --  
                                       cudaLaunchKernel        19.89%       11.386s        19.89%       11.386s       1.777ms       0.000us         0.00%       0.000us       0.000us           0 b           0 b           0 b           0 b          6408            --  
autograd::engine::evaluate_function: Conv2dRFFTPhaso...         0.00%       1.388ms        18.91%       10.824s     208.163ms       0.000us         0.00%       14.157s     272.251ms           0 b           0 b       2.55 Gb      -2.66 Gb            52            --  
                       Conv2dRFFTPhasorFunctionBackward         0.05%      26.196ms        18.61%       10.654s     204.880ms       0.000us         0.00%       14.149s     272.103ms           0 b           0 b       4.64 Gb   -1788.11 Gb            52            --  
                        Conv2dRFFTPhasorFunction Step#8        12.40%        7.096s        12.66%        7.247s        7.247s       0.000us         0.00%        1.850s        1.850s      36.75 Mb          -4 b           0 b      -1.74 Gb             1            --  
                        Conv2dRFFTPhasorFunction Step#9        12.42%        7.107s        12.60%        7.214s        7.214s       0.000us         0.00%        1.849s        1.849s          -4 b     -36.75 Mb           0 b      -1.74 Gb             1            --  
                       Conv2dRFFTPhasorFunction Step#11        12.41%        7.106s        12.60%        7.211s        7.211s       0.000us         0.00%        1.849s        1.849s          -4 b     -36.75 Mb           0 b      -1.74 Gb             1            --  
                       Conv2dRFFTPhasorFunction Step#10        12.41%        7.104s        12.58%        7.201s        7.201s       0.000us         0.00%        1.850s        1.850s          -4 b     -36.75 Mb           0 b      -1.74 Gb             1            --  
                                       aten::fft_irfftn         0.00%     944.000us         4.54%        2.599s      16.658ms       0.000us         0.00%     503.036ms       3.225ms           0 b           0 b       6.11 Gb           0 b           156            --  
                                         aten::_fft_c2r         0.02%      10.592ms         4.54%        2.598s      16.652ms     394.201ms         1.38%     503.036ms       3.225ms           0 b           0 b       6.11 Gb     -21.41 Gb           156            --  
                                        aten::fft_rfftn         0.00%       2.208ms         4.34%        2.483s       9.551ms       0.000us         0.00%     461.193ms       1.774ms           0 b           0 b      11.54 Gb      -7.13 Gb           260            --  
                                              aten::mul         0.03%      14.566ms         4.06%        2.326s       3.728ms       14.535s        50.97%       14.535s      23.293ms          -8 b          -8 b    1656.56 Gb    1656.56 Gb           624    178493.719  
                                         aten::_fft_r2c         0.02%      12.874ms         3.12%        1.783s       6.858ms     402.003ms         1.41%     402.003ms       1.546ms           0 b           0 b      10.84 Gb     -22.96 Gb           260            --  
                                            aten::angle         0.72%     409.911ms         2.80%        1.602s       2.568ms       0.000us         0.00%     217.665ms     348.822us           0 b           0 b      13.09 Gb     -18.12 Gb           624            --  
                                              aten::abs         0.76%     435.163ms         2.69%        1.540s       2.468ms       0.000us         0.00%     217.764ms     348.981us           0 b           0 b       5.69 Gb     -18.12 Gb           624            --  
                                  aten::constant_pad_nd         0.01%       4.831ms         2.03%        1.163s       4.474ms       0.000us         0.00%     101.982ms     392.238us           0 b           0 b      10.74 Gb           0 b           260            --  
autograd::engine::evaluate_function: torch::autograd...         0.00%       1.442ms         1.84%        1.052s       4.173ms       0.000us         0.00%       4.498ms      17.849us           0 b           0 b      -3.21 Gb           0 b           252            --  
                                             aten::add_         0.01%       4.560ms         1.84%        1.051s       2.920ms      14.097ms         0.05%      14.097ms      39.158us           0 b           0 b           0 b           0 b           360            --  
                        torch::autograd::AccumulateGrad         0.00%       1.878ms         1.83%        1.050s       4.167ms       0.000us         0.00%       4.498ms      17.849us           0 b           0 b      -3.21 Gb      -3.21 Gb           252            --  
                                              aten::exp         1.38%     791.215ms         1.38%     791.215ms       5.072ms       0.000us         0.00%       0.000us       0.000us           0 b           0 b     662.62 Gb     662.62 Gb           156            --  
autograd::engine::evaluate_function: ConvolutionBack...         0.00%     690.000us         1.34%     764.441ms      27.301ms       0.000us         0.00%     120.755ms       4.313ms           0 b           0 b    -610.61 Mb      -1.77 Gb            28            --  
                                   ConvolutionBackward0         0.00%     356.000us         1.33%     761.765ms      27.206ms       0.000us         0.00%     116.385ms       4.157ms           0 b           0 b     863.14 Mb           0 b            28            --  
                             aten::convolution_backward         0.01%       3.715ms         1.33%     761.409ms      27.193ms     116.385ms         0.41%     116.385ms       4.157ms           0 b           0 b     863.14 Mb     832.79 Mb            28            --  
                                              aten::sum         0.01%       6.892ms         1.18%     678.034ms       4.238ms        2.920s        10.24%        2.920s      18.249ms           0 b           0 b       6.57 Gb       6.57 Gb           160            --  
                                            aten::fill_         0.00%       2.698ms         1.17%     669.366ms       2.535ms      46.092ms         0.16%      46.092ms     174.591us           0 b           0 b           0 b           0 b           264            --  
                                             aten::mul_         0.00%       2.290ms         0.89%     507.386ms       3.252ms       0.000us         0.00%      52.852ms     338.795us           0 b           8 b           0 b           0 b           156            --  
                                              aten::pad         0.00%     630.000us         0.81%     465.942ms       4.480ms       0.000us         0.00%      42.792ms     411.462us           0 b           0 b       2.92 Gb           0 b           104            --  
                                              aten::add         0.01%       3.915ms         0.71%     407.136ms       2.166ms        2.766s         9.70%        2.766s      14.714ms           0 b           0 b     332.21 Gb     332.21 Gb           188       859.308  
                                            aten::clone         0.00%       2.507ms         0.69%     397.480ms     955.481us       0.000us         0.00%     161.284ms     387.702us           0 b           0 b      17.84 Gb           0 b           416            --  
autograd::engine::evaluate_function: CudnnBatchNormB...         0.00%       1.334ms         0.59%     335.731ms       4.197ms       0.000us         0.00%      53.920ms     674.000us           0 b           0 b      -1.66 Gb      -4.04 Gb            80            --  
                                CudnnBatchNormBackward0         0.00%     708.000us         0.58%     334.397ms       4.180ms       0.000us         0.00%      53.920ms     674.000us           0 b           0 b       2.39 Gb           0 b            80            --  
                        aten::cudnn_batch_norm_backward         0.01%       3.878ms         0.58%     333.689ms       4.171ms      53.920ms         0.19%      53.920ms     674.000us           0 b           0 b       2.39 Gb           0 b            80            --  
                                            aten::randn         0.00%     141.000us         0.58%     331.473ms      41.434ms       0.000us         0.00%       0.000us       0.000us     147.01 Mb           0 b           0 b           0 b             8            --  
                                          aten::normal_         0.58%     330.945ms         0.58%     330.945ms      41.368ms       0.000us         0.00%       0.000us       0.000us           0 b           0 b           0 b           0 b             8            --  
     autograd::engine::evaluate_function: ReluBackward0         0.00%     755.000us         0.56%     320.403ms       4.712ms       0.000us         0.00%      28.901ms     425.015us           0 b           0 b      -2.33 Gb      -4.54 Gb            68            --  
                                          ReluBackward0         0.00%     600.000us         0.56%     319.648ms       4.701ms       0.000us         0.00%      28.901ms     425.015us           0 b           0 b       2.21 Gb           0 b            68            --  
                               aten::threshold_backward         0.00%       1.626ms         0.56%     319.048ms       4.692ms      28.901ms         0.10%      28.901ms     425.015us           0 b           0 b       2.21 Gb       2.21 Gb            68            --  
autograd::engine::evaluate_function: MaxPool2DWithIn...         0.00%      62.000us         0.21%     122.988ms      30.747ms       0.000us         0.00%      19.404ms       4.851ms           0 b           0 b     192.00 Mb    -592.00 Mb             4            --  
                          MaxPool2DWithIndicesBackward0         0.00%      46.000us         0.21%     122.926ms      30.732ms       0.000us         0.00%      19.404ms       4.851ms           0 b           0 b     784.00 Mb           0 b             4            --  
                 aten::max_pool2d_with_indices_backward         0.00%     124.000us         0.21%     122.880ms      30.720ms      16.323ms         0.06%      19.404ms       4.851ms           0 b           0 b     784.00 Mb     784.00 Mb             4            --  
                               Conv2dRFFTPhasorFunction         0.02%      11.461ms         0.15%      85.017ms       1.635ms       0.000us         0.00%        7.278s     139.962ms           0 b           0 b       1.46 Gb    -896.51 Gb            52            --  
                                            aten::zero_         0.00%      31.000us         0.11%      61.298ms       5.108ms       0.000us         0.00%       3.081ms     256.750us           0 b           0 b           0 b           0 b            12            --  
                                            aten::empty         0.03%      18.625ms         0.03%      18.625ms       6.024us       0.000us         0.00%       0.000us       0.000us     147.01 Mb     147.01 Mb      78.15 Gb      78.15 Gb          3092            --  
                                       aten::batch_norm         0.00%     282.000us         0.02%      11.719ms     146.488us       0.000us         0.00%      44.317ms     553.962us           0 b           0 b       3.67 Gb           0 b            80            --  
                           aten::_batch_norm_impl_index         0.00%     633.000us         0.02%      11.437ms     142.963us       0.000us         0.00%      44.317ms     553.962us           0 b           0 b       3.67 Gb           0 b            80            --  
                                 aten::cudnn_batch_norm         0.01%       4.002ms         0.01%       8.114ms     101.425us      32.511ms         0.11%      32.511ms     406.387us           0 b           0 b       2.38 Gb           0 b            80            --  
                                             aten::real         0.00%       2.701ms         0.01%       7.682ms      12.311us       0.000us         0.00%       0.000us       0.000us           0 b           0 b           0 b           0 b           624            --  
                                       aten::empty_like         0.00%       2.084ms         0.01%       6.401ms      10.668us       0.000us         0.00%       0.000us       0.000us           0 b           0 b      16.76 Gb           0 b           600            --  
                                            aten::slice         0.01%       4.437ms         0.01%       6.015ms       4.627us       0.000us         0.00%       0.000us       0.000us           0 b           0 b           0 b           0 b          1300            --  
                                          aten::resize_         0.01%       5.860ms         0.01%       5.860ms       4.334us       0.000us         0.00%       0.000us       0.000us           0 b           0 b      32.77 Gb      32.77 Gb          1352            --  
                                    aten::empty_strided         0.01%       4.705ms         0.01%       4.705ms       8.844us       0.000us         0.00%       0.000us       0.000us     147.00 Mb     147.00 Mb      16.71 Gb      16.71 Gb           532            --  
                                           aten::narrow         0.00%       1.485ms         0.01%       4.186ms       5.750us       0.000us         0.00%       0.000us       0.000us           0 b           0 b           0 b           0 b           728            --  
                                           aten::conv2d         0.00%     281.000us         0.01%       4.066ms     145.214us       0.000us         0.00%      22.377ms     799.179us           0 b           0 b       1.10 Gb           0 b            28    159073.174  
                                      aten::convolution         0.00%     511.000us         0.01%       3.785ms     135.179us       0.000us         0.00%      22.377ms     799.179us           0 b           0 b       1.10 Gb           0 b            28            --  
                                       aten::as_strided         0.01%       3.611ms         0.01%       3.611ms       1.297us       0.000us         0.00%       0.000us       0.000us           0 b           0 b           0 b           0 b          2784            --  
                                     aten::_convolution         0.00%     341.000us         0.01%       3.274ms     116.929us       0.000us         0.00%      22.377ms     799.179us           0 b           0 b       1.10 Gb           0 b            28            --  
                                aten::cudnn_convolution         0.00%       1.642ms         0.01%       2.933ms     104.750us      22.377ms         0.08%      22.377ms     799.179us           0 b           0 b       1.10 Gb       1.10 Gb            28            --  
                                           aten::select         0.00%       2.090ms         0.01%       2.915ms       4.671us       0.000us         0.00%       0.000us       0.000us           0 b           0 b           0 b           0 b           624            --  
                                       aten::contiguous         0.00%     207.000us         0.00%       2.690ms      51.731us       0.000us         0.00%      11.806ms     227.038us           0 b           0 b       1.28 Gb           0 b            52            --  
                                            aten::relu_         0.00%     872.000us         0.00%       2.358ms      34.676us       0.000us         0.00%      19.110ms     281.029us           0 b           0 b           0 b           0 b            68            --  
                                          aten::reshape         0.00%       1.759ms         0.00%       2.310ms       5.500us       0.000us         0.00%       0.000us       0.000us           0 b           0 b           0 b           0 b           420            --  
                                     aten::view_as_real         0.00%       2.066ms         0.00%       2.066ms       3.311us       0.000us         0.00%       0.000us       0.000us           0 b           0 b           0 b           0 b           624            --  
                                        aten::unsqueeze         0.00%       1.566ms         0.00%       1.984ms       7.631us       0.000us         0.00%       0.000us       0.000us           0 b           0 b           0 b           0 b           260            --  
                                          aten::permute         0.00%       1.307ms         0.00%       1.764ms       4.240us       0.000us         0.00%       0.000us       0.000us           0 b           0 b           0 b           0 b           416            --  
                                       aten::clamp_min_         0.00%     707.000us         0.00%       1.486ms      21.853us      19.110ms         0.07%      19.110ms     281.029us           0 b           0 b           0 b           0 b            68            --  
    autograd::engine::evaluate_function: AddmmBackward0         0.00%     122.000us         0.00%     854.000us     213.500us       0.000us         0.00%     102.000us      25.500us           0 b           0 b      82.00 Kb    -512.00 Kb             4            --  
                                            aten::_conj         0.00%     579.000us         0.00%     673.000us       6.471us       0.000us         0.00%       0.000us       0.000us           0 b           0 b           0 b           0 b           104            --  
                                   aten::_reshape_alias         0.00%     581.000us         0.00%     581.000us       1.370us       0.000us         0.00%       0.000us       0.000us           0 b           0 b           0 b           0 b           424            --  
                                      aten::as_strided_         0.00%     569.000us         0.00%     569.000us       1.368us       0.000us         0.00%       0.000us       0.000us           0 b           0 b           0 b           0 b           416            --  
                                        cudaBindTexture         0.00%     565.000us         0.00%     565.000us      10.089us       0.000us         0.00%       0.000us       0.000us           0 b           0 b           0 b           0 b            56            --  
                                         AddmmBackward0         0.00%     104.000us         0.00%     559.000us     139.750us       0.000us         0.00%      74.000us      18.500us           0 b           0 b     592.00 Kb           0 b             4            --  
                                           aten::linear         0.00%      62.000us         0.00%     538.000us     134.500us       0.000us         0.00%      75.000us      18.750us           0 b           0 b      10.00 Kb           0 b             4            --  
                                        cudaMemsetAsync         0.00%     512.000us         0.00%     512.000us      18.286us       0.000us         0.00%       0.000us       0.000us           0 b           0 b           0 b           0 b            28            --  
                                 cudaFuncSetCacheConfig         0.00%     492.000us         0.00%     492.000us       0.984us       0.000us         0.00%       0.000us       0.000us           0 b           0 b           0 b           0 b           500            --  
                                             aten::view         0.00%     418.000us         0.00%     418.000us       2.549us       0.000us         0.00%       0.000us       0.000us           0 b           0 b           0 b           0 b           164            --  
                                            aten::addmm         0.00%     254.000us         0.00%     415.000us     103.750us      75.000us         0.00%      75.000us      18.750us           0 b           0 b      10.00 Kb      10.00 Kb             4         2.621  
    autograd::engine::evaluate_function: CloneBackward0         0.00%     347.000us         0.00%     389.000us       7.481us       0.000us         0.00%       0.000us       0.000us           0 b           0 b           0 b           0 b            52            --  
                                  cudaStreamSynchronize         0.00%     330.000us         0.00%     330.000us      27.500us       0.000us         0.00%       0.000us       0.000us           0 b           0 b           0 b           0 b            12            --  
                                               aten::mm         0.00%     165.000us         0.00%     318.000us      39.750us      74.000us         0.00%      74.000us       9.250us           0 b           0 b     592.00 Kb     592.00 Kb             8         5.243  
                                       aten::max_pool2d         0.00%      26.000us         0.00%     316.000us      79.000us       0.000us         0.00%       6.497ms       1.624ms           0 b           0 b     592.00 Mb           0 b             4            --  
     autograd::engine::evaluate_function: MeanBackward1         0.00%      26.000us         0.00%     315.000us      78.750us       0.000us         0.00%      97.000us      24.250us           0 b           0 b      24.00 Mb    -512.00 Kb             4            --  
                          aten::max_pool2d_with_indices         0.00%     183.000us         0.00%     290.000us      72.500us       6.497ms         0.02%       6.497ms       1.624ms           0 b           0 b     592.00 Mb     592.00 Mb             4            --  
                                          MeanBackward1         0.00%      51.000us         0.00%     289.000us      72.250us       0.000us         0.00%      97.000us      24.250us           0 b           0 b      24.50 Mb           0 b             4            --  
                              aten::adaptive_avg_pool2d         0.00%      19.000us         0.00%     269.000us      67.250us       0.000us         0.00%     223.000us      55.750us           0 b           0 b     512.00 Kb           0 b             4            --  
      autograd::engine::evaluate_function: AddBackward0         0.00%     223.000us         0.00%     256.000us       8.000us       0.000us         0.00%       0.000us       0.000us           0 b           0 b           0 b           0 b            32            --  
                                             aten::mean         0.00%     148.000us         0.00%     250.000us      62.500us     223.000us         0.00%     223.000us      55.750us           0 b           0 b     512.00 Kb     512.00 Kb             4            --  
                                                aten::t         0.00%     111.000us         0.00%     224.000us      11.200us       0.000us         0.00%       0.000us       0.000us           0 b           0 b           0 b           0 b            20            --  
                                            aten::zeros         0.00%     110.000us         0.00%     207.000us      25.875us       0.000us         0.00%       0.000us       0.000us          32 b           0 b           0 b           0 b             8            --  
                                              aten::div         0.00%     137.000us         0.00%     206.000us      51.500us      97.000us         0.00%      97.000us      24.250us           0 b           0 b      24.50 Mb      24.50 Mb             4            --  
                                        aten::transpose         0.00%      84.000us         0.00%     113.000us       5.650us       0.000us         0.00%       0.000us       0.000us           0 b           0 b           0 b           0 b            20            --  
                                            aten::alias         0.00%      94.000us         0.00%      94.000us       0.904us       0.000us         0.00%       0.000us       0.000us           0 b           0 b           0 b           0 b           104            --  
                                           aten::detach         0.00%      44.000us         0.00%      82.000us      20.500us       0.000us         0.00%       0.000us       0.000us           0 b           0 b           0 b           0 b             4            --  
        autograd::engine::evaluate_function: TBackward0         0.00%      24.000us         0.00%      60.000us      15.000us       0.000us         0.00%       0.000us       0.000us           0 b           0 b           0 b           0 b             4            --  
                                          aten::flatten         0.00%      25.000us         0.00%      55.000us      13.750us       0.000us         0.00%       0.000us       0.000us           0 b           0 b           0 b           0 b             4            --  
-------------------------------------------------------  ------------  ------------  ------------  ------------  ------------  ------------  ------------  ------------  ------------  ------------  ------------  ------------  ------------  ------------  ------------  
Self CPU time total: 57.240s
Self CUDA time total: 28.518s

