-----------------------------------------------------------------------------------------------------------------------------
Showing AlexNet_CIFAR10_Conv2dRFFTFunction_date-20240129-044012.pt
-------------------------------------------------------  ------------  ------------  ------------  ------------  ------------  ------------  ------------  ------------  ------------  ------------  ------------  ------------  ------------  ------------  ------------  
                                                   Name    Self CPU %      Self CPU   CPU total %     CPU total  CPU time avg     Self CUDA   Self CUDA %    CUDA total  CUDA time avg       CPU Mem  Self CPU Mem      CUDA Mem  Self CUDA Mem    # of Calls  Total GFLOPs  
-------------------------------------------------------  ------------  ------------  ------------  ------------  ------------  ------------  ------------  ------------  ------------  ------------  ------------  ------------  ------------  ------------  ------------  
                                          ProfilerStep*         0.00%     272.000us        51.30%       12.267s        3.067s       0.000us         0.00%        3.963s     990.808ms      73.50 Mb        -808 b           0 b           0 b             4            --  
                                            aten::copy_         0.02%       4.136ms        48.63%       11.628s      54.847ms     265.107ms         2.26%     265.107ms       1.251ms           0 b           0 b           0 b           0 b           212            --  
                                               aten::to         0.00%     184.000us        48.61%       11.623s     968.573ms       0.000us         0.00%     218.526ms      18.210ms     147.00 Mb           0 b     147.01 Mb           0 b            12            --  
                                         aten::_to_copy         0.00%     380.000us        48.61%       11.623s     968.558ms       0.000us         0.00%     218.526ms      18.210ms     147.00 Mb           0 b     147.01 Mb           0 b            12            --  
                                        cudaMemcpyAsync        48.60%       11.621s        48.60%       11.621s     193.687ms       0.000us         0.00%       0.000us       0.000us           0 b           0 b           0 b           0 b            60            --  
autograd::engine::evaluate_function: ToCopyBackward0...         0.00%     282.000us        48.43%       11.582s        2.895s       0.000us         0.00%     180.568ms      45.142ms     147.00 Mb           0 b    -147.00 Mb    -147.00 Mb             4            --  
                                        ToCopyBackward0         0.00%      46.000us        48.43%       11.581s        2.895s       0.000us         0.00%     180.568ms      45.142ms     147.00 Mb           0 b           0 b           0 b             4            --  
                              Conv2dRFFTFunction Step#9        12.20%        2.918s        12.86%        3.075s        3.075s       0.000us         0.00%     991.430ms     991.430ms          -4 b     -36.75 Mb           0 b    -229.05 Mb             1            --  
                             Conv2dRFFTFunction Step#11        12.23%        2.925s        12.83%        3.068s        3.068s       0.000us         0.00%     990.698ms     990.698ms          -4 b     -36.75 Mb           0 b    -229.05 Mb             1            --  
                              Conv2dRFFTFunction Step#8        12.22%        2.922s        12.83%        3.067s        3.067s       0.000us         0.00%     991.325ms     991.325ms      73.50 Mb      36.75 Mb           0 b    -230.46 Mb             1            --  
                             Conv2dRFFTFunction Step#10        12.21%        2.920s        12.79%        3.058s        3.058s       0.000us         0.00%     989.777ms     989.777ms          -4 b     -36.75 Mb           0 b    -230.46 Mb             1            --  
                                            aten::randn         0.00%     133.000us         2.11%     505.577ms      63.197ms       0.000us         0.00%       0.000us       0.000us     147.01 Mb           0 b           0 b           0 b             8            --  
                                          aten::normal_         2.11%     505.155ms         2.11%     505.155ms      63.144ms       0.000us         0.00%       0.000us       0.000us           0 b           0 b           0 b           0 b             8            --  
autograd::engine::evaluate_function: Conv2dRFFTFunct...         0.00%     331.000us         0.21%      49.734ms       3.108ms       0.000us         0.00%        7.529s     470.560ms           0 b           0 b     875.55 Mb    -363.16 Mb            16            --  
                             Conv2dRFFTFunctionBackward         0.03%       6.370ms         0.21%      49.403ms       3.088ms       0.000us         0.00%        7.529s     470.560ms           0 b           0 b       1.21 Gb    -663.19 Gb            16            --  
                                     Conv2dRFFTFunction         0.02%       4.396ms         0.12%      29.516ms       1.845ms       0.000us         0.00%        3.898s     243.612ms           0 b           0 b     285.91 Mb    -332.28 Gb            16            --  
                                       cudaLaunchKernel         0.11%      26.653ms         0.11%      26.653ms      11.237us       0.000us         0.00%       0.000us       0.000us           0 b           0 b           0 b           0 b          2372            --  
                                        aten::fft_rfftn         0.02%       4.077ms         0.08%      19.120ms     239.000us       0.000us         0.00%     125.246ms       1.566ms           0 b           0 b       2.95 Gb      -2.26 Gb            80            --  
                                       aten::fft_irfftn         0.00%     251.000us         0.06%      15.113ms     314.854us       0.000us         0.00%     256.628ms       5.346ms           0 b           0 b       1.58 Gb           0 b            48            --  
                                         aten::_fft_c2r         0.02%       3.671ms         0.06%      14.862ms     309.625us     228.768ms         1.95%     256.628ms       5.346ms           0 b           0 b       1.58 Gb      -9.73 Gb            48            --  
                                              aten::mul         0.03%       6.937ms         0.06%      14.767ms      51.274us        5.412s        46.11%        5.431s      18.857ms           0 b           0 b     594.00 Gb     592.58 Gb           288        27.052  
                                         aten::_fft_r2c         0.02%       4.580ms         0.05%      10.878ms     135.975us     108.012ms         0.92%     108.012ms       1.350ms           0 b           0 b       2.90 Gb      -5.79 Gb            80            --  
                                  aten::constant_pad_nd         0.01%       1.475ms         0.03%       7.924ms      99.050us       0.000us         0.00%      24.319ms     303.988us           0 b           0 b       2.79 Gb           0 b            80            --  
                                            aten::clone         0.00%     658.000us         0.02%       5.632ms      46.933us       0.000us         0.00%      33.466ms     278.883us           0 b           0 b       3.17 Gb           0 b           120            --  
                                              aten::sum         0.01%       3.238ms         0.02%       5.347ms      66.838us     865.392ms         7.37%     865.392ms      10.817ms           0 b           0 b       1.67 Gb       1.67 Gb            80            --  
                                              aten::add         0.01%       2.387ms         0.02%       4.630ms      41.339us        3.462s        29.49%        3.462s      30.912ms           0 b           0 b     297.28 Gb     297.28 Gb           112        53.225  
                                            aten::empty         0.02%       4.219ms         0.02%       4.219ms       9.417us       0.000us         0.00%       0.000us       0.000us     147.01 Mb     147.01 Mb      22.89 Gb      22.89 Gb           448            --  
                                              aten::pad         0.00%     178.000us         0.02%       3.937ms     123.031us       0.000us         0.00%       7.085ms     221.406us           0 b           0 b     487.16 Mb           0 b            32            --  
    autograd::engine::evaluate_function: AddmmBackward0         0.00%     482.000us         0.02%       3.627ms     302.250us       0.000us         0.00%       9.382ms     781.833us           0 b           0 b     830.56 Mb     -21.00 Mb            12            --  
autograd::engine::evaluate_function: torch::autograd...         0.00%     505.000us         0.01%       2.738ms      40.265us       0.000us         0.00%      11.760ms     172.941us           0 b           0 b      -1.79 Gb           0 b            68            --  
                                         AddmmBackward0         0.00%     410.000us         0.01%       2.484ms     207.000us       0.000us         0.00%       9.251ms     770.917us           0 b           0 b     851.44 Mb           0 b            12            --  
autograd::engine::evaluate_function: ConvolutionBack...         0.00%      57.000us         0.01%       2.405ms     601.250us       0.000us         0.00%      27.801ms       6.950ms           0 b           0 b     -41.71 Mb    -189.06 Mb             4            --  
                                   ConvolutionBackward0         0.00%      81.000us         0.01%       2.348ms     587.000us       0.000us         0.00%      27.801ms       6.950ms           0 b           0 b     147.36 Mb           0 b             4            --  
                             aten::convolution_backward         0.00%     772.000us         0.01%       2.267ms     566.750us      26.722ms         0.23%      27.801ms       6.950ms           0 b           0 b     147.36 Mb     146.84 Mb             4            --  
                                            aten::fill_         0.00%     934.000us         0.01%       2.260ms      23.542us      12.687ms         0.11%      12.687ms     132.156us           0 b           0 b           0 b           0 b            96            --  
                        torch::autograd::AccumulateGrad         0.00%     599.000us         0.01%       2.233ms      32.838us       0.000us         0.00%      11.760ms     172.941us           0 b           0 b      -1.79 Gb      -1.79 Gb            68            --  
                                             aten::real         0.00%     613.000us         0.01%       2.191ms      22.823us       0.000us         0.00%       0.000us       0.000us           0 b           0 b           0 b           0 b            96            --  
                                             aten::imag         0.00%     594.000us         0.01%       2.024ms      21.083us       0.000us         0.00%       0.000us       0.000us           0 b           0 b           0 b           0 b            96            --  
                                       aten::empty_like         0.00%     580.000us         0.01%       1.942ms      13.122us       0.000us         0.00%       0.000us       0.000us           0 b           0 b       3.21 Gb           0 b           148            --  
                                            aten::slice         0.01%       1.411ms         0.01%       1.892ms       4.730us       0.000us         0.00%       0.000us       0.000us           0 b           0 b           0 b           0 b           400            --  
     autograd::engine::evaluate_function: ReluBackward0         0.00%     467.000us         0.01%       1.802ms      64.357us       0.000us         0.00%       5.914ms     211.214us           0 b           0 b    -518.09 Mb   -1001.06 Mb            28            --  
                                             aten::mul_         0.00%     506.000us         0.01%       1.786ms      37.208us       0.000us         0.00%      13.620ms     283.750us           0 b           0 b           0 b           0 b            48            --  
                                           aten::linear         0.00%     146.000us         0.01%       1.753ms     146.083us       0.000us         0.00%      12.408ms       1.034ms           0 b           0 b       8.01 Mb           0 b            12            --  
                                             aten::add_         0.00%     890.000us         0.01%       1.749ms      25.721us      13.379ms         0.11%      13.379ms     196.750us           0 b           0 b           0 b           0 b            68            --  
                                              aten::sub         0.00%     924.000us         0.01%       1.671ms      34.812us        1.294s        11.02%        1.294s      26.960ms           0 b           0 b      99.00 Gb      99.00 Gb            48            --  
                                               aten::mm         0.00%     759.000us         0.01%       1.559ms      64.958us       9.251ms         0.08%       9.251ms     385.458us           0 b           0 b     851.44 Mb     851.44 Mb            24        55.877  
autograd::engine::evaluate_function: MaxPool2DWithIn...         0.00%     153.000us         0.01%       1.503ms     125.250us       0.000us         0.00%       9.995ms     832.917us           0 b           0 b      78.88 Mb    -289.12 Mb            12            --  
                                           aten::narrow         0.00%     514.000us         0.01%       1.470ms       6.562us       0.000us         0.00%       0.000us       0.000us           0 b           0 b           0 b           0 b           224            --  
                                           aten::conv2d         0.00%      45.000us         0.01%       1.437ms     359.250us       0.000us         0.00%       6.695ms       1.674ms           0 b           0 b     190.53 Mb           0 b             4        35.982  
                                           aten::select         0.01%       1.210ms         0.01%       1.436ms       7.479us       0.000us         0.00%       0.000us       0.000us           0 b           0 b           0 b           0 b           192            --  
                                            aten::addmm         0.00%     831.000us         0.01%       1.422ms     118.500us      12.408ms         0.11%      12.408ms       1.034ms           0 b           0 b       8.01 Mb       8.01 Mb            12        27.938  
                                      aten::convolution         0.00%     109.000us         0.01%       1.392ms     348.000us       0.000us         0.00%       6.695ms       1.674ms           0 b           0 b     190.53 Mb           0 b             4            --  
                          MaxPool2DWithIndicesBackward0         0.00%     108.000us         0.01%       1.350ms     112.500us       0.000us         0.00%       9.995ms     832.917us           0 b           0 b     368.00 Mb           0 b            12            --  
                                          ReluBackward0         0.00%     217.000us         0.01%       1.335ms      47.679us       0.000us         0.00%       5.914ms     211.214us           0 b           0 b     482.97 Mb           0 b            28            --  
                                     aten::_convolution         0.00%     151.000us         0.01%       1.283ms     320.750us       0.000us         0.00%       6.695ms       1.674ms           0 b           0 b     190.53 Mb           0 b             4            --  
                 aten::max_pool2d_with_indices_backward         0.00%     399.000us         0.01%       1.242ms     103.500us       7.831ms         0.07%       9.995ms     832.917us           0 b           0 b     368.00 Mb     288.88 Mb            12            --  
                                       aten::as_strided         0.01%       1.209ms         0.01%       1.209ms       1.286us       0.000us         0.00%       0.000us       0.000us           0 b           0 b           0 b           0 b           940            --  
                                    aten::empty_strided         0.00%       1.158ms         0.00%       1.158ms      12.587us       0.000us         0.00%       0.000us       0.000us     147.00 Mb     147.00 Mb       1.58 Gb       1.58 Gb            92            --  
                                            aten::relu_         0.00%     411.000us         0.00%       1.158ms      41.357us       0.000us         0.00%       4.051ms     144.679us           0 b           0 b           0 b           0 b            28            --  
                               aten::threshold_backward         0.00%     620.000us         0.00%       1.118ms      39.929us       5.914ms         0.05%       5.914ms     211.214us           0 b           0 b     482.97 Mb     482.97 Mb            28            --  
                                     aten::view_as_real         0.00%       1.097ms         0.00%       1.097ms       5.714us       0.000us         0.00%       0.000us       0.000us           0 b           0 b           0 b           0 b           192            --  
                                aten::cudnn_convolution         0.00%     514.000us         0.00%     880.000us     220.000us       5.076ms         0.04%       5.076ms       1.269ms           0 b           0 b     190.53 Mb     190.46 Mb             4            --  
                                          aten::reshape         0.00%     545.000us         0.00%     816.000us       5.368us       0.000us         0.00%       0.000us       0.000us           0 b           0 b           0 b           0 b           152            --  
                                                aten::t         0.00%     426.000us         0.00%     812.000us      13.533us       0.000us         0.00%       0.000us       0.000us           0 b           0 b           0 b           0 b            60            --  
                                       aten::clamp_min_         0.00%     352.000us         0.00%     747.000us      26.679us       4.051ms         0.03%       4.051ms     144.679us           0 b           0 b           0 b           0 b            28            --  
                                       aten::max_pool2d         0.00%      65.000us         0.00%     687.000us      57.250us       0.000us         0.00%       3.227ms     268.917us           0 b           0 b     262.31 Mb           0 b            12            --  
                                          aten::dropout         0.00%      37.000us         0.00%     663.000us      82.875us       0.000us         0.00%     125.000us      15.625us           0 b           0 b      16.25 Mb           0 b             8            --  
                                   aten::native_dropout         0.00%     228.000us         0.00%     626.000us      78.250us     125.000us         0.00%     125.000us      15.625us           0 b           0 b      16.25 Mb           0 b             8            --  
                          aten::max_pool2d_with_indices         0.00%     413.000us         0.00%     622.000us      51.833us       3.227ms         0.03%       3.227ms     268.917us           0 b           0 b     262.31 Mb     262.31 Mb            12            --  
                                          aten::permute         0.00%     409.000us         0.00%     556.000us       4.344us       0.000us         0.00%       0.000us       0.000us           0 b           0 b           0 b           0 b           128            --  
                                        aten::unsqueeze         0.00%     414.000us         0.00%     550.000us       6.875us       0.000us         0.00%       0.000us       0.000us           0 b           0 b           0 b           0 b            80            --  
autograd::engine::evaluate_function: NativeDropoutBa...         0.00%      77.000us         0.00%     536.000us      67.000us       0.000us         0.00%     132.000us      16.500us           0 b           0 b      -5.06 Mb     -18.06 Mb             8            --  
                                          aten::resize_         0.00%     481.000us         0.00%     481.000us       3.644us       0.000us         0.00%       0.000us       0.000us           0 b           0 b       9.00 Mb       9.00 Mb           132            --  
autograd::engine::evaluate_function: AdaptiveAvgPool...         0.00%      57.000us         0.00%     472.000us     118.000us       0.000us         0.00%     935.000us     233.750us           0 b           0 b      -7.19 Mb     -18.00 Mb             4            --  
                                            aten::_conj         0.00%     403.000us         0.00%     465.000us       4.844us       0.000us         0.00%       0.000us       0.000us           0 b           0 b           0 b           0 b            96            --  
                                 NativeDropoutBackward0         0.00%      54.000us         0.00%     459.000us      57.375us       0.000us         0.00%     132.000us      16.500us           0 b           0 b      13.00 Mb           0 b             8            --  
                                            aten::zero_         0.00%      99.000us         0.00%     424.000us      17.667us       0.000us         0.00%       1.483ms      61.792us           0 b           0 b           0 b           0 b            24            --  
                             AdaptiveAvgPool2DBackward0         0.00%      33.000us         0.00%     415.000us     103.750us       0.000us         0.00%     935.000us     233.750us           0 b           0 b      10.81 Mb           0 b             4            --  
                          aten::native_dropout_backward         0.00%     152.000us         0.00%     405.000us      50.625us     132.000us         0.00%     132.000us      16.500us           0 b           0 b      13.00 Mb           0 b             8            --  
                                        cudaMemsetAsync         0.00%     402.000us         0.00%     402.000us      16.750us       0.000us         0.00%       0.000us       0.000us           0 b           0 b           0 b           0 b            24            --  
                                        aten::transpose         0.00%     276.000us         0.00%     386.000us       6.433us       0.000us         0.00%       0.000us       0.000us           0 b           0 b           0 b           0 b            60            --  
                    aten::_adaptive_avg_pool2d_backward         0.00%      93.000us         0.00%     382.000us      95.500us     895.000us         0.01%     935.000us     233.750us           0 b           0 b      10.81 Mb           0 b             4            --  
                                  cudaStreamSynchronize         0.00%     374.000us         0.00%     374.000us      31.167us       0.000us         0.00%       0.000us       0.000us           0 b           0 b           0 b           0 b            12            --  
                                       aten::contiguous         0.00%      23.000us         0.00%     372.000us      46.500us       0.000us         0.00%     721.000us      90.125us           0 b           0 b      79.12 Mb           0 b             8            --  
                                   aten::_reshape_alias         0.00%     292.000us         0.00%     292.000us       1.872us       0.000us         0.00%       0.000us       0.000us           0 b           0 b           0 b           0 b           156            --  
                              aten::adaptive_avg_pool2d         0.00%      23.000us         0.00%     270.000us      67.500us       0.000us         0.00%     969.000us     242.250us           0 b           0 b       9.00 Mb           0 b             4            --  
        autograd::engine::evaluate_function: TBackward0         0.00%     106.000us         0.00%     263.000us      21.917us       0.000us         0.00%       0.000us       0.000us           0 b           0 b           0 b           0 b            12            --  
                             aten::_adaptive_avg_pool2d         0.00%      88.000us         0.00%     247.000us      61.750us     969.000us         0.01%     969.000us     242.250us           0 b           0 b       9.00 Mb           0 b             4            --  
                                            aten::zeros         0.00%     113.000us         0.00%     226.000us      28.250us       0.000us         0.00%       0.000us       0.000us          32 b           0 b           0 b           0 b             8            --  
                                       aten::zeros_like         0.00%      28.000us         0.00%     211.000us      52.750us       0.000us         0.00%      40.000us      10.000us           0 b           0 b      10.81 Mb           0 b             4            --  
                                        aten::_neg_view         0.00%     184.000us         0.00%     204.000us       6.375us       0.000us         0.00%       0.000us       0.000us           0 b           0 b           0 b           0 b            32            --  
                                 cudaFuncSetCacheConfig         0.00%     187.000us         0.00%     187.000us       0.779us       0.000us         0.00%       0.000us       0.000us           0 b           0 b           0 b           0 b           240            --  
                                        cudaBindTexture         0.00%     166.000us         0.00%     166.000us      20.750us       0.000us         0.00%       0.000us       0.000us           0 b           0 b           0 b           0 b             8            --  
                                             TBackward0         0.00%      45.000us         0.00%     157.000us      13.083us       0.000us         0.00%       0.000us       0.000us           0 b           0 b           0 b           0 b            12            --  
                                      aten::as_strided_         0.00%     147.000us         0.00%     147.000us       1.148us       0.000us         0.00%       0.000us       0.000us           0 b           0 b           0 b           0 b           128            --  
                                         cudaEventQuery         0.00%     104.000us         0.00%     104.000us       6.500us       0.000us         0.00%       0.000us       0.000us           0 b           0 b           0 b           0 b            16            --  
                                           aten::detach         0.00%      32.000us         0.00%      91.000us      22.750us       0.000us         0.00%       0.000us       0.000us           0 b           0 b           0 b           0 b             4            --  
autograd::engine::evaluate_function: ReshapeAliasBac...         0.00%      27.000us         0.00%      89.000us      22.250us       0.000us         0.00%       0.000us       0.000us           0 b           0 b           0 b           0 b             4            --  
                                            aten::alias         0.00%      82.000us         0.00%      82.000us       0.641us       0.000us         0.00%       0.000us       0.000us           0 b           0 b           0 b           0 b           128            --  
                                  ReshapeAliasBackward0         0.00%      19.000us         0.00%      62.000us      15.500us       0.000us         0.00%       0.000us       0.000us           0 b           0 b           0 b           0 b             4            --  
-------------------------------------------------------  ------------  ------------  ------------  ------------  ------------  ------------  ------------  ------------  ------------  ------------  ------------  ------------  ------------  ------------  ------------  
Self CPU time total: 23.912s
Self CUDA time total: 11.739s

-----------------------------------------------------------------------------------------------------------------------------
Showing AlexNet_CIFAR10_Conv2dRFFTPhasorFunction_date-20240129-044012.pt
-------------------------------------------------------  ------------  ------------  ------------  ------------  ------------  ------------  ------------  ------------  ------------  ------------  ------------  ------------  ------------  ------------  ------------  
                                                   Name    Self CPU %      Self CPU   CPU total %     CPU total  CPU time avg     Self CUDA   Self CUDA %    CUDA total  CUDA time avg       CPU Mem  Self CPU Mem      CUDA Mem  Self CUDA Mem    # of Calls  Total MFLOPs  
-------------------------------------------------------  ------------  ------------  ------------  ------------  ------------  ------------  ------------  ------------  ------------  ------------  ------------  ------------  ------------  ------------  ------------  
                                          ProfilerStep*         0.00%     294.000us        51.79%        9.183s        2.296s       0.000us         0.00%        2.261s     565.313ms      36.75 Mb      -1.05 Kb           0 b           0 b             4            --  
                                            aten::copy_         0.03%       5.601ms        48.09%        8.528s      21.108ms     304.521ms         3.52%     304.521ms     753.765us           0 b           0 b           0 b           0 b           404            --  
                                               aten::to         0.00%     200.000us        48.04%        8.518s     709.870ms       0.000us         0.00%     206.186ms      17.182ms     147.00 Mb           0 b     147.01 Mb           0 b            12            --  
                                         aten::_to_copy         0.00%     464.000us        48.04%        8.518s     709.853ms       0.000us         0.00%     206.186ms      17.182ms     147.00 Mb           0 b     147.01 Mb           0 b            12            --  
                                        cudaMemcpyAsync        48.04%        8.518s        48.04%        8.518s     141.965ms       0.000us         0.00%       0.000us       0.000us           0 b           0 b           0 b           0 b            60            --  
autograd::engine::evaluate_function: ToCopyBackward0...         0.00%     300.000us        47.82%        8.479s        2.120s       0.000us         0.00%     169.066ms      42.267ms     147.00 Mb           0 b    -147.00 Mb    -147.00 Mb             4            --  
                                        ToCopyBackward0         0.00%      44.000us        47.82%        8.479s        2.120s       0.000us         0.00%     169.066ms      42.267ms     147.00 Mb           0 b           0 b           0 b             4            --  
                        Conv2dRFFTPhasorFunction Step#9        12.10%        2.146s        13.00%        2.306s        2.306s       0.000us         0.00%     565.648ms     565.648ms          -4 b     -36.75 Mb           0 b    -229.05 Mb             1            --  
                        Conv2dRFFTPhasorFunction Step#8        12.13%        2.150s        12.96%        2.297s        2.297s       0.000us         0.00%     565.352ms     565.352ms      36.75 Mb        -268 b           0 b    -230.46 Mb             1            --  
                       Conv2dRFFTPhasorFunction Step#11        12.13%        2.151s        12.93%        2.292s        2.292s       0.000us         0.00%     564.545ms     564.545ms          -4 b     -36.75 Mb           0 b    -229.05 Mb             1            --  
                       Conv2dRFFTPhasorFunction Step#10        12.10%        2.145s        12.90%        2.288s        2.288s       0.000us         0.00%     565.706ms     565.706ms          -4 b     -36.75 Mb           0 b    -230.46 Mb             1            --  
                                            aten::randn         0.00%     154.000us         2.86%     506.680ms      63.335ms       0.000us         0.00%       0.000us       0.000us     147.01 Mb           0 b           0 b           0 b             8            --  
                                          aten::normal_         2.85%     506.030ms         2.85%     506.030ms      63.254ms       0.000us         0.00%       0.000us       0.000us           0 b           0 b           0 b           0 b             8            --  
autograd::engine::evaluate_function: Conv2dRFFTPhaso...         0.00%     342.000us         0.31%      55.787ms       3.487ms       0.000us         0.00%        4.187s     261.718ms           0 b           0 b     875.55 Mb    -363.16 Mb            16            --  
                       Conv2dRFFTPhasorFunctionBackward         0.03%       5.871ms         0.31%      55.445ms       3.465ms       0.000us         0.00%        4.187s     261.718ms           0 b           0 b       1.21 Gb    -533.25 Gb            16            --  
                               Conv2dRFFTPhasorFunction         0.03%       4.999ms         0.21%      37.725ms       2.358ms       0.000us         0.00%        2.197s     137.290ms           0 b           0 b     285.91 Mb    -267.56 Gb            16            --  
                                       cudaLaunchKernel         0.16%      28.665ms         0.16%      28.665ms      12.594us       0.000us         0.00%       0.000us       0.000us           0 b           0 b           0 b           0 b          2276            --  
                                              aten::abs         0.02%       4.354ms         0.12%      20.724ms     107.938us       0.000us         0.00%      57.028ms     297.021us           0 b           0 b       1.67 Gb      -4.76 Gb           192            --  
                                            aten::angle         0.02%       4.420ms         0.11%      20.043ms     104.391us       0.000us         0.00%      56.965ms     296.693us           0 b           0 b       3.34 Gb      -4.76 Gb           192            --  
                                        aten::fft_rfftn         0.00%     705.000us         0.10%      17.300ms     216.250us       0.000us         0.00%     125.414ms       1.568ms           0 b           0 b       2.95 Gb      -2.31 Gb            80            --  
                                       aten::fft_irfftn         0.00%     236.000us         0.09%      15.779ms     328.729us       0.000us         0.00%     256.737ms       5.349ms           0 b           0 b       1.58 Gb           0 b            48            --  
                                         aten::_fft_c2r         0.02%       3.878ms         0.09%      15.543ms     323.812us     228.864ms         2.64%     256.737ms       5.349ms           0 b           0 b       1.58 Gb      -9.73 Gb            48            --  
                                         aten::_fft_r2c         0.03%       4.834ms         0.07%      11.620ms     145.250us     108.185ms         1.25%     108.185ms       1.352ms           0 b           0 b       2.95 Gb      -5.74 Gb            80            --  
                                  aten::constant_pad_nd         0.01%       1.765ms         0.06%      11.211ms     140.137us       0.000us         0.00%      24.299ms     303.738us           0 b           0 b       2.79 Gb           0 b            80            --  
                                              aten::mul         0.03%       4.827ms         0.05%       9.256ms      48.208us        4.295s        49.63%        4.295s      22.368ms          -8 b          -8 b     495.00 Gb     495.00 Gb           192     53269.496  
                                              aten::pad         0.00%     199.000us         0.04%       6.435ms     201.094us       0.000us         0.00%       7.070ms     220.938us           0 b           0 b     487.16 Mb           0 b            32            --  
                                            aten::empty         0.04%       6.348ms         0.04%       6.348ms       8.625us       0.000us         0.00%       0.000us       0.000us     147.01 Mb     147.01 Mb      22.89 Gb      22.89 Gb           736            --  
                                              aten::sum         0.02%       3.199ms         0.03%       5.282ms      66.025us     865.417ms        10.00%     865.417ms      10.818ms           0 b           0 b       1.67 Gb       1.67 Gb            80            --  
                                            aten::clone         0.00%     761.000us         0.03%       5.257ms      43.808us       0.000us         0.00%      41.503ms     345.858us           0 b           0 b       4.58 Gb           0 b           120            --  
                                            aten::fill_         0.01%     951.000us         0.02%       4.304ms      44.833us      12.671ms         0.15%      12.671ms     131.990us           0 b           0 b           0 b           0 b            96            --  
    autograd::engine::evaluate_function: AddmmBackward0         0.00%     467.000us         0.02%       3.599ms     299.917us       0.000us         0.00%       9.382ms     781.833us           0 b           0 b     830.56 Mb     -21.00 Mb            12            --  
                                             aten::real         0.01%       1.182ms         0.02%       3.118ms      16.240us       0.000us         0.00%       0.000us       0.000us           0 b           0 b           0 b           0 b           192            --  
autograd::engine::evaluate_function: torch::autograd...         0.00%     516.000us         0.02%       2.825ms      41.544us       0.000us         0.00%      11.747ms     172.750us           0 b           0 b      -1.79 Gb           0 b            68            --  
                                              aten::exp         0.01%       2.529ms         0.01%       2.529ms      52.688us       0.000us         0.00%       0.000us       0.000us           0 b           0 b     198.00 Gb     198.00 Gb            48            --  
                                         AddmmBackward0         0.00%     407.000us         0.01%       2.438ms     203.167us       0.000us         0.00%       9.250ms     770.833us           0 b           0 b     851.44 Mb           0 b            12            --  
                                              aten::add         0.01%       1.436ms         0.01%       2.434ms      38.031us     779.547ms         9.01%     779.547ms      12.180ms           0 b           0 b      99.28 Gb      99.28 Gb            64       193.872  
                                          aten::resize_         0.01%       2.409ms         0.01%       2.409ms       5.736us       0.000us         0.00%       0.000us       0.000us           0 b           0 b       8.35 Gb       8.35 Gb           420            --  
                                       aten::empty_like         0.00%     769.000us         0.01%       2.398ms      13.322us       0.000us         0.00%       0.000us       0.000us           0 b           0 b       3.46 Gb           0 b           180            --  
                        torch::autograd::AccumulateGrad         0.00%     591.000us         0.01%       2.309ms      33.956us       0.000us         0.00%      11.747ms     172.750us           0 b           0 b      -1.79 Gb      -1.79 Gb            68            --  
                                            aten::slice         0.01%       1.611ms         0.01%       2.124ms       5.310us       0.000us         0.00%       0.000us       0.000us           0 b           0 b           0 b           0 b           400            --  
                                    aten::empty_strided         0.01%       2.012ms         0.01%       2.012ms      10.702us       0.000us         0.00%       0.000us       0.000us     147.00 Mb     147.00 Mb       4.67 Gb       4.67 Gb           188            --  
                                           aten::linear         0.00%     242.000us         0.01%       2.012ms     167.667us       0.000us         0.00%      12.426ms       1.036ms           0 b           0 b       8.01 Mb           0 b            12            --  
autograd::engine::evaluate_function: ConvolutionBack...         0.00%      54.000us         0.01%       1.933ms     483.250us       0.000us         0.00%      28.134ms       7.034ms           0 b           0 b     -41.71 Mb    -189.06 Mb             4            --  
                                             aten::mul_         0.00%     548.000us         0.01%       1.893ms      39.438us       0.000us         0.00%      13.633ms     284.021us           0 b           8 b           0 b           0 b            48            --  
                                   ConvolutionBackward0         0.00%      55.000us         0.01%       1.879ms     469.750us       0.000us         0.00%      28.134ms       7.034ms           0 b           0 b     147.36 Mb           0 b             4            --  
                                             aten::add_         0.01%     910.000us         0.01%       1.854ms      27.265us      13.364ms         0.15%      13.364ms     196.529us           0 b           0 b           0 b           0 b            68            --  
                             aten::convolution_backward         0.00%     632.000us         0.01%       1.824ms     456.000us      26.995ms         0.31%      28.134ms       7.034ms           0 b           0 b     147.36 Mb     146.84 Mb             4            --  
                                           aten::narrow         0.00%     732.000us         0.01%       1.774ms       7.920us       0.000us         0.00%       0.000us       0.000us           0 b           0 b           0 b           0 b           224            --  
     autograd::engine::evaluate_function: ReluBackward0         0.00%     315.000us         0.01%       1.634ms      58.357us       0.000us         0.00%       5.911ms     211.107us           0 b           0 b    -518.09 Mb   -1001.06 Mb            28            --  
                                           aten::conv2d         0.00%      68.000us         0.01%       1.598ms     399.500us       0.000us         0.00%       6.691ms       1.673ms           0 b           0 b     190.53 Mb           0 b             4     35981.722  
                                               aten::mm         0.00%     755.000us         0.01%       1.571ms      65.458us       9.250ms         0.11%       9.250ms     385.417us           0 b           0 b     851.44 Mb     851.44 Mb            24     55876.518  
autograd::engine::evaluate_function: MaxPool2DWithIn...         0.00%     202.000us         0.01%       1.564ms     130.333us       0.000us         0.00%       9.985ms     832.083us           0 b           0 b      78.88 Mb    -289.12 Mb            12            --  
                                            aten::addmm         0.01%     916.000us         0.01%       1.550ms     129.167us      12.426ms         0.14%      12.426ms       1.036ms           0 b           0 b       8.01 Mb       8.01 Mb            12     27938.259  
                                      aten::convolution         0.00%     130.000us         0.01%       1.530ms     382.500us       0.000us         0.00%       6.691ms       1.673ms           0 b           0 b     190.53 Mb           0 b             4            --  
                                     aten::_convolution         0.00%     165.000us         0.01%       1.400ms     350.000us       0.000us         0.00%       6.691ms       1.673ms           0 b           0 b     190.53 Mb           0 b             4            --  
                          MaxPool2DWithIndicesBackward0         0.00%     118.000us         0.01%       1.362ms     113.500us       0.000us         0.00%       9.985ms     832.083us           0 b           0 b     368.00 Mb           0 b            12            --  
                                       aten::as_strided         0.01%       1.329ms         0.01%       1.329ms       1.414us       0.000us         0.00%       0.000us       0.000us           0 b           0 b           0 b           0 b           940            --  
                                          ReluBackward0         0.00%     217.000us         0.01%       1.319ms      47.107us       0.000us         0.00%       5.911ms     211.107us           0 b           0 b     482.97 Mb           0 b            28            --  
                                            aten::relu_         0.00%     493.000us         0.01%       1.287ms      45.964us       0.000us         0.00%       4.052ms     144.714us           0 b           0 b           0 b           0 b            28            --  
                 aten::max_pool2d_with_indices_backward         0.00%     408.000us         0.01%       1.244ms     103.667us       7.824ms         0.09%       9.985ms     832.083us           0 b           0 b     368.00 Mb     288.88 Mb            12            --  
                                           aten::select         0.00%     847.000us         0.01%       1.134ms       5.906us       0.000us         0.00%       0.000us       0.000us           0 b           0 b           0 b           0 b           192            --  
                               aten::threshold_backward         0.00%     633.000us         0.01%       1.102ms      39.357us       5.911ms         0.07%       5.911ms     211.107us           0 b           0 b     482.97 Mb     482.97 Mb            28            --  
                                          aten::reshape         0.00%     712.000us         0.01%       1.000ms       6.579us       0.000us         0.00%       0.000us       0.000us           0 b           0 b           0 b           0 b           152            --  
                                aten::cudnn_convolution         0.00%     550.000us         0.01%     940.000us     235.000us       5.074ms         0.06%       5.074ms       1.268ms           0 b           0 b     190.53 Mb     190.46 Mb             4            --  
                                     aten::view_as_real         0.00%     802.000us         0.00%     802.000us       4.177us       0.000us         0.00%       0.000us       0.000us           0 b           0 b           0 b           0 b           192            --  
                                                aten::t         0.00%     373.000us         0.00%     798.000us      13.300us       0.000us         0.00%       0.000us       0.000us           0 b           0 b           0 b           0 b            60            --  
                                       aten::clamp_min_         0.00%     381.000us         0.00%     794.000us      28.357us       4.052ms         0.05%       4.052ms     144.714us           0 b           0 b           0 b           0 b            28            --  
                                       aten::max_pool2d         0.00%      73.000us         0.00%     767.000us      63.917us       0.000us         0.00%       3.230ms     269.167us           0 b           0 b     262.31 Mb           0 b            12            --  
                                          aten::dropout         0.00%      48.000us         0.00%     707.000us      88.375us       0.000us         0.00%     123.000us      15.375us           0 b           0 b      16.25 Mb           0 b             8            --  
                          aten::max_pool2d_with_indices         0.00%     473.000us         0.00%     694.000us      57.833us       3.230ms         0.04%       3.230ms     269.167us           0 b           0 b     262.31 Mb     262.31 Mb            12            --  
                                          aten::permute         0.00%     515.000us         0.00%     678.000us       5.297us       0.000us         0.00%       0.000us       0.000us           0 b           0 b           0 b           0 b           128            --  
                                   aten::native_dropout         0.00%     223.000us         0.00%     659.000us      82.375us     123.000us         0.00%     123.000us      15.375us           0 b           0 b      16.25 Mb           0 b             8            --  
                                        aten::unsqueeze         0.00%     484.000us         0.00%     615.000us       7.688us       0.000us         0.00%       0.000us       0.000us           0 b           0 b           0 b           0 b            80            --  
autograd::engine::evaluate_function: NativeDropoutBa...         0.00%      89.000us         0.00%     551.000us      68.875us       0.000us         0.00%     131.000us      16.375us           0 b           0 b      -5.06 Mb     -18.06 Mb             8            --  
autograd::engine::evaluate_function: AdaptiveAvgPool...         0.00%      53.000us         0.00%     477.000us     119.250us       0.000us         0.00%     933.000us     233.250us           0 b           0 b      -7.19 Mb     -18.00 Mb             4            --  
                                 NativeDropoutBackward0         0.00%      53.000us         0.00%     462.000us      57.750us       0.000us         0.00%     131.000us      16.375us           0 b           0 b      13.00 Mb           0 b             8            --  
                                            aten::zero_         0.00%     101.000us         0.00%     431.000us      17.958us       0.000us         0.00%       1.480ms      61.667us           0 b           0 b           0 b           0 b            24            --  
                                        aten::transpose         0.00%     303.000us         0.00%     425.000us       7.083us       0.000us         0.00%       0.000us       0.000us           0 b           0 b           0 b           0 b            60            --  
                             AdaptiveAvgPool2DBackward0         0.00%      36.000us         0.00%     424.000us     106.000us       0.000us         0.00%     933.000us     233.250us           0 b           0 b      10.81 Mb           0 b             4            --  
                          aten::native_dropout_backward         0.00%     153.000us         0.00%     409.000us      51.125us     131.000us         0.00%     131.000us      16.375us           0 b           0 b      13.00 Mb           0 b             8            --  
                    aten::_adaptive_avg_pool2d_backward         0.00%      85.000us         0.00%     388.000us      97.000us     896.000us         0.01%     933.000us     233.250us           0 b           0 b      10.81 Mb           0 b             4            --  
                                  cudaStreamSynchronize         0.00%     387.000us         0.00%     387.000us      32.250us       0.000us         0.00%       0.000us       0.000us           0 b           0 b           0 b           0 b            12            --  
                                        cudaMemsetAsync         0.00%     374.000us         0.00%     374.000us      15.583us       0.000us         0.00%       0.000us       0.000us           0 b           0 b           0 b           0 b            24            --  
                                       aten::contiguous         0.00%      20.000us         0.00%     355.000us      44.375us       0.000us         0.00%     718.000us      89.750us           0 b           0 b      79.12 Mb           0 b             8            --  
                                   aten::_reshape_alias         0.00%     316.000us         0.00%     316.000us       2.026us       0.000us         0.00%       0.000us       0.000us           0 b           0 b           0 b           0 b           156            --  
                              aten::adaptive_avg_pool2d         0.00%      28.000us         0.00%     292.000us      73.000us       0.000us         0.00%     969.000us     242.250us           0 b           0 b       9.00 Mb           0 b             4            --  
                             aten::_adaptive_avg_pool2d         0.00%     103.000us         0.00%     264.000us      66.000us     969.000us         0.01%     969.000us     242.250us           0 b           0 b       9.00 Mb           0 b             4            --  
        autograd::engine::evaluate_function: TBackward0         0.00%      93.000us         0.00%     253.000us      21.083us       0.000us         0.00%       0.000us       0.000us           0 b           0 b           0 b           0 b            12            --  
                                            aten::_conj         0.00%     206.000us         0.00%     237.000us       7.406us       0.000us         0.00%       0.000us       0.000us           0 b           0 b           0 b           0 b            32            --  
                                       aten::zeros_like         0.00%      29.000us         0.00%     220.000us      55.000us       0.000us         0.00%      37.000us       9.250us           0 b           0 b      10.81 Mb           0 b             4            --  
                                            aten::zeros         0.00%     113.000us         0.00%     219.000us      27.375us       0.000us         0.00%       0.000us       0.000us          32 b           0 b           0 b           0 b             8            --  
                                 cudaFuncSetCacheConfig         0.00%     216.000us         0.00%     216.000us       0.900us       0.000us         0.00%       0.000us       0.000us           0 b           0 b           0 b           0 b           240            --  
                                             TBackward0         0.00%      42.000us         0.00%     160.000us      13.333us       0.000us         0.00%       0.000us       0.000us           0 b           0 b           0 b           0 b            12            --  
                                      aten::as_strided_         0.00%     149.000us         0.00%     149.000us       1.164us       0.000us         0.00%       0.000us       0.000us           0 b           0 b           0 b           0 b           128            --  
                                         cudaEventQuery         0.00%     112.000us         0.00%     112.000us       7.000us       0.000us         0.00%       0.000us       0.000us           0 b           0 b           0 b           0 b            16            --  
                                        cudaBindTexture         0.00%     101.000us         0.00%     101.000us      12.625us       0.000us         0.00%       0.000us       0.000us           0 b           0 b           0 b           0 b             8            --  
                                           aten::detach         0.00%      34.000us         0.00%      99.000us      24.750us       0.000us         0.00%       0.000us       0.000us           0 b           0 b           0 b           0 b             4            --  
autograd::engine::evaluate_function: ReshapeAliasBac...         0.00%      26.000us         0.00%      92.000us      23.000us       0.000us         0.00%       0.000us       0.000us           0 b           0 b           0 b           0 b             4            --  
                                           aten::expand         0.00%      55.000us         0.00%      75.000us       6.250us       0.000us         0.00%       0.000us       0.000us           0 b           0 b           0 b           0 b            12            --  
                                  ReshapeAliasBackward0         0.00%      20.000us         0.00%      66.000us      16.500us       0.000us         0.00%       0.000us       0.000us           0 b           0 b           0 b           0 b             4            --  
-------------------------------------------------------  ------------  ------------  ------------  ------------  ------------  ------------  ------------  ------------  ------------  ------------  ------------  ------------  ------------  ------------  ------------  
Self CPU time total: 17.731s
Self CUDA time total: 8.653s

