-----------------------------------------------------------------------------------------------------------------------------
Showing EfficientNetB3_CIFAR10_Conv2dRFFTFunction_date-20240129-071732.pt
-------------------------------------------------------  ------------  ------------  ------------  ------------  ------------  ------------  ------------  ------------  ------------  ------------  ------------  ------------  ------------  ------------  ------------  
                                                   Name    Self CPU %      Self CPU   CPU total %     CPU total  CPU time avg     Self CUDA   Self CUDA %    CUDA total  CUDA time avg       CPU Mem  Self CPU Mem      CUDA Mem  Self CUDA Mem    # of Calls  Total MFLOPs  
-------------------------------------------------------  ------------  ------------  ------------  ------------  ------------  ------------  ------------  ------------  ------------  ------------  ------------  ------------  ------------  ------------  ------------  
                                          ProfilerStep*         0.00%     270.000us        55.44%       45.101s       11.275s       0.000us         0.00%       14.903s        3.726s      18.38 Mb      -1.05 Kb           0 b           0 b             4            --  
                                       cudaLaunchKernel        43.11%       35.071s        43.11%       35.071s       1.139ms       0.000us         0.00%       0.000us       0.000us           0 b           0 b           0 b           0 b         30800            --  
autograd::engine::evaluate_function: Conv2dRFFTFunct...         0.01%       8.426ms        32.89%       26.751s      64.931ms       0.000us         0.00%       29.678s      72.034ms           0 b           0 b      11.08 Gb      -3.55 Gb           412            --  
                             Conv2dRFFTFunctionBackward         0.18%     142.514ms        32.82%       26.702s      64.810ms       0.000us         0.00%       29.676s      72.030ms           0 b           0 b      14.48 Gb   -2368.84 Gb           412            --  
                                       aten::fft_irfftn         0.01%       6.762ms        15.26%       12.417s      10.046ms       0.000us         0.00%        1.701s       1.376ms           0 b           0 b      16.31 Gb           0 b          1236            --  
                                         aten::_fft_c2r         0.09%      69.349ms        15.26%       12.410s      10.040ms        1.406s         3.13%        1.701s       1.376ms           0 b           0 b      16.31 Gb     -61.93 Gb          1236            --  
                             Conv2dRFFTFunction Step#10        11.20%        9.108s        13.86%       11.278s       11.278s       0.000us         0.00%        3.726s        3.726s          -4 b      -9.19 Mb    -588.00 Kb      -2.62 Gb             1            --  
                              Conv2dRFFTFunction Step#9        11.25%        9.155s        13.86%       11.275s       11.275s       0.000us         0.00%        3.725s        3.725s          -4 b      -9.19 Mb     588.00 Kb      -2.62 Gb             1            --  
                             Conv2dRFFTFunction Step#11        11.19%        9.102s        13.86%       11.275s       11.275s       0.000us         0.00%        3.726s        3.726s          -4 b      -9.19 Mb     588.00 Kb      -2.62 Gb             1            --  
                              Conv2dRFFTFunction Step#8        11.23%        9.133s        13.86%       11.273s       11.273s       0.000us         0.00%        3.725s        3.725s      18.38 Mb       9.19 Mb    -588.00 Kb      -2.62 Gb             1            --  
                                            aten::copy_         0.07%      54.971ms        12.88%       10.481s       2.352ms     506.356ms         1.13%     506.356ms     113.635us           0 b           0 b           0 b           0 b          4456            --  
                                        cudaMemcpyAsync        10.25%        8.338s        10.25%        8.338s       3.474ms       0.000us         0.00%       0.000us       0.000us           0 b           0 b           0 b           0 b          2400            --  
                                              aten::mul         0.18%     146.500ms         9.82%        7.992s       1.101ms       21.457s        47.76%       21.675s       2.985ms        -160 b        -160 b    2103.89 Gb    2087.29 Gb          7260     97359.003  
                                        aten::fft_rfftn         0.02%      12.862ms         9.65%        7.849s       3.810ms       0.000us         0.00%        1.264s     613.742us           0 b           0 b      34.20 Gb     -24.10 Gb          2060            --  
                                     Conv2dRFFTFunction         0.17%     134.471ms         8.23%        6.692s      16.242ms       0.000us         0.00%       14.739s      35.773ms           0 b           0 b       1.83 Gb   -1186.13 Gb           412            --  
                                         aten::_fft_r2c         0.11%      93.315ms         8.09%        6.578s       3.193ms        1.105s         2.46%        1.105s     536.454us           0 b           0 b      32.26 Gb     -66.75 Gb          2060            --  
                                               aten::to         0.00%     260.000us         7.21%        5.866s      48.882ms       0.000us         0.00%      30.084ms     250.700us      36.75 Mb           0 b      37.90 Mb           0 b           120            --  
                                         aten::_to_copy         0.00%     332.000us         7.21%        5.866s     488.803ms       0.000us         0.00%      30.084ms       2.507ms      36.75 Mb           0 b      37.90 Mb           0 b            12            --  
autograd::engine::evaluate_function: ToCopyBackward0...         0.00%     141.000us         7.20%        5.857s        1.464s       0.000us         0.00%      23.260ms       5.815ms      36.75 Mb           0 b     -37.90 Mb     -37.90 Mb             4            --  
                                        ToCopyBackward0         0.00%      26.000us         7.20%        5.857s        1.464s       0.000us         0.00%      23.260ms       5.815ms      36.75 Mb           0 b           0 b           0 b             4            --  
                                            aten::clone         0.03%      26.883ms         5.02%        4.083s       1.015ms       0.000us         0.00%     421.738ms     104.806us           0 b           0 b      40.33 Gb           0 b          4024            --  
                                              aten::add         0.06%      45.703ms         3.20%        2.602s     909.756us       12.256s        27.28%       12.256s       4.285ms           0 b           0 b    1051.27 Gb    1051.27 Gb          2860    188246.660  
                                             aten::add_         0.03%      21.759ms         2.60%        2.115s       1.210ms      14.967ms         0.03%      14.967ms       8.562us           0 b           0 b           0 b           0 b          1748            --  
                                  aten::constant_pad_nd         0.01%      12.063ms         2.52%        2.049s       1.663ms       0.000us         0.00%     184.321ms     149.611us           0 b           0 b      28.93 Gb           0 b          1232            --  
autograd::engine::evaluate_function: torch::autograd...         0.01%       7.851ms         2.24%        1.825s       1.338ms       0.000us         0.00%      11.944ms       8.757us           0 b           0 b     -13.06 Gb           0 b          1364            --  
                        torch::autograd::AccumulateGrad         0.01%       8.788ms         2.23%        1.817s       1.332ms       0.000us         0.00%      11.944ms       8.757us           0 b           0 b     -13.06 Gb     -13.06 Gb          1364            --  
                                              aten::sum         0.06%      44.962ms         1.88%        1.530s     985.904us        3.122s         6.95%        3.122s       2.012ms           0 b           0 b      18.10 Gb      18.10 Gb          1552            --  
                                              aten::sub         0.03%      20.566ms         1.25%        1.014s     820.621us        4.576s        10.19%        4.576s       3.703ms           0 b           0 b     349.96 Gb     349.96 Gb          1236            --  
                                              aten::pad         0.01%       4.893ms         0.98%     796.000ms     966.019us       0.000us         0.00%      25.107ms      30.470us           0 b           0 b       2.88 Gb           0 b           824            --  
                                            aten::fill_         0.01%       5.964ms         0.77%     628.584ms       1.526ms     104.701ms         0.23%     104.701ms     254.129us           0 b           0 b           0 b           0 b           412            --  
                                             aten::mul_         0.01%       7.794ms         0.71%     579.140ms     940.162us       5.000us         0.00%     139.754ms     226.873us           0 b         160 b           0 b           0 b           616            --  
                                            aten::silu_         0.01%       8.004ms         0.67%     545.209ms       1.747ms      24.582ms         0.05%      48.725ms     156.170us           0 b           0 b       2.78 Gb           0 b           312            --  
     autograd::engine::evaluate_function: SiluBackward0         0.00%       3.699ms         0.61%     492.927ms       1.580ms       0.000us         0.00%      37.257ms     119.413us           0 b           0 b      -2.75 Gb      -5.55 Gb           312            --  
                                          SiluBackward0         0.00%       1.411ms         0.60%     489.228ms       1.568ms       0.000us         0.00%      37.257ms     119.413us           0 b           0 b       2.80 Gb           0 b           312            --  
                                    aten::silu_backward         0.01%       5.000ms         0.60%     487.817ms       1.564ms      37.257ms         0.08%      37.257ms     119.413us           0 b           0 b       2.80 Gb       2.80 Gb           312            --  
autograd::engine::evaluate_function: CudnnBatchNormB...         0.01%       5.350ms         0.54%     437.736ms       1.403ms       0.000us         0.00%      63.439ms     203.330us           0 b           0 b      -3.15 Gb      -6.27 Gb           312            --  
                                CudnnBatchNormBackward0         0.00%       2.505ms         0.53%     432.386ms       1.386ms       0.000us         0.00%      63.439ms     203.330us           0 b           0 b       3.12 Gb           0 b           312            --  
                        aten::cudnn_batch_norm_backward         0.01%      11.836ms         0.53%     429.881ms       1.378ms      63.439ms         0.14%      63.439ms     203.330us           0 b           0 b       3.12 Gb           0 b           312            --  
autograd::engine::evaluate_function: ConvolutionBack...         0.00%       1.492ms         0.40%     327.110ms       3.029ms       0.000us         0.00%     154.959ms       1.435ms           0 b           0 b      -1.34 Gb      -3.12 Gb           108            --  
                                   ConvolutionBackward0         0.00%       1.135ms         0.40%     325.534ms       3.014ms       0.000us         0.00%     154.014ms       1.426ms           0 b           0 b       1.71 Gb           0 b           108            --  
                             aten::convolution_backward         0.01%       4.293ms         0.40%     324.399ms       3.004ms     154.014ms         0.34%     154.014ms       1.426ms           0 b           0 b       1.71 Gb      37.86 Mb           108            --  
      autograd::engine::evaluate_function: MulBackward0         0.00%       2.835ms         0.33%     268.465ms       1.491ms       0.000us         0.00%      34.360ms     190.889us           0 b           0 b    -965.21 Mb      -3.52 Gb           180            --  
                                       aten::batch_norm         0.00%       1.783ms         0.30%     240.607ms     771.176us       0.000us         0.00%      40.614ms     130.173us           0 b           0 b       3.16 Gb           0 b           312            --  
                           aten::_batch_norm_impl_index         0.00%       2.399ms         0.29%     238.824ms     765.462us       0.000us         0.00%      40.614ms     130.173us           0 b           0 b       3.16 Gb           0 b           312            --  
                                 aten::cudnn_batch_norm         0.03%      24.048ms         0.29%     236.425ms     757.772us      40.614ms         0.09%      40.614ms     130.173us           0 b           0 b       3.16 Gb           0 b           312            --  
     autograd::engine::evaluate_function: MeanBackward1         0.00%       2.427ms         0.28%     227.292ms       2.105ms       0.000us         0.00%      21.523ms     199.287us           0 b           0 b      16.51 Mb      -2.33 Gb           108            --  
                                           MulBackward0         0.00%       1.729ms         0.27%     217.020ms       1.179ms       0.000us         0.00%      27.385ms     148.832us           0 b           0 b       2.58 Gb           0 b           184            --  
                                          aten::sigmoid         0.00%       3.419ms         0.21%     171.834ms       1.652ms     333.000us         0.00%     333.000us       3.202us           0 b           0 b       4.70 Mb       4.70 Mb           104            --  
                                          MeanBackward1         0.00%       1.231ms         0.15%     118.939ms       1.101ms       0.000us         0.00%       6.127ms      56.731us           0 b           0 b       1.18 Gb           0 b           108            --  
                                              aten::div         0.00%       3.340ms         0.14%     116.556ms       1.079ms       6.127ms         0.01%       6.127ms      56.731us           0 b           0 b       1.18 Gb       1.18 Gb           108            --  
                                            aten::randn         0.00%     165.000us         0.14%     116.215ms      14.527ms       0.000us         0.00%       0.000us       0.000us      36.75 Mb           0 b           0 b           0 b             8            --  
                                          aten::normal_         0.14%     115.471ms         0.14%     115.471ms      14.434ms       0.000us         0.00%       0.000us       0.000us           0 b           0 b           0 b           0 b             8            --  
                                            aten::empty         0.11%      89.401ms         0.11%      89.401ms       7.785us       0.000us         0.00%       0.000us       0.000us      36.75 Mb      36.75 Mb     209.58 Gb     209.58 Gb         11484            --  
                              aten::adaptive_avg_pool2d         0.00%     728.000us         0.11%      87.248ms     807.852us       0.000us         0.00%       7.155ms      66.250us           0 b           0 b       5.08 Mb           0 b           108            --  
                                             aten::mean         0.01%       4.874ms         0.11%      86.520ms     801.111us       7.155ms         0.02%       7.155ms      66.250us           0 b           0 b       5.08 Mb       5.08 Mb           108            --  
                                           aten::conv2d         0.00%       1.176ms         0.09%      70.934ms     656.796us       0.000us         0.00%      44.725ms     414.120us           0 b           0 b       1.29 Gb           0 b           108     10914.785  
                                             aten::div_         0.00%       1.850ms         0.09%      70.440ms     880.500us     155.000us         0.00%     155.000us       1.938us           0 b           0 b           0 b           0 b            80            --  
                                      aten::convolution         0.00%       2.668ms         0.09%      69.758ms     645.907us       0.000us         0.00%      44.725ms     414.120us           0 b           0 b       1.29 Gb           0 b           108            --  
                                     aten::_convolution         0.00%       2.756ms         0.08%      67.090ms     621.204us       0.000us         0.00%      44.725ms     414.120us           0 b           0 b       1.29 Gb           0 b           108            --  
                                aten::_conv_depthwise2d         0.00%       2.871ms         0.08%      63.545ms     611.010us      43.746ms         0.10%      43.746ms     420.635us           0 b           0 b       1.17 Gb           0 b           104            --  
                                       aten::bernoulli_         0.00%       2.259ms         0.08%      62.207ms     777.587us     535.000us         0.00%     535.000us       6.688us           0 b           0 b           0 b           0 b            80            --  
autograd::engine::evaluate_function: SigmoidBackward...         0.00%     999.000us         0.07%      55.808ms     536.615us       0.000us         0.00%     227.000us       2.183us           0 b           0 b      -4.70 Mb      -9.41 Mb           104            --  
                                       SigmoidBackward0         0.00%     761.000us         0.07%      54.809ms     527.010us       0.000us         0.00%     227.000us       2.183us           0 b           0 b       4.70 Mb           0 b           104            --  
                                 aten::sigmoid_backward         0.00%       1.752ms         0.07%      54.048ms     519.692us     227.000us         0.00%     227.000us       2.183us           0 b           0 b       4.70 Mb       4.70 Mb           104            --  
                                             aten::real         0.02%      13.376ms         0.06%      49.494ms      20.022us       0.000us         0.00%       0.000us       0.000us           0 b           0 b           0 b           0 b          2472            --  
                                             aten::imag         0.02%      13.599ms         0.06%      46.026ms      18.619us       0.000us         0.00%       0.000us       0.000us           0 b           0 b           0 b           0 b          2472            --  
                                       aten::empty_like         0.02%      13.939ms         0.05%      42.669ms      13.317us       0.000us         0.00%       0.000us       0.000us           0 b           0 b      37.83 Gb           0 b          3204            --  
                                           aten::select         0.03%      27.201ms         0.04%      32.902ms       6.655us       0.000us         0.00%       0.000us       0.000us           0 b           0 b           0 b           0 b          4944            --  
                                    aten::empty_strided         0.04%      32.280ms         0.04%      32.280ms      11.529us       0.000us         0.00%       0.000us       0.000us      36.75 Mb      36.75 Mb      22.29 Gb      22.29 Gb          2800            --  
                                     aten::view_as_real         0.03%      23.987ms         0.03%      23.987ms       4.852us       0.000us         0.00%       0.000us       0.000us           0 b           0 b           0 b           0 b          4944            --  
                                       aten::as_strided         0.02%      20.109ms         0.02%      20.109ms       1.325us       0.000us         0.00%       0.000us       0.000us           0 b           0 b           0 b           0 b         15172            --  
                                          aten::reshape         0.02%      12.678ms         0.02%      17.731ms       5.060us       0.000us         0.00%       0.000us       0.000us           0 b           0 b           0 b           0 b          3504            --  
                                        aten::unsqueeze         0.01%      12.129ms         0.02%      16.030ms       7.782us       0.000us         0.00%       0.000us       0.000us           0 b           0 b           0 b           0 b          2060            --  
                                            aten::slice         0.01%      11.268ms         0.02%      15.308ms       4.661us       0.000us         0.00%       0.000us       0.000us           0 b           0 b           0 b           0 b          3284            --  
                                          aten::permute         0.01%      10.810ms         0.02%      14.745ms       4.474us       0.000us         0.00%       0.000us       0.000us           0 b           0 b           0 b           0 b          3296            --  
                                          aten::resize_         0.02%      14.662ms         0.02%      14.662ms       4.064us       0.000us         0.00%       0.000us       0.000us           0 b           0 b       2.84 Gb       2.84 Gb          3608            --  
                                            aten::_conj         0.01%      10.101ms         0.01%      12.061ms       4.879us       0.000us         0.00%       0.000us       0.000us           0 b           0 b           0 b           0 b          2472            --  
                                            aten::alias         0.01%       6.905ms         0.01%       6.905ms       1.595us       0.000us         0.00%       0.000us       0.000us           0 b           0 b           0 b           0 b          4328            --  
                                           aten::narrow         0.00%       1.874ms         0.01%       5.800ms       7.108us       0.000us         0.00%       0.000us       0.000us           0 b           0 b           0 b           0 b           816            --  
                                   aten::_reshape_alias         0.01%       5.078ms         0.01%       5.078ms       1.448us       0.000us         0.00%       0.000us       0.000us           0 b           0 b           0 b           0 b          3508            --  
                                        aten::_neg_view         0.01%       4.246ms         0.01%       4.955ms       6.013us       0.000us         0.00%       0.000us       0.000us           0 b           0 b           0 b           0 b           824            --  
                                      aten::as_strided_         0.01%       4.113ms         0.01%       4.113ms       1.248us       0.000us         0.00%       0.000us       0.000us           0 b           0 b           0 b           0 b          3296            --  
                                 cudaFuncSetCacheConfig         0.00%       2.087ms         0.00%       2.087ms       1.003us       0.000us         0.00%       0.000us       0.000us           0 b           0 b           0 b           0 b          2080            --  
                                             aten::view         0.00%       1.642ms         0.00%       1.642ms       2.615us       0.000us         0.00%       0.000us       0.000us           0 b           0 b           0 b           0 b           628            --  
    autograd::engine::evaluate_function: AddmmBackward0         0.00%     222.000us         0.00%       1.272ms     318.000us       0.000us         0.00%      96.000us      24.000us           0 b           0 b     242.00 Kb    -384.00 Kb             4            --  
                                           aten::expand         0.00%     831.000us         0.00%       1.076ms       9.607us       0.000us         0.00%       0.000us       0.000us           0 b           0 b           0 b           0 b           112            --  
                                         AddmmBackward0         0.00%     147.000us         0.00%     806.000us     201.500us       0.000us         0.00%      75.000us      18.750us           0 b           0 b     624.00 Kb           0 b             4            --  
                                aten::cudnn_convolution         0.00%     436.000us         0.00%     789.000us     197.250us     979.000us         0.00%     979.000us     244.750us           0 b           0 b     122.50 Mb     122.21 Mb             4            --  
autograd::engine::evaluate_function: torch::autograd...         0.00%      66.000us         0.00%     734.000us     183.500us       0.000us         0.00%      20.000us       5.000us           0 b           0 b    -384.00 Kb    -768.00 Kb             4            --  
      autograd::engine::evaluate_function: AddBackward0         0.00%     618.000us         0.00%     719.000us       9.461us       0.000us         0.00%       0.000us       0.000us           0 b           0 b           0 b           0 b            76            --  
                            torch::autograd::CopySlices         0.00%      99.000us         0.00%     668.000us     167.000us       0.000us         0.00%      20.000us       5.000us           0 b           0 b     384.00 Kb    -768.00 Kb             4            --  
                                         aten::dropout_         0.00%      69.000us         0.00%     589.000us     147.250us       0.000us         0.00%      39.000us       9.750us           0 b           0 b     384.00 Kb           0 b             4            --  
autograd::engine::evaluate_function: AsStridedBackwa...         0.00%      42.000us         0.00%     576.000us     144.000us       0.000us         0.00%      12.000us       3.000us           0 b           0 b           0 b    -384.00 Kb             4            --  
                                           aten::linear         0.00%      70.000us         0.00%     564.000us     141.000us       0.000us         0.00%     152.000us      38.000us           0 b           0 b       4.00 Kb           0 b             4            --  
                                     AsStridedBackward0         0.00%      95.000us         0.00%     534.000us     133.500us       0.000us         0.00%      12.000us       3.000us           0 b           0 b     384.00 Kb           0 b             4            --  
                                               aten::mm         0.00%     244.000us         0.00%     478.000us      59.750us      75.000us         0.00%      75.000us       9.375us           0 b           0 b     624.00 Kb     624.00 Kb             8         3.932  
                                            aten::addmm         0.00%     267.000us         0.00%     412.000us     103.000us     152.000us         0.00%     152.000us      38.000us           0 b           0 b       4.00 Kb       4.00 Kb             4         1.966  
                                  cudaStreamSynchronize         0.00%     314.000us         0.00%     314.000us      26.167us       0.000us         0.00%       0.000us       0.000us           0 b           0 b           0 b           0 b            12            --  
                                                aten::t         0.00%     142.000us         0.00%     297.000us      14.850us       0.000us         0.00%       0.000us       0.000us           0 b           0 b           0 b           0 b            20            --  
                                        aten::new_zeros         0.00%      51.000us         0.00%     246.000us      61.500us       0.000us         0.00%       4.000us       1.000us           0 b           0 b     384.00 Kb           0 b             4            --  
-------------------------------------------------------  ------------  ------------  ------------  ------------  ------------  ------------  ------------  ------------  ------------  ------------  ------------  ------------  ------------  ------------  ------------  
Self CPU time total: 81.348s
Self CUDA time total: 44.928s

-----------------------------------------------------------------------------------------------------------------------------
Showing EfficientNetB3_CIFAR10_Conv2dRFFTPhasorFunction_date-20240129-071732.pt
-------------------------------------------------------  ------------  ------------  ------------  ------------  ------------  ------------  ------------  ------------  ------------  ------------  ------------  ------------  ------------  ------------  ------------  
                                                   Name    Self CPU %      Self CPU   CPU total %     CPU total  CPU time avg     Self CUDA   Self CUDA %    CUDA total  CUDA time avg       CPU Mem  Self CPU Mem      CUDA Mem  Self CUDA Mem    # of Calls  Total MFLOPs  
-------------------------------------------------------  ------------  ------------  ------------  ------------  ------------  ------------  ------------  ------------  ------------  ------------  ------------  ------------  ------------  ------------  ------------  
                                          ProfilerStep*         0.00%     213.000us        56.11%       33.592s        8.398s       0.000us         0.00%        8.699s        2.175s      18.38 Mb      -1.05 Kb           0 b           0 b             4            --  
                                       cudaLaunchKernel        36.92%       22.102s        36.92%       22.102s     717.597us       0.000us         0.00%       0.000us       0.000us           0 b           0 b           0 b           0 b         30800            --  
autograd::engine::evaluate_function: Conv2dRFFTPhaso...         0.01%       8.333ms        33.54%       20.083s      48.744ms       0.000us         0.00%       16.939s      41.113ms           0 b           0 b      11.08 Gb      -3.56 Gb           412            --  
                       Conv2dRFFTPhasorFunctionBackward         0.22%     134.079ms        33.46%       20.033s      48.624ms       0.000us         0.00%       16.937s      41.109ms           0 b           0 b      14.49 Gb   -1922.25 Gb           412            --  
                                            aten::copy_         0.15%      88.559ms        16.90%       10.120s       1.077ms        1.069s         3.20%        1.069s     113.679us           0 b           0 b           0 b           0 b          9400            --  
                       Conv2dRFFTPhasorFunction Step#10        11.04%        6.612s        14.03%        8.401s        8.401s       0.000us         0.00%        2.175s        2.175s          -4 b      -9.19 Mb           0 b      -2.62 Gb             1            --  
                       Conv2dRFFTPhasorFunction Step#11        11.04%        6.612s        14.03%        8.399s        8.399s       0.000us         0.00%        2.175s        2.175s          -4 b      -9.19 Mb           0 b      -2.62 Gb             1            --  
                        Conv2dRFFTPhasorFunction Step#9        11.03%        6.605s        14.03%        8.397s        8.397s       0.000us         0.00%        2.175s        2.175s          -4 b      -9.19 Mb           0 b      -2.62 Gb             1            --  
                        Conv2dRFFTPhasorFunction Step#8        11.03%        6.606s        14.02%        8.395s        8.395s       0.000us         0.00%        2.175s        2.175s      18.38 Mb       9.19 Mb           0 b      -2.62 Gb             1            --  
                                       aten::fft_irfftn         0.01%       5.855ms        12.20%        7.305s       5.911ms       0.000us         0.00%        1.701s       1.376ms           0 b           0 b      16.32 Gb           0 b          1236            --  
                                         aten::_fft_c2r         0.10%      59.907ms        12.19%        7.300s       5.906ms        1.406s         4.21%        1.701s       1.376ms           0 b           0 b      16.32 Gb     -61.95 Gb          1236            --  
                                              aten::abs         2.54%        1.520s        11.00%        6.583s       1.332ms       0.000us         0.00%     629.211ms     127.268us           0 b           0 b      17.31 Gb     -52.68 Gb          4944            --  
                                        cudaMemcpyAsync        10.36%        6.205s        10.36%        6.205s       2.585ms       0.000us         0.00%       0.000us       0.000us           0 b           0 b           0 b           0 b          2400            --  
                                            aten::angle         2.51%        1.504s        10.15%        6.075s       1.229ms       0.000us         0.00%     626.513ms     126.722us           0 b           0 b      36.15 Gb     -52.68 Gb          4944            --  
                               Conv2dRFFTPhasorFunction         0.16%      96.621ms         9.95%        5.960s      14.465ms       0.000us         0.00%        8.534s      20.712ms           0 b           0 b       1.83 Gb    -968.91 Gb           412            --  
                                        aten::fft_rfftn         0.02%      10.641ms         8.64%        5.171s       2.510ms       0.000us         0.00%        1.264s     613.750us           0 b           0 b      34.22 Gb     -23.44 Gb          2060            --  
                                         aten::_fft_r2c         0.13%      78.542ms         7.44%        4.457s       2.163ms        1.105s         3.31%        1.105s     536.417us           0 b           0 b      31.61 Gb     -67.37 Gb          2060            --  
                                               aten::to         0.00%     225.000us         6.70%        4.012s      33.432ms       0.000us         0.00%      26.685ms     222.375us      36.75 Mb           0 b      36.75 Mb           0 b           120            --  
                                         aten::_to_copy         0.00%     293.000us         6.70%        4.012s     334.301ms       0.000us         0.00%      26.685ms       2.224ms      36.75 Mb           0 b      36.75 Mb           0 b            12            --  
autograd::engine::evaluate_function: ToCopyBackward0...         0.00%     124.000us         6.68%        4.002s        1.000s       0.000us         0.00%      18.496ms       4.624ms      36.75 Mb           0 b     -36.75 Mb     -36.75 Mb             4            --  
                                        ToCopyBackward0         0.00%      22.000us         6.68%        4.002s        1.000s       0.000us         0.00%      18.496ms       4.624ms      36.75 Mb           0 b           0 b           0 b             4            --  
                                              aten::mul         0.13%      76.833ms         5.85%        3.503s     731.559us       15.668s        46.88%       15.668s       3.272ms        -200 b        -200 b    1753.81 Gb    1753.81 Gb          4788    189284.176  
                                            aten::clone         0.04%      22.656ms         5.17%        3.097s     769.723us       0.000us         0.00%     514.643ms     127.893us           0 b           0 b      56.78 Gb           0 b          4024            --  
                                  aten::constant_pad_nd         0.02%      10.086ms         3.03%        1.815s       1.473ms       0.000us         0.00%     184.435ms     149.704us           0 b           0 b      28.91 Gb           0 b          1232            --  
                                             aten::add_         0.03%      18.585ms         2.08%        1.246s     712.942us      14.986ms         0.04%      14.986ms       8.573us           0 b           0 b           0 b           0 b          1748            --  
                                              aten::sum         0.06%      37.479ms         1.91%        1.141s     735.095us        3.122s         9.34%        3.122s       2.012ms           0 b           0 b      18.08 Gb      18.08 Gb          1552            --  
autograd::engine::evaluate_function: torch::autograd...         0.01%       6.850ms         1.88%        1.125s     824.774us       0.000us         0.00%      11.931ms       8.747us           0 b           0 b     -13.06 Gb           0 b          1364            --  
                        torch::autograd::AccumulateGrad         0.01%       8.358ms         1.87%        1.118s     819.752us       0.000us         0.00%      11.931ms       8.747us           0 b           0 b     -13.06 Gb     -13.06 Gb          1364            --  
                                              aten::pad         0.01%       4.129ms         1.86%        1.115s       1.353ms       0.000us         0.00%      25.129ms      30.496us           0 b           0 b       2.86 Gb           0 b           824            --  
                                              aten::add         0.05%      27.352ms         1.66%     993.577ms     611.808us        3.111s         9.31%        3.111s       1.915ms           0 b           0 b     351.37 Gb     351.37 Gb          1624      1038.755  
                                              aten::exp         1.43%     854.757ms         1.43%     854.757ms     691.551us       0.000us         0.00%       0.000us       0.000us           0 b           0 b     699.94 Gb     699.94 Gb          1236            --  
                                             aten::mul_         0.01%       6.803ms         1.00%     601.454ms     976.386us       4.000us         0.00%     139.741ms     226.852us           0 b         200 b           0 b           0 b           616            --  
                                            aten::fill_         0.01%       4.917ms         0.65%     387.265ms     939.964us     104.694ms         0.31%     104.694ms     254.112us           0 b           0 b           0 b           0 b           412            --  
      autograd::engine::evaluate_function: MulBackward0         0.00%       2.795ms         0.56%     338.037ms       1.878ms       0.000us         0.00%      34.336ms     190.756us           0 b           0 b    -963.27 Mb      -3.52 Gb           180            --  
autograd::engine::evaluate_function: CudnnBatchNormB...         0.01%       5.244ms         0.46%     277.383ms     889.048us       0.000us         0.00%      63.330ms     202.981us           0 b           0 b      -3.15 Gb      -6.26 Gb           312            --  
                                CudnnBatchNormBackward0         0.00%       2.394ms         0.45%     272.139ms     872.240us       0.000us         0.00%      63.330ms     202.981us           0 b           0 b       3.11 Gb           0 b           312            --  
                        aten::cudnn_batch_norm_backward         0.02%      10.725ms         0.45%     269.745ms     864.567us      63.330ms         0.19%      63.330ms     202.981us           0 b           0 b       3.11 Gb           0 b           312            --  
                                           MulBackward0         0.00%       1.779ms         0.44%     266.285ms       1.447ms       0.000us         0.00%      27.371ms     148.755us           0 b           0 b       2.58 Gb           0 b           184            --  
                                            aten::silu_         0.01%       5.559ms         0.43%     256.374ms     821.712us      24.635ms         0.07%      48.794ms     156.391us           0 b           0 b       2.77 Gb           0 b           312            --  
                                       aten::batch_norm         0.00%       1.149ms         0.28%     168.370ms     539.647us       0.000us         0.00%      40.531ms     129.907us           0 b           0 b       3.15 Gb           0 b           312            --  
                           aten::_batch_norm_impl_index         0.00%       1.551ms         0.28%     167.221ms     535.965us       0.000us         0.00%      40.531ms     129.907us           0 b           0 b       3.15 Gb           0 b           312            --  
                                 aten::cudnn_batch_norm         0.03%      17.588ms         0.28%     165.670ms     530.994us      40.531ms         0.12%      40.531ms     129.907us           0 b           0 b       3.15 Gb           0 b           312            --  
     autograd::engine::evaluate_function: SiluBackward0         0.01%       3.494ms         0.27%     164.104ms     525.974us       0.000us         0.00%      37.237ms     119.349us           0 b           0 b      -2.75 Gb      -5.55 Gb           312            --  
                                          SiluBackward0         0.00%       1.364ms         0.27%     160.610ms     514.776us       0.000us         0.00%      37.237ms     119.349us           0 b           0 b       2.80 Gb           0 b           312            --  
                                    aten::silu_backward         0.01%       4.646ms         0.27%     159.246ms     510.404us      37.237ms         0.11%      37.237ms     119.349us           0 b           0 b       2.80 Gb       2.80 Gb           312            --  
     autograd::engine::evaluate_function: MeanBackward1         0.00%       2.070ms         0.26%     157.343ms       1.457ms       0.000us         0.00%      21.553ms     199.565us           0 b           0 b       6.60 Mb      -2.34 Gb           108            --  
                                            aten::randn         0.00%     116.000us         0.18%     106.462ms      13.308ms       0.000us         0.00%       0.000us       0.000us      36.75 Mb           0 b           0 b           0 b             8            --  
                                          aten::normal_         0.18%     106.072ms         0.18%     106.072ms      13.259ms       0.000us         0.00%       0.000us       0.000us           0 b           0 b           0 b           0 b             8            --  
                                            aten::empty         0.17%     104.389ms         0.17%     104.389ms       5.523us       0.000us         0.00%       0.000us       0.000us      36.75 Mb      36.75 Mb     209.56 Gb     209.56 Gb         18900            --  
                                          MeanBackward1         0.00%       1.086ms         0.15%      88.821ms     822.417us       0.000us         0.00%       6.149ms      56.935us           0 b           0 b       1.18 Gb           0 b           108            --  
                                              aten::div         0.00%       2.988ms         0.14%      86.716ms     802.926us       6.149ms         0.02%       6.149ms      56.935us           0 b           0 b       1.18 Gb       1.18 Gb           108            --  
autograd::engine::evaluate_function: SigmoidBackward...         0.00%     891.000us         0.14%      82.488ms     793.154us       0.000us         0.00%     227.000us       2.183us           0 b           0 b      -4.70 Mb      -9.41 Mb           104            --  
                                       SigmoidBackward0         0.00%     693.000us         0.14%      81.597ms     784.587us       0.000us         0.00%     227.000us       2.183us           0 b           0 b       4.70 Mb           0 b           104            --  
                                 aten::sigmoid_backward         0.00%       1.642ms         0.14%      80.904ms     777.923us     227.000us         0.00%     227.000us       2.183us           0 b           0 b       4.70 Mb       4.70 Mb           104            --  
                                       aten::bernoulli_         0.00%       1.463ms         0.12%      73.007ms     912.587us     535.000us         0.00%     535.000us       6.688us           0 b           0 b           0 b           0 b            80            --  
                                           aten::conv2d         0.00%       1.145ms         0.12%      72.623ms     672.435us       0.000us         0.00%      44.864ms     415.407us           0 b           0 b       1.29 Gb           0 b           108     10914.785  
                                      aten::convolution         0.00%       1.949ms         0.12%      71.478ms     661.833us       0.000us         0.00%      44.864ms     415.407us           0 b           0 b       1.29 Gb           0 b           108            --  
                                     aten::_convolution         0.00%       1.665ms         0.12%      69.529ms     643.787us       0.000us         0.00%      44.864ms     415.407us           0 b           0 b       1.29 Gb           0 b           108            --  
                                aten::_conv_depthwise2d         0.00%       1.834ms         0.11%      67.212ms     646.269us      43.886ms         0.13%      43.886ms     421.981us           0 b           0 b       1.17 Gb           0 b           104            --  
                                             aten::div_         0.00%       1.299ms         0.11%      67.078ms     838.475us     154.000us         0.00%     154.000us       1.925us           0 b           0 b           0 b           0 b            80            --  
                                          aten::sigmoid         0.00%       2.431ms         0.11%      62.980ms     605.577us     329.000us         0.00%     329.000us       3.163us           0 b           0 b       4.70 Mb       4.70 Mb           104            --  
                                             aten::real         0.03%      19.799ms         0.10%      57.084ms      11.546us       0.000us         0.00%       0.000us       0.000us           0 b           0 b           0 b           0 b          4944            --  
                                         aten::dropout_         0.00%      53.000us         0.09%      52.160ms      13.040ms       0.000us         0.00%      40.000us      10.000us           0 b           0 b     384.00 Kb           0 b             4            --  
                              aten::adaptive_avg_pool2d         0.00%     465.000us         0.09%      50.903ms     471.324us       0.000us         0.00%       7.123ms      65.954us           0 b           0 b       5.08 Mb           0 b           108            --  
                                             aten::mean         0.01%       3.325ms         0.08%      50.438ms     467.019us       7.123ms         0.02%       7.123ms      65.954us           0 b           0 b       5.08 Mb       5.08 Mb           108            --  
                                          aten::resize_         0.08%      47.620ms         0.08%      47.620ms       4.320us       0.000us         0.00%       0.000us       0.000us           0 b           0 b      93.21 Gb      93.21 Gb         11024            --  
autograd::engine::evaluate_function: ConvolutionBack...         0.00%       1.319ms         0.08%      45.484ms     421.148us       0.000us         0.00%     155.052ms       1.436ms           0 b           0 b      -1.34 Gb      -3.12 Gb           108            --  
                                   ConvolutionBackward0         0.00%     963.000us         0.07%      43.985ms     407.269us       0.000us         0.00%     154.106ms       1.427ms           0 b           0 b       1.71 Gb           0 b           108            --  
                                    aten::empty_strided         0.07%      43.301ms         0.07%      43.301ms       8.213us       0.000us         0.00%       0.000us       0.000us      36.75 Mb      36.75 Mb      56.88 Gb      56.88 Gb          5272            --  
                             aten::convolution_backward         0.01%       3.857ms         0.07%      43.022ms     398.352us     154.106ms         0.46%     154.106ms       1.427ms           0 b           0 b       1.71 Gb      36.71 Mb           108            --  
                                       aten::empty_like         0.02%      12.977ms         0.07%      40.284ms      10.001us       0.000us         0.00%       0.000us       0.000us           0 b           0 b      39.37 Gb           0 b          4028            --  
                                           aten::linear         0.00%      50.000us         0.07%      40.108ms      10.027ms       0.000us         0.00%     149.000us      37.250us           0 b           0 b       4.00 Kb           0 b             4            --  
                                            aten::addmm         0.00%     233.000us         0.07%      39.993ms       9.998ms     149.000us         0.00%     149.000us      37.250us           0 b           0 b       4.00 Kb       4.00 Kb             4         1.966  
                                           aten::select         0.02%      14.883ms         0.04%      21.832ms       4.416us       0.000us         0.00%       0.000us       0.000us           0 b           0 b           0 b           0 b          4944            --  
                                       aten::as_strided         0.03%      19.268ms         0.03%      19.268ms       1.270us       0.000us         0.00%       0.000us       0.000us           0 b           0 b           0 b           0 b         15172            --  
                                          aten::reshape         0.02%      11.418ms         0.03%      15.986ms       4.562us       0.000us         0.00%       0.000us       0.000us           0 b           0 b           0 b           0 b          3504            --  
                                     aten::view_as_real         0.03%      15.453ms         0.03%      15.453ms       3.126us       0.000us         0.00%       0.000us       0.000us           0 b           0 b           0 b           0 b          4944            --  
                                          aten::permute         0.02%      10.210ms         0.02%      13.686ms       4.152us       0.000us         0.00%       0.000us       0.000us           0 b           0 b           0 b           0 b          3296            --  
                                        aten::unsqueeze         0.02%      10.258ms         0.02%      13.587ms       6.596us       0.000us         0.00%       0.000us       0.000us           0 b           0 b           0 b           0 b          2060            --  
                                            aten::slice         0.02%       9.121ms         0.02%      12.424ms       3.783us       0.000us         0.00%       0.000us       0.000us           0 b           0 b           0 b           0 b          3284            --  
                                           aten::narrow         0.00%       1.718ms         0.01%       4.862ms       5.958us       0.000us         0.00%       0.000us       0.000us           0 b           0 b           0 b           0 b           816            --  
                                            aten::alias         0.01%       4.812ms         0.01%       4.812ms       2.593us       0.000us         0.00%       0.000us       0.000us           0 b           0 b           0 b           0 b          1856            --  
                                   aten::_reshape_alias         0.01%       4.595ms         0.01%       4.595ms       1.310us       0.000us         0.00%       0.000us       0.000us           0 b           0 b           0 b           0 b          3508            --  
                                            aten::_conj         0.01%       3.786ms         0.01%       4.509ms       5.472us       0.000us         0.00%       0.000us       0.000us           0 b           0 b           0 b           0 b           824            --  
                                      aten::as_strided_         0.01%       3.480ms         0.01%       3.480ms       1.056us       0.000us         0.00%       0.000us       0.000us           0 b           0 b           0 b           0 b          3296            --  
                                 cudaFuncSetCacheConfig         0.00%       1.500ms         0.00%       1.500ms       0.721us       0.000us         0.00%       0.000us       0.000us           0 b           0 b           0 b           0 b          2080            --  
                                             aten::view         0.00%       1.401ms         0.00%       1.401ms       2.231us       0.000us         0.00%       0.000us       0.000us           0 b           0 b           0 b           0 b           628            --  
                                           aten::expand         0.00%     743.000us         0.00%     947.000us       8.455us       0.000us         0.00%       0.000us       0.000us           0 b           0 b           0 b           0 b           112            --  
    autograd::engine::evaluate_function: AddmmBackward0         0.00%     166.000us         0.00%     946.000us     236.500us       0.000us         0.00%      98.000us      24.500us           0 b           0 b     242.00 Kb    -384.00 Kb             4            --  
                                aten::cudnn_convolution         0.00%     360.000us         0.00%     652.000us     163.000us     978.000us         0.00%     978.000us     244.500us           0 b           0 b     122.50 Mb     122.21 Mb             4            --  
autograd::engine::evaluate_function: torch::autograd...         0.00%      54.000us         0.00%     633.000us     158.250us       0.000us         0.00%      17.000us       4.250us           0 b           0 b    -384.00 Kb    -768.00 Kb             4            --  
      autograd::engine::evaluate_function: AddBackward0         0.00%     536.000us         0.00%     628.000us       8.263us       0.000us         0.00%       0.000us       0.000us           0 b           0 b           0 b           0 b            76            --  
                                         AddmmBackward0         0.00%     121.000us         0.00%     597.000us     149.250us       0.000us         0.00%      75.000us      18.750us           0 b           0 b     624.00 Kb           0 b             4            --  
                            torch::autograd::CopySlices         0.00%      87.000us         0.00%     579.000us     144.750us       0.000us         0.00%      17.000us       4.250us           0 b           0 b     384.00 Kb    -768.00 Kb             4            --  
autograd::engine::evaluate_function: AsStridedBackwa...         0.00%      30.000us         0.00%     451.000us     112.750us       0.000us         0.00%      10.000us       2.500us           0 b           0 b           0 b    -384.00 Kb             4            --  
                                     AsStridedBackward0         0.00%      71.000us         0.00%     421.000us     105.250us       0.000us         0.00%      10.000us       2.500us           0 b           0 b     384.00 Kb           0 b             4            --  
                                               aten::mm         0.00%     178.000us         0.00%     340.000us      42.500us      75.000us         0.00%      75.000us       9.375us           0 b           0 b     624.00 Kb     624.00 Kb             8         3.932  
                                  cudaStreamSynchronize         0.00%     302.000us         0.00%     302.000us      25.167us       0.000us         0.00%       0.000us       0.000us           0 b           0 b           0 b           0 b            12            --  
                                                aten::t         0.00%     110.000us         0.00%     234.000us      11.700us       0.000us         0.00%       0.000us       0.000us           0 b           0 b           0 b           0 b            20            --  
                                        aten::new_zeros         0.00%      40.000us         0.00%     201.000us      50.250us       0.000us         0.00%       4.000us       1.000us           0 b           0 b     384.00 Kb           0 b             4            --  
-------------------------------------------------------  ------------  ------------  ------------  ------------  ------------  ------------  ------------  ------------  ------------  ------------  ------------  ------------  ------------  ------------  ------------  
Self CPU time total: 59.869s
Self CUDA time total: 33.426s

