[0mProvided parameters: main(function_name=Conv2dRFFTFunction, total_num_epochs=1,freeze_features_epochs=0, batch_size=64)[0m
[0mModel orginal architecture is AlexNet(
  (features): Sequential(
    (0): Conv2d(3, 64, kernel_size=(11, 11), stride=(4, 4), padding=(2, 2))
    (1): ReLU(inplace=True)
    (2): MaxPool2d(kernel_size=3, stride=2, padding=0, dilation=1, ceil_mode=False)
    (3): Conv2d(64, 192, kernel_size=(5, 5), stride=(1, 1), padding=(2, 2))
    (4): ReLU(inplace=True)
    (5): MaxPool2d(kernel_size=3, stride=2, padding=0, dilation=1, ceil_mode=False)
    (6): Conv2d(192, 384, kernel_size=(3, 3), stride=(1, 1), padding=(1, 1))
    (7): ReLU(inplace=True)
    (8): Conv2d(384, 256, kernel_size=(3, 3), stride=(1, 1), padding=(1, 1))
    (9): ReLU(inplace=True)
    (10): Conv2d(256, 256, kernel_size=(3, 3), stride=(1, 1), padding=(1, 1))
    (11): ReLU(inplace=True)
    (12): MaxPool2d(kernel_size=3, stride=2, padding=0, dilation=1, ceil_mode=False)
  )
  (avgpool): AdaptiveAvgPool2d(output_size=(6, 6))
  (classifier): Sequential(
    (0): Dropout(p=0.5, inplace=False)
    (1): Linear(in_features=9216, out_features=4096, bias=True)
    (2): ReLU(inplace=True)
    (3): Dropout(p=0.5, inplace=False)
    (4): Linear(in_features=4096, out_features=4096, bias=True)
    (5): ReLU(inplace=True)
    (6): Linear(in_features=4096, out_features=1000, bias=True)
  )
)[0m
[0mModel modified architecture is Sequential(
  (0): Dropout(p=0.5, inplace=False)
  (1): Linear(in_features=9216, out_features=4096, bias=True)
  (2): ReLU(inplace=True)
  (3): Dropout(p=0.5, inplace=False)
  (4): Linear(in_features=4096, out_features=4096, bias=True)
  (5): ReLU(inplace=True)
  (6): Linear(in_features=4096, out_features=10, bias=True)
)[0m
[0mFeatures not frozen on epoch 0[0m
[0mTraining: epoch=0 step=19/782 loss=0.10595 accuracy=96.71875 runtime_forward_ms=1104.64951 runtime_backward_ms=1914.87908.[0m
[0mTraining: epoch=0 step=39/782 loss=0.07476 accuracy=97.89062 runtime_forward_ms=981.68711 runtime_backward_ms=1886.73568.[0m
[0mTraining: epoch=0 step=59/782 loss=0.06613 accuracy=97.96875 runtime_forward_ms=981.85137 runtime_backward_ms=1890.98119.[0m
[0mTraining: epoch=0 step=79/782 loss=0.05673 accuracy=98.75000 runtime_forward_ms=981.63201 runtime_backward_ms=1893.73681.[0m
[0mTraining: epoch=0 step=99/782 loss=0.04461 accuracy=98.43750 runtime_forward_ms=981.78232 runtime_backward_ms=1894.21345.[0m
[0mTraining: epoch=0 step=119/782 loss=0.05161 accuracy=98.35938 runtime_forward_ms=982.08171 runtime_backward_ms=1893.30948.[0m
[0mTraining: epoch=0 step=139/782 loss=0.05309 accuracy=98.43750 runtime_forward_ms=981.86083 runtime_backward_ms=1892.00886.[0m
[0mTraining: epoch=0 step=159/782 loss=0.04617 accuracy=98.43750 runtime_forward_ms=981.52267 runtime_backward_ms=1891.14871.[0m
[0mTraining: epoch=0 step=179/782 loss=0.02904 accuracy=99.37500 runtime_forward_ms=982.00271 runtime_backward_ms=1889.32611.[0m
[0mTraining: epoch=0 step=199/782 loss=0.03515 accuracy=98.90625 runtime_forward_ms=981.00637 runtime_backward_ms=1887.84091.[0m
[0mTraining: epoch=0 step=219/782 loss=0.03824 accuracy=98.90625 runtime_forward_ms=981.18812 runtime_backward_ms=1886.74464.[0m
[0mTraining: epoch=0 step=239/782 loss=0.04206 accuracy=98.82812 runtime_forward_ms=981.46645 runtime_backward_ms=1890.97839.[0m
[0mTraining: epoch=0 step=259/782 loss=0.04452 accuracy=98.98438 runtime_forward_ms=981.97094 runtime_backward_ms=1891.18417.[0m
[0mTraining: epoch=0 step=279/782 loss=0.03041 accuracy=99.29688 runtime_forward_ms=981.05210 runtime_backward_ms=1888.11462.[0m
[0mTraining: epoch=0 step=299/782 loss=0.03262 accuracy=98.98438 runtime_forward_ms=981.20706 runtime_backward_ms=1887.58443.[0m
[0mTraining: epoch=0 step=319/782 loss=0.02811 accuracy=99.14062 runtime_forward_ms=980.93429 runtime_backward_ms=1887.99235.[0m
[0mTraining: epoch=0 step=339/782 loss=0.02523 accuracy=99.29688 runtime_forward_ms=980.87938 runtime_backward_ms=1886.38333.[0m
[0mTraining: epoch=0 step=359/782 loss=0.03232 accuracy=98.98438 runtime_forward_ms=980.89101 runtime_backward_ms=1886.25396.[0m
[0mTraining: epoch=0 step=379/782 loss=0.02841 accuracy=98.98438 runtime_forward_ms=981.58736 runtime_backward_ms=1886.46584.[0m
[0mTraining: epoch=0 step=399/782 loss=0.02486 accuracy=99.37500 runtime_forward_ms=981.78721 runtime_backward_ms=1891.86582.[0m
[0mTraining: epoch=0 step=419/782 loss=0.04041 accuracy=98.35938 runtime_forward_ms=981.59611 runtime_backward_ms=1891.02020.[0m
[0mTraining: epoch=0 step=439/782 loss=0.02695 accuracy=99.06250 runtime_forward_ms=982.49621 runtime_backward_ms=1892.24941.[0m
[0mTraining: epoch=0 step=459/782 loss=0.02790 accuracy=98.90625 runtime_forward_ms=981.98237 runtime_backward_ms=1893.74079.[0m
[0mTraining: epoch=0 step=479/782 loss=0.02843 accuracy=99.06250 runtime_forward_ms=982.35368 runtime_backward_ms=1892.02487.[0m
[0mTraining: epoch=0 step=499/782 loss=0.03225 accuracy=98.82812 runtime_forward_ms=982.07833 runtime_backward_ms=1894.00811.[0m
[0mTraining: epoch=0 step=519/782 loss=0.03302 accuracy=99.14062 runtime_forward_ms=982.05133 runtime_backward_ms=1892.85088.[0m
[0mTraining: epoch=0 step=539/782 loss=0.03460 accuracy=98.98438 runtime_forward_ms=981.24341 runtime_backward_ms=1888.41051.[0m
[0mTraining: epoch=0 step=559/782 loss=0.02574 accuracy=99.37500 runtime_forward_ms=981.00102 runtime_backward_ms=1886.28454.[0m
[0mTraining: epoch=0 step=579/782 loss=0.02132 accuracy=99.21875 runtime_forward_ms=981.57932 runtime_backward_ms=1890.11181.[0m
[0mTraining: epoch=0 step=599/782 loss=0.02577 accuracy=99.29688 runtime_forward_ms=980.92457 runtime_backward_ms=1886.36325.[0m
[0mTraining: epoch=0 step=619/782 loss=0.01713 accuracy=99.68750 runtime_forward_ms=981.70807 runtime_backward_ms=1888.82023.[0m
[0mTraining: epoch=0 step=639/782 loss=0.03167 accuracy=98.90625 runtime_forward_ms=981.10603 runtime_backward_ms=1888.95330.[0m
[0mTraining: epoch=0 step=659/782 loss=0.03292 accuracy=98.90625 runtime_forward_ms=981.08281 runtime_backward_ms=1886.29023.[0m
[0mTraining: epoch=0 step=679/782 loss=0.03130 accuracy=98.82812 runtime_forward_ms=980.97509 runtime_backward_ms=1886.31392.[0m
[0mTraining: epoch=0 step=699/782 loss=0.03969 accuracy=98.90625 runtime_forward_ms=982.22048 runtime_backward_ms=1893.36871.[0m
[0mTraining: epoch=0 step=719/782 loss=0.03062 accuracy=98.98438 runtime_forward_ms=982.24539 runtime_backward_ms=1891.44264.[0m
[0mTraining: epoch=0 step=739/782 loss=0.02141 accuracy=99.53125 runtime_forward_ms=981.87597 runtime_backward_ms=1886.69611.[0m
[0mTraining: epoch=0 step=759/782 loss=0.02705 accuracy=99.37500 runtime_forward_ms=982.42190 runtime_backward_ms=1892.13379.[0m
[0mTraining: epoch=0 step=779/782 loss=0.02280 accuracy=99.29688 runtime_forward_ms=981.23149 runtime_backward_ms=1886.62795.[0m
[0mValidation: epoch=0 training_step=781 loss=0.32768 accuracy=90.64000 runtime_forward_ms=985.75630.[0m
[0m--- End of Epoch: epoch=0 duration_training=2269.5097643323243 duration_validation=156.99479768797755 training_step=781 training_loss=0.02280 training_accuracy=99.29688 validation_loss=0.32768 validation_accuracy=90.64000.[0m
[0mProvided parameters: main(function_name=Conv2dRFFTPhasorFunction, total_num_epochs=1,freeze_features_epochs=0, batch_size=64)[0m
[0mModel orginal architecture is AlexNet(
  (features): Sequential(
    (0): Conv2d(3, 64, kernel_size=(11, 11), stride=(4, 4), padding=(2, 2))
    (1): ReLU(inplace=True)
    (2): MaxPool2d(kernel_size=3, stride=2, padding=0, dilation=1, ceil_mode=False)
    (3): Conv2d(64, 192, kernel_size=(5, 5), stride=(1, 1), padding=(2, 2))
    (4): ReLU(inplace=True)
    (5): MaxPool2d(kernel_size=3, stride=2, padding=0, dilation=1, ceil_mode=False)
    (6): Conv2d(192, 384, kernel_size=(3, 3), stride=(1, 1), padding=(1, 1))
    (7): ReLU(inplace=True)
    (8): Conv2d(384, 256, kernel_size=(3, 3), stride=(1, 1), padding=(1, 1))
    (9): ReLU(inplace=True)
    (10): Conv2d(256, 256, kernel_size=(3, 3), stride=(1, 1), padding=(1, 1))
    (11): ReLU(inplace=True)
    (12): MaxPool2d(kernel_size=3, stride=2, padding=0, dilation=1, ceil_mode=False)
  )
  (avgpool): AdaptiveAvgPool2d(output_size=(6, 6))
  (classifier): Sequential(
    (0): Dropout(p=0.5, inplace=False)
    (1): Linear(in_features=9216, out_features=4096, bias=True)
    (2): ReLU(inplace=True)
    (3): Dropout(p=0.5, inplace=False)
    (4): Linear(in_features=4096, out_features=4096, bias=True)
    (5): ReLU(inplace=True)
    (6): Linear(in_features=4096, out_features=1000, bias=True)
  )
)[0m
[0mModel modified architecture is Sequential(
  (0): Dropout(p=0.5, inplace=False)
  (1): Linear(in_features=9216, out_features=4096, bias=True)
  (2): ReLU(inplace=True)
  (3): Dropout(p=0.5, inplace=False)
  (4): Linear(in_features=4096, out_features=4096, bias=True)
  (5): ReLU(inplace=True)
  (6): Linear(in_features=4096, out_features=10, bias=True)
)[0m
[0mFeatures not frozen on epoch 0[0m
[0mTraining: epoch=0 step=19/782 loss=0.10595 accuracy=96.71875 runtime_forward_ms=725.60244 runtime_backward_ms=1379.63646.[0m
[0mTraining: epoch=0 step=39/782 loss=0.07476 accuracy=97.89062 runtime_forward_ms=720.63482 runtime_backward_ms=1379.22304.[0m
[0mTraining: epoch=0 step=59/782 loss=0.06614 accuracy=97.96875 runtime_forward_ms=721.36715 runtime_backward_ms=1380.08404.[0m
[0mTraining: epoch=0 step=79/782 loss=0.05675 accuracy=98.75000 runtime_forward_ms=721.34110 runtime_backward_ms=1379.27813.[0m
[0mTraining: epoch=0 step=99/782 loss=0.04458 accuracy=98.43750 runtime_forward_ms=720.91440 runtime_backward_ms=1380.80827.[0m
[0mTraining: epoch=0 step=119/782 loss=0.05163 accuracy=98.35938 runtime_forward_ms=720.76601 runtime_backward_ms=1380.69871.[0m
[0mTraining: epoch=0 step=139/782 loss=0.05306 accuracy=98.35938 runtime_forward_ms=721.68018 runtime_backward_ms=1384.98365.[0m
[0mTraining: epoch=0 step=159/782 loss=0.04612 accuracy=98.43750 runtime_forward_ms=720.76556 runtime_backward_ms=1379.20740.[0m
[0mTraining: epoch=0 step=179/782 loss=0.02899 accuracy=99.37500 runtime_forward_ms=720.76562 runtime_backward_ms=1379.60300.[0m
[0mTraining: epoch=0 step=199/782 loss=0.03515 accuracy=98.90625 runtime_forward_ms=720.88711 runtime_backward_ms=1379.70605.[0m
[0mTraining: epoch=0 step=219/782 loss=0.03819 accuracy=98.90625 runtime_forward_ms=720.84871 runtime_backward_ms=1379.35665.[0m
[0mTraining: epoch=0 step=239/782 loss=0.04206 accuracy=98.82812 runtime_forward_ms=721.19576 runtime_backward_ms=1379.99094.[0m
[0mTraining: epoch=0 step=259/782 loss=0.04444 accuracy=98.98438 runtime_forward_ms=721.17488 runtime_backward_ms=1380.71234.[0m
[0mTraining: epoch=0 step=279/782 loss=0.03046 accuracy=99.29688 runtime_forward_ms=720.85896 runtime_backward_ms=1379.27172.[0m
[0mTraining: epoch=0 step=299/782 loss=0.03267 accuracy=99.06250 runtime_forward_ms=720.91236 runtime_backward_ms=1379.54754.[0m
[0mTraining: epoch=0 step=319/782 loss=0.02821 accuracy=99.14062 runtime_forward_ms=720.93571 runtime_backward_ms=1380.32164.[0m
[0mTraining: epoch=0 step=339/782 loss=0.02522 accuracy=99.29688 runtime_forward_ms=720.80531 runtime_backward_ms=1379.26579.[0m
[0mTraining: epoch=0 step=359/782 loss=0.03247 accuracy=98.98438 runtime_forward_ms=720.86449 runtime_backward_ms=1379.22774.[0m
[0mTraining: epoch=0 step=379/782 loss=0.02851 accuracy=98.82812 runtime_forward_ms=720.90798 runtime_backward_ms=1379.26456.[0m
[0mTraining: epoch=0 step=399/782 loss=0.02482 accuracy=99.37500 runtime_forward_ms=721.04860 runtime_backward_ms=1380.16918.[0m
[0mTraining: epoch=0 step=419/782 loss=0.04033 accuracy=98.35938 runtime_forward_ms=721.24102 runtime_backward_ms=1380.08556.[0m
[0mTraining: epoch=0 step=439/782 loss=0.02706 accuracy=99.06250 runtime_forward_ms=720.84160 runtime_backward_ms=1379.67807.[0m
[0mTraining: epoch=0 step=459/782 loss=0.02794 accuracy=98.98438 runtime_forward_ms=720.75638 runtime_backward_ms=1379.59389.[0m
[0mTraining: epoch=0 step=479/782 loss=0.02852 accuracy=99.06250 runtime_forward_ms=721.90712 runtime_backward_ms=1380.75306.[0m
[0mTraining: epoch=0 step=499/782 loss=0.03220 accuracy=98.82812 runtime_forward_ms=720.78852 runtime_backward_ms=1379.85880.[0m
[0mTraining: epoch=0 step=519/782 loss=0.03318 accuracy=99.14062 runtime_forward_ms=721.23945 runtime_backward_ms=1382.81787.[0m
[0mTraining: epoch=0 step=539/782 loss=0.03447 accuracy=98.98438 runtime_forward_ms=720.67301 runtime_backward_ms=1379.18379.[0m
[0mTraining: epoch=0 step=559/782 loss=0.02571 accuracy=99.37500 runtime_forward_ms=720.74031 runtime_backward_ms=1378.90926.[0m
[0mTraining: epoch=0 step=579/782 loss=0.02138 accuracy=99.29688 runtime_forward_ms=720.96332 runtime_backward_ms=1381.51539.[0m
[0mTraining: epoch=0 step=599/782 loss=0.02574 accuracy=99.29688 runtime_forward_ms=720.82144 runtime_backward_ms=1381.35858.[0m
[0mTraining: epoch=0 step=619/782 loss=0.01707 accuracy=99.68750 runtime_forward_ms=720.57418 runtime_backward_ms=1378.87756.[0m
[0mTraining: epoch=0 step=639/782 loss=0.03173 accuracy=98.90625 runtime_forward_ms=720.70393 runtime_backward_ms=1379.20273.[0m
[0mTraining: epoch=0 step=659/782 loss=0.03303 accuracy=98.82812 runtime_forward_ms=721.07694 runtime_backward_ms=1382.11783.[0m
[0mTraining: epoch=0 step=679/782 loss=0.03133 accuracy=98.82812 runtime_forward_ms=721.22602 runtime_backward_ms=1382.08170.[0m
[0mTraining: epoch=0 step=699/782 loss=0.03968 accuracy=98.90625 runtime_forward_ms=720.72114 runtime_backward_ms=1379.23880.[0m
[0mTraining: epoch=0 step=719/782 loss=0.03067 accuracy=98.98438 runtime_forward_ms=720.71953 runtime_backward_ms=1379.11458.[0m
[0mTraining: epoch=0 step=739/782 loss=0.02121 accuracy=99.53125 runtime_forward_ms=720.83711 runtime_backward_ms=1379.55821.[0m
[0mTraining: epoch=0 step=759/782 loss=0.02712 accuracy=99.37500 runtime_forward_ms=721.87097 runtime_backward_ms=1383.38965.[0m
[0mTraining: epoch=0 step=779/782 loss=0.02271 accuracy=99.29688 runtime_forward_ms=722.45670 runtime_backward_ms=1385.04214.[0m
[0mValidation: epoch=0 training_step=781 loss=0.32763 accuracy=90.61000 runtime_forward_ms=718.15424.[0m
[0m--- End of Epoch: epoch=0 duration_training=1665.6052736081183 duration_validation=115.29341249540448 training_step=781 training_loss=0.02271 training_accuracy=99.29688 validation_loss=0.32763 validation_accuracy=90.61000.[0m
