Provided parameters: main(total_num_epochs=4,freeze_features_epochs=2, batch_size=16)
Model orginal architecture is Inception3(
  (Conv2d_1a_3x3): BasicConv2d(
    (conv): Conv2d(3, 32, kernel_size=(3, 3), stride=(2, 2), bias=False)
    (bn): BatchNorm2d(32, eps=0.001, momentum=0.1, affine=True, track_running_stats=True)
  )
  (Conv2d_2a_3x3): BasicConv2d(
    (conv): Conv2d(32, 32, kernel_size=(3, 3), stride=(1, 1), bias=False)
    (bn): BatchNorm2d(32, eps=0.001, momentum=0.1, affine=True, track_running_stats=True)
  )
  (Conv2d_2b_3x3): BasicConv2d(
    (conv): Conv2d(32, 64, kernel_size=(3, 3), stride=(1, 1), padding=(1, 1), bias=False)
    (bn): BatchNorm2d(64, eps=0.001, momentum=0.1, affine=True, track_running_stats=True)
  )
  (maxpool1): MaxPool2d(kernel_size=3, stride=2, padding=0, dilation=1, ceil_mode=False)
  (Conv2d_3b_1x1): BasicConv2d(
    (conv): Conv2d(64, 80, kernel_size=(1, 1), stride=(1, 1), bias=False)
    (bn): BatchNorm2d(80, eps=0.001, momentum=0.1, affine=True, track_running_stats=True)
  )
  (Conv2d_4a_3x3): BasicConv2d(
    (conv): Conv2d(80, 192, kernel_size=(3, 3), stride=(1, 1), bias=False)
    (bn): BatchNorm2d(192, eps=0.001, momentum=0.1, affine=True, track_running_stats=True)
  )
  (maxpool2): MaxPool2d(kernel_size=3, stride=2, padding=0, dilation=1, ceil_mode=False)
  (Mixed_5b): InceptionA(
    (branch1x1): BasicConv2d(
      (conv): Conv2d(192, 64, kernel_size=(1, 1), stride=(1, 1), bias=False)
      (bn): BatchNorm2d(64, eps=0.001, momentum=0.1, affine=True, track_running_stats=True)
    )
    (branch5x5_1): BasicConv2d(
      (conv): Conv2d(192, 48, kernel_size=(1, 1), stride=(1, 1), bias=False)
      (bn): BatchNorm2d(48, eps=0.001, momentum=0.1, affine=True, track_running_stats=True)
    )
    (branch5x5_2): BasicConv2d(
      (conv): Conv2d(48, 64, kernel_size=(5, 5), stride=(1, 1), padding=(2, 2), bias=False)
      (bn): BatchNorm2d(64, eps=0.001, momentum=0.1, affine=True, track_running_stats=True)
    )
    (branch3x3dbl_1): BasicConv2d(
      (conv): Conv2d(192, 64, kernel_size=(1, 1), stride=(1, 1), bias=False)
      (bn): BatchNorm2d(64, eps=0.001, momentum=0.1, affine=True, track_running_stats=True)
    )
    (branch3x3dbl_2): BasicConv2d(
      (conv): Conv2d(64, 96, kernel_size=(3, 3), stride=(1, 1), padding=(1, 1), bias=False)
      (bn): BatchNorm2d(96, eps=0.001, momentum=0.1, affine=True, track_running_stats=True)
    )
    (branch3x3dbl_3): BasicConv2d(
      (conv): Conv2d(96, 96, kernel_size=(3, 3), stride=(1, 1), padding=(1, 1), bias=False)
      (bn): BatchNorm2d(96, eps=0.001, momentum=0.1, affine=True, track_running_stats=True)
    )
    (branch_pool): BasicConv2d(
      (conv): Conv2d(192, 32, kernel_size=(1, 1), stride=(1, 1), bias=False)
      (bn): BatchNorm2d(32, eps=0.001, momentum=0.1, affine=True, track_running_stats=True)
    )
  )
  (Mixed_5c): InceptionA(
    (branch1x1): BasicConv2d(
      (conv): Conv2d(256, 64, kernel_size=(1, 1), stride=(1, 1), bias=False)
      (bn): BatchNorm2d(64, eps=0.001, momentum=0.1, affine=True, track_running_stats=True)
    )
    (branch5x5_1): BasicConv2d(
      (conv): Conv2d(256, 48, kernel_size=(1, 1), stride=(1, 1), bias=False)
      (bn): BatchNorm2d(48, eps=0.001, momentum=0.1, affine=True, track_running_stats=True)
    )
    (branch5x5_2): BasicConv2d(
      (conv): Conv2d(48, 64, kernel_size=(5, 5), stride=(1, 1), padding=(2, 2), bias=False)
      (bn): BatchNorm2d(64, eps=0.001, momentum=0.1, affine=True, track_running_stats=True)
    )
    (branch3x3dbl_1): BasicConv2d(
      (conv): Conv2d(256, 64, kernel_size=(1, 1), stride=(1, 1), bias=False)
      (bn): BatchNorm2d(64, eps=0.001, momentum=0.1, affine=True, track_running_stats=True)
    )
    (branch3x3dbl_2): BasicConv2d(
      (conv): Conv2d(64, 96, kernel_size=(3, 3), stride=(1, 1), padding=(1, 1), bias=False)
      (bn): BatchNorm2d(96, eps=0.001, momentum=0.1, affine=True, track_running_stats=True)
    )
    (branch3x3dbl_3): BasicConv2d(
      (conv): Conv2d(96, 96, kernel_size=(3, 3), stride=(1, 1), padding=(1, 1), bias=False)
      (bn): BatchNorm2d(96, eps=0.001, momentum=0.1, affine=True, track_running_stats=True)
    )
    (branch_pool): BasicConv2d(
      (conv): Conv2d(256, 64, kernel_size=(1, 1), stride=(1, 1), bias=False)
      (bn): BatchNorm2d(64, eps=0.001, momentum=0.1, affine=True, track_running_stats=True)
    )
  )
  (Mixed_5d): InceptionA(
    (branch1x1): BasicConv2d(
      (conv): Conv2d(288, 64, kernel_size=(1, 1), stride=(1, 1), bias=False)
      (bn): BatchNorm2d(64, eps=0.001, momentum=0.1, affine=True, track_running_stats=True)
    )
    (branch5x5_1): BasicConv2d(
      (conv): Conv2d(288, 48, kernel_size=(1, 1), stride=(1, 1), bias=False)
      (bn): BatchNorm2d(48, eps=0.001, momentum=0.1, affine=True, track_running_stats=True)
    )
    (branch5x5_2): BasicConv2d(
      (conv): Conv2d(48, 64, kernel_size=(5, 5), stride=(1, 1), padding=(2, 2), bias=False)
      (bn): BatchNorm2d(64, eps=0.001, momentum=0.1, affine=True, track_running_stats=True)
    )
    (branch3x3dbl_1): BasicConv2d(
      (conv): Conv2d(288, 64, kernel_size=(1, 1), stride=(1, 1), bias=False)
      (bn): BatchNorm2d(64, eps=0.001, momentum=0.1, affine=True, track_running_stats=True)
    )
    (branch3x3dbl_2): BasicConv2d(
      (conv): Conv2d(64, 96, kernel_size=(3, 3), stride=(1, 1), padding=(1, 1), bias=False)
      (bn): BatchNorm2d(96, eps=0.001, momentum=0.1, affine=True, track_running_stats=True)
    )
    (branch3x3dbl_3): BasicConv2d(
      (conv): Conv2d(96, 96, kernel_size=(3, 3), stride=(1, 1), padding=(1, 1), bias=False)
      (bn): BatchNorm2d(96, eps=0.001, momentum=0.1, affine=True, track_running_stats=True)
    )
    (branch_pool): BasicConv2d(
      (conv): Conv2d(288, 64, kernel_size=(1, 1), stride=(1, 1), bias=False)
      (bn): BatchNorm2d(64, eps=0.001, momentum=0.1, affine=True, track_running_stats=True)
    )
  )
  (Mixed_6a): InceptionB(
    (branch3x3): BasicConv2d(
      (conv): Conv2d(288, 384, kernel_size=(3, 3), stride=(2, 2), bias=False)
      (bn): BatchNorm2d(384, eps=0.001, momentum=0.1, affine=True, track_running_stats=True)
    )
    (branch3x3dbl_1): BasicConv2d(
      (conv): Conv2d(288, 64, kernel_size=(1, 1), stride=(1, 1), bias=False)
      (bn): BatchNorm2d(64, eps=0.001, momentum=0.1, affine=True, track_running_stats=True)
    )
    (branch3x3dbl_2): BasicConv2d(
      (conv): Conv2d(64, 96, kernel_size=(3, 3), stride=(1, 1), padding=(1, 1), bias=False)
      (bn): BatchNorm2d(96, eps=0.001, momentum=0.1, affine=True, track_running_stats=True)
    )
    (branch3x3dbl_3): BasicConv2d(
      (conv): Conv2d(96, 96, kernel_size=(3, 3), stride=(2, 2), bias=False)
      (bn): BatchNorm2d(96, eps=0.001, momentum=0.1, affine=True, track_running_stats=True)
    )
  )
  (Mixed_6b): InceptionC(
    (branch1x1): BasicConv2d(
      (conv): Conv2d(768, 192, kernel_size=(1, 1), stride=(1, 1), bias=False)
      (bn): BatchNorm2d(192, eps=0.001, momentum=0.1, affine=True, track_running_stats=True)
    )
    (branch7x7_1): BasicConv2d(
      (conv): Conv2d(768, 128, kernel_size=(1, 1), stride=(1, 1), bias=False)
      (bn): BatchNorm2d(128, eps=0.001, momentum=0.1, affine=True, track_running_stats=True)
    )
    (branch7x7_2): BasicConv2d(
      (conv): Conv2d(128, 128, kernel_size=(1, 7), stride=(1, 1), padding=(0, 3), bias=False)
      (bn): BatchNorm2d(128, eps=0.001, momentum=0.1, affine=True, track_running_stats=True)
    )
    (branch7x7_3): BasicConv2d(
      (conv): Conv2d(128, 192, kernel_size=(7, 1), stride=(1, 1), padding=(3, 0), bias=False)
      (bn): BatchNorm2d(192, eps=0.001, momentum=0.1, affine=True, track_running_stats=True)
    )
    (branch7x7dbl_1): BasicConv2d(
      (conv): Conv2d(768, 128, kernel_size=(1, 1), stride=(1, 1), bias=False)
      (bn): BatchNorm2d(128, eps=0.001, momentum=0.1, affine=True, track_running_stats=True)
    )
    (branch7x7dbl_2): BasicConv2d(
      (conv): Conv2d(128, 128, kernel_size=(7, 1), stride=(1, 1), padding=(3, 0), bias=False)
      (bn): BatchNorm2d(128, eps=0.001, momentum=0.1, affine=True, track_running_stats=True)
    )
    (branch7x7dbl_3): BasicConv2d(
      (conv): Conv2d(128, 128, kernel_size=(1, 7), stride=(1, 1), padding=(0, 3), bias=False)
      (bn): BatchNorm2d(128, eps=0.001, momentum=0.1, affine=True, track_running_stats=True)
    )
    (branch7x7dbl_4): BasicConv2d(
      (conv): Conv2d(128, 128, kernel_size=(7, 1), stride=(1, 1), padding=(3, 0), bias=False)
      (bn): BatchNorm2d(128, eps=0.001, momentum=0.1, affine=True, track_running_stats=True)
    )
    (branch7x7dbl_5): BasicConv2d(
      (conv): Conv2d(128, 192, kernel_size=(1, 7), stride=(1, 1), padding=(0, 3), bias=False)
      (bn): BatchNorm2d(192, eps=0.001, momentum=0.1, affine=True, track_running_stats=True)
    )
    (branch_pool): BasicConv2d(
      (conv): Conv2d(768, 192, kernel_size=(1, 1), stride=(1, 1), bias=False)
      (bn): BatchNorm2d(192, eps=0.001, momentum=0.1, affine=True, track_running_stats=True)
    )
  )
  (Mixed_6c): InceptionC(
    (branch1x1): BasicConv2d(
      (conv): Conv2d(768, 192, kernel_size=(1, 1), stride=(1, 1), bias=False)
      (bn): BatchNorm2d(192, eps=0.001, momentum=0.1, affine=True, track_running_stats=True)
    )
    (branch7x7_1): BasicConv2d(
      (conv): Conv2d(768, 160, kernel_size=(1, 1), stride=(1, 1), bias=False)
      (bn): BatchNorm2d(160, eps=0.001, momentum=0.1, affine=True, track_running_stats=True)
    )
    (branch7x7_2): BasicConv2d(
      (conv): Conv2d(160, 160, kernel_size=(1, 7), stride=(1, 1), padding=(0, 3), bias=False)
      (bn): BatchNorm2d(160, eps=0.001, momentum=0.1, affine=True, track_running_stats=True)
    )
    (branch7x7_3): BasicConv2d(
      (conv): Conv2d(160, 192, kernel_size=(7, 1), stride=(1, 1), padding=(3, 0), bias=False)
      (bn): BatchNorm2d(192, eps=0.001, momentum=0.1, affine=True, track_running_stats=True)
    )
    (branch7x7dbl_1): BasicConv2d(
      (conv): Conv2d(768, 160, kernel_size=(1, 1), stride=(1, 1), bias=False)
      (bn): BatchNorm2d(160, eps=0.001, momentum=0.1, affine=True, track_running_stats=True)
    )
    (branch7x7dbl_2): BasicConv2d(
      (conv): Conv2d(160, 160, kernel_size=(7, 1), stride=(1, 1), padding=(3, 0), bias=False)
      (bn): BatchNorm2d(160, eps=0.001, momentum=0.1, affine=True, track_running_stats=True)
    )
    (branch7x7dbl_3): BasicConv2d(
      (conv): Conv2d(160, 160, kernel_size=(1, 7), stride=(1, 1), padding=(0, 3), bias=False)
      (bn): BatchNorm2d(160, eps=0.001, momentum=0.1, affine=True, track_running_stats=True)
    )
    (branch7x7dbl_4): BasicConv2d(
      (conv): Conv2d(160, 160, kernel_size=(7, 1), stride=(1, 1), padding=(3, 0), bias=False)
      (bn): BatchNorm2d(160, eps=0.001, momentum=0.1, affine=True, track_running_stats=True)
    )
    (branch7x7dbl_5): BasicConv2d(
      (conv): Conv2d(160, 192, kernel_size=(1, 7), stride=(1, 1), padding=(0, 3), bias=False)
      (bn): BatchNorm2d(192, eps=0.001, momentum=0.1, affine=True, track_running_stats=True)
    )
    (branch_pool): BasicConv2d(
      (conv): Conv2d(768, 192, kernel_size=(1, 1), stride=(1, 1), bias=False)
      (bn): BatchNorm2d(192, eps=0.001, momentum=0.1, affine=True, track_running_stats=True)
    )
  )
  (Mixed_6d): InceptionC(
    (branch1x1): BasicConv2d(
      (conv): Conv2d(768, 192, kernel_size=(1, 1), stride=(1, 1), bias=False)
      (bn): BatchNorm2d(192, eps=0.001, momentum=0.1, affine=True, track_running_stats=True)
    )
    (branch7x7_1): BasicConv2d(
      (conv): Conv2d(768, 160, kernel_size=(1, 1), stride=(1, 1), bias=False)
      (bn): BatchNorm2d(160, eps=0.001, momentum=0.1, affine=True, track_running_stats=True)
    )
    (branch7x7_2): BasicConv2d(
      (conv): Conv2d(160, 160, kernel_size=(1, 7), stride=(1, 1), padding=(0, 3), bias=False)
      (bn): BatchNorm2d(160, eps=0.001, momentum=0.1, affine=True, track_running_stats=True)
    )
    (branch7x7_3): BasicConv2d(
      (conv): Conv2d(160, 192, kernel_size=(7, 1), stride=(1, 1), padding=(3, 0), bias=False)
      (bn): BatchNorm2d(192, eps=0.001, momentum=0.1, affine=True, track_running_stats=True)
    )
    (branch7x7dbl_1): BasicConv2d(
      (conv): Conv2d(768, 160, kernel_size=(1, 1), stride=(1, 1), bias=False)
      (bn): BatchNorm2d(160, eps=0.001, momentum=0.1, affine=True, track_running_stats=True)
    )
    (branch7x7dbl_2): BasicConv2d(
      (conv): Conv2d(160, 160, kernel_size=(7, 1), stride=(1, 1), padding=(3, 0), bias=False)
      (bn): BatchNorm2d(160, eps=0.001, momentum=0.1, affine=True, track_running_stats=True)
    )
    (branch7x7dbl_3): BasicConv2d(
      (conv): Conv2d(160, 160, kernel_size=(1, 7), stride=(1, 1), padding=(0, 3), bias=False)
      (bn): BatchNorm2d(160, eps=0.001, momentum=0.1, affine=True, track_running_stats=True)
    )
    (branch7x7dbl_4): BasicConv2d(
      (conv): Conv2d(160, 160, kernel_size=(7, 1), stride=(1, 1), padding=(3, 0), bias=False)
      (bn): BatchNorm2d(160, eps=0.001, momentum=0.1, affine=True, track_running_stats=True)
    )
    (branch7x7dbl_5): BasicConv2d(
      (conv): Conv2d(160, 192, kernel_size=(1, 7), stride=(1, 1), padding=(0, 3), bias=False)
      (bn): BatchNorm2d(192, eps=0.001, momentum=0.1, affine=True, track_running_stats=True)
    )
    (branch_pool): BasicConv2d(
      (conv): Conv2d(768, 192, kernel_size=(1, 1), stride=(1, 1), bias=False)
      (bn): BatchNorm2d(192, eps=0.001, momentum=0.1, affine=True, track_running_stats=True)
    )
  )
  (Mixed_6e): InceptionC(
    (branch1x1): BasicConv2d(
      (conv): Conv2d(768, 192, kernel_size=(1, 1), stride=(1, 1), bias=False)
      (bn): BatchNorm2d(192, eps=0.001, momentum=0.1, affine=True, track_running_stats=True)
    )
    (branch7x7_1): BasicConv2d(
      (conv): Conv2d(768, 192, kernel_size=(1, 1), stride=(1, 1), bias=False)
      (bn): BatchNorm2d(192, eps=0.001, momentum=0.1, affine=True, track_running_stats=True)
    )
    (branch7x7_2): BasicConv2d(
      (conv): Conv2d(192, 192, kernel_size=(1, 7), stride=(1, 1), padding=(0, 3), bias=False)
      (bn): BatchNorm2d(192, eps=0.001, momentum=0.1, affine=True, track_running_stats=True)
    )
    (branch7x7_3): BasicConv2d(
      (conv): Conv2d(192, 192, kernel_size=(7, 1), stride=(1, 1), padding=(3, 0), bias=False)
      (bn): BatchNorm2d(192, eps=0.001, momentum=0.1, affine=True, track_running_stats=True)
    )
    (branch7x7dbl_1): BasicConv2d(
      (conv): Conv2d(768, 192, kernel_size=(1, 1), stride=(1, 1), bias=False)
      (bn): BatchNorm2d(192, eps=0.001, momentum=0.1, affine=True, track_running_stats=True)
    )
    (branch7x7dbl_2): BasicConv2d(
      (conv): Conv2d(192, 192, kernel_size=(7, 1), stride=(1, 1), padding=(3, 0), bias=False)
      (bn): BatchNorm2d(192, eps=0.001, momentum=0.1, affine=True, track_running_stats=True)
    )
    (branch7x7dbl_3): BasicConv2d(
      (conv): Conv2d(192, 192, kernel_size=(1, 7), stride=(1, 1), padding=(0, 3), bias=False)
      (bn): BatchNorm2d(192, eps=0.001, momentum=0.1, affine=True, track_running_stats=True)
    )
    (branch7x7dbl_4): BasicConv2d(
      (conv): Conv2d(192, 192, kernel_size=(7, 1), stride=(1, 1), padding=(3, 0), bias=False)
      (bn): BatchNorm2d(192, eps=0.001, momentum=0.1, affine=True, track_running_stats=True)
    )
    (branch7x7dbl_5): BasicConv2d(
      (conv): Conv2d(192, 192, kernel_size=(1, 7), stride=(1, 1), padding=(0, 3), bias=False)
      (bn): BatchNorm2d(192, eps=0.001, momentum=0.1, affine=True, track_running_stats=True)
    )
    (branch_pool): BasicConv2d(
      (conv): Conv2d(768, 192, kernel_size=(1, 1), stride=(1, 1), bias=False)
      (bn): BatchNorm2d(192, eps=0.001, momentum=0.1, affine=True, track_running_stats=True)
    )
  )
  (AuxLogits): InceptionAux(
    (conv0): BasicConv2d(
      (conv): Conv2d(768, 128, kernel_size=(1, 1), stride=(1, 1), bias=False)
      (bn): BatchNorm2d(128, eps=0.001, momentum=0.1, affine=True, track_running_stats=True)
    )
    (conv1): BasicConv2d(
      (conv): Conv2d(128, 768, kernel_size=(5, 5), stride=(1, 1), bias=False)
      (bn): BatchNorm2d(768, eps=0.001, momentum=0.1, affine=True, track_running_stats=True)
    )
    (fc): Linear(in_features=768, out_features=1000, bias=True)
  )
  (Mixed_7a): InceptionD(
    (branch3x3_1): BasicConv2d(
      (conv): Conv2d(768, 192, kernel_size=(1, 1), stride=(1, 1), bias=False)
      (bn): BatchNorm2d(192, eps=0.001, momentum=0.1, affine=True, track_running_stats=True)
    )
    (branch3x3_2): BasicConv2d(
      (conv): Conv2d(192, 320, kernel_size=(3, 3), stride=(2, 2), bias=False)
      (bn): BatchNorm2d(320, eps=0.001, momentum=0.1, affine=True, track_running_stats=True)
    )
    (branch7x7x3_1): BasicConv2d(
      (conv): Conv2d(768, 192, kernel_size=(1, 1), stride=(1, 1), bias=False)
      (bn): BatchNorm2d(192, eps=0.001, momentum=0.1, affine=True, track_running_stats=True)
    )
    (branch7x7x3_2): BasicConv2d(
      (conv): Conv2d(192, 192, kernel_size=(1, 7), stride=(1, 1), padding=(0, 3), bias=False)
      (bn): BatchNorm2d(192, eps=0.001, momentum=0.1, affine=True, track_running_stats=True)
    )
    (branch7x7x3_3): BasicConv2d(
      (conv): Conv2d(192, 192, kernel_size=(7, 1), stride=(1, 1), padding=(3, 0), bias=False)
      (bn): BatchNorm2d(192, eps=0.001, momentum=0.1, affine=True, track_running_stats=True)
    )
    (branch7x7x3_4): BasicConv2d(
      (conv): Conv2d(192, 192, kernel_size=(3, 3), stride=(2, 2), bias=False)
      (bn): BatchNorm2d(192, eps=0.001, momentum=0.1, affine=True, track_running_stats=True)
    )
  )
  (Mixed_7b): InceptionE(
    (branch1x1): BasicConv2d(
      (conv): Conv2d(1280, 320, kernel_size=(1, 1), stride=(1, 1), bias=False)
      (bn): BatchNorm2d(320, eps=0.001, momentum=0.1, affine=True, track_running_stats=True)
    )
    (branch3x3_1): BasicConv2d(
      (conv): Conv2d(1280, 384, kernel_size=(1, 1), stride=(1, 1), bias=False)
      (bn): BatchNorm2d(384, eps=0.001, momentum=0.1, affine=True, track_running_stats=True)
    )
    (branch3x3_2a): BasicConv2d(
      (conv): Conv2d(384, 384, kernel_size=(1, 3), stride=(1, 1), padding=(0, 1), bias=False)
      (bn): BatchNorm2d(384, eps=0.001, momentum=0.1, affine=True, track_running_stats=True)
    )
    (branch3x3_2b): BasicConv2d(
      (conv): Conv2d(384, 384, kernel_size=(3, 1), stride=(1, 1), padding=(1, 0), bias=False)
      (bn): BatchNorm2d(384, eps=0.001, momentum=0.1, affine=True, track_running_stats=True)
    )
    (branch3x3dbl_1): BasicConv2d(
      (conv): Conv2d(1280, 448, kernel_size=(1, 1), stride=(1, 1), bias=False)
      (bn): BatchNorm2d(448, eps=0.001, momentum=0.1, affine=True, track_running_stats=True)
    )
    (branch3x3dbl_2): BasicConv2d(
      (conv): Conv2d(448, 384, kernel_size=(3, 3), stride=(1, 1), padding=(1, 1), bias=False)
      (bn): BatchNorm2d(384, eps=0.001, momentum=0.1, affine=True, track_running_stats=True)
    )
    (branch3x3dbl_3a): BasicConv2d(
      (conv): Conv2d(384, 384, kernel_size=(1, 3), stride=(1, 1), padding=(0, 1), bias=False)
      (bn): BatchNorm2d(384, eps=0.001, momentum=0.1, affine=True, track_running_stats=True)
    )
    (branch3x3dbl_3b): BasicConv2d(
      (conv): Conv2d(384, 384, kernel_size=(3, 1), stride=(1, 1), padding=(1, 0), bias=False)
      (bn): BatchNorm2d(384, eps=0.001, momentum=0.1, affine=True, track_running_stats=True)
    )
    (branch_pool): BasicConv2d(
      (conv): Conv2d(1280, 192, kernel_size=(1, 1), stride=(1, 1), bias=False)
      (bn): BatchNorm2d(192, eps=0.001, momentum=0.1, affine=True, track_running_stats=True)
    )
  )
  (Mixed_7c): InceptionE(
    (branch1x1): BasicConv2d(
      (conv): Conv2d(2048, 320, kernel_size=(1, 1), stride=(1, 1), bias=False)
      (bn): BatchNorm2d(320, eps=0.001, momentum=0.1, affine=True, track_running_stats=True)
    )
    (branch3x3_1): BasicConv2d(
      (conv): Conv2d(2048, 384, kernel_size=(1, 1), stride=(1, 1), bias=False)
      (bn): BatchNorm2d(384, eps=0.001, momentum=0.1, affine=True, track_running_stats=True)
    )
    (branch3x3_2a): BasicConv2d(
      (conv): Conv2d(384, 384, kernel_size=(1, 3), stride=(1, 1), padding=(0, 1), bias=False)
      (bn): BatchNorm2d(384, eps=0.001, momentum=0.1, affine=True, track_running_stats=True)
    )
    (branch3x3_2b): BasicConv2d(
      (conv): Conv2d(384, 384, kernel_size=(3, 1), stride=(1, 1), padding=(1, 0), bias=False)
      (bn): BatchNorm2d(384, eps=0.001, momentum=0.1, affine=True, track_running_stats=True)
    )
    (branch3x3dbl_1): BasicConv2d(
      (conv): Conv2d(2048, 448, kernel_size=(1, 1), stride=(1, 1), bias=False)
      (bn): BatchNorm2d(448, eps=0.001, momentum=0.1, affine=True, track_running_stats=True)
    )
    (branch3x3dbl_2): BasicConv2d(
      (conv): Conv2d(448, 384, kernel_size=(3, 3), stride=(1, 1), padding=(1, 1), bias=False)
      (bn): BatchNorm2d(384, eps=0.001, momentum=0.1, affine=True, track_running_stats=True)
    )
    (branch3x3dbl_3a): BasicConv2d(
      (conv): Conv2d(384, 384, kernel_size=(1, 3), stride=(1, 1), padding=(0, 1), bias=False)
      (bn): BatchNorm2d(384, eps=0.001, momentum=0.1, affine=True, track_running_stats=True)
    )
    (branch3x3dbl_3b): BasicConv2d(
      (conv): Conv2d(384, 384, kernel_size=(3, 1), stride=(1, 1), padding=(1, 0), bias=False)
      (bn): BatchNorm2d(384, eps=0.001, momentum=0.1, affine=True, track_running_stats=True)
    )
    (branch_pool): BasicConv2d(
      (conv): Conv2d(2048, 192, kernel_size=(1, 1), stride=(1, 1), bias=False)
      (bn): BatchNorm2d(192, eps=0.001, momentum=0.1, affine=True, track_running_stats=True)
    )
  )
  (avgpool): AdaptiveAvgPool2d(output_size=(1, 1))
  (dropout): Dropout(p=0.5, inplace=False)
  (fc): Linear(in_features=2048, out_features=1000, bias=True)
)
Model classifier architecture is Linear(in_features=2048, out_features=10, bias=True)
Features frozen on epoch 0
(0) parameter.requires_grad = False
(1) parameter.requires_grad = False
(2) parameter.requires_grad = False
(3) parameter.requires_grad = False
(4) parameter.requires_grad = False
(5) parameter.requires_grad = False
(6) parameter.requires_grad = False
(7) parameter.requires_grad = False
(8) parameter.requires_grad = False
(9) parameter.requires_grad = False
(10) parameter.requires_grad = False
(11) parameter.requires_grad = False
(12) parameter.requires_grad = False
(13) parameter.requires_grad = False
(14) parameter.requires_grad = False
(15) parameter.requires_grad = False
(16) parameter.requires_grad = False
(17) parameter.requires_grad = False
(18) parameter.requires_grad = False
(19) parameter.requires_grad = False
(20) parameter.requires_grad = False
(21) parameter.requires_grad = False
(22) parameter.requires_grad = False
(23) parameter.requires_grad = False
(24) parameter.requires_grad = False
(25) parameter.requires_grad = False
(26) parameter.requires_grad = False
(27) parameter.requires_grad = False
(28) parameter.requires_grad = False
(29) parameter.requires_grad = False
(30) parameter.requires_grad = False
(31) parameter.requires_grad = False
(32) parameter.requires_grad = False
(33) parameter.requires_grad = False
(34) parameter.requires_grad = False
(35) parameter.requires_grad = False
(36) parameter.requires_grad = False
(37) parameter.requires_grad = False
(38) parameter.requires_grad = False
(39) parameter.requires_grad = False
(40) parameter.requires_grad = False
(41) parameter.requires_grad = False
(42) parameter.requires_grad = False
(43) parameter.requires_grad = False
(44) parameter.requires_grad = False
(45) parameter.requires_grad = False
(46) parameter.requires_grad = False
(47) parameter.requires_grad = False
(48) parameter.requires_grad = False
(49) parameter.requires_grad = False
(50) parameter.requires_grad = False
(51) parameter.requires_grad = False
(52) parameter.requires_grad = False
(53) parameter.requires_grad = False
(54) parameter.requires_grad = False
(55) parameter.requires_grad = False
(56) parameter.requires_grad = False
(57) parameter.requires_grad = False
(58) parameter.requires_grad = False
(59) parameter.requires_grad = False
(60) parameter.requires_grad = False
(61) parameter.requires_grad = False
(62) parameter.requires_grad = False
(63) parameter.requires_grad = False
(64) parameter.requires_grad = False
(65) parameter.requires_grad = False
(66) parameter.requires_grad = False
(67) parameter.requires_grad = False
(68) parameter.requires_grad = False
(69) parameter.requires_grad = False
(70) parameter.requires_grad = False
(71) parameter.requires_grad = False
(72) parameter.requires_grad = False
(73) parameter.requires_grad = False
(74) parameter.requires_grad = False
(75) parameter.requires_grad = False
(76) parameter.requires_grad = False
(77) parameter.requires_grad = False
(78) parameter.requires_grad = False
(79) parameter.requires_grad = False
(80) parameter.requires_grad = False
(81) parameter.requires_grad = False
(82) parameter.requires_grad = False
(83) parameter.requires_grad = False
(84) parameter.requires_grad = False
(85) parameter.requires_grad = False
(86) parameter.requires_grad = False
(87) parameter.requires_grad = False
(88) parameter.requires_grad = False
(89) parameter.requires_grad = False
(90) parameter.requires_grad = False
(91) parameter.requires_grad = False
(92) parameter.requires_grad = False
(93) parameter.requires_grad = False
(94) parameter.requires_grad = False
(95) parameter.requires_grad = False
(96) parameter.requires_grad = False
(97) parameter.requires_grad = False
(98) parameter.requires_grad = False
(99) parameter.requires_grad = False
(100) parameter.requires_grad = False
(101) parameter.requires_grad = False
(102) parameter.requires_grad = False
(103) parameter.requires_grad = False
(104) parameter.requires_grad = False
(105) parameter.requires_grad = False
(106) parameter.requires_grad = False
(107) parameter.requires_grad = False
(108) parameter.requires_grad = False
(109) parameter.requires_grad = False
(110) parameter.requires_grad = False
(111) parameter.requires_grad = False
(112) parameter.requires_grad = False
(113) parameter.requires_grad = False
(114) parameter.requires_grad = False
(115) parameter.requires_grad = False
(116) parameter.requires_grad = False
(117) parameter.requires_grad = False
(118) parameter.requires_grad = False
(119) parameter.requires_grad = False
(120) parameter.requires_grad = False
(121) parameter.requires_grad = False
(122) parameter.requires_grad = False
(123) parameter.requires_grad = False
(124) parameter.requires_grad = False
(125) parameter.requires_grad = False
(126) parameter.requires_grad = False
(127) parameter.requires_grad = False
(128) parameter.requires_grad = False
(129) parameter.requires_grad = False
(130) parameter.requires_grad = False
(131) parameter.requires_grad = False
(132) parameter.requires_grad = False
(133) parameter.requires_grad = False
(134) parameter.requires_grad = False
(135) parameter.requires_grad = False
(136) parameter.requires_grad = False
(137) parameter.requires_grad = False
(138) parameter.requires_grad = False
(139) parameter.requires_grad = False
(140) parameter.requires_grad = False
(141) parameter.requires_grad = False
(142) parameter.requires_grad = False
(143) parameter.requires_grad = False
(144) parameter.requires_grad = False
(145) parameter.requires_grad = False
(146) parameter.requires_grad = False
(147) parameter.requires_grad = False
(148) parameter.requires_grad = False
(149) parameter.requires_grad = False
(150) parameter.requires_grad = False
(151) parameter.requires_grad = False
(152) parameter.requires_grad = False
(153) parameter.requires_grad = False
(154) parameter.requires_grad = False
(155) parameter.requires_grad = False
(156) parameter.requires_grad = False
(157) parameter.requires_grad = False
(158) parameter.requires_grad = False
(159) parameter.requires_grad = False
(160) parameter.requires_grad = False
(161) parameter.requires_grad = False
(162) parameter.requires_grad = False
(163) parameter.requires_grad = False
(164) parameter.requires_grad = False
(165) parameter.requires_grad = False
(166) parameter.requires_grad = False
(167) parameter.requires_grad = False
(168) parameter.requires_grad = False
(169) parameter.requires_grad = False
(170) parameter.requires_grad = False
(171) parameter.requires_grad = False
(172) parameter.requires_grad = False
(173) parameter.requires_grad = False
(174) parameter.requires_grad = False
(175) parameter.requires_grad = False
(176) parameter.requires_grad = False
(177) parameter.requires_grad = False
(178) parameter.requires_grad = False
(179) parameter.requires_grad = False
(180) parameter.requires_grad = False
(181) parameter.requires_grad = False
(182) parameter.requires_grad = False
(183) parameter.requires_grad = False
(184) parameter.requires_grad = False
(185) parameter.requires_grad = False
(186) parameter.requires_grad = False
(187) parameter.requires_grad = False
(188) parameter.requires_grad = False
(189) parameter.requires_grad = False
(190) parameter.requires_grad = False
(191) parameter.requires_grad = False
(192) parameter.requires_grad = False
(193) parameter.requires_grad = False
(194) parameter.requires_grad = False
(195) parameter.requires_grad = False
(196) parameter.requires_grad = False
(197) parameter.requires_grad = False
(198) parameter.requires_grad = False
(199) parameter.requires_grad = False
(200) parameter.requires_grad = False
(201) parameter.requires_grad = False
(202) parameter.requires_grad = False
(203) parameter.requires_grad = False
(204) parameter.requires_grad = False
(205) parameter.requires_grad = False
(206) parameter.requires_grad = False
(207) parameter.requires_grad = False
(208) parameter.requires_grad = False
(209) parameter.requires_grad = False
(210) parameter.requires_grad = False
(211) parameter.requires_grad = False
(212) parameter.requires_grad = False
(213) parameter.requires_grad = False
(214) parameter.requires_grad = False
(215) parameter.requires_grad = False
(216) parameter.requires_grad = False
(217) parameter.requires_grad = False
(218) parameter.requires_grad = False
(219) parameter.requires_grad = False
(220) parameter.requires_grad = False
(221) parameter.requires_grad = False
(222) parameter.requires_grad = False
(223) parameter.requires_grad = False
(224) parameter.requires_grad = False
(225) parameter.requires_grad = False
(226) parameter.requires_grad = False
(227) parameter.requires_grad = False
(228) parameter.requires_grad = False
(229) parameter.requires_grad = False
(230) parameter.requires_grad = False
(231) parameter.requires_grad = False
(232) parameter.requires_grad = False
(233) parameter.requires_grad = False
(234) parameter.requires_grad = False
(235) parameter.requires_grad = False
(236) parameter.requires_grad = False
(237) parameter.requires_grad = False
(238) parameter.requires_grad = False
(239) parameter.requires_grad = False
(240) parameter.requires_grad = False
(241) parameter.requires_grad = False
(242) parameter.requires_grad = False
(243) parameter.requires_grad = False
(244) parameter.requires_grad = False
(245) parameter.requires_grad = False
(246) parameter.requires_grad = False
(247) parameter.requires_grad = False
(248) parameter.requires_grad = False
(249) parameter.requires_grad = False
(250) parameter.requires_grad = False
(251) parameter.requires_grad = False
(252) parameter.requires_grad = False
(253) parameter.requires_grad = False
(254) parameter.requires_grad = False
(255) parameter.requires_grad = False
(256) parameter.requires_grad = False
(257) parameter.requires_grad = False
(258) parameter.requires_grad = False
(259) parameter.requires_grad = False
(260) parameter.requires_grad = False
(261) parameter.requires_grad = False
(262) parameter.requires_grad = False
(263) parameter.requires_grad = False
(264) parameter.requires_grad = False
(265) parameter.requires_grad = False
(266) parameter.requires_grad = False
(267) parameter.requires_grad = False
(268) parameter.requires_grad = False
(269) parameter.requires_grad = False
(270) parameter.requires_grad = False
(271) parameter.requires_grad = False
(272) parameter.requires_grad = False
(273) parameter.requires_grad = False
(274) parameter.requires_grad = False
(275) parameter.requires_grad = False
(276) parameter.requires_grad = False
(277) parameter.requires_grad = False
(278) parameter.requires_grad = False
(279) parameter.requires_grad = False
(280) parameter.requires_grad = False
(281) parameter.requires_grad = False
(282) parameter.requires_grad = False
(283) parameter.requires_grad = False
(284) parameter.requires_grad = False
(285) parameter.requires_grad = False
(286) parameter.requires_grad = False
(287) parameter.requires_grad = False
(288) parameter.requires_grad = False
(289) parameter.requires_grad = False
(290) parameter.requires_grad = True
(291) parameter.requires_grad = True
Training: epoch=0 step=78/3125 loss=2.27661 accuracy=16.45570 runtime_forward_ms=67.79754 runtime_backward_ms=1.75826.
Training: epoch=0 step=157/3125 loss=2.18257 accuracy=23.02215 runtime_forward_ms=55.20087 runtime_backward_ms=1.39521.
Training: epoch=0 step=236/3125 loss=2.10733 accuracy=29.27215 runtime_forward_ms=55.26319 runtime_backward_ms=1.59418.
Training: epoch=0 step=315/3125 loss=2.01506 accuracy=37.34177 runtime_forward_ms=56.45768 runtime_backward_ms=0.99269.
Training: epoch=0 step=394/3125 loss=1.95492 accuracy=39.79430 runtime_forward_ms=56.12964 runtime_backward_ms=1.52384.
Training: epoch=0 step=473/3125 loss=1.88404 accuracy=43.59177 runtime_forward_ms=57.02100 runtime_backward_ms=0.57875.
Training: epoch=0 step=552/3125 loss=1.82693 accuracy=48.10127 runtime_forward_ms=55.84419 runtime_backward_ms=1.29660.
Training: epoch=0 step=631/3125 loss=1.79007 accuracy=45.64874 runtime_forward_ms=55.53029 runtime_backward_ms=1.60966.
Training: epoch=0 step=710/3125 loss=1.71024 accuracy=50.87025 runtime_forward_ms=56.03779 runtime_backward_ms=1.33254.
Training: epoch=0 step=789/3125 loss=1.71251 accuracy=50.00000 runtime_forward_ms=56.32391 runtime_backward_ms=0.74591.
Training: epoch=0 step=868/3125 loss=1.65896 accuracy=52.61076 runtime_forward_ms=55.93367 runtime_backward_ms=1.47756.
Training: epoch=0 step=947/3125 loss=1.60445 accuracy=54.74684 runtime_forward_ms=55.44377 runtime_backward_ms=1.64305.
Training: epoch=0 step=1026/3125 loss=1.55338 accuracy=56.72469 runtime_forward_ms=56.18068 runtime_backward_ms=1.02381.
Training: epoch=0 step=1105/3125 loss=1.55517 accuracy=56.25000 runtime_forward_ms=56.10361 runtime_backward_ms=1.49905.
Training: epoch=0 step=1184/3125 loss=1.53521 accuracy=55.37975 runtime_forward_ms=55.13675 runtime_backward_ms=1.50446.
Training: epoch=0 step=1263/3125 loss=1.50876 accuracy=56.56646 runtime_forward_ms=54.99430 runtime_backward_ms=1.96509.
Training: epoch=0 step=1342/3125 loss=1.49117 accuracy=54.98418 runtime_forward_ms=56.01103 runtime_backward_ms=1.33085.
Training: epoch=0 step=1421/3125 loss=1.44241 accuracy=58.93988 runtime_forward_ms=55.77208 runtime_backward_ms=0.97089.
Training: epoch=0 step=1500/3125 loss=1.48440 accuracy=54.74684 runtime_forward_ms=55.93007 runtime_backward_ms=1.41474.
Training: epoch=0 step=1579/3125 loss=1.40895 accuracy=59.33545 runtime_forward_ms=55.84992 runtime_backward_ms=1.05778.
Training: epoch=0 step=1658/3125 loss=1.41672 accuracy=58.38608 runtime_forward_ms=56.61931 runtime_backward_ms=2.06419.
Training: epoch=0 step=1737/3125 loss=1.37118 accuracy=58.78165 runtime_forward_ms=55.69453 runtime_backward_ms=0.93205.
Training: epoch=0 step=1816/3125 loss=1.37638 accuracy=59.49367 runtime_forward_ms=56.83672 runtime_backward_ms=0.46775.
Training: epoch=0 step=1895/3125 loss=1.35406 accuracy=58.14874 runtime_forward_ms=55.93440 runtime_backward_ms=0.90102.
Training: epoch=0 step=1974/3125 loss=1.35365 accuracy=58.22785 runtime_forward_ms=56.83618 runtime_backward_ms=1.32786.
Training: epoch=0 step=2053/3125 loss=1.33370 accuracy=58.62342 runtime_forward_ms=55.45170 runtime_backward_ms=1.54282.
Training: epoch=0 step=2132/3125 loss=1.27835 accuracy=59.96836 runtime_forward_ms=55.52088 runtime_backward_ms=1.19251.
Training: epoch=0 step=2211/3125 loss=1.28149 accuracy=60.12658 runtime_forward_ms=55.34869 runtime_backward_ms=2.37210.
Training: epoch=0 step=2290/3125 loss=1.32079 accuracy=59.41456 runtime_forward_ms=55.93906 runtime_backward_ms=1.80750.
Training: epoch=0 step=2369/3125 loss=1.32182 accuracy=58.38608 runtime_forward_ms=57.12887 runtime_backward_ms=1.19805.
Training: epoch=0 step=2448/3125 loss=1.28824 accuracy=61.23418 runtime_forward_ms=55.29618 runtime_backward_ms=1.75642.
Training: epoch=0 step=2527/3125 loss=1.23619 accuracy=60.52215 runtime_forward_ms=55.92139 runtime_backward_ms=1.21491.
Training: epoch=0 step=2606/3125 loss=1.24698 accuracy=60.68038 runtime_forward_ms=56.15050 runtime_backward_ms=0.78964.
Training: epoch=0 step=2685/3125 loss=1.24932 accuracy=60.20570 runtime_forward_ms=56.07207 runtime_backward_ms=0.72957.
Training: epoch=0 step=2764/3125 loss=1.26878 accuracy=58.46519 runtime_forward_ms=56.13328 runtime_backward_ms=1.42985.
Training: epoch=0 step=2843/3125 loss=1.20384 accuracy=62.34177 runtime_forward_ms=55.93508 runtime_backward_ms=0.54738.
Training: epoch=0 step=2922/3125 loss=1.23035 accuracy=59.01899 runtime_forward_ms=56.38617 runtime_backward_ms=0.42637.
Training: epoch=0 step=3001/3125 loss=1.19145 accuracy=62.57912 runtime_forward_ms=56.73865 runtime_backward_ms=1.19506.
Training: epoch=0 step=3080/3125 loss=1.30356 accuracy=55.93354 runtime_forward_ms=56.16343 runtime_backward_ms=1.08780.
Validation: epoch=0 training_step=3124 loss=1.10525 accuracy=67.11000 runtime_forward_ms=52.98353.
--- End of Epoch: epoch=0 training_step=3124 training_loss=1.30356 training_accuracy=55.93354 validation_loss=1.10525 validation_accuracy=67.11000.
Features frozen on epoch 1
(0) parameter.requires_grad = False
(1) parameter.requires_grad = False
(2) parameter.requires_grad = False
(3) parameter.requires_grad = False
(4) parameter.requires_grad = False
(5) parameter.requires_grad = False
(6) parameter.requires_grad = False
(7) parameter.requires_grad = False
(8) parameter.requires_grad = False
(9) parameter.requires_grad = False
(10) parameter.requires_grad = False
(11) parameter.requires_grad = False
(12) parameter.requires_grad = False
(13) parameter.requires_grad = False
(14) parameter.requires_grad = False
(15) parameter.requires_grad = False
(16) parameter.requires_grad = False
(17) parameter.requires_grad = False
(18) parameter.requires_grad = False
(19) parameter.requires_grad = False
(20) parameter.requires_grad = False
(21) parameter.requires_grad = False
(22) parameter.requires_grad = False
(23) parameter.requires_grad = False
(24) parameter.requires_grad = False
(25) parameter.requires_grad = False
(26) parameter.requires_grad = False
(27) parameter.requires_grad = False
(28) parameter.requires_grad = False
(29) parameter.requires_grad = False
(30) parameter.requires_grad = False
(31) parameter.requires_grad = False
(32) parameter.requires_grad = False
(33) parameter.requires_grad = False
(34) parameter.requires_grad = False
(35) parameter.requires_grad = False
(36) parameter.requires_grad = False
(37) parameter.requires_grad = False
(38) parameter.requires_grad = False
(39) parameter.requires_grad = False
(40) parameter.requires_grad = False
(41) parameter.requires_grad = False
(42) parameter.requires_grad = False
(43) parameter.requires_grad = False
(44) parameter.requires_grad = False
(45) parameter.requires_grad = False
(46) parameter.requires_grad = False
(47) parameter.requires_grad = False
(48) parameter.requires_grad = False
(49) parameter.requires_grad = False
(50) parameter.requires_grad = False
(51) parameter.requires_grad = False
(52) parameter.requires_grad = False
(53) parameter.requires_grad = False
(54) parameter.requires_grad = False
(55) parameter.requires_grad = False
(56) parameter.requires_grad = False
(57) parameter.requires_grad = False
(58) parameter.requires_grad = False
(59) parameter.requires_grad = False
(60) parameter.requires_grad = False
(61) parameter.requires_grad = False
(62) parameter.requires_grad = False
(63) parameter.requires_grad = False
(64) parameter.requires_grad = False
(65) parameter.requires_grad = False
(66) parameter.requires_grad = False
(67) parameter.requires_grad = False
(68) parameter.requires_grad = False
(69) parameter.requires_grad = False
(70) parameter.requires_grad = False
(71) parameter.requires_grad = False
(72) parameter.requires_grad = False
(73) parameter.requires_grad = False
(74) parameter.requires_grad = False
(75) parameter.requires_grad = False
(76) parameter.requires_grad = False
(77) parameter.requires_grad = False
(78) parameter.requires_grad = False
(79) parameter.requires_grad = False
(80) parameter.requires_grad = False
(81) parameter.requires_grad = False
(82) parameter.requires_grad = False
(83) parameter.requires_grad = False
(84) parameter.requires_grad = False
(85) parameter.requires_grad = False
(86) parameter.requires_grad = False
(87) parameter.requires_grad = False
(88) parameter.requires_grad = False
(89) parameter.requires_grad = False
(90) parameter.requires_grad = False
(91) parameter.requires_grad = False
(92) parameter.requires_grad = False
(93) parameter.requires_grad = False
(94) parameter.requires_grad = False
(95) parameter.requires_grad = False
(96) parameter.requires_grad = False
(97) parameter.requires_grad = False
(98) parameter.requires_grad = False
(99) parameter.requires_grad = False
(100) parameter.requires_grad = False
(101) parameter.requires_grad = False
(102) parameter.requires_grad = False
(103) parameter.requires_grad = False
(104) parameter.requires_grad = False
(105) parameter.requires_grad = False
(106) parameter.requires_grad = False
(107) parameter.requires_grad = False
(108) parameter.requires_grad = False
(109) parameter.requires_grad = False
(110) parameter.requires_grad = False
(111) parameter.requires_grad = False
(112) parameter.requires_grad = False
(113) parameter.requires_grad = False
(114) parameter.requires_grad = False
(115) parameter.requires_grad = False
(116) parameter.requires_grad = False
(117) parameter.requires_grad = False
(118) parameter.requires_grad = False
(119) parameter.requires_grad = False
(120) parameter.requires_grad = False
(121) parameter.requires_grad = False
(122) parameter.requires_grad = False
(123) parameter.requires_grad = False
(124) parameter.requires_grad = False
(125) parameter.requires_grad = False
(126) parameter.requires_grad = False
(127) parameter.requires_grad = False
(128) parameter.requires_grad = False
(129) parameter.requires_grad = False
(130) parameter.requires_grad = False
(131) parameter.requires_grad = False
(132) parameter.requires_grad = False
(133) parameter.requires_grad = False
(134) parameter.requires_grad = False
(135) parameter.requires_grad = False
(136) parameter.requires_grad = False
(137) parameter.requires_grad = False
(138) parameter.requires_grad = False
(139) parameter.requires_grad = False
(140) parameter.requires_grad = False
(141) parameter.requires_grad = False
(142) parameter.requires_grad = False
(143) parameter.requires_grad = False
(144) parameter.requires_grad = False
(145) parameter.requires_grad = False
(146) parameter.requires_grad = False
(147) parameter.requires_grad = False
(148) parameter.requires_grad = False
(149) parameter.requires_grad = False
(150) parameter.requires_grad = False
(151) parameter.requires_grad = False
(152) parameter.requires_grad = False
(153) parameter.requires_grad = False
(154) parameter.requires_grad = False
(155) parameter.requires_grad = False
(156) parameter.requires_grad = False
(157) parameter.requires_grad = False
(158) parameter.requires_grad = False
(159) parameter.requires_grad = False
(160) parameter.requires_grad = False
(161) parameter.requires_grad = False
(162) parameter.requires_grad = False
(163) parameter.requires_grad = False
(164) parameter.requires_grad = False
(165) parameter.requires_grad = False
(166) parameter.requires_grad = False
(167) parameter.requires_grad = False
(168) parameter.requires_grad = False
(169) parameter.requires_grad = False
(170) parameter.requires_grad = False
(171) parameter.requires_grad = False
(172) parameter.requires_grad = False
(173) parameter.requires_grad = False
(174) parameter.requires_grad = False
(175) parameter.requires_grad = False
(176) parameter.requires_grad = False
(177) parameter.requires_grad = False
(178) parameter.requires_grad = False
(179) parameter.requires_grad = False
(180) parameter.requires_grad = False
(181) parameter.requires_grad = False
(182) parameter.requires_grad = False
(183) parameter.requires_grad = False
(184) parameter.requires_grad = False
(185) parameter.requires_grad = False
(186) parameter.requires_grad = False
(187) parameter.requires_grad = False
(188) parameter.requires_grad = False
(189) parameter.requires_grad = False
(190) parameter.requires_grad = False
(191) parameter.requires_grad = False
(192) parameter.requires_grad = False
(193) parameter.requires_grad = False
(194) parameter.requires_grad = False
(195) parameter.requires_grad = False
(196) parameter.requires_grad = False
(197) parameter.requires_grad = False
(198) parameter.requires_grad = False
(199) parameter.requires_grad = False
(200) parameter.requires_grad = False
(201) parameter.requires_grad = False
(202) parameter.requires_grad = False
(203) parameter.requires_grad = False
(204) parameter.requires_grad = False
(205) parameter.requires_grad = False
(206) parameter.requires_grad = False
(207) parameter.requires_grad = False
(208) parameter.requires_grad = False
(209) parameter.requires_grad = False
(210) parameter.requires_grad = False
(211) parameter.requires_grad = False
(212) parameter.requires_grad = False
(213) parameter.requires_grad = False
(214) parameter.requires_grad = False
(215) parameter.requires_grad = False
(216) parameter.requires_grad = False
(217) parameter.requires_grad = False
(218) parameter.requires_grad = False
(219) parameter.requires_grad = False
(220) parameter.requires_grad = False
(221) parameter.requires_grad = False
(222) parameter.requires_grad = False
(223) parameter.requires_grad = False
(224) parameter.requires_grad = False
(225) parameter.requires_grad = False
(226) parameter.requires_grad = False
(227) parameter.requires_grad = False
(228) parameter.requires_grad = False
(229) parameter.requires_grad = False
(230) parameter.requires_grad = False
(231) parameter.requires_grad = False
(232) parameter.requires_grad = False
(233) parameter.requires_grad = False
(234) parameter.requires_grad = False
(235) parameter.requires_grad = False
(236) parameter.requires_grad = False
(237) parameter.requires_grad = False
(238) parameter.requires_grad = False
(239) parameter.requires_grad = False
(240) parameter.requires_grad = False
(241) parameter.requires_grad = False
(242) parameter.requires_grad = False
(243) parameter.requires_grad = False
(244) parameter.requires_grad = False
(245) parameter.requires_grad = False
(246) parameter.requires_grad = False
(247) parameter.requires_grad = False
(248) parameter.requires_grad = False
(249) parameter.requires_grad = False
(250) parameter.requires_grad = False
(251) parameter.requires_grad = False
(252) parameter.requires_grad = False
(253) parameter.requires_grad = False
(254) parameter.requires_grad = False
(255) parameter.requires_grad = False
(256) parameter.requires_grad = False
(257) parameter.requires_grad = False
(258) parameter.requires_grad = False
(259) parameter.requires_grad = False
(260) parameter.requires_grad = False
(261) parameter.requires_grad = False
(262) parameter.requires_grad = False
(263) parameter.requires_grad = False
(264) parameter.requires_grad = False
(265) parameter.requires_grad = False
(266) parameter.requires_grad = False
(267) parameter.requires_grad = False
(268) parameter.requires_grad = False
(269) parameter.requires_grad = False
(270) parameter.requires_grad = False
(271) parameter.requires_grad = False
(272) parameter.requires_grad = False
(273) parameter.requires_grad = False
(274) parameter.requires_grad = False
(275) parameter.requires_grad = False
(276) parameter.requires_grad = False
(277) parameter.requires_grad = False
(278) parameter.requires_grad = False
(279) parameter.requires_grad = False
(280) parameter.requires_grad = False
(281) parameter.requires_grad = False
(282) parameter.requires_grad = False
(283) parameter.requires_grad = False
(284) parameter.requires_grad = False
(285) parameter.requires_grad = False
(286) parameter.requires_grad = False
(287) parameter.requires_grad = False
(288) parameter.requires_grad = False
(289) parameter.requires_grad = False
(290) parameter.requires_grad = True
(291) parameter.requires_grad = True
Training: epoch=1 step=78/3125 loss=1.20608 accuracy=60.68038 runtime_forward_ms=56.84268 runtime_backward_ms=0.44098.
Training: epoch=1 step=157/3125 loss=1.22631 accuracy=60.68038 runtime_forward_ms=54.95014 runtime_backward_ms=1.46683.
Training: epoch=1 step=236/3125 loss=1.18759 accuracy=62.57912 runtime_forward_ms=55.74389 runtime_backward_ms=1.07727.
Training: epoch=1 step=315/3125 loss=1.21501 accuracy=62.89557 runtime_forward_ms=55.37932 runtime_backward_ms=1.77558.
Training: epoch=1 step=394/3125 loss=1.23910 accuracy=61.15506 runtime_forward_ms=55.25387 runtime_backward_ms=1.18086.
Training: epoch=1 step=473/3125 loss=1.23045 accuracy=59.73101 runtime_forward_ms=54.97122 runtime_backward_ms=1.28166.
Training: epoch=1 step=552/3125 loss=1.17592 accuracy=62.26266 runtime_forward_ms=55.71070 runtime_backward_ms=1.50695.
Training: epoch=1 step=631/3125 loss=1.14981 accuracy=62.89557 runtime_forward_ms=55.75392 runtime_backward_ms=0.93327.
Training: epoch=1 step=710/3125 loss=1.16878 accuracy=62.26266 runtime_forward_ms=54.71340 runtime_backward_ms=1.56832.
Training: epoch=1 step=789/3125 loss=1.18449 accuracy=61.70886 runtime_forward_ms=55.82039 runtime_backward_ms=1.28440.
Training: epoch=1 step=868/3125 loss=1.19041 accuracy=61.15506 runtime_forward_ms=56.67599 runtime_backward_ms=0.59993.
Training: epoch=1 step=947/3125 loss=1.15859 accuracy=60.60127 runtime_forward_ms=55.16368 runtime_backward_ms=1.47823.
Training: epoch=1 step=1026/3125 loss=1.16013 accuracy=62.57912 runtime_forward_ms=56.05102 runtime_backward_ms=0.96025.
Training: epoch=1 step=1105/3125 loss=1.14229 accuracy=62.65823 runtime_forward_ms=55.62242 runtime_backward_ms=2.43684.
Training: epoch=1 step=1184/3125 loss=1.16924 accuracy=63.84494 runtime_forward_ms=55.65012 runtime_backward_ms=1.35893.
Training: epoch=1 step=1263/3125 loss=1.15121 accuracy=61.86709 runtime_forward_ms=55.38760 runtime_backward_ms=1.64770.
Training: epoch=1 step=1342/3125 loss=1.11599 accuracy=63.13291 runtime_forward_ms=56.06248 runtime_backward_ms=1.63952.
Training: epoch=1 step=1421/3125 loss=1.15741 accuracy=61.70886 runtime_forward_ms=55.76473 runtime_backward_ms=1.31898.
Training: epoch=1 step=1500/3125 loss=1.12708 accuracy=63.37025 runtime_forward_ms=55.37170 runtime_backward_ms=1.13356.
Training: epoch=1 step=1579/3125 loss=1.12286 accuracy=63.92405 runtime_forward_ms=56.07746 runtime_backward_ms=0.40444.
Training: epoch=1 step=1658/3125 loss=1.14065 accuracy=62.81646 runtime_forward_ms=55.99078 runtime_backward_ms=1.40066.
Training: epoch=1 step=1737/3125 loss=1.16999 accuracy=60.91772 runtime_forward_ms=56.74801 runtime_backward_ms=1.40957.
Training: epoch=1 step=1816/3125 loss=1.10114 accuracy=63.92405 runtime_forward_ms=55.86577 runtime_backward_ms=1.24899.
Training: epoch=1 step=1895/3125 loss=1.14646 accuracy=60.60127 runtime_forward_ms=55.35864 runtime_backward_ms=2.42274.
Training: epoch=1 step=1974/3125 loss=1.07929 accuracy=63.05380 runtime_forward_ms=55.58010 runtime_backward_ms=1.32020.
Training: epoch=1 step=2053/3125 loss=1.09698 accuracy=64.47785 runtime_forward_ms=55.74470 runtime_backward_ms=1.24304.
Training: epoch=1 step=2132/3125 loss=1.17149 accuracy=61.86709 runtime_forward_ms=57.26154 runtime_backward_ms=0.75206.
Training: epoch=1 step=2211/3125 loss=1.12443 accuracy=63.76582 runtime_forward_ms=55.57304 runtime_backward_ms=1.60073.
Training: epoch=1 step=2290/3125 loss=1.17325 accuracy=60.44304 runtime_forward_ms=56.73549 runtime_backward_ms=1.26450.
Training: epoch=1 step=2369/3125 loss=1.12584 accuracy=61.78798 runtime_forward_ms=56.86885 runtime_backward_ms=0.75009.
Training: epoch=1 step=2448/3125 loss=1.11000 accuracy=64.24051 runtime_forward_ms=55.99796 runtime_backward_ms=1.82094.
Training: epoch=1 step=2527/3125 loss=1.12554 accuracy=61.86709 runtime_forward_ms=56.05254 runtime_backward_ms=1.14909.
Training: epoch=1 step=2606/3125 loss=1.05340 accuracy=66.37659 runtime_forward_ms=55.21631 runtime_backward_ms=1.29467.
Training: epoch=1 step=2685/3125 loss=1.08771 accuracy=64.31962 runtime_forward_ms=54.01235 runtime_backward_ms=1.52280.
Training: epoch=1 step=2764/3125 loss=1.11081 accuracy=62.10443 runtime_forward_ms=56.18297 runtime_backward_ms=1.25562.
Training: epoch=1 step=2843/3125 loss=1.10645 accuracy=62.34177 runtime_forward_ms=56.50146 runtime_backward_ms=0.83298.
Training: epoch=1 step=2922/3125 loss=1.15674 accuracy=60.28481 runtime_forward_ms=55.53890 runtime_backward_ms=1.65736.
Training: epoch=1 step=3001/3125 loss=1.09273 accuracy=63.05380 runtime_forward_ms=55.41090 runtime_backward_ms=1.04453.
Training: epoch=1 step=3080/3125 loss=1.05992 accuracy=66.21835 runtime_forward_ms=56.93685 runtime_backward_ms=1.31904.
Validation: epoch=1 training_step=6248 loss=0.95220 accuracy=69.57000 runtime_forward_ms=54.52959.
--- End of Epoch: epoch=1 training_step=6248 training_loss=1.05992 training_accuracy=66.21835 validation_loss=0.95220 validation_accuracy=69.57000.
Features not frozen on epoch 2
(0) parameter.requires_grad = True
(1) parameter.requires_grad = True
(2) parameter.requires_grad = True
(3) parameter.requires_grad = True
(4) parameter.requires_grad = True
(5) parameter.requires_grad = True
(6) parameter.requires_grad = True
(7) parameter.requires_grad = True
(8) parameter.requires_grad = True
(9) parameter.requires_grad = True
(10) parameter.requires_grad = True
(11) parameter.requires_grad = True
(12) parameter.requires_grad = True
(13) parameter.requires_grad = True
(14) parameter.requires_grad = True
(15) parameter.requires_grad = True
(16) parameter.requires_grad = True
(17) parameter.requires_grad = True
(18) parameter.requires_grad = True
(19) parameter.requires_grad = True
(20) parameter.requires_grad = True
(21) parameter.requires_grad = True
(22) parameter.requires_grad = True
(23) parameter.requires_grad = True
(24) parameter.requires_grad = True
(25) parameter.requires_grad = True
(26) parameter.requires_grad = True
(27) parameter.requires_grad = True
(28) parameter.requires_grad = True
(29) parameter.requires_grad = True
(30) parameter.requires_grad = True
(31) parameter.requires_grad = True
(32) parameter.requires_grad = True
(33) parameter.requires_grad = True
(34) parameter.requires_grad = True
(35) parameter.requires_grad = True
(36) parameter.requires_grad = True
(37) parameter.requires_grad = True
(38) parameter.requires_grad = True
(39) parameter.requires_grad = True
(40) parameter.requires_grad = True
(41) parameter.requires_grad = True
(42) parameter.requires_grad = True
(43) parameter.requires_grad = True
(44) parameter.requires_grad = True
(45) parameter.requires_grad = True
(46) parameter.requires_grad = True
(47) parameter.requires_grad = True
(48) parameter.requires_grad = True
(49) parameter.requires_grad = True
(50) parameter.requires_grad = True
(51) parameter.requires_grad = True
(52) parameter.requires_grad = True
(53) parameter.requires_grad = True
(54) parameter.requires_grad = True
(55) parameter.requires_grad = True
(56) parameter.requires_grad = True
(57) parameter.requires_grad = True
(58) parameter.requires_grad = True
(59) parameter.requires_grad = True
(60) parameter.requires_grad = True
(61) parameter.requires_grad = True
(62) parameter.requires_grad = True
(63) parameter.requires_grad = True
(64) parameter.requires_grad = True
(65) parameter.requires_grad = True
(66) parameter.requires_grad = True
(67) parameter.requires_grad = True
(68) parameter.requires_grad = True
(69) parameter.requires_grad = True
(70) parameter.requires_grad = True
(71) parameter.requires_grad = True
(72) parameter.requires_grad = True
(73) parameter.requires_grad = True
(74) parameter.requires_grad = True
(75) parameter.requires_grad = True
(76) parameter.requires_grad = True
(77) parameter.requires_grad = True
(78) parameter.requires_grad = True
(79) parameter.requires_grad = True
(80) parameter.requires_grad = True
(81) parameter.requires_grad = True
(82) parameter.requires_grad = True
(83) parameter.requires_grad = True
(84) parameter.requires_grad = True
(85) parameter.requires_grad = True
(86) parameter.requires_grad = True
(87) parameter.requires_grad = True
(88) parameter.requires_grad = True
(89) parameter.requires_grad = True
(90) parameter.requires_grad = True
(91) parameter.requires_grad = True
(92) parameter.requires_grad = True
(93) parameter.requires_grad = True
(94) parameter.requires_grad = True
(95) parameter.requires_grad = True
(96) parameter.requires_grad = True
(97) parameter.requires_grad = True
(98) parameter.requires_grad = True
(99) parameter.requires_grad = True
(100) parameter.requires_grad = True
(101) parameter.requires_grad = True
(102) parameter.requires_grad = True
(103) parameter.requires_grad = True
(104) parameter.requires_grad = True
(105) parameter.requires_grad = True
(106) parameter.requires_grad = True
(107) parameter.requires_grad = True
(108) parameter.requires_grad = True
(109) parameter.requires_grad = True
(110) parameter.requires_grad = True
(111) parameter.requires_grad = True
(112) parameter.requires_grad = True
(113) parameter.requires_grad = True
(114) parameter.requires_grad = True
(115) parameter.requires_grad = True
(116) parameter.requires_grad = True
(117) parameter.requires_grad = True
(118) parameter.requires_grad = True
(119) parameter.requires_grad = True
(120) parameter.requires_grad = True
(121) parameter.requires_grad = True
(122) parameter.requires_grad = True
(123) parameter.requires_grad = True
(124) parameter.requires_grad = True
(125) parameter.requires_grad = True
(126) parameter.requires_grad = True
(127) parameter.requires_grad = True
(128) parameter.requires_grad = True
(129) parameter.requires_grad = True
(130) parameter.requires_grad = True
(131) parameter.requires_grad = True
(132) parameter.requires_grad = True
(133) parameter.requires_grad = True
(134) parameter.requires_grad = True
(135) parameter.requires_grad = True
(136) parameter.requires_grad = True
(137) parameter.requires_grad = True
(138) parameter.requires_grad = True
(139) parameter.requires_grad = True
(140) parameter.requires_grad = True
(141) parameter.requires_grad = True
(142) parameter.requires_grad = True
(143) parameter.requires_grad = True
(144) parameter.requires_grad = True
(145) parameter.requires_grad = True
(146) parameter.requires_grad = True
(147) parameter.requires_grad = True
(148) parameter.requires_grad = True
(149) parameter.requires_grad = True
(150) parameter.requires_grad = True
(151) parameter.requires_grad = True
(152) parameter.requires_grad = True
(153) parameter.requires_grad = True
(154) parameter.requires_grad = True
(155) parameter.requires_grad = True
(156) parameter.requires_grad = True
(157) parameter.requires_grad = True
(158) parameter.requires_grad = True
(159) parameter.requires_grad = True
(160) parameter.requires_grad = True
(161) parameter.requires_grad = True
(162) parameter.requires_grad = True
(163) parameter.requires_grad = True
(164) parameter.requires_grad = True
(165) parameter.requires_grad = True
(166) parameter.requires_grad = True
(167) parameter.requires_grad = True
(168) parameter.requires_grad = True
(169) parameter.requires_grad = True
(170) parameter.requires_grad = True
(171) parameter.requires_grad = True
(172) parameter.requires_grad = True
(173) parameter.requires_grad = True
(174) parameter.requires_grad = True
(175) parameter.requires_grad = True
(176) parameter.requires_grad = True
(177) parameter.requires_grad = True
(178) parameter.requires_grad = True
(179) parameter.requires_grad = True
(180) parameter.requires_grad = True
(181) parameter.requires_grad = True
(182) parameter.requires_grad = True
(183) parameter.requires_grad = True
(184) parameter.requires_grad = True
(185) parameter.requires_grad = True
(186) parameter.requires_grad = True
(187) parameter.requires_grad = True
(188) parameter.requires_grad = True
(189) parameter.requires_grad = True
(190) parameter.requires_grad = True
(191) parameter.requires_grad = True
(192) parameter.requires_grad = True
(193) parameter.requires_grad = True
(194) parameter.requires_grad = True
(195) parameter.requires_grad = True
(196) parameter.requires_grad = True
(197) parameter.requires_grad = True
(198) parameter.requires_grad = True
(199) parameter.requires_grad = True
(200) parameter.requires_grad = True
(201) parameter.requires_grad = True
(202) parameter.requires_grad = True
(203) parameter.requires_grad = True
(204) parameter.requires_grad = True
(205) parameter.requires_grad = True
(206) parameter.requires_grad = True
(207) parameter.requires_grad = True
(208) parameter.requires_grad = True
(209) parameter.requires_grad = True
(210) parameter.requires_grad = True
(211) parameter.requires_grad = True
(212) parameter.requires_grad = True
(213) parameter.requires_grad = True
(214) parameter.requires_grad = True
(215) parameter.requires_grad = True
(216) parameter.requires_grad = True
(217) parameter.requires_grad = True
(218) parameter.requires_grad = True
(219) parameter.requires_grad = True
(220) parameter.requires_grad = True
(221) parameter.requires_grad = True
(222) parameter.requires_grad = True
(223) parameter.requires_grad = True
(224) parameter.requires_grad = True
(225) parameter.requires_grad = True
(226) parameter.requires_grad = True
(227) parameter.requires_grad = True
(228) parameter.requires_grad = True
(229) parameter.requires_grad = True
(230) parameter.requires_grad = True
(231) parameter.requires_grad = True
(232) parameter.requires_grad = True
(233) parameter.requires_grad = True
(234) parameter.requires_grad = True
(235) parameter.requires_grad = True
(236) parameter.requires_grad = True
(237) parameter.requires_grad = True
(238) parameter.requires_grad = True
(239) parameter.requires_grad = True
(240) parameter.requires_grad = True
(241) parameter.requires_grad = True
(242) parameter.requires_grad = True
(243) parameter.requires_grad = True
(244) parameter.requires_grad = True
(245) parameter.requires_grad = True
(246) parameter.requires_grad = True
(247) parameter.requires_grad = True
(248) parameter.requires_grad = True
(249) parameter.requires_grad = True
(250) parameter.requires_grad = True
(251) parameter.requires_grad = True
(252) parameter.requires_grad = True
(253) parameter.requires_grad = True
(254) parameter.requires_grad = True
(255) parameter.requires_grad = True
(256) parameter.requires_grad = True
(257) parameter.requires_grad = True
(258) parameter.requires_grad = True
(259) parameter.requires_grad = True
(260) parameter.requires_grad = True
(261) parameter.requires_grad = True
(262) parameter.requires_grad = True
(263) parameter.requires_grad = True
(264) parameter.requires_grad = True
(265) parameter.requires_grad = True
(266) parameter.requires_grad = True
(267) parameter.requires_grad = True
(268) parameter.requires_grad = True
(269) parameter.requires_grad = True
(270) parameter.requires_grad = True
(271) parameter.requires_grad = True
(272) parameter.requires_grad = True
(273) parameter.requires_grad = True
(274) parameter.requires_grad = True
(275) parameter.requires_grad = True
(276) parameter.requires_grad = True
(277) parameter.requires_grad = True
(278) parameter.requires_grad = True
(279) parameter.requires_grad = True
(280) parameter.requires_grad = True
(281) parameter.requires_grad = True
(282) parameter.requires_grad = True
(283) parameter.requires_grad = True
(284) parameter.requires_grad = True
(285) parameter.requires_grad = True
(286) parameter.requires_grad = True
(287) parameter.requires_grad = True
(288) parameter.requires_grad = True
(289) parameter.requires_grad = True
(290) parameter.requires_grad = True
(291) parameter.requires_grad = True
Training: epoch=2 step=78/3125 loss=0.86620 accuracy=69.22469 runtime_forward_ms=49.88251 runtime_backward_ms=131.96465.
Training: epoch=2 step=157/3125 loss=0.71348 accuracy=75.31646 runtime_forward_ms=49.74190 runtime_backward_ms=121.44234.
Training: epoch=2 step=236/3125 loss=0.58957 accuracy=80.69621 runtime_forward_ms=50.23579 runtime_backward_ms=120.56008.
Training: epoch=2 step=315/3125 loss=0.53298 accuracy=81.88291 runtime_forward_ms=49.81325 runtime_backward_ms=120.39887.
Training: epoch=2 step=394/3125 loss=0.52867 accuracy=82.27848 runtime_forward_ms=49.83620 runtime_backward_ms=120.75198.
Training: epoch=2 step=473/3125 loss=0.54619 accuracy=81.32912 runtime_forward_ms=50.38356 runtime_backward_ms=122.23273.
Training: epoch=2 step=552/3125 loss=0.41758 accuracy=85.68038 runtime_forward_ms=49.49978 runtime_backward_ms=120.17890.
Training: epoch=2 step=631/3125 loss=0.45616 accuracy=84.73102 runtime_forward_ms=49.93209 runtime_backward_ms=121.46538.
Training: epoch=2 step=710/3125 loss=0.42048 accuracy=85.91772 runtime_forward_ms=49.70290 runtime_backward_ms=120.73329.
Training: epoch=2 step=789/3125 loss=0.45981 accuracy=84.33544 runtime_forward_ms=49.75087 runtime_backward_ms=121.04157.
Training: epoch=2 step=868/3125 loss=0.38521 accuracy=87.81646 runtime_forward_ms=50.01912 runtime_backward_ms=119.92974.
Training: epoch=2 step=947/3125 loss=0.37179 accuracy=88.29114 runtime_forward_ms=50.27971 runtime_backward_ms=121.49477.
Training: epoch=2 step=1026/3125 loss=0.36175 accuracy=88.05380 runtime_forward_ms=49.83984 runtime_backward_ms=120.34150.
Training: epoch=2 step=1105/3125 loss=0.36893 accuracy=87.97469 runtime_forward_ms=49.76385 runtime_backward_ms=120.38250.
Training: epoch=2 step=1184/3125 loss=0.40294 accuracy=86.15507 runtime_forward_ms=50.43793 runtime_backward_ms=120.56319.
Training: epoch=2 step=1263/3125 loss=0.35524 accuracy=86.86709 runtime_forward_ms=49.79923 runtime_backward_ms=121.39680.
Training: epoch=2 step=1342/3125 loss=0.34088 accuracy=88.37025 runtime_forward_ms=49.53826 runtime_backward_ms=120.81691.
Training: epoch=2 step=1421/3125 loss=0.34923 accuracy=87.65823 runtime_forward_ms=49.53292 runtime_backward_ms=120.52096.
Training: epoch=2 step=1500/3125 loss=0.37743 accuracy=88.05380 runtime_forward_ms=49.60027 runtime_backward_ms=120.50677.
Training: epoch=2 step=1579/3125 loss=0.33496 accuracy=88.76582 runtime_forward_ms=50.28693 runtime_backward_ms=120.81908.
Training: epoch=2 step=1658/3125 loss=0.33053 accuracy=88.76582 runtime_forward_ms=50.13009 runtime_backward_ms=120.75935.
Training: epoch=2 step=1737/3125 loss=0.34121 accuracy=89.00317 runtime_forward_ms=50.24512 runtime_backward_ms=120.52914.
Training: epoch=2 step=1816/3125 loss=0.35494 accuracy=87.10443 runtime_forward_ms=50.00730 runtime_backward_ms=120.78827.
Training: epoch=2 step=1895/3125 loss=0.34521 accuracy=89.87342 runtime_forward_ms=50.13681 runtime_backward_ms=120.68766.
Training: epoch=2 step=1974/3125 loss=0.29997 accuracy=90.18987 runtime_forward_ms=50.04033 runtime_backward_ms=121.25804.
Training: epoch=2 step=2053/3125 loss=0.36109 accuracy=88.05380 runtime_forward_ms=50.09418 runtime_backward_ms=121.67610.
Training: epoch=2 step=2132/3125 loss=0.34506 accuracy=87.34177 runtime_forward_ms=50.25703 runtime_backward_ms=121.04772.
Training: epoch=2 step=2211/3125 loss=0.33078 accuracy=89.39874 runtime_forward_ms=50.39370 runtime_backward_ms=121.21410.
Training: epoch=2 step=2290/3125 loss=0.27646 accuracy=89.87342 runtime_forward_ms=49.91058 runtime_backward_ms=120.72595.
Training: epoch=2 step=2369/3125 loss=0.31065 accuracy=90.98102 runtime_forward_ms=50.45917 runtime_backward_ms=122.36598.
Training: epoch=2 step=2448/3125 loss=0.35226 accuracy=88.44937 runtime_forward_ms=50.38491 runtime_backward_ms=121.97273.
Training: epoch=2 step=2527/3125 loss=0.29369 accuracy=90.34811 runtime_forward_ms=50.64147 runtime_backward_ms=121.75521.
Training: epoch=2 step=2606/3125 loss=0.26008 accuracy=91.06013 runtime_forward_ms=50.35782 runtime_backward_ms=120.65253.
Training: epoch=2 step=2685/3125 loss=0.30721 accuracy=89.24051 runtime_forward_ms=49.86003 runtime_backward_ms=121.76983.
Training: epoch=2 step=2764/3125 loss=0.27620 accuracy=90.66456 runtime_forward_ms=50.72015 runtime_backward_ms=121.86331.
Training: epoch=2 step=2843/3125 loss=0.29743 accuracy=90.03165 runtime_forward_ms=50.36613 runtime_backward_ms=121.95928.
Training: epoch=2 step=2922/3125 loss=0.29181 accuracy=90.26899 runtime_forward_ms=50.08714 runtime_backward_ms=123.48075.
Training: epoch=2 step=3001/3125 loss=0.29420 accuracy=90.50633 runtime_forward_ms=50.11845 runtime_backward_ms=121.77386.
Training: epoch=2 step=3080/3125 loss=0.30077 accuracy=90.50633 runtime_forward_ms=50.53202 runtime_backward_ms=121.98508.
Validation: epoch=2 training_step=9372 loss=0.21731 accuracy=92.85000 runtime_forward_ms=54.91499.
--- End of Epoch: epoch=2 training_step=9372 training_loss=0.30077 training_accuracy=90.50633 validation_loss=0.21731 validation_accuracy=92.85000.
Features not frozen on epoch 3
(0) parameter.requires_grad = True
(1) parameter.requires_grad = True
(2) parameter.requires_grad = True
(3) parameter.requires_grad = True
(4) parameter.requires_grad = True
(5) parameter.requires_grad = True
(6) parameter.requires_grad = True
(7) parameter.requires_grad = True
(8) parameter.requires_grad = True
(9) parameter.requires_grad = True
(10) parameter.requires_grad = True
(11) parameter.requires_grad = True
(12) parameter.requires_grad = True
(13) parameter.requires_grad = True
(14) parameter.requires_grad = True
(15) parameter.requires_grad = True
(16) parameter.requires_grad = True
(17) parameter.requires_grad = True
(18) parameter.requires_grad = True
(19) parameter.requires_grad = True
(20) parameter.requires_grad = True
(21) parameter.requires_grad = True
(22) parameter.requires_grad = True
(23) parameter.requires_grad = True
(24) parameter.requires_grad = True
(25) parameter.requires_grad = True
(26) parameter.requires_grad = True
(27) parameter.requires_grad = True
(28) parameter.requires_grad = True
(29) parameter.requires_grad = True
(30) parameter.requires_grad = True
(31) parameter.requires_grad = True
(32) parameter.requires_grad = True
(33) parameter.requires_grad = True
(34) parameter.requires_grad = True
(35) parameter.requires_grad = True
(36) parameter.requires_grad = True
(37) parameter.requires_grad = True
(38) parameter.requires_grad = True
(39) parameter.requires_grad = True
(40) parameter.requires_grad = True
(41) parameter.requires_grad = True
(42) parameter.requires_grad = True
(43) parameter.requires_grad = True
(44) parameter.requires_grad = True
(45) parameter.requires_grad = True
(46) parameter.requires_grad = True
(47) parameter.requires_grad = True
(48) parameter.requires_grad = True
(49) parameter.requires_grad = True
(50) parameter.requires_grad = True
(51) parameter.requires_grad = True
(52) parameter.requires_grad = True
(53) parameter.requires_grad = True
(54) parameter.requires_grad = True
(55) parameter.requires_grad = True
(56) parameter.requires_grad = True
(57) parameter.requires_grad = True
(58) parameter.requires_grad = True
(59) parameter.requires_grad = True
(60) parameter.requires_grad = True
(61) parameter.requires_grad = True
(62) parameter.requires_grad = True
(63) parameter.requires_grad = True
(64) parameter.requires_grad = True
(65) parameter.requires_grad = True
(66) parameter.requires_grad = True
(67) parameter.requires_grad = True
(68) parameter.requires_grad = True
(69) parameter.requires_grad = True
(70) parameter.requires_grad = True
(71) parameter.requires_grad = True
(72) parameter.requires_grad = True
(73) parameter.requires_grad = True
(74) parameter.requires_grad = True
(75) parameter.requires_grad = True
(76) parameter.requires_grad = True
(77) parameter.requires_grad = True
(78) parameter.requires_grad = True
(79) parameter.requires_grad = True
(80) parameter.requires_grad = True
(81) parameter.requires_grad = True
(82) parameter.requires_grad = True
(83) parameter.requires_grad = True
(84) parameter.requires_grad = True
(85) parameter.requires_grad = True
(86) parameter.requires_grad = True
(87) parameter.requires_grad = True
(88) parameter.requires_grad = True
(89) parameter.requires_grad = True
(90) parameter.requires_grad = True
(91) parameter.requires_grad = True
(92) parameter.requires_grad = True
(93) parameter.requires_grad = True
(94) parameter.requires_grad = True
(95) parameter.requires_grad = True
(96) parameter.requires_grad = True
(97) parameter.requires_grad = True
(98) parameter.requires_grad = True
(99) parameter.requires_grad = True
(100) parameter.requires_grad = True
(101) parameter.requires_grad = True
(102) parameter.requires_grad = True
(103) parameter.requires_grad = True
(104) parameter.requires_grad = True
(105) parameter.requires_grad = True
(106) parameter.requires_grad = True
(107) parameter.requires_grad = True
(108) parameter.requires_grad = True
(109) parameter.requires_grad = True
(110) parameter.requires_grad = True
(111) parameter.requires_grad = True
(112) parameter.requires_grad = True
(113) parameter.requires_grad = True
(114) parameter.requires_grad = True
(115) parameter.requires_grad = True
(116) parameter.requires_grad = True
(117) parameter.requires_grad = True
(118) parameter.requires_grad = True
(119) parameter.requires_grad = True
(120) parameter.requires_grad = True
(121) parameter.requires_grad = True
(122) parameter.requires_grad = True
(123) parameter.requires_grad = True
(124) parameter.requires_grad = True
(125) parameter.requires_grad = True
(126) parameter.requires_grad = True
(127) parameter.requires_grad = True
(128) parameter.requires_grad = True
(129) parameter.requires_grad = True
(130) parameter.requires_grad = True
(131) parameter.requires_grad = True
(132) parameter.requires_grad = True
(133) parameter.requires_grad = True
(134) parameter.requires_grad = True
(135) parameter.requires_grad = True
(136) parameter.requires_grad = True
(137) parameter.requires_grad = True
(138) parameter.requires_grad = True
(139) parameter.requires_grad = True
(140) parameter.requires_grad = True
(141) parameter.requires_grad = True
(142) parameter.requires_grad = True
(143) parameter.requires_grad = True
(144) parameter.requires_grad = True
(145) parameter.requires_grad = True
(146) parameter.requires_grad = True
(147) parameter.requires_grad = True
(148) parameter.requires_grad = True
(149) parameter.requires_grad = True
(150) parameter.requires_grad = True
(151) parameter.requires_grad = True
(152) parameter.requires_grad = True
(153) parameter.requires_grad = True
(154) parameter.requires_grad = True
(155) parameter.requires_grad = True
(156) parameter.requires_grad = True
(157) parameter.requires_grad = True
(158) parameter.requires_grad = True
(159) parameter.requires_grad = True
(160) parameter.requires_grad = True
(161) parameter.requires_grad = True
(162) parameter.requires_grad = True
(163) parameter.requires_grad = True
(164) parameter.requires_grad = True
(165) parameter.requires_grad = True
(166) parameter.requires_grad = True
(167) parameter.requires_grad = True
(168) parameter.requires_grad = True
(169) parameter.requires_grad = True
(170) parameter.requires_grad = True
(171) parameter.requires_grad = True
(172) parameter.requires_grad = True
(173) parameter.requires_grad = True
(174) parameter.requires_grad = True
(175) parameter.requires_grad = True
(176) parameter.requires_grad = True
(177) parameter.requires_grad = True
(178) parameter.requires_grad = True
(179) parameter.requires_grad = True
(180) parameter.requires_grad = True
(181) parameter.requires_grad = True
(182) parameter.requires_grad = True
(183) parameter.requires_grad = True
(184) parameter.requires_grad = True
(185) parameter.requires_grad = True
(186) parameter.requires_grad = True
(187) parameter.requires_grad = True
(188) parameter.requires_grad = True
(189) parameter.requires_grad = True
(190) parameter.requires_grad = True
(191) parameter.requires_grad = True
(192) parameter.requires_grad = True
(193) parameter.requires_grad = True
(194) parameter.requires_grad = True
(195) parameter.requires_grad = True
(196) parameter.requires_grad = True
(197) parameter.requires_grad = True
(198) parameter.requires_grad = True
(199) parameter.requires_grad = True
(200) parameter.requires_grad = True
(201) parameter.requires_grad = True
(202) parameter.requires_grad = True
(203) parameter.requires_grad = True
(204) parameter.requires_grad = True
(205) parameter.requires_grad = True
(206) parameter.requires_grad = True
(207) parameter.requires_grad = True
(208) parameter.requires_grad = True
(209) parameter.requires_grad = True
(210) parameter.requires_grad = True
(211) parameter.requires_grad = True
(212) parameter.requires_grad = True
(213) parameter.requires_grad = True
(214) parameter.requires_grad = True
(215) parameter.requires_grad = True
(216) parameter.requires_grad = True
(217) parameter.requires_grad = True
(218) parameter.requires_grad = True
(219) parameter.requires_grad = True
(220) parameter.requires_grad = True
(221) parameter.requires_grad = True
(222) parameter.requires_grad = True
(223) parameter.requires_grad = True
(224) parameter.requires_grad = True
(225) parameter.requires_grad = True
(226) parameter.requires_grad = True
(227) parameter.requires_grad = True
(228) parameter.requires_grad = True
(229) parameter.requires_grad = True
(230) parameter.requires_grad = True
(231) parameter.requires_grad = True
(232) parameter.requires_grad = True
(233) parameter.requires_grad = True
(234) parameter.requires_grad = True
(235) parameter.requires_grad = True
(236) parameter.requires_grad = True
(237) parameter.requires_grad = True
(238) parameter.requires_grad = True
(239) parameter.requires_grad = True
(240) parameter.requires_grad = True
(241) parameter.requires_grad = True
(242) parameter.requires_grad = True
(243) parameter.requires_grad = True
(244) parameter.requires_grad = True
(245) parameter.requires_grad = True
(246) parameter.requires_grad = True
(247) parameter.requires_grad = True
(248) parameter.requires_grad = True
(249) parameter.requires_grad = True
(250) parameter.requires_grad = True
(251) parameter.requires_grad = True
(252) parameter.requires_grad = True
(253) parameter.requires_grad = True
(254) parameter.requires_grad = True
(255) parameter.requires_grad = True
(256) parameter.requires_grad = True
(257) parameter.requires_grad = True
(258) parameter.requires_grad = True
(259) parameter.requires_grad = True
(260) parameter.requires_grad = True
(261) parameter.requires_grad = True
(262) parameter.requires_grad = True
(263) parameter.requires_grad = True
(264) parameter.requires_grad = True
(265) parameter.requires_grad = True
(266) parameter.requires_grad = True
(267) parameter.requires_grad = True
(268) parameter.requires_grad = True
(269) parameter.requires_grad = True
(270) parameter.requires_grad = True
(271) parameter.requires_grad = True
(272) parameter.requires_grad = True
(273) parameter.requires_grad = True
(274) parameter.requires_grad = True
(275) parameter.requires_grad = True
(276) parameter.requires_grad = True
(277) parameter.requires_grad = True
(278) parameter.requires_grad = True
(279) parameter.requires_grad = True
(280) parameter.requires_grad = True
(281) parameter.requires_grad = True
(282) parameter.requires_grad = True
(283) parameter.requires_grad = True
(284) parameter.requires_grad = True
(285) parameter.requires_grad = True
(286) parameter.requires_grad = True
(287) parameter.requires_grad = True
(288) parameter.requires_grad = True
(289) parameter.requires_grad = True
(290) parameter.requires_grad = True
(291) parameter.requires_grad = True
Training: epoch=3 step=78/3125 loss=0.18010 accuracy=94.06646 runtime_forward_ms=50.56172 runtime_backward_ms=121.50729.
Training: epoch=3 step=157/3125 loss=0.18464 accuracy=94.22469 runtime_forward_ms=49.64922 runtime_backward_ms=120.27857.
Training: epoch=3 step=236/3125 loss=0.20395 accuracy=93.11709 runtime_forward_ms=50.32232 runtime_backward_ms=120.66864.
Training: epoch=3 step=315/3125 loss=0.19415 accuracy=93.59177 runtime_forward_ms=49.99575 runtime_backward_ms=121.81914.
Training: epoch=3 step=394/3125 loss=0.20208 accuracy=93.27532 runtime_forward_ms=50.12975 runtime_backward_ms=121.09581.
Training: epoch=3 step=473/3125 loss=0.23047 accuracy=91.69304 runtime_forward_ms=49.38829 runtime_backward_ms=120.04859.
Training: epoch=3 step=552/3125 loss=0.22985 accuracy=92.87975 runtime_forward_ms=50.35943 runtime_backward_ms=122.59915.
Training: epoch=3 step=631/3125 loss=0.18036 accuracy=93.98734 runtime_forward_ms=49.80518 runtime_backward_ms=121.99192.
Training: epoch=3 step=710/3125 loss=0.19951 accuracy=93.90823 runtime_forward_ms=50.19081 runtime_backward_ms=121.11996.
Training: epoch=3 step=789/3125 loss=0.22958 accuracy=92.32595 runtime_forward_ms=49.64446 runtime_backward_ms=120.25664.
Training: epoch=3 step=868/3125 loss=0.23143 accuracy=92.24684 runtime_forward_ms=50.41151 runtime_backward_ms=121.33947.
Training: epoch=3 step=947/3125 loss=0.20608 accuracy=93.59177 runtime_forward_ms=50.31263 runtime_backward_ms=120.10981.
Training: epoch=3 step=1026/3125 loss=0.21546 accuracy=93.11709 runtime_forward_ms=50.31065 runtime_backward_ms=121.97962.
Training: epoch=3 step=1105/3125 loss=0.17637 accuracy=94.22469 runtime_forward_ms=50.69837 runtime_backward_ms=121.12679.
Training: epoch=3 step=1184/3125 loss=0.22960 accuracy=92.64241 runtime_forward_ms=50.50278 runtime_backward_ms=121.00360.
Training: epoch=3 step=1263/3125 loss=0.21667 accuracy=92.56329 runtime_forward_ms=50.31873 runtime_backward_ms=120.66634.
Training: epoch=3 step=1342/3125 loss=0.20770 accuracy=92.87975 runtime_forward_ms=50.01842 runtime_backward_ms=120.98601.
Training: epoch=3 step=1421/3125 loss=0.23923 accuracy=92.08861 runtime_forward_ms=49.96231 runtime_backward_ms=120.14857.
Training: epoch=3 step=1500/3125 loss=0.19600 accuracy=93.35443 runtime_forward_ms=50.17824 runtime_backward_ms=120.98603.
Training: epoch=3 step=1579/3125 loss=0.19334 accuracy=93.90823 runtime_forward_ms=50.09852 runtime_backward_ms=122.25864.
Training: epoch=3 step=1658/3125 loss=0.23727 accuracy=92.00950 runtime_forward_ms=50.21123 runtime_backward_ms=121.49455.
Training: epoch=3 step=1737/3125 loss=0.23842 accuracy=92.32595 runtime_forward_ms=49.73690 runtime_backward_ms=120.92448.
Training: epoch=3 step=1816/3125 loss=0.19794 accuracy=93.90823 runtime_forward_ms=50.66171 runtime_backward_ms=120.63368.
Training: epoch=3 step=1895/3125 loss=0.21704 accuracy=92.48418 runtime_forward_ms=50.13934 runtime_backward_ms=121.76136.
Training: epoch=3 step=1974/3125 loss=0.20126 accuracy=93.03798 runtime_forward_ms=50.25230 runtime_backward_ms=121.51677.
Training: epoch=3 step=2053/3125 loss=0.21343 accuracy=92.40507 runtime_forward_ms=49.69279 runtime_backward_ms=121.73449.
Training: epoch=3 step=2132/3125 loss=0.21444 accuracy=92.80064 runtime_forward_ms=50.44007 runtime_backward_ms=122.13112.
Training: epoch=3 step=2211/3125 loss=0.22685 accuracy=93.19621 runtime_forward_ms=50.35243 runtime_backward_ms=121.14219.
Training: epoch=3 step=2290/3125 loss=0.21971 accuracy=92.72152 runtime_forward_ms=50.95719 runtime_backward_ms=121.53930.
Training: epoch=3 step=2369/3125 loss=0.20614 accuracy=93.59177 runtime_forward_ms=49.96412 runtime_backward_ms=120.84694.
Training: epoch=3 step=2448/3125 loss=0.19571 accuracy=93.75000 runtime_forward_ms=50.76833 runtime_backward_ms=122.13197.
Training: epoch=3 step=2527/3125 loss=0.21723 accuracy=92.08861 runtime_forward_ms=50.25322 runtime_backward_ms=122.00485.
Training: epoch=3 step=2606/3125 loss=0.22746 accuracy=92.40507 runtime_forward_ms=50.44814 runtime_backward_ms=122.33099.
Training: epoch=3 step=2685/3125 loss=0.23791 accuracy=91.85126 runtime_forward_ms=50.09416 runtime_backward_ms=120.68473.
Training: epoch=3 step=2764/3125 loss=0.22526 accuracy=93.19621 runtime_forward_ms=50.15837 runtime_backward_ms=120.95255.
Training: epoch=3 step=2843/3125 loss=0.20192 accuracy=93.51266 runtime_forward_ms=50.55495 runtime_backward_ms=121.64043.
Training: epoch=3 step=2922/3125 loss=0.23186 accuracy=92.00950 runtime_forward_ms=50.49766 runtime_backward_ms=122.01645.
Training: epoch=3 step=3001/3125 loss=0.20862 accuracy=92.95886 runtime_forward_ms=50.22285 runtime_backward_ms=121.76402.
Training: epoch=3 step=3080/3125 loss=0.23225 accuracy=92.48418 runtime_forward_ms=50.07571 runtime_backward_ms=120.99921.
Validation: epoch=3 training_step=12496 loss=0.20876 accuracy=93.56000 runtime_forward_ms=54.36445.
--- End of Epoch: epoch=3 training_step=12496 training_loss=0.23225 training_accuracy=92.48418 validation_loss=0.20876 validation_accuracy=93.56000.
