[0m-----------------------------------------------------------------------------------------------------------------------------[0m
[0mShowing DenseNet121_CIFAR100_Conv2dRFFTFunction_date-20240209-090450.pt[0m
[0m-------------------------------------------------------  ------------  ------------  ------------  ------------  ------------  ------------  ------------  ------------  ------------  ------------  ------------  ------------  ------------  ------------  ------------  
                                                   Name    Self CPU %      Self CPU   CPU total %     CPU total  CPU time avg     Self CUDA   Self CUDA %    CUDA total  CUDA time avg       CPU Mem  Self CPU Mem      CUDA Mem  Self CUDA Mem    # of Calls  Total MFLOPs  
-------------------------------------------------------  ------------  ------------  ------------  ------------  ------------  ------------  ------------  ------------  ------------  ------------  ------------  ------------  ------------  ------------  ------------  
                                          ProfilerStep*         0.00%     113.000us        60.27%       23.648s        5.912s       0.000us         0.00%        8.379s        2.095s       4.60 Mb      -1.05 Kb           0 b           0 b             4            --  
                                       cudaLaunchKernel        41.23%       16.178s        41.23%       16.178s     396.011us       0.000us         0.00%       0.000us       0.000us           0 b           0 b           0 b           0 b         40852            --  
autograd::engine::evaluate_function: Conv2dRFFTFunct...         0.01%       4.319ms        21.10%        8.277s      17.389ms       0.000us         0.00%       15.125s      31.775ms           0 b           0 b      24.84 Gb    -381.88 Mb           476            --  
                             Conv2dRFFTFunctionBackward         0.27%     106.858ms        21.09%        8.273s      17.380ms       0.000us         0.00%       15.125s      31.775ms           0 b           0 b      25.21 Gb   -1109.86 Gb           476            --  
                                            aten::copy_         0.11%      42.658ms        19.12%        7.503s       1.369ms     644.774ms         2.73%     644.774ms     117.659us           0 b           0 b           0 b           0 b          5480            --  
                                     Conv2dRFFTFunction         0.17%      66.664ms        16.61%        6.516s      13.688ms       0.000us         0.00%        8.346s      17.533ms           0 b           0 b     387.62 Mb    -555.59 Gb           476            --  
                                        cudaMemcpyAsync        16.47%        6.461s        16.47%        6.461s       3.324ms       0.000us         0.00%       0.000us       0.000us           0 b           0 b           0 b           0 b          1944            --  
                              Conv2dRFFTFunction Step#9         9.97%        3.914s        15.07%        5.912s        5.912s       0.000us         0.00%        2.094s        2.094s          -4 b      -2.30 Mb           0 b    -529.89 Mb             1            --  
                             Conv2dRFFTFunction Step#10         9.97%        3.913s        15.07%        5.912s        5.912s       0.000us         0.00%        2.095s        2.095s          -4 b      -2.30 Mb           0 b    -528.83 Mb             1            --  
                             Conv2dRFFTFunction Step#11         9.97%        3.913s        15.07%        5.912s        5.912s       0.000us         0.00%        2.095s        2.095s          -4 b      -2.30 Mb           0 b    -529.89 Mb             1            --  
                              Conv2dRFFTFunction Step#8         9.97%        3.913s        15.07%        5.911s        5.911s       0.000us         0.00%        2.095s        2.095s       4.60 Mb       2.30 Mb           0 b    -528.83 Mb             1            --  
                                               aten::to         0.00%      64.000us        13.38%        5.249s     328.047ms       0.000us         0.00%       4.189ms     261.812us       9.19 Mb           0 b       9.20 Mb           0 b            16            --  
                                         aten::_to_copy         0.00%     131.000us        13.38%        5.249s     437.390ms       0.000us         0.00%       4.189ms     349.083us       9.19 Mb           0 b       9.20 Mb           0 b            12            --  
autograd::engine::evaluate_function: ToCopyBackward0...         0.00%     626.000us        13.37%        5.247s        1.312s       0.000us         0.00%       2.945ms     736.250us       9.19 Mb           0 b      -9.19 Mb      -9.19 Mb             4            --  
                                        ToCopyBackward0         0.00%      14.000us        13.37%        5.246s        1.312s       0.000us         0.00%       2.945ms     736.250us       9.19 Mb           0 b           0 b           0 b             4            --  
                                       aten::fft_irfftn         0.01%       4.178ms        12.21%        4.789s       3.353ms       0.000us         0.00%        1.661s       1.163ms           0 b           0 b      25.59 Gb           0 b          1428            --  
                                         aten::_fft_c2r         0.14%      53.022ms        12.19%        4.785s       3.350ms        1.204s         5.11%        1.661s       1.163ms           0 b           0 b      25.59 Gb     -79.75 Gb          1428            --  
                                              aten::mul         0.25%      97.042ms         9.99%        3.921s     457.624us       10.444s        44.30%       10.793s       1.260ms      -2.48 Kb      -2.48 Kb     948.45 Gb     921.70 Gb          8568     43706.337  
                                        aten::fft_rfftn         0.02%       9.735ms         8.82%        3.462s       1.454ms       0.000us         0.00%        2.135s     896.911us           0 b           0 b      55.07 Gb     -37.24 Gb          2380            --  
                                         aten::_fft_r2c         0.18%      72.469ms         7.01%        2.749s       1.155ms        1.903s         8.07%        1.903s     799.471us           0 b           0 b      43.61 Gb    -115.67 Gb          2380            --  
                                              aten::add         0.11%      43.352ms         5.40%        2.120s     424.435us        5.547s        23.53%        5.547s       1.110ms           0 b           0 b     474.75 Gb     474.75 Gb          4996     85007.815  
                                            aten::clone         0.03%      12.251ms         4.39%        1.721s     450.568us       0.000us         0.00%     597.645ms     156.452us           0 b           0 b      55.75 Gb           0 b          3820            --  
                                  aten::constant_pad_nd         0.04%      17.129ms         4.04%        1.585s     741.909us       0.000us         0.00%     250.948ms     117.485us           0 b           0 b      50.55 Gb           0 b          2136            --  
      autograd::engine::evaluate_function: CatBackward0         0.03%      11.888ms         2.56%        1.005s       4.053ms       0.000us         0.00%      10.411ms      41.980us           0 b           0 b    -558.78 Mb      -1.07 Gb           248            --  
                                             aten::add_         0.04%      15.185ms         2.50%     981.535ms     505.946us      12.125ms         0.05%      12.125ms       6.250us          -8 b          -8 b      -6.50 Kb      -6.50 Kb          1940            --  
                                              aten::pad         0.01%       2.564ms         2.25%     884.605ms     929.207us       0.000us         0.00%      19.042ms      20.002us           0 b           0 b       1.85 Gb           0 b           952            --  
                                             aten::mul_         0.02%       9.431ms         2.22%     872.763ms     611.179us       0.000us         0.00%     218.982ms     153.349us           0 b       2.48 Kb           0 b           0 b          1428            --  
                                              aten::sum         0.06%      24.479ms         1.92%     752.020ms     525.154us        1.476s         6.26%        1.476s       1.031ms           0 b           0 b      27.77 Gb      27.77 Gb          1432            --  
autograd::engine::evaluate_function: torch::autograd...         0.01%       5.217ms         1.56%     612.151ms     419.282us       0.000us         0.00%      10.986ms       7.525us           0 b           0 b     -24.29 Gb           0 b          1460            --  
                        torch::autograd::AccumulateGrad         0.02%       5.978ms         1.55%     606.934ms     415.708us       0.000us         0.00%      10.986ms       7.525us           0 b           0 b     -24.29 Gb     -24.29 Gb          1460            --  
                                            aten::fill_         0.03%       9.914ms         1.41%     554.566ms     335.694us     197.591ms         0.84%     197.591ms     119.607us           0 b           0 b           0 b           0 b          1652            --  
                                              aten::sub         0.03%      13.396ms         1.14%     447.798ms     313.584us        2.069s         8.78%        2.069s       1.449ms           0 b           0 b     158.08 Gb     158.08 Gb          1428            --  
                                       aten::batch_norm         0.00%       1.122ms         1.12%     440.259ms     909.626us       0.000us         0.00%      14.843ms      30.667us           0 b           0 b     972.91 Mb           0 b           484            --  
                           aten::_batch_norm_impl_index         0.00%       1.553ms         1.12%     439.137ms     907.308us       0.000us         0.00%      14.843ms      30.667us           0 b           0 b     972.91 Mb           0 b           484            --  
                                 aten::cudnn_batch_norm         0.04%      15.841ms         1.12%     437.584ms     904.099us      14.843ms         0.06%      14.843ms      30.667us           0 b           0 b     972.91 Mb           0 b           484            --  
                                            aten::relu_         0.01%       3.939ms         0.84%     329.372ms     680.521us       0.000us         0.00%       6.247ms      12.907us           0 b           0 b           0 b           0 b           484            --  
                                       aten::clamp_min_         0.01%       3.803ms         0.83%     325.433ms     672.382us       6.247ms         0.03%       6.247ms      12.907us           0 b           0 b           0 b           0 b           484            --  
                                              aten::cat         0.01%       5.453ms         0.74%     290.248ms       1.170ms       8.435ms         0.04%       8.435ms      34.012us           0 b           0 b     649.94 Mb     649.94 Mb           248            --  
autograd::engine::evaluate_function: CudnnBatchNormB...         0.01%       4.975ms         0.56%     218.472ms     451.388us       0.000us         0.00%      18.554ms      38.335us           0 b           0 b    -995.63 Mb      -1.92 Gb           484            --  
                                CudnnBatchNormBackward0         0.01%       2.034ms         0.54%     213.497ms     441.110us       0.000us         0.00%      18.554ms      38.335us           0 b           0 b     968.71 Mb           0 b           484            --  
                        aten::cudnn_batch_norm_backward         0.03%      11.478ms         0.54%     211.463ms     436.907us      18.554ms         0.08%      18.554ms      38.335us           0 b           0 b     968.71 Mb           0 b           484            --  
     autograd::engine::evaluate_function: ReluBackward0         0.01%       3.433ms         0.47%     184.884ms     381.992us       0.000us         0.00%      12.586ms      26.004us           0 b           0 b    -971.58 Mb      -1.92 Gb           484            --  
                                          ReluBackward0         0.01%       2.063ms         0.46%     181.451ms     374.899us       0.000us         0.00%      12.586ms      26.004us           0 b           0 b     997.40 Mb           0 b           484            --  
                               aten::threshold_backward         0.02%       6.065ms         0.46%     179.388ms     370.636us      12.586ms         0.05%      12.586ms      26.004us           0 b           0 b     997.40 Mb     997.40 Mb           484            --  
                                            aten::empty         0.17%      66.192ms         0.17%      66.192ms       4.387us       0.000us         0.00%       0.000us       0.000us       9.20 Mb       9.20 Mb     321.15 Gb     321.15 Gb         15088            --  
autograd::engine::evaluate_function: ConvolutionBack...         0.00%      27.000us         0.10%      37.876ms       9.469ms       0.000us         0.00%      13.145ms       3.286ms           0 b           0 b     -39.67 Mb     -49.00 Mb             4            --  
                                   ConvolutionBackward0         0.00%      32.000us         0.10%      37.849ms       9.462ms       0.000us         0.00%      13.145ms       3.286ms           0 b           0 b       9.33 Mb           0 b             4            --  
                             aten::convolution_backward         0.00%     312.000us         0.10%      37.817ms       9.454ms      13.145ms         0.06%      13.145ms       3.286ms           0 b           0 b       9.33 Mb       9.05 Mb             4            --  
                                             aten::real         0.02%       8.362ms         0.08%      32.652ms      11.433us       0.000us         0.00%       0.000us       0.000us           0 b           0 b           0 b           0 b          2856            --  
                                             aten::imag         0.02%       8.404ms         0.08%      30.673ms      10.740us       0.000us         0.00%       0.000us       0.000us           0 b           0 b           0 b           0 b          2856            --  
                                       aten::empty_like         0.02%       9.166ms         0.07%      27.966ms       7.329us       0.000us         0.00%       0.000us       0.000us           0 b           0 b      55.44 Gb           0 b          3816            --  
                                            aten::slice         0.05%      20.275ms         0.07%      27.853ms       2.558us       0.000us         0.00%       0.000us       0.000us           0 b           0 b           0 b           0 b         10888            --  
                                           aten::select         0.05%      18.772ms         0.06%      22.668ms       3.968us       0.000us         0.00%       0.000us       0.000us           0 b           0 b           0 b           0 b          5712            --  
                                           aten::narrow         0.02%       6.793ms         0.06%      22.083ms       3.332us       0.000us         0.00%       0.000us       0.000us           0 b           0 b           0 b           0 b          6628            --  
                                       aten::avg_pool2d         0.00%     185.000us         0.05%      20.859ms       1.738ms     378.000us         0.00%     378.000us      31.500us           0 b           0 b      11.16 Mb      11.16 Mb            12            --  
                                       aten::as_strided         0.05%      18.053ms         0.05%      18.053ms       0.745us       0.000us         0.00%       0.000us       0.000us           0 b           0 b           0 b           0 b         24244            --  
                                     aten::view_as_real         0.04%      16.926ms         0.04%      16.926ms       2.963us       0.000us         0.00%       0.000us       0.000us           0 b           0 b           0 b           0 b          5712            --  
                                            aten::randn         0.00%      53.000us         0.04%      15.467ms       1.933ms       0.000us         0.00%       0.000us       0.000us       9.19 Mb           0 b           0 b           0 b             8            --  
                                          aten::normal_         0.04%      14.766ms         0.04%      14.766ms       1.846ms       0.000us         0.00%       0.000us       0.000us           0 b           0 b           0 b           0 b             8            --  
                                    aten::empty_strided         0.03%      12.935ms         0.03%      12.935ms       5.381us       0.000us         0.00%       0.000us       0.000us       9.19 Mb       9.19 Mb      28.02 Gb      28.02 Gb          2404            --  
                                          aten::reshape         0.02%       7.414ms         0.03%      10.329ms       2.710us       0.000us         0.00%       0.000us       0.000us           0 b           0 b           0 b           0 b          3812            --  
                                           CatBackward0         0.01%       2.391ms         0.03%      10.276ms      41.435us       0.000us         0.00%       0.000us       0.000us           0 b           0 b           0 b           0 b           248            --  
                                          aten::permute         0.02%       7.075ms         0.03%       9.909ms       2.602us       0.000us         0.00%       0.000us       0.000us           0 b           0 b           0 b           0 b          3808            --  
                                        aten::unsqueeze         0.02%       7.552ms         0.02%       9.790ms       4.113us       0.000us         0.00%       0.000us       0.000us           0 b           0 b           0 b           0 b          2380            --  
                                          aten::resize_         0.02%       7.539ms         0.02%       7.539ms       1.980us       0.000us         0.00%       0.000us       0.000us           0 b           0 b           0 b           0 b          3808            --  
                                            aten::_conj         0.02%       6.197ms         0.02%       7.397ms       2.590us       0.000us         0.00%       0.000us       0.000us           0 b           0 b           0 b           0 b          2856            --  
autograd::engine::evaluate_function: AvgPool2DBackwa...         0.00%      89.000us         0.01%       3.067ms     255.583us       0.000us         0.00%       1.077ms      89.750us           0 b           0 b      -8.32 Mb     -53.82 Mb            12            --  
                                        aten::_neg_view         0.01%       2.532ms         0.01%       2.986ms       3.137us       0.000us         0.00%       0.000us       0.000us           0 b           0 b           0 b           0 b           952            --  
                                     AvgPool2DBackward0         0.00%      61.000us         0.01%       2.978ms     248.167us       0.000us         0.00%       1.077ms      89.750us           0 b           0 b      45.50 Mb           0 b            12            --  
                                            aten::alias         0.01%       2.937ms         0.01%       2.937ms       0.684us       0.000us         0.00%       0.000us       0.000us           0 b           0 b           0 b           0 b          4296            --  
                                   aten::_reshape_alias         0.01%       2.935ms         0.01%       2.935ms       0.769us       0.000us         0.00%       0.000us       0.000us           0 b           0 b           0 b           0 b          3816            --  
                              aten::avg_pool2d_backward         0.00%     128.000us         0.01%       2.917ms     243.083us       1.077ms         0.00%       1.077ms      89.750us           0 b           0 b      45.50 Mb      45.50 Mb            12            --  
                                      aten::as_strided_         0.01%       2.828ms         0.01%       2.828ms       0.743us       0.000us         0.00%       0.000us       0.000us           0 b           0 b      -5.35 Gb      -5.35 Gb          3808            --  
                                             aten::view         0.00%       1.366ms         0.00%       1.366ms       1.405us       0.000us         0.00%       0.000us       0.000us           0 b           0 b           0 b           0 b           972            --  
    autograd::engine::evaluate_function: AddmmBackward0         0.00%     100.000us         0.00%     587.000us     146.750us       0.000us         0.00%      98.000us      24.500us           0 b           0 b       1.56 Mb     -64.00 Kb             4            --  
                                 cudaFuncSetCacheConfig         0.00%     470.000us         0.00%     470.000us       0.100us       0.000us         0.00%       0.000us       0.000us           0 b           0 b           0 b           0 b          4704            --  
                                           aten::conv2d         0.00%      40.000us         0.00%     458.000us     114.500us       0.000us         0.00%     722.000us     180.500us           0 b           0 b      49.00 Mb           0 b             4      3776.446  
                                      aten::convolution         0.00%      46.000us         0.00%     418.000us     104.500us       0.000us         0.00%     722.000us     180.500us           0 b           0 b      49.00 Mb           0 b             4            --  
                                     aten::_convolution         0.00%      34.000us         0.00%     372.000us      93.000us       0.000us         0.00%     722.000us     180.500us           0 b           0 b      49.00 Mb           0 b             4            --  
                                         AddmmBackward0         0.00%      71.000us         0.00%     367.000us      91.750us       0.000us         0.00%      73.000us      18.250us           0 b           0 b       1.62 Mb           0 b             4            --  
                                aten::cudnn_convolution         0.00%     195.000us         0.00%     338.000us      84.500us     722.000us         0.00%     722.000us     180.500us           0 b           0 b      49.00 Mb      48.71 Mb             4            --  
                                           aten::linear         0.00%      36.000us         0.00%     311.000us      77.750us       0.000us         0.00%      54.000us      13.500us           0 b           0 b       8.00 Kb           0 b             4            --  
                                  cudaStreamSynchronize         0.00%     257.000us         0.00%     257.000us      21.417us       0.000us         0.00%       0.000us       0.000us           0 b           0 b           0 b           0 b            12            --  
                                            aten::addmm         0.00%     156.000us         0.00%     237.000us      59.250us      54.000us         0.00%      54.000us      13.500us           0 b           0 b       8.00 Kb       8.00 Kb             4         3.277  
                                               aten::mm         0.00%     117.000us         0.00%     225.000us      28.125us      73.000us         0.00%      73.000us       9.125us           0 b           0 b       1.62 Mb       1.62 Mb             8         6.554  
autograd::engine::evaluate_function: MaxPool2DWithIn...         0.00%      31.000us         0.00%     216.000us      54.000us       0.000us         0.00%       1.247ms     311.750us           0 b           0 b      12.25 Mb     -36.75 Mb             4            --  
     autograd::engine::evaluate_function: MeanBackward1         0.00%      19.000us         0.00%     204.000us      51.000us       0.000us         0.00%      21.000us       5.250us           0 b           0 b       3.00 Mb     -64.00 Kb             4            --  
                                          MeanBackward1         0.00%      33.000us         0.00%     185.000us      46.250us       0.000us         0.00%      21.000us       5.250us           0 b           0 b       3.06 Mb           0 b             4            --  
                          MaxPool2DWithIndicesBackward0         0.00%      22.000us         0.00%     185.000us      46.250us       0.000us         0.00%       1.247ms     311.750us           0 b           0 b      49.00 Mb           0 b             4            --  
                 aten::max_pool2d_with_indices_backward         0.00%      63.000us         0.00%     163.000us      40.750us       1.052ms         0.00%       1.247ms     311.750us           0 b           0 b      49.00 Mb      49.00 Mb             4            --  
                              aten::adaptive_avg_pool2d         0.00%      16.000us         0.00%     143.000us      35.750us       0.000us         0.00%      40.000us      10.000us           0 b           0 b      64.00 Kb           0 b             4            --  
                                       aten::max_pool2d         0.00%      18.000us         0.00%     142.000us      35.500us       0.000us         0.00%     432.000us     108.000us           0 b           0 b      37.53 Mb           0 b             4            --  
                                              aten::div         0.00%      92.000us         0.00%     131.000us      32.750us      21.000us         0.00%      21.000us       5.250us           0 b           0 b       3.06 Mb       3.06 Mb             4            --  
                                                aten::t         0.00%      61.000us         0.00%     129.000us       6.450us       0.000us         0.00%       0.000us       0.000us           0 b           0 b           0 b           0 b            20            --  
                                             aten::mean         0.00%      85.000us         0.00%     127.000us      31.750us      40.000us         0.00%      40.000us      10.000us           0 b           0 b      64.00 Kb      64.00 Kb             4            --  
                          aten::max_pool2d_with_indices         0.00%      80.000us         0.00%     124.000us      31.000us     432.000us         0.00%     432.000us     108.000us           0 b           0 b      37.53 Mb      37.53 Mb             4            --  
                                            aten::zeros         0.00%      45.000us         0.00%      86.000us      10.750us       0.000us         0.00%       0.000us       0.000us          32 b           0 b           0 b           0 b             8            --  
                                        aten::transpose         0.00%      41.000us         0.00%      68.000us       3.400us       0.000us         0.00%       0.000us       0.000us           0 b           0 b           0 b           0 b            20            --  
                                            aten::zero_         0.00%      19.000us         0.00%      66.000us       5.500us       0.000us         0.00%     195.000us      16.250us           0 b           0 b           0 b           0 b            12            --  
                                        cudaBindTexture         0.00%      54.000us         0.00%      54.000us       6.750us       0.000us         0.00%       0.000us       0.000us           0 b           0 b           0 b           0 b             8            --  
-------------------------------------------------------  ------------  ------------  ------------  ------------  ------------  ------------  ------------  ------------  ------------  ------------  ------------  ------------  ------------  ------------  ------------  
Self CPU time total: 39.235s
Self CUDA time total: 23.577s
[0m
[0m-----------------------------------------------------------------------------------------------------------------------------[0m
[0mShowing DenseNet121_CIFAR100_Conv2dRFFTPhasorFunction_date-20240209-090450.pt[0m
[0m-------------------------------------------------------  ------------  ------------  ------------  ------------  ------------  ------------  ------------  ------------  ------------  ------------  ------------  ------------  ------------  ------------  ------------  
                                                   Name    Self CPU %      Self CPU   CPU total %     CPU total  CPU time avg     Self CUDA   Self CUDA %    CUDA total  CUDA time avg       CPU Mem  Self CPU Mem      CUDA Mem  Self CUDA Mem    # of Calls  Total MFLOPs  
-------------------------------------------------------  ------------  ------------  ------------  ------------  ------------  ------------  ------------  ------------  ------------  ------------  ------------  ------------  ------------  ------------  ------------  
                                          ProfilerStep*         0.00%     102.000us        60.51%       19.233s        4.808s       0.000us         0.00%        5.392s        1.348s       4.60 Mb        -544 b           0 b           0 b             4            --  
                                       cudaLaunchKernel        36.58%       11.626s        36.58%       11.626s     284.593us       0.000us         0.00%       0.000us       0.000us           0 b           0 b           0 b           0 b         40852            --  
autograd::engine::evaluate_function: Conv2dRFFTPhaso...         0.01%       4.467ms        23.64%        7.513s      15.783ms       0.000us         0.00%        9.582s      20.131ms           0 b           0 b      24.84 Gb    -378.72 Mb           476            --  
                       Conv2dRFFTPhasorFunctionBackward         0.32%     102.405ms        23.62%        7.508s      15.774ms       0.000us         0.00%        9.582s      20.131ms           0 b           0 b      25.21 Gb    -927.23 Gb           476            --  
                                            aten::copy_         0.23%      74.359ms        23.21%        7.376s     659.001us        1.514s         7.90%        1.514s     135.242us           0 b           0 b      -1.80 Gb      -1.80 Gb         11192            --  
                               Conv2dRFFTPhasorFunction         0.20%      65.084ms        19.42%        6.171s      12.965ms       0.000us         0.00%        5.358s      11.256ms           0 b           0 b     387.01 Mb    -477.57 Gb           476            --  
                                        aten::fft_rfftn         0.03%      10.074ms        15.44%        4.908s       2.062ms       0.000us         0.00%        2.134s     896.833us           0 b           0 b      55.08 Gb     -36.59 Gb          2380            --  
                        Conv2dRFFTPhasorFunction Step#9         9.92%        3.154s        15.13%        4.809s        4.809s       0.000us         0.00%        1.348s        1.348s          -4 b      -2.30 Mb           0 b    -530.16 Mb             1            --  
                       Conv2dRFFTPhasorFunction Step#10         9.92%        3.154s        15.13%        4.809s        4.809s       0.000us         0.00%        1.348s        1.348s          -4 b      -2.30 Mb           0 b    -528.84 Mb             1            --  
                        Conv2dRFFTPhasorFunction Step#8         9.92%        3.154s        15.13%        4.808s        4.808s       0.000us         0.00%        1.348s        1.348s       4.60 Mb       2.30 Mb           0 b    -528.84 Mb             1            --  
                       Conv2dRFFTPhasorFunction Step#11         9.92%        3.153s        15.13%        4.808s        4.808s       0.000us         0.00%        1.348s        1.348s          -4 b      -2.30 Mb           0 b    -530.16 Mb             1            --  
                                              aten::abs         3.34%        1.062s        14.26%        4.531s     793.326us       0.000us         0.00%     968.340ms     169.527us           0 b           0 b      18.49 Gb     -82.28 Gb          5712            --  
                                        cudaMemcpyAsync        13.93%        4.427s        13.93%        4.427s       2.277ms       0.000us         0.00%       0.000us       0.000us           0 b           0 b           0 b           0 b          1944            --  
                                               aten::to         0.00%      62.000us        12.34%        3.921s     245.071ms       0.000us         0.00%       4.162ms     260.125us       9.19 Mb           0 b       9.20 Mb           0 b            16            --  
                                         aten::_to_copy         0.00%     126.000us        12.34%        3.921s     326.756ms       0.000us         0.00%       4.162ms     346.833us       9.19 Mb           0 b       9.20 Mb           0 b            12            --  
autograd::engine::evaluate_function: ToCopyBackward0...         0.00%     303.000us        12.33%        3.919s     979.739ms       0.000us         0.00%       2.913ms     728.250us       9.19 Mb           0 b      -9.19 Mb      -9.19 Mb             4            --  
                                        ToCopyBackward0         0.00%      12.000us        12.33%        3.919s     979.663ms       0.000us         0.00%       2.913ms     728.250us       9.19 Mb           0 b           0 b           0 b             4            --  
                                         aten::_fft_r2c         0.23%      72.624ms        12.22%        3.883s       1.631ms        1.903s         9.93%        1.903s     799.399us           0 b           0 b      42.96 Gb    -116.06 Gb          2380            --  
                                            aten::angle         2.72%     865.594ms        11.27%        3.581s     626.856us       0.000us         0.00%     966.398ms     169.187us           0 b           0 b      55.49 Gb     -80.50 Gb          5712            --  
                                       aten::fft_irfftn         0.01%       4.108ms         7.49%        2.382s       1.668ms       0.000us         0.00%        1.660s       1.163ms           0 b           0 b      25.59 Gb           0 b          1428            --  
                                         aten::_fft_c2r         0.17%      52.958ms         7.48%        2.378s       1.665ms        1.203s         6.28%        1.660s       1.163ms           0 b           0 b      25.59 Gb     -81.09 Gb          1428            --  
                                  aten::constant_pad_nd         0.06%      17.676ms         4.40%        1.398s     654.607us       0.000us         0.00%     250.987ms     117.503us           0 b           0 b      50.56 Gb           0 b          2136            --  
                                              aten::mul         0.20%      63.790ms         3.61%        1.146s     200.647us        7.240s        37.79%        7.240s       1.267ms      -2.43 Kb      -2.43 Kb     790.36 Gb     790.36 Gb          5712     85181.101  
                                            aten::clone         0.04%      12.767ms         3.53%        1.120s     293.301us       0.000us         0.00%     749.691ms     196.254us           0 b           0 b      82.55 Gb           0 b          3820            --  
                                              aten::add         0.11%      33.565ms         1.84%     585.867ms     164.200us        1.422s         7.42%        1.422s     398.571us           0 b           0 b     158.59 Gb     158.59 Gb          3568       464.306  
                                             aten::add_         0.05%      14.799ms         1.72%     546.513ms     281.708us      12.178ms         0.06%      12.178ms       6.277us          -8 b          -8 b     -12.00 Kb     -12.00 Kb          1940            --  
                                            aten::fill_         0.03%       9.899ms         1.70%     539.529ms     326.591us     197.575ms         1.03%     197.575ms     119.597us           0 b           0 b           0 b           0 b          1652            --  
                                             aten::mul_         0.03%       9.681ms         1.47%     468.195ms     327.868us       0.000us         0.00%     218.929ms     153.312us           0 b       2.43 Kb           0 b           0 b          1428            --  
autograd::engine::evaluate_function: torch::autograd...         0.02%       5.196ms         1.40%     445.424ms     305.085us       0.000us         0.00%      11.011ms       7.542us           0 b           0 b     -24.29 Gb           0 b          1460            --  
                        torch::autograd::AccumulateGrad         0.02%       6.087ms         1.39%     440.228ms     301.526us       0.000us         0.00%      11.011ms       7.542us           0 b           0 b     -24.29 Gb     -24.29 Gb          1460            --  
                                              aten::pad         0.01%       2.733ms         1.21%     385.372ms     404.803us       0.000us         0.00%      19.094ms      20.057us           0 b           0 b       1.84 Gb           0 b           952            --  
      autograd::engine::evaluate_function: CatBackward0         0.04%      11.924ms         1.18%     376.111ms       1.517ms       0.000us         0.00%      10.403ms      41.948us           0 b           0 b    -567.68 Mb      -1.07 Gb           248            --  
                                              aten::sum         0.08%      24.645ms         0.93%     295.388ms     206.277us        1.476s         7.70%        1.476s       1.031ms           0 b           0 b      27.76 Gb      27.76 Gb          1432            --  
                                              aten::exp         0.69%     218.049ms         0.69%     218.049ms     152.695us       0.000us         0.00%       0.000us       0.000us           0 b           0 b     316.15 Gb     316.15 Gb          1428            --  
     autograd::engine::evaluate_function: ReluBackward0         0.01%       3.534ms         0.47%     149.284ms     308.438us       0.000us         0.00%      12.588ms      26.008us           0 b           0 b    -980.83 Mb      -1.93 Gb           484            --  
                                          ReluBackward0         0.01%       2.041ms         0.46%     145.750ms     301.136us       0.000us         0.00%      12.588ms      26.008us           0 b           0 b     994.82 Mb           0 b           484            --  
                               aten::threshold_backward         0.02%       6.047ms         0.45%     143.709ms     296.919us      12.588ms         0.07%      12.588ms      26.008us           0 b           0 b     994.82 Mb     994.82 Mb           484            --  
autograd::engine::evaluate_function: CudnnBatchNormB...         0.02%       5.091ms         0.45%     142.409ms     294.233us       0.000us         0.00%      18.507ms      38.238us           0 b           0 b    -987.96 Mb      -1.92 Gb           484            --  
                                CudnnBatchNormBackward0         0.01%       2.232ms         0.43%     137.318ms     283.715us       0.000us         0.00%      18.507ms      38.238us           0 b           0 b     974.68 Mb           0 b           484            --  
                        aten::cudnn_batch_norm_backward         0.04%      11.355ms         0.43%     135.086ms     279.103us      18.507ms         0.10%      18.507ms      38.238us           0 b           0 b     974.68 Mb           0 b           484            --  
                                       aten::batch_norm         0.00%       1.089ms         0.39%     124.758ms     257.764us       0.000us         0.00%      14.867ms      30.717us           0 b           0 b     973.98 Mb           0 b           484            --  
                           aten::_batch_norm_impl_index         0.01%       1.602ms         0.39%     123.669ms     255.514us       0.000us         0.00%      14.867ms      30.717us           0 b           0 b     973.98 Mb           0 b           484            --  
                                 aten::cudnn_batch_norm         0.05%      17.225ms         0.38%     122.067ms     252.205us      14.867ms         0.08%      14.867ms      30.717us           0 b           0 b     973.98 Mb           0 b           484            --  
                                            aten::relu_         0.01%       3.886ms         0.32%     103.039ms     212.890us       0.000us         0.00%       6.235ms      12.882us           0 b           0 b           0 b           0 b           484            --  
                                       aten::clamp_min_         0.01%       3.766ms         0.31%      99.153ms     204.862us       6.235ms         0.03%       6.235ms      12.882us           0 b           0 b           0 b           0 b           484            --  
                                            aten::empty         0.30%      94.685ms         0.30%      94.685ms       4.003us       0.000us         0.00%       0.000us       0.000us       9.19 Mb       9.19 Mb     321.17 Gb     321.17 Gb         23656            --  
                                              aten::cat         0.02%       5.573ms         0.28%      89.945ms     362.681us       8.426ms         0.04%       8.426ms      33.976us           0 b           0 b     650.05 Mb     650.05 Mb           248            --  
                                             aten::real         0.05%      15.125ms         0.14%      44.105ms       7.721us       0.000us         0.00%       0.000us       0.000us           0 b           0 b           0 b           0 b          5712            --  
                                          aten::resize_         0.11%      36.071ms         0.11%      36.071ms       2.915us       0.000us         0.00%       0.000us       0.000us           0 b           0 b     138.77 Gb     138.77 Gb         12376            --  
                                       aten::empty_like         0.03%      10.005ms         0.11%      33.851ms       7.100us       0.000us         0.00%       0.000us       0.000us           0 b           0 b      56.47 Gb           0 b          4768            --  
                                            aten::slice         0.07%      21.274ms         0.09%      28.924ms       2.657us       0.000us         0.00%       0.000us       0.000us           0 b           0 b           0 b           0 b         10888            --  
                                    aten::empty_strided         0.09%      27.225ms         0.09%      27.225ms       5.176us       0.000us         0.00%       0.000us       0.000us       9.19 Mb       9.19 Mb      82.61 Gb      82.61 Gb          5260            --  
                                           aten::narrow         0.02%       7.225ms         0.07%      22.816ms       3.442us       0.000us         0.00%       0.000us       0.000us           0 b           0 b           0 b           0 b          6628            --  
                                       aten::as_strided         0.06%      19.480ms         0.06%      19.480ms       0.803us       0.000us         0.00%       0.000us       0.000us           0 b           0 b           0 b           0 b         24244            --  
                                           aten::select         0.04%      11.395ms         0.05%      16.659ms       2.916us       0.000us         0.00%       0.000us       0.000us           0 b           0 b           0 b           0 b          5712            --  
                                            aten::randn         0.00%      55.000us         0.04%      13.237ms       1.655ms       0.000us         0.00%       0.000us       0.000us       9.19 Mb           0 b           0 b           0 b             8            --  
                                          aten::normal_         0.04%      12.327ms         0.04%      12.327ms       1.541ms       0.000us         0.00%       0.000us       0.000us           0 b           0 b           0 b           0 b             8            --  
                                     aten::view_as_real         0.04%      12.321ms         0.04%      12.321ms       2.157us       0.000us         0.00%       0.000us       0.000us           0 b           0 b           0 b           0 b          5712            --  
                                          aten::reshape         0.03%       7.976ms         0.03%      11.071ms       2.904us       0.000us         0.00%       0.000us       0.000us           0 b           0 b           0 b           0 b          3812            --  
                                          aten::permute         0.02%       7.467ms         0.03%      10.304ms       2.706us       0.000us         0.00%       0.000us       0.000us           0 b           0 b           0 b           0 b          3808            --  
                                           CatBackward0         0.01%       2.512ms         0.03%      10.270ms      41.411us       0.000us         0.00%       0.000us       0.000us           0 b           0 b           0 b           0 b           248            --  
                                        aten::unsqueeze         0.02%       7.273ms         0.03%       9.498ms       3.991us       0.000us         0.00%       0.000us       0.000us           0 b           0 b           0 b           0 b          2380            --  
autograd::engine::evaluate_function: ConvolutionBack...         0.00%      27.000us         0.01%       3.506ms     876.500us       0.000us         0.00%      13.124ms       3.281ms           0 b           0 b     -39.67 Mb     -49.00 Mb             4            --  
                                   ConvolutionBackward0         0.00%      28.000us         0.01%       3.479ms     869.750us       0.000us         0.00%      13.124ms       3.281ms           0 b           0 b       9.33 Mb           0 b             4            --  
                             aten::convolution_backward         0.00%     329.000us         0.01%       3.451ms     862.750us      13.124ms         0.07%      13.124ms       3.281ms           0 b           0 b       9.33 Mb       9.05 Mb             4            --  
                                            aten::_conj         0.01%       2.829ms         0.01%       3.338ms       3.506us       0.000us         0.00%       0.000us       0.000us           0 b           0 b           0 b           0 b           952            --  
                                   aten::_reshape_alias         0.01%       3.111ms         0.01%       3.111ms       0.815us       0.000us         0.00%       0.000us       0.000us           0 b           0 b           0 b           0 b          3816            --  
                                      aten::as_strided_         0.01%       2.758ms         0.01%       2.758ms       0.724us       0.000us         0.00%       0.000us       0.000us           0 b           0 b      -4.27 Gb      -4.27 Gb          3808            --  
                                            aten::alias         0.01%       1.894ms         0.01%       1.894ms       1.315us       0.000us         0.00%       0.000us       0.000us           0 b           0 b           0 b           0 b          1440            --  
                                             aten::view         0.00%       1.320ms         0.00%       1.320ms       1.358us       0.000us         0.00%       0.000us       0.000us           0 b           0 b           0 b           0 b           972            --  
autograd::engine::evaluate_function: AvgPool2DBackwa...         0.00%     106.000us         0.00%       1.056ms      88.000us       0.000us         0.00%       1.071ms      89.250us           0 b           0 b      -8.54 Mb     -54.04 Mb            12            --  
                                     AvgPool2DBackward0         0.00%      52.000us         0.00%     950.000us      79.167us       0.000us         0.00%       1.071ms      89.250us           0 b           0 b      45.50 Mb           0 b            12            --  
                              aten::avg_pool2d_backward         0.00%     120.000us         0.00%     898.000us      74.833us       1.071ms         0.01%       1.071ms      89.250us           0 b           0 b      45.50 Mb      45.50 Mb            12            --  
    autograd::engine::evaluate_function: AddmmBackward0         0.00%     109.000us         0.00%     588.000us     147.000us       0.000us         0.00%     100.000us      25.000us           0 b           0 b       1.56 Mb     -64.00 Kb             4            --  
                                 cudaFuncSetCacheConfig         0.00%     587.000us         0.00%     587.000us       0.125us       0.000us         0.00%       0.000us       0.000us           0 b           0 b           0 b           0 b          4704            --  
                                           aten::conv2d         0.00%      24.000us         0.00%     407.000us     101.750us       0.000us         0.00%     724.000us     181.000us           0 b           0 b      49.00 Mb           0 b             4      3776.446  
                                      aten::convolution         0.00%      47.000us         0.00%     383.000us      95.750us       0.000us         0.00%     724.000us     181.000us           0 b           0 b      49.00 Mb           0 b             4            --  
                                         AddmmBackward0         0.00%      61.000us         0.00%     355.000us      88.750us       0.000us         0.00%      75.000us      18.750us           0 b           0 b       1.62 Mb           0 b             4            --  
                                     aten::_convolution         0.00%      29.000us         0.00%     336.000us      84.000us       0.000us         0.00%     724.000us     181.000us           0 b           0 b      49.00 Mb           0 b             4            --  
                                           aten::linear         0.00%      37.000us         0.00%     311.000us      77.750us       0.000us         0.00%      57.000us      14.250us           0 b           0 b       8.00 Kb           0 b             4            --  
                                aten::cudnn_convolution         0.00%     186.000us         0.00%     307.000us      76.750us     724.000us         0.00%     724.000us     181.000us           0 b           0 b      49.00 Mb      48.71 Mb             4            --  
                                       aten::avg_pool2d         0.00%     183.000us         0.00%     284.000us      23.667us     372.000us         0.00%     372.000us      31.000us           0 b           0 b      11.16 Mb      11.16 Mb            12            --  
                                  cudaStreamSynchronize         0.00%     245.000us         0.00%     245.000us      20.417us       0.000us         0.00%       0.000us       0.000us           0 b           0 b           0 b           0 b            12            --  
                                            aten::addmm         0.00%     151.000us         0.00%     239.000us      59.750us      57.000us         0.00%      57.000us      14.250us           0 b           0 b       8.00 Kb       8.00 Kb             4         3.277  
                                               aten::mm         0.00%     117.000us         0.00%     221.000us      27.625us      75.000us         0.00%      75.000us       9.375us           0 b           0 b       1.62 Mb       1.62 Mb             8         6.554  
autograd::engine::evaluate_function: MaxPool2DWithIn...         0.00%      31.000us         0.00%     206.000us      51.500us       0.000us         0.00%       1.246ms     311.500us           0 b           0 b      12.25 Mb     -36.75 Mb             4            --  
     autograd::engine::evaluate_function: MeanBackward1         0.00%      23.000us         0.00%     202.000us      50.500us       0.000us         0.00%      20.000us       5.000us           0 b           0 b       3.00 Mb     -64.00 Kb             4            --  
                                          MeanBackward1         0.00%      25.000us         0.00%     179.000us      44.750us       0.000us         0.00%      20.000us       5.000us           0 b           0 b       3.06 Mb           0 b             4            --  
                          MaxPool2DWithIndicesBackward0         0.00%      19.000us         0.00%     175.000us      43.750us       0.000us         0.00%       1.246ms     311.500us           0 b           0 b      49.00 Mb           0 b             4            --  
                 aten::max_pool2d_with_indices_backward         0.00%      59.000us         0.00%     156.000us      39.000us       1.051ms         0.01%       1.246ms     311.500us           0 b           0 b      49.00 Mb      49.00 Mb             4            --  
                                       aten::max_pool2d         0.00%      16.000us         0.00%     146.000us      36.500us       0.000us         0.00%     435.000us     108.750us           0 b           0 b      37.53 Mb           0 b             4            --  
                              aten::adaptive_avg_pool2d         0.00%      11.000us         0.00%     143.000us      35.750us       0.000us         0.00%      40.000us      10.000us           0 b           0 b      64.00 Kb           0 b             4            --  
                                             aten::mean         0.00%      89.000us         0.00%     132.000us      33.000us      40.000us         0.00%      40.000us      10.000us           0 b           0 b      64.00 Kb      64.00 Kb             4            --  
                          aten::max_pool2d_with_indices         0.00%      94.000us         0.00%     130.000us      32.500us     435.000us         0.00%     435.000us     108.750us           0 b           0 b      37.53 Mb      37.53 Mb             4            --  
                                              aten::div         0.00%      90.000us         0.00%     130.000us      32.500us      20.000us         0.00%      20.000us       5.000us           0 b           0 b       3.06 Mb       3.06 Mb             4            --  
                                                aten::t         0.00%      64.000us         0.00%     128.000us       6.400us       0.000us         0.00%       0.000us       0.000us           0 b           0 b           0 b           0 b            20            --  
                                            aten::zeros         0.00%      38.000us         0.00%      70.000us       8.750us       0.000us         0.00%       0.000us       0.000us          32 b           0 b           0 b           0 b             8            --  
                                            aten::zero_         0.00%      18.000us         0.00%      65.000us       5.417us       0.000us         0.00%     195.000us      16.250us           0 b           0 b           0 b           0 b            12            --  
                                        aten::transpose         0.00%      40.000us         0.00%      64.000us       3.200us       0.000us         0.00%       0.000us       0.000us           0 b           0 b           0 b           0 b            20            --  
                                        cudaBindTexture         0.00%      59.000us         0.00%      59.000us       7.375us       0.000us         0.00%       0.000us       0.000us           0 b           0 b           0 b           0 b             8            --  
-------------------------------------------------------  ------------  ------------  ------------  ------------  ------------  ------------  ------------  ------------  ------------  ------------  ------------  ------------  ------------  ------------  ------------  
Self CPU time total: 31.784s
Self CUDA time total: 19.160s
[0m
