[0m-----------------------------------------------------------------------------------------------------------------------------[0m
[0mShowing VGG16_CIFAR100_Conv2dRFFTFunction_date-20240210-165907.pt[0m
[0m-------------------------------------------------------  ------------  ------------  ------------  ------------  ------------  ------------  ------------  ------------  ------------  ------------  ------------  ------------  ------------  ------------  ------------  
                                                   Name    Self CPU %      Self CPU   CPU total %     CPU total  CPU time avg     Self CUDA   Self CUDA %    CUDA total  CUDA time avg       CPU Mem  Self CPU Mem      CUDA Mem  Self CUDA Mem    # of Calls  Total GFLOPs  
-------------------------------------------------------  ------------  ------------  ------------  ------------  ------------  ------------  ------------  ------------  ------------  ------------  ------------  ------------  ------------  ------------  ------------  
                                            aten::copy_         0.01%       5.097ms        80.59%       44.821s      67.911ms     712.165ms         2.56%     715.050ms       1.083ms           0 b           0 b           0 b      -9.31 Mb           660            --  
                                          ProfilerStep*         0.00%     118.000us        50.08%       27.853s        6.963s       0.000us         0.00%       10.254s        2.563s       4.60 Mb        -544 b           0 b           0 b             4            --  
                                        cudaMemcpyAsync        39.99%       22.239s        39.99%       22.239s     132.375ms       0.000us         0.00%       0.000us       0.000us           0 b           0 b           0 b           0 b           168            --  
                                               aten::to         0.00%      68.000us        39.83%       22.153s        1.846s       0.000us         0.00%       4.033ms     336.083us       9.19 Mb           0 b       9.20 Mb           0 b            12            --  
                                         aten::_to_copy         0.00%     177.000us        39.83%       22.153s        1.846s       0.000us         0.00%       4.033ms     336.083us       9.19 Mb           0 b       9.20 Mb           0 b            12            --  
autograd::engine::evaluate_function: ToCopyBackward0...         0.00%      83.000us        39.83%       22.150s        5.538s       0.000us         0.00%       2.885ms     721.250us       9.19 Mb           0 b      -9.35 Mb      -9.35 Mb             4            --  
                                        ToCopyBackward0         0.00%      19.000us        39.83%       22.150s        5.538s       0.000us         0.00%       2.885ms     721.250us       9.19 Mb           0 b           0 b           0 b             4            --  
                              Conv2dRFFTFunction Step#9        12.48%        6.943s        12.52%        6.965s        6.965s       0.000us         0.00%        2.564s        2.564s          -4 b      -2.30 Mb           0 b    -494.30 Mb             1            --  
                              Conv2dRFFTFunction Step#8        12.48%        6.943s        12.52%        6.964s        6.964s       0.000us         0.00%        2.564s        2.564s       4.60 Mb       2.30 Mb           0 b    -493.96 Mb             1            --  
                             Conv2dRFFTFunction Step#10        12.48%        6.943s        12.52%        6.962s        6.962s       0.000us         0.00%        2.563s        2.563s          -4 b      -2.30 Mb           0 b    -493.96 Mb             1            --  
                             Conv2dRFFTFunction Step#11        12.48%        6.942s        12.52%        6.961s        6.961s       0.000us         0.00%        2.563s        2.563s          -4 b      -2.30 Mb           0 b    -494.30 Mb             1            --  
                                       cudaLaunchKernel         9.84%        5.472s         9.84%        5.472s       1.120ms       0.000us         0.00%       0.000us       0.000us           0 b           0 b           0 b           0 b          4884            --  
autograd::engine::evaluate_function: Conv2dRFFTFunct...         0.00%     513.000us         8.70%        4.837s      93.016ms       0.000us         0.00%       17.477s     336.101ms           0 b           0 b      27.69 Gb    -933.97 Mb            52            --  
                             Conv2dRFFTFunctionBackward         0.02%      11.820ms         8.70%        4.836s      93.006ms       0.000us         0.00%       17.477s     336.101ms           0 b           0 b      28.60 Gb   -1236.66 Gb            52            --  
                                        aten::fft_rfftn         0.00%       1.220ms         3.14%        1.746s       6.714ms       0.000us         0.00%        2.768s      10.644ms           0 b           0 b      60.82 Gb     -44.27 Gb           260            --  
                                         aten::_fft_r2c         0.01%       7.717ms         2.28%        1.270s       4.885ms        2.501s         8.99%        2.501s       9.620ms           0 b           0 b      48.18 Gb    -127.70 Gb           260            --  
                                       aten::fft_irfftn         0.00%     489.000us         2.09%        1.162s       7.449ms       0.000us         0.00%        1.839s      11.786ms           0 b           0 b      29.45 Gb           0 b           156            --  
                                         aten::_fft_c2r         0.01%       5.355ms         2.09%        1.162s       7.446ms        1.316s         4.73%        1.839s      11.786ms           0 b           0 b      29.45 Gb     -83.67 Gb           156            --  
                                              aten::mul         0.02%      10.886ms         2.04%        1.134s       1.211ms       12.645s        45.46%       13.038s      13.929ms        -256 b        -256 b    1057.74 Gb    1027.47 Gb           936        48.421  
autograd::engine::evaluate_function: torch::autograd...         0.00%       1.198ms         1.00%     558.571ms       2.367ms       0.000us         0.00%      30.196ms     127.949us           0 b           0 b     -29.81 Gb           0 b           236            --  
                        torch::autograd::AccumulateGrad         0.00%     913.000us         1.00%     557.373ms       2.362ms       0.000us         0.00%      30.196ms     127.949us           0 b           0 b     -29.81 Gb     -29.81 Gb           236            --  
                                             aten::add_         0.00%       1.985ms         1.00%     557.304ms       1.962ms      30.329ms         0.11%      30.329ms     106.792us         -16 b         -16 b           0 b           0 b           284            --  
                                  aten::constant_pad_nd         0.00%       2.619ms         0.92%     511.631ms       1.968ms       0.000us         0.00%     282.245ms       1.086ms           0 b           0 b      58.06 Gb           0 b           260            --  
                                              aten::add         0.01%       3.680ms         0.92%     511.009ms       1.404ms        6.168s        22.18%        6.168s      16.946ms           0 b           0 b     529.68 Gb     529.68 Gb           364        94.861  
                                            aten::clone         0.00%       1.349ms         0.73%     407.547ms       1.061ms       0.000us         0.00%     659.893ms       1.718ms           0 b           0 b      61.21 Gb           0 b           384            --  
                                              aten::sum         0.01%       4.001ms         0.51%     285.368ms       1.297ms        1.808s         6.50%        1.808s       8.218ms           0 b           0 b      30.85 Gb      30.85 Gb           220            --  
                                            aten::fill_         0.00%       1.603ms         0.49%     272.273ms     958.708us     235.406ms         0.85%     235.406ms     828.894us           0 b           0 b           0 b           0 b           284            --  
                                             aten::mul_         0.00%       1.002ms         0.37%     207.528ms       1.330ms       0.000us         0.00%     256.259ms       1.643ms           0 b         256 b           0 b           0 b           156            --  
                                              aten::sub         0.00%       1.448ms         0.33%     185.036ms       1.186ms        2.305s         8.29%        2.305s      14.774ms           0 b           0 b     176.29 Gb     176.29 Gb           156            --  
     autograd::engine::evaluate_function: ReluBackward0         0.00%     382.000us         0.22%     123.960ms       2.066ms       0.000us         0.00%      10.118ms     168.633us           0 b           0 b    -861.42 Mb      -1.64 Gb            60            --  
                                          ReluBackward0         0.00%     239.000us         0.22%     123.578ms       2.060ms       0.000us         0.00%      10.118ms     168.633us           0 b           0 b     813.09 Mb     -24.50 Mb            60            --  
                               aten::threshold_backward         0.00%     731.000us         0.22%     123.339ms       2.056ms      10.118ms         0.04%      10.118ms     168.633us           0 b           0 b     837.59 Mb     837.59 Mb            60            --  
                                       aten::contiguous         0.00%      33.000us         0.22%     119.782ms       5.989ms       0.000us         0.00%     857.000us      42.850us           0 b           0 b     103.87 Mb           0 b            20            --  
autograd::engine::evaluate_function: CudnnBatchNormB...         0.00%     485.000us         0.15%      85.311ms       1.641ms       0.000us         0.00%      17.470ms     335.962us           0 b           0 b    -834.34 Mb      -1.63 Gb            52            --  
                                CudnnBatchNormBackward0         0.00%     202.000us         0.15%      84.826ms       1.631ms       0.000us         0.00%      17.470ms     335.962us           0 b           0 b     839.54 Mb           0 b            52            --  
                        aten::cudnn_batch_norm_backward         0.00%       1.170ms         0.15%      84.624ms       1.627ms      17.470ms         0.06%      17.470ms     335.962us           0 b           0 b     839.54 Mb           0 b            52            --  
                                     Conv2dRFFTFunction         0.02%       8.348ms         0.09%      51.235ms     985.288us       0.000us         0.00%       10.207s     196.291ms           0 b           0 b     836.66 Mb    -619.91 Gb            52            --  
                                              aten::pad         0.01%       4.099ms         0.07%      41.345ms     397.548us       0.000us         0.00%      15.991ms     153.760us           0 b           0 b       1.15 Gb           0 b           104            --  
                                            aten::randn         0.00%      63.000us         0.03%      18.812ms       2.352ms       0.000us         0.00%       0.000us       0.000us       9.19 Mb           0 b           0 b           0 b             8            --  
                                          aten::normal_         0.03%      16.698ms         0.03%      16.698ms       2.087ms       0.000us         0.00%       0.000us       0.000us           0 b           0 b           0 b           0 b             8            --  
                                            aten::empty         0.02%       9.775ms         0.02%       9.775ms       5.504us       0.000us         0.00%       0.000us       0.000us       9.19 Mb       9.19 Mb     360.07 Gb     360.07 Gb          1776            --  
autograd::engine::evaluate_function: MaxPool2DWithIn...         0.00%     149.000us         0.01%       3.977ms     198.850us       0.000us         0.00%       7.806ms     390.300us           0 b           0 b      84.58 Mb    -289.05 Mb            20            --  
                                       aten::batch_norm         0.00%     111.000us         0.01%       3.864ms      74.308us       0.000us         0.00%      11.848ms     227.846us           0 b           0 b     845.10 Mb           0 b            52            --  
                          MaxPool2DWithIndicesBackward0         0.00%      83.000us         0.01%       3.828ms     191.400us       0.000us         0.00%       7.806ms     390.300us           0 b           0 b     373.62 Mb           0 b            20            --  
                           aten::_batch_norm_impl_index         0.00%     194.000us         0.01%       3.753ms      72.173us       0.000us         0.00%      11.848ms     227.846us           0 b           0 b     845.10 Mb           0 b            52            --  
                 aten::max_pool2d_with_indices_backward         0.00%     313.000us         0.01%       3.745ms     187.250us       5.557ms         0.02%       7.806ms     390.300us           0 b           0 b     373.62 Mb     279.06 Mb            20            --  
                                             aten::real         0.00%       1.048ms         0.01%       3.604ms      11.551us       0.000us         0.00%       0.000us       0.000us           0 b           0 b           0 b           0 b           312            --  
                                 aten::cudnn_batch_norm         0.00%       1.740ms         0.01%       3.559ms      68.442us      11.848ms         0.04%      11.848ms     227.846us           0 b           0 b     845.10 Mb           0 b            52            --  
                                            aten::slice         0.00%       2.531ms         0.01%       3.540ms       2.723us       0.000us         0.00%       0.000us       0.000us           0 b           0 b           0 b           0 b          1300            --  
                                       aten::empty_like         0.00%       1.128ms         0.01%       3.315ms       7.144us       0.000us         0.00%       0.000us       0.000us           0 b           0 b      62.04 Gb           0 b           464            --  
                                             aten::imag         0.00%     898.000us         0.01%       3.253ms      10.426us       0.000us         0.00%       0.000us       0.000us           0 b           0 b           0 b           0 b           312            --  
                                           aten::narrow         0.00%     871.000us         0.00%       2.640ms       3.626us       0.000us         0.00%       0.000us       0.000us           0 b           0 b           0 b           0 b           728            --  
                                           aten::select         0.00%       1.940ms         0.00%       2.392ms       3.833us       0.000us         0.00%       0.000us       0.000us           0 b           0 b           0 b           0 b           624            --  
                                       aten::as_strided         0.00%       2.282ms         0.00%       2.282ms       0.791us       0.000us         0.00%       0.000us       0.000us           0 b           0 b           0 b           0 b          2884            --  
                                     aten::view_as_real         0.00%       1.751ms         0.00%       1.751ms       2.806us       0.000us         0.00%       0.000us       0.000us           0 b           0 b           0 b           0 b           624            --  
                                            aten::relu_         0.00%     499.000us         0.00%       1.438ms      23.967us       0.000us         0.00%       6.903ms     115.050us           0 b           0 b           0 b           0 b            60            --  
    autograd::engine::evaluate_function: AddmmBackward0         0.00%     205.000us         0.00%       1.382ms     115.167us       0.000us         0.00%      16.117ms       1.343ms           0 b           0 b       1.79 Gb      -2.53 Mb            12            --  
                                          aten::reshape         0.00%     880.000us         0.00%       1.292ms       2.737us       0.000us         0.00%       0.000us       0.000us           0 b           0 b           0 b           0 b           472            --  
                                    aten::empty_strided         0.00%       1.279ms         0.00%       1.279ms       5.419us       0.000us         0.00%       0.000us       0.000us       9.19 Mb       9.19 Mb      30.28 Gb      30.28 Gb           236            --  
                                            aten::zero_         0.00%      74.000us         0.00%       1.181ms      36.906us       0.000us         0.00%       1.468ms      45.875us           0 b           0 b           0 b           0 b            32            --  
                                        aten::unsqueeze         0.00%     809.000us         0.00%       1.059ms       4.073us       0.000us         0.00%       0.000us       0.000us           0 b           0 b           0 b           0 b           260            --  
                                          aten::permute         0.00%     723.000us         0.00%       1.021ms       2.454us       0.000us         0.00%       0.000us       0.000us           0 b           0 b           0 b           0 b           416            --  
                                       aten::clamp_min_         0.00%     492.000us         0.00%     939.000us      15.650us       6.903ms         0.02%       6.903ms     115.050us           0 b           0 b           0 b           0 b            60            --  
                                           aten::linear         0.00%      89.000us         0.00%     937.000us      78.083us       0.000us         0.00%      23.748ms       1.979ms           0 b           0 b     520.00 Kb           0 b            12            --  
                                         AddmmBackward0         0.00%     171.000us         0.00%     878.000us      73.167us       0.000us         0.00%      16.038ms       1.337ms           0 b           0 b       1.79 Gb           0 b            12            --  
                                            aten::_conj         0.00%     677.000us         0.00%     797.000us       2.554us       0.000us         0.00%       0.000us       0.000us           0 b           0 b           0 b           0 b           312            --  
                                          aten::resize_         0.00%     734.000us         0.00%     734.000us       1.748us       0.000us         0.00%       0.000us       0.000us           0 b           0 b       1.53 Mb       1.53 Mb           420            --  
                                            aten::addmm         0.00%     448.000us         0.00%     734.000us      61.167us      23.748ms         0.09%      23.748ms       1.979ms           0 b           0 b     520.00 Kb     520.00 Kb            12         3.838  
                                       aten::max_pool2d         0.00%      72.000us         0.00%     599.000us      29.950us       0.000us         0.00%       2.869ms     143.450us           0 b           0 b     282.91 Mb           0 b            20            --  
                          aten::max_pool2d_with_indices         0.00%     378.000us         0.00%     527.000us      26.350us       2.869ms         0.01%       2.869ms     143.450us           0 b           0 b     282.91 Mb     282.91 Mb            20            --  
                                               aten::mm         0.00%     273.000us         0.00%     518.000us      21.583us      16.038ms         0.06%      16.038ms     668.250us           0 b           0 b       1.79 Gb       1.79 Gb            24         7.677  
                                   aten::_reshape_alias         0.00%     433.000us         0.00%     433.000us       0.910us       0.000us         0.00%       0.000us       0.000us           0 b           0 b           0 b           0 b           476            --  
                                                aten::t         0.00%     173.000us         0.00%     358.000us       5.967us       0.000us         0.00%       0.000us       0.000us           0 b           0 b           0 b           0 b            60            --  
                                          aten::dropout         0.00%      23.000us         0.00%     339.000us      42.375us       0.000us         0.00%      38.000us       4.750us           0 b           0 b     640.00 Kb           0 b             8            --  
                                        aten::_neg_view         0.00%     284.000us         0.00%     326.000us       3.135us       0.000us         0.00%       0.000us       0.000us           0 b           0 b           0 b           0 b           104            --  
                                   aten::native_dropout         0.00%     130.000us         0.00%     316.000us      39.500us      38.000us         0.00%      38.000us       4.750us           0 b           0 b     640.00 Kb           0 b             8            --  
                                      aten::as_strided_         0.00%     302.000us         0.00%     302.000us       0.726us       0.000us         0.00%       0.000us       0.000us           0 b           0 b     -11.25 Gb     -11.25 Gb           416            --  
                                  cudaStreamSynchronize         0.00%     286.000us         0.00%     286.000us      23.833us       0.000us         0.00%       0.000us       0.000us           0 b           0 b           0 b           0 b            12            --  
autograd::engine::evaluate_function: NativeDropoutBa...         0.00%      47.000us         0.00%     269.000us      33.625us       0.000us         0.00%      16.000us       2.000us           0 b           0 b    -128.00 Kb    -640.00 Kb             8            --  
autograd::engine::evaluate_function: AdaptiveAvgPool...         0.00%      34.000us         0.00%     226.000us      56.500us       0.000us         0.00%     115.000us      28.750us           0 b           0 b      -1.53 Mb      -3.06 Mb             4            --  
                                 NativeDropoutBackward0         0.00%      27.000us         0.00%     222.000us      27.750us       0.000us         0.00%      16.000us       2.000us           0 b           0 b     512.00 Kb           0 b             8            --  
                          aten::native_dropout_backward         0.00%      70.000us         0.00%     195.000us      24.375us      16.000us         0.00%      16.000us       2.000us           0 b           0 b     512.00 Kb           0 b             8            --  
                             AdaptiveAvgPool2DBackward0         0.00%      14.000us         0.00%     192.000us      48.000us       0.000us         0.00%     115.000us      28.750us           0 b           0 b       1.53 Mb           0 b             4            --  
                                        aten::transpose         0.00%     114.000us         0.00%     185.000us       3.083us       0.000us         0.00%       0.000us       0.000us           0 b           0 b           0 b           0 b            60            --  
                    aten::_adaptive_avg_pool2d_backward         0.00%      40.000us         0.00%     178.000us      44.500us     107.000us         0.00%     115.000us      28.750us           0 b           0 b       1.53 Mb           0 b             4            --  
                                            aten::alias         0.00%     162.000us         0.00%     162.000us       0.389us       0.000us         0.00%       0.000us       0.000us           0 b           0 b           0 b           0 b           416            --  
                                             aten::view         0.00%     162.000us         0.00%     162.000us       1.397us       0.000us         0.00%       0.000us       0.000us           0 b           0 b           0 b           0 b           116            --  
                              aten::adaptive_avg_pool2d         0.00%      14.000us         0.00%     144.000us      36.000us       0.000us         0.00%     154.000us      38.500us           0 b           0 b       1.53 Mb           0 b             4            --  
        autograd::engine::evaluate_function: TBackward0         0.00%      61.000us         0.00%     137.000us      11.417us       0.000us         0.00%       0.000us       0.000us           0 b           0 b           0 b           0 b            12            --  
                             aten::_adaptive_avg_pool2d         0.00%      53.000us         0.00%     130.000us      32.500us     154.000us         0.00%     154.000us      38.500us           0 b           0 b       1.53 Mb           0 b             4            --  
                                 cudaFuncSetCacheConfig         0.00%     125.000us         0.00%     125.000us       0.300us       0.000us         0.00%       0.000us       0.000us           0 b           0 b           0 b           0 b           416            --  
                                       aten::zeros_like         0.00%      16.000us         0.00%     108.000us      27.000us       0.000us         0.00%       8.000us       2.000us           0 b           0 b       1.53 Mb           0 b             4            --  
                                        cudaMemsetAsync         0.00%     101.000us         0.00%     101.000us       8.417us       0.000us         0.00%       0.000us       0.000us           0 b           0 b           0 b           0 b            12            --  
                                            aten::zeros         0.00%      44.000us         0.00%      86.000us      10.750us       0.000us         0.00%       0.000us       0.000us          32 b           0 b           0 b           0 b             8            --  
                                             TBackward0         0.00%      21.000us         0.00%      76.000us       6.333us       0.000us         0.00%       0.000us       0.000us           0 b           0 b           0 b           0 b            12            --  
                                           aten::expand         0.00%      42.000us         0.00%      56.000us       3.500us       0.000us         0.00%       0.000us       0.000us           0 b           0 b           0 b           0 b            16            --  
autograd::engine::evaluate_function: ReshapeAliasBac...         0.00%      19.000us         0.00%      43.000us      10.750us       0.000us         0.00%       0.000us       0.000us           0 b           0 b           0 b           0 b             4            --  
                                           aten::detach         0.00%      15.000us         0.00%      37.000us       9.250us       0.000us         0.00%       0.000us       0.000us           0 b           0 b           0 b           0 b             4            --  
                                          aten::flatten         0.00%      10.000us         0.00%      31.000us       7.750us       0.000us         0.00%       0.000us       0.000us           0 b           0 b           0 b           0 b             4            --  
                                  ReshapeAliasBackward0         0.00%       6.000us         0.00%      24.000us       6.000us       0.000us         0.00%       0.000us       0.000us           0 b           0 b           0 b           0 b             4            --  
-------------------------------------------------------  ------------  ------------  ------------  ------------  ------------  ------------  ------------  ------------  ------------  ------------  ------------  ------------  ------------  ------------  ------------  
Self CPU time total: 55.614s
Self CUDA time total: 27.816s
[0m
[0m-----------------------------------------------------------------------------------------------------------------------------[0m
[0mShowing VGG16_CIFAR100_Conv2dRFFTPhasorFunction_date-20240210-165907.pt[0m
[0m-------------------------------------------------------  ------------  ------------  ------------  ------------  ------------  ------------  ------------  ------------  ------------  ------------  ------------  ------------  ------------  ------------  ------------  
                                                   Name    Self CPU %      Self CPU   CPU total %     CPU total  CPU time avg     Self CUDA   Self CUDA %    CUDA total  CUDA time avg       CPU Mem  Self CPU Mem      CUDA Mem  Self CUDA Mem    # of Calls  Total MFLOPs  
-------------------------------------------------------  ------------  ------------  ------------  ------------  ------------  ------------  ------------  ------------  ------------  ------------  ------------  ------------  ------------  ------------  ------------  
                                            aten::copy_         0.02%       8.857ms        69.52%       30.663s      23.880ms        1.688s         7.65%        1.691s       1.317ms           0 b           0 b    -367.73 Mb    -377.05 Mb          1284            --  
                                          ProfilerStep*         0.00%     248.000us        50.11%       22.102s        5.526s       0.000us         0.00%        6.434s        1.609s       4.60 Mb        -808 b           0 b           0 b             4            --  
                                        cudaMemcpyAsync        33.15%       14.624s        33.15%       14.624s      87.048ms       0.000us         0.00%       0.000us       0.000us           0 b           0 b           0 b           0 b           168            --  
                                               aten::to         0.00%      63.000us        32.91%       14.516s        1.210s       0.000us         0.00%       3.568ms     297.333us       9.19 Mb           0 b       9.20 Mb           0 b            12            --  
                                         aten::_to_copy         0.00%     136.000us        32.91%       14.516s        1.210s       0.000us         0.00%       3.568ms     297.333us       9.19 Mb           0 b       9.20 Mb           0 b            12            --  
autograd::engine::evaluate_function: ToCopyBackward0...         0.00%      62.000us        32.91%       14.514s        3.629s       0.000us         0.00%       2.724ms     681.000us       9.19 Mb           0 b      -9.35 Mb      -9.35 Mb             4            --  
                                        ToCopyBackward0         0.00%      13.000us        32.91%       14.514s        3.629s       0.000us         0.00%       2.724ms     681.000us       9.19 Mb           0 b           0 b           0 b             4            --  
autograd::engine::evaluate_function: Conv2dRFFTPhaso...         0.00%     551.000us        15.97%        7.045s     135.481ms       0.000us         0.00%       10.982s     211.196ms           0 b           0 b      27.69 Gb    -937.28 Mb            52            --  
                       Conv2dRFFTPhasorFunctionBackward         0.03%      11.463ms        15.97%        7.044s     135.471ms       0.000us         0.00%       10.982s     211.196ms           0 b           0 b      28.60 Gb   -1033.35 Gb            52            --  
                                       cudaLaunchKernel        14.79%        6.524s        14.79%        6.524s       1.336ms       0.000us         0.00%       0.000us       0.000us           0 b           0 b           0 b           0 b          4884            --  
                       Conv2dRFFTPhasorFunction Step#11        12.48%        5.504s        12.53%        5.526s        5.526s       0.000us         0.00%        1.608s        1.608s          -4 b      -2.30 Mb           0 b    -494.16 Mb             1            --  
                       Conv2dRFFTPhasorFunction Step#10        12.48%        5.505s        12.53%        5.526s        5.526s       0.000us         0.00%        1.609s        1.609s          -4 b      -2.30 Mb           0 b    -493.74 Mb             1            --  
                        Conv2dRFFTPhasorFunction Step#9        12.48%        5.505s        12.53%        5.525s        5.525s       0.000us         0.00%        1.609s        1.609s          -4 b      -2.30 Mb           0 b    -494.16 Mb             1            --  
                        Conv2dRFFTPhasorFunction Step#8        12.47%        5.502s        12.52%        5.524s        5.524s       0.000us         0.00%        1.608s        1.608s       4.60 Mb       2.30 Mb           0 b    -493.74 Mb             1            --  
                                        aten::fft_rfftn         0.00%       1.267ms         7.34%        3.238s      12.454ms       0.000us         0.00%        2.766s      10.640ms           0 b           0 b      60.82 Gb     -46.33 Gb           260            --  
                                         aten::_fft_r2c         0.02%       8.151ms         5.84%        2.574s       9.900ms        2.500s        11.33%        2.500s       9.616ms           0 b           0 b      50.25 Gb    -126.74 Gb           260            --  
                                              aten::abs         0.94%     416.419ms         3.82%        1.684s       2.699ms       0.000us         0.00%        1.084s       1.737ms           0 b           0 b      23.94 Gb     -91.90 Gb           624            --  
                                            aten::angle         0.74%     327.234ms         3.26%        1.437s       2.303ms       0.000us         0.00%        1.084s       1.737ms           0 b           0 b      61.71 Gb     -91.63 Gb           624            --  
                                       aten::fft_irfftn         0.00%     485.000us         2.55%        1.123s       7.201ms       0.000us         0.00%        1.839s      11.788ms           0 b           0 b      29.45 Gb           0 b           156            --  
                                         aten::_fft_c2r         0.01%       5.496ms         2.55%        1.123s       7.198ms        1.316s         5.96%        1.839s      11.788ms           0 b           0 b      29.45 Gb     -85.19 Gb           156            --  
                                  aten::constant_pad_nd         0.01%       3.083ms         2.10%     926.597ms       3.564ms       0.000us         0.00%     282.256ms       1.086ms           0 b           0 b      58.06 Gb           0 b           260            --  
                                              aten::mul         0.02%       7.119ms         1.21%     533.984ms     855.744us        8.159s        36.96%        8.159s      13.075ms        -320 b        -320 b     881.45 Gb     881.45 Gb           624     94918.623  
                                            aten::clone         0.00%       1.344ms         1.18%     520.650ms       1.356ms       0.000us         0.00%     836.301ms       2.178ms           0 b           0 b      91.45 Gb           0 b           384            --  
                                            aten::fill_         0.00%       1.632ms         1.01%     447.510ms       1.576ms     235.422ms         1.07%     235.422ms     828.951us           0 b           0 b           0 b           0 b           284            --  
autograd::engine::evaluate_function: torch::autograd...         0.00%     843.000us         0.68%     301.190ms       1.276ms       0.000us         0.00%      30.104ms     127.559us           0 b           0 b     -29.81 Gb           0 b           236            --  
                        torch::autograd::AccumulateGrad         0.00%     898.000us         0.68%     300.347ms       1.273ms       0.000us         0.00%      30.104ms     127.559us           0 b           0 b     -29.81 Gb     -29.81 Gb           236            --  
                                             aten::add_         0.00%       1.927ms         0.68%     300.302ms       1.057ms      30.241ms         0.14%      30.241ms     106.482us           0 b           0 b           0 b           0 b           284            --  
                                              aten::pad         0.00%     342.000us         0.60%     264.069ms       2.539ms       0.000us         0.00%      15.986ms     153.712us           0 b           0 b       1.15 Gb           0 b           104            --  
                                              aten::sum         0.01%       4.009ms         0.58%     254.178ms       1.155ms        1.808s         8.19%        1.808s       8.218ms           0 b           0 b      30.85 Gb      30.85 Gb           220            --  
                                             aten::mul_         0.00%       1.118ms         0.42%     184.053ms       1.180ms       0.000us         0.00%     256.250ms       1.643ms           0 b         320 b           0 b           0 b           156            --  
                                              aten::exp         0.16%      70.584ms         0.16%      70.584ms     452.462us       0.000us         0.00%       0.000us       0.000us           0 b           0 b     352.58 Gb     352.58 Gb           156            --  
autograd::engine::evaluate_function: MaxPool2DWithIn...         0.00%     190.000us         0.15%      66.877ms       3.344ms       0.000us         0.00%       7.816ms     390.800us           0 b           0 b      87.02 Mb    -288.98 Mb            20            --  
                          MaxPool2DWithIndicesBackward0         0.00%      90.000us         0.15%      66.687ms       3.334ms       0.000us         0.00%       7.816ms     390.800us           0 b           0 b     376.00 Mb           0 b            20            --  
                 aten::max_pool2d_with_indices_backward         0.00%     313.000us         0.15%      66.597ms       3.330ms       5.556ms         0.03%       7.816ms     390.800us           0 b           0 b     376.00 Mb     282.34 Mb            20            --  
                               Conv2dRFFTPhasorFunction         0.02%       8.739ms         0.14%      60.716ms       1.168ms       0.000us         0.00%        6.388s     122.838ms           0 b           0 b     838.44 Mb    -532.37 Gb            52            --  
                                       aten::contiguous         0.00%      27.000us         0.11%      49.509ms       2.475ms       0.000us         0.00%     861.000us      43.050us           0 b           0 b     102.97 Mb           0 b            20            --  
autograd::engine::evaluate_function: CudnnBatchNormB...         0.00%     624.000us         0.09%      40.087ms     770.904us       0.000us         0.00%      17.429ms     335.173us           0 b           0 b    -837.09 Mb      -1.64 Gb            52            --  
                                CudnnBatchNormBackward0         0.00%     275.000us         0.09%      39.463ms     758.904us       0.000us         0.00%      17.429ms     335.173us           0 b           0 b     843.76 Mb           0 b            52            --  
                        aten::cudnn_batch_norm_backward         0.00%       1.182ms         0.09%      39.188ms     753.615us      17.429ms         0.08%      17.429ms     335.173us           0 b           0 b     843.76 Mb           0 b            52            --  
                                              aten::add         0.01%       2.488ms         0.09%      37.600ms     180.769us        1.670s         7.57%        1.670s       8.029ms           0 b           0 b     177.12 Gb     177.12 Gb           208       491.560  
     autograd::engine::evaluate_function: ReluBackward0         0.00%     452.000us         0.08%      36.261ms     604.350us       0.000us         0.00%      10.111ms     168.517us           0 b           0 b    -857.02 Mb      -1.66 Gb            60            --  
                                          ReluBackward0         0.00%     250.000us         0.08%      35.809ms     596.817us       0.000us         0.00%      10.111ms     168.517us           0 b           0 b     842.78 Mb           0 b            60            --  
                               aten::threshold_backward         0.00%     714.000us         0.08%      35.559ms     592.650us      10.111ms         0.05%      10.111ms     168.517us           0 b           0 b     842.78 Mb     842.78 Mb            60            --  
                                            aten::zero_         0.00%      72.000us         0.04%      17.597ms     549.906us       0.000us         0.00%       1.474ms      46.062us           0 b           0 b           0 b           0 b            32            --  
                                            aten::randn         0.00%      89.000us         0.03%      14.114ms       1.764ms       0.000us         0.00%       0.000us       0.000us       9.19 Mb           0 b           0 b           0 b             8            --  
                                          aten::normal_         0.03%      13.918ms         0.03%      13.918ms       1.740ms       0.000us         0.00%       0.000us       0.000us           0 b           0 b           0 b           0 b             8            --  
                                            aten::empty         0.03%      11.378ms         0.03%      11.378ms       4.195us       0.000us         0.00%       0.000us       0.000us       9.19 Mb       9.19 Mb     360.07 Gb     360.07 Gb          2712            --  
                                             aten::real         0.00%       1.802ms         0.01%       5.003ms       8.018us       0.000us         0.00%       0.000us       0.000us           0 b           0 b           0 b           0 b           624            --  
                                       aten::batch_norm         0.00%     123.000us         0.01%       4.423ms      85.058us       0.000us         0.00%      11.832ms     227.538us           0 b           0 b     843.51 Mb           0 b            52            --  
                           aten::_batch_norm_impl_index         0.00%     179.000us         0.01%       4.300ms      82.692us       0.000us         0.00%      11.832ms     227.538us           0 b           0 b     843.51 Mb           0 b            52            --  
                                 aten::cudnn_batch_norm         0.00%       2.091ms         0.01%       4.121ms      79.250us      11.832ms         0.05%      11.832ms     227.538us           0 b           0 b     843.51 Mb           0 b            52            --  
                                       aten::empty_like         0.00%       1.263ms         0.01%       3.953ms       6.960us       0.000us         0.00%       0.000us       0.000us           0 b           0 b      62.63 Gb           0 b           568            --  
                                          aten::resize_         0.01%       3.904ms         0.01%       3.904ms       2.879us       0.000us         0.00%       0.000us       0.000us           0 b           0 b     154.24 Gb     154.24 Gb          1356            --  
                                            aten::slice         0.01%       2.581ms         0.01%       3.562ms       2.740us       0.000us         0.00%       0.000us       0.000us           0 b           0 b           0 b           0 b          1300            --  
                                    aten::empty_strided         0.01%       2.739ms         0.01%       2.739ms       4.998us       0.000us         0.00%       0.000us       0.000us       9.19 Mb       9.19 Mb      91.38 Gb      91.38 Gb           548            --  
                                           aten::narrow         0.00%     969.000us         0.01%       2.671ms       3.669us       0.000us         0.00%       0.000us       0.000us           0 b           0 b           0 b           0 b           728            --  
                                       aten::as_strided         0.01%       2.387ms         0.01%       2.387ms       0.828us       0.000us         0.00%       0.000us       0.000us           0 b           0 b           0 b           0 b          2884            --  
                                           aten::select         0.00%       1.231ms         0.00%       1.815ms       2.909us       0.000us         0.00%       0.000us       0.000us           0 b           0 b           0 b           0 b           624            --  
    autograd::engine::evaluate_function: AddmmBackward0         0.00%     262.000us         0.00%       1.639ms     136.583us       0.000us         0.00%      16.124ms       1.344ms           0 b           0 b       1.79 Gb      -2.53 Mb            12            --  
                                          aten::reshape         0.00%       1.141ms         0.00%       1.556ms       3.297us       0.000us         0.00%       0.000us       0.000us           0 b           0 b           0 b           0 b           472            --  
                                            aten::relu_         0.00%     545.000us         0.00%       1.523ms      25.383us       0.000us         0.00%       6.892ms     114.867us           0 b           0 b           0 b           0 b            60            --  
                                     aten::view_as_real         0.00%       1.386ms         0.00%       1.386ms       2.221us       0.000us         0.00%       0.000us       0.000us           0 b           0 b           0 b           0 b           624            --  
                                          aten::permute         0.00%     800.000us         0.00%       1.103ms       2.651us       0.000us         0.00%       0.000us       0.000us           0 b           0 b           0 b           0 b           416            --  
                                         AddmmBackward0         0.00%     224.000us         0.00%       1.073ms      89.417us       0.000us         0.00%      16.040ms       1.337ms           0 b           0 b       1.79 Gb           0 b            12            --  
                                        aten::unsqueeze         0.00%     817.000us         0.00%       1.054ms       4.054us       0.000us         0.00%       0.000us       0.000us           0 b           0 b           0 b           0 b           260            --  
                                       aten::clamp_min_         0.00%     479.000us         0.00%     978.000us      16.300us       6.892ms         0.03%       6.892ms     114.867us           0 b           0 b           0 b           0 b            60            --  
                                           aten::linear         0.00%      92.000us         0.00%     889.000us      74.083us       0.000us         0.00%      23.771ms       1.981ms           0 b           0 b     520.00 Kb           0 b            12            --  
                                            aten::addmm         0.00%     414.000us         0.00%     693.000us      57.750us      23.771ms         0.11%      23.771ms       1.981ms           0 b           0 b     520.00 Kb     520.00 Kb            12      3838.312  
                                       aten::max_pool2d         0.00%      91.000us         0.00%     664.000us      33.200us       0.000us         0.00%       2.868ms     143.400us           0 b           0 b     282.00 Mb           0 b            20            --  
                                               aten::mm         0.00%     338.000us         0.00%     614.000us      25.583us      16.040ms         0.07%      16.040ms     668.333us           0 b           0 b       1.79 Gb       1.79 Gb            24      7676.625  
                          aten::max_pool2d_with_indices         0.00%     394.000us         0.00%     573.000us      28.650us       2.868ms         0.01%       2.868ms     143.400us           0 b           0 b     282.00 Mb     282.00 Mb            20            --  
                                   aten::_reshape_alias         0.00%     431.000us         0.00%     431.000us       0.905us       0.000us         0.00%       0.000us       0.000us           0 b           0 b           0 b           0 b           476            --  
                                                aten::t         0.00%     186.000us         0.00%     413.000us       6.883us       0.000us         0.00%       0.000us       0.000us           0 b           0 b           0 b           0 b            60            --  
                                            aten::_conj         0.00%     353.000us         0.00%     407.000us       3.913us       0.000us         0.00%       0.000us       0.000us           0 b           0 b           0 b           0 b           104            --  
                                  cudaStreamSynchronize         0.00%     373.000us         0.00%     373.000us      31.083us       0.000us         0.00%       0.000us       0.000us           0 b           0 b           0 b           0 b            12            --  
                                          aten::dropout         0.00%      21.000us         0.00%     342.000us      42.750us       0.000us         0.00%      38.000us       4.750us           0 b           0 b     640.00 Kb           0 b             8            --  
                                   aten::native_dropout         0.00%     112.000us         0.00%     321.000us      40.125us      38.000us         0.00%      38.000us       4.750us           0 b           0 b     640.00 Kb           0 b             8            --  
autograd::engine::evaluate_function: NativeDropoutBa...         0.00%      59.000us         0.00%     290.000us      36.250us       0.000us         0.00%      15.000us       1.875us           0 b           0 b    -128.00 Kb    -640.00 Kb             8            --  
                                      aten::as_strided_         0.00%     289.000us         0.00%     289.000us       0.695us       0.000us         0.00%       0.000us       0.000us           0 b           0 b      -8.64 Gb      -8.64 Gb           416            --  
autograd::engine::evaluate_function: AdaptiveAvgPool...         0.00%      32.000us         0.00%     232.000us      58.000us       0.000us         0.00%     116.000us      29.000us           0 b           0 b      -1.53 Mb      -3.06 Mb             4            --  
                                 NativeDropoutBackward0         0.00%      26.000us         0.00%     231.000us      28.875us       0.000us         0.00%      15.000us       1.875us           0 b           0 b     512.00 Kb           0 b             8            --  
                                        aten::transpose         0.00%     161.000us         0.00%     227.000us       3.783us       0.000us         0.00%       0.000us       0.000us           0 b           0 b           0 b           0 b            60            --  
                          aten::native_dropout_backward         0.00%      69.000us         0.00%     205.000us      25.625us      15.000us         0.00%      15.000us       1.875us           0 b           0 b     512.00 Kb           0 b             8            --  
                             AdaptiveAvgPool2DBackward0         0.00%      21.000us         0.00%     200.000us      50.000us       0.000us         0.00%     116.000us      29.000us           0 b           0 b       1.53 Mb           0 b             4            --  
                                             aten::view         0.00%     185.000us         0.00%     185.000us       1.595us       0.000us         0.00%       0.000us       0.000us           0 b           0 b           0 b           0 b           116            --  
                    aten::_adaptive_avg_pool2d_backward         0.00%      36.000us         0.00%     179.000us      44.750us     109.000us         0.00%     116.000us      29.000us           0 b           0 b       1.53 Mb           0 b             4            --  
                                     cudaGetErrorString         0.00%     169.000us         0.00%     169.000us       0.143us       0.000us         0.00%       0.000us       0.000us           0 b           0 b           0 b           0 b          1184            --  
                                 cudaFuncSetCacheConfig         0.00%     157.000us         0.00%     157.000us       0.377us       0.000us         0.00%       0.000us       0.000us           0 b           0 b           0 b           0 b           416            --  
        autograd::engine::evaluate_function: TBackward0         0.00%      58.000us         0.00%     155.000us      12.917us       0.000us         0.00%       0.000us       0.000us           0 b           0 b           0 b           0 b            12            --  
                              aten::adaptive_avg_pool2d         0.00%       9.000us         0.00%     143.000us      35.750us       0.000us         0.00%     154.000us      38.500us           0 b           0 b       1.53 Mb           0 b             4            --  
                             aten::_adaptive_avg_pool2d         0.00%      51.000us         0.00%     134.000us      33.500us     154.000us         0.00%     154.000us      38.500us           0 b           0 b       1.53 Mb           0 b             4            --  
                                       aten::zeros_like         0.00%      10.000us         0.00%     118.000us      29.500us       0.000us         0.00%       7.000us       1.750us           0 b           0 b       1.53 Mb           0 b             4            --  
                                        cudaMemsetAsync         0.00%     106.000us         0.00%     106.000us       8.833us       0.000us         0.00%       0.000us       0.000us           0 b           0 b         512 b         512 b            12            --  
                                            aten::zeros         0.00%      56.000us         0.00%     101.000us      12.625us       0.000us         0.00%       0.000us       0.000us          32 b           0 b           0 b           0 b             8            --  
                                             TBackward0         0.00%      23.000us         0.00%      97.000us       8.083us       0.000us         0.00%       0.000us       0.000us           0 b           0 b           0 b           0 b            12            --  
                                            aten::alias         0.00%      54.000us         0.00%      54.000us       0.519us       0.000us         0.00%       0.000us       0.000us           0 b           0 b           0 b           0 b           104            --  
                                           aten::expand         0.00%      39.000us         0.00%      51.000us       3.188us       0.000us         0.00%       0.000us       0.000us           0 b           0 b           0 b           0 b            16            --  
autograd::engine::evaluate_function: ReshapeAliasBac...         0.00%      14.000us         0.00%      41.000us      10.250us       0.000us         0.00%       0.000us       0.000us           0 b           0 b           0 b           0 b             4            --  
                                           aten::detach         0.00%      14.000us         0.00%      37.000us       9.250us       0.000us         0.00%       0.000us       0.000us           0 b           0 b           0 b           0 b             4            --  
                                          aten::flatten         0.00%      16.000us         0.00%      32.000us       8.000us       0.000us         0.00%       0.000us       0.000us           0 b           0 b           0 b           0 b             4            --  
-------------------------------------------------------  ------------  ------------  ------------  ------------  ------------  ------------  ------------  ------------  ------------  ------------  ------------  ------------  ------------  ------------  ------------  
Self CPU time total: 44.108s
Self CUDA time total: 22.075s
[0m
