[0m-----------------------------------------------------------------------------------------------------------------------------[0m
[0mShowing EfficientNetB3_CIFAR100_Conv2dRFFTFunction_date-20240210-170328.pt[0m
[0m-------------------------------------------------------  ------------  ------------  ------------  ------------  ------------  ------------  ------------  ------------  ------------  ------------  ------------  ------------  ------------  ------------  ------------  
                                                   Name    Self CPU %      Self CPU   CPU total %     CPU total  CPU time avg     Self CUDA   Self CUDA %    CUDA total  CUDA time avg       CPU Mem  Self CPU Mem      CUDA Mem  Self CUDA Mem    # of Calls  Total MFLOPs  
-------------------------------------------------------  ------------  ------------  ------------  ------------  ------------  ------------  ------------  ------------  ------------  ------------  ------------  ------------  ------------  ------------  ------------  
                                          ProfilerStep*         0.00%     305.000us        55.33%       24.026s        6.006s       0.000us         0.00%        7.834s        1.958s       9.19 Mb        -544 b           0 b           0 b             4            --  
                                       cudaLaunchKernel        43.12%       18.722s        43.12%       18.722s     595.552us       0.000us         0.00%       0.000us       0.000us           0 b           0 b           0 b           0 b         31436            --  
autograd::engine::evaluate_function: Conv2dRFFTFunct...         0.02%       7.065ms        33.06%       14.356s      34.845ms       0.000us         0.00%       15.904s      38.603ms           0 b           0 b      12.07 Gb      -1.77 Gb           412            --  
                             Conv2dRFFTFunctionBackward         0.22%      96.208ms        33.00%       14.328s      34.776ms       0.000us         0.00%       15.903s      38.601ms           0 b           0 b      13.77 Gb   -1199.03 Gb           412            --  
                             Conv2dRFFTFunction Step#11        11.21%        4.869s        13.83%        6.007s        6.007s       0.000us         0.00%        1.958s        1.958s          -4 b      -4.60 Mb           0 b      -1.31 Gb             1            --  
                             Conv2dRFFTFunction Step#10        11.21%        4.868s        13.83%        6.007s        6.007s       0.000us         0.00%        1.959s        1.959s          -4 b      -4.60 Mb           0 b      -1.31 Gb             1            --  
                              Conv2dRFFTFunction Step#9        11.21%        4.868s        13.83%        6.006s        6.006s       0.000us         0.00%        1.958s        1.958s          -4 b      -4.60 Mb           0 b      -1.31 Gb             1            --  
                              Conv2dRFFTFunction Step#8        11.21%        4.867s        13.83%        6.005s        6.005s       0.000us         0.00%        1.959s        1.959s       9.19 Mb       4.59 Mb           0 b      -1.31 Gb             1            --  
                                       aten::fft_irfftn         0.01%       3.579ms        13.70%        5.948s       4.812ms       0.000us         0.00%        1.592s       1.288ms           0 b           0 b      14.68 Gb           0 b          1236            --  
                                         aten::_fft_c2r         0.10%      41.931ms        13.69%        5.944s       4.809ms        1.326s         5.54%        1.592s       1.288ms           0 b           0 b      14.68 Gb     -54.73 Gb          1236            --  
                                            aten::copy_         0.07%      30.835ms        12.85%        5.581s       1.252ms     436.461ms         1.82%     436.461ms      97.949us           0 b           0 b           0 b           0 b          4456            --  
                                              aten::mul         0.20%      88.594ms        11.30%        4.907s     675.865us       10.795s        45.10%       10.999s       1.515ms        -952 b        -952 b    1051.96 Gb    1036.30 Gb          7260     48679.502  
                                        cudaMemcpyAsync        10.20%        4.431s        10.20%        4.431s       1.846ms       0.000us         0.00%       0.000us       0.000us           0 b           0 b           0 b           0 b          2400            --  
                                        aten::fft_rfftn         0.02%       6.670ms         9.30%        4.039s       1.961ms       0.000us         0.00%        1.186s     575.901us           0 b           0 b      31.69 Gb     -17.19 Gb          2060            --  
                                     Conv2dRFFTFunction         0.14%      58.818ms         8.19%        3.556s       8.630ms       0.000us         0.00%        7.748s      18.805ms           0 b           0 b     932.10 Mb    -600.38 Gb           412            --  
                                         aten::_fft_r2c         0.12%      53.237ms         7.79%        3.382s       1.642ms        1.027s         4.29%        1.027s     498.597us           0 b           0 b      22.83 Gb     -68.29 Gb          2060            --  
                                               aten::to         0.00%     173.000us         7.08%        3.074s      25.621ms       0.000us         0.00%      11.759ms      97.992us      18.38 Mb           0 b      18.39 Mb           0 b           120            --  
                                         aten::_to_copy         0.00%     193.000us         7.08%        3.074s     256.192ms       0.000us         0.00%      11.759ms     979.917us      18.38 Mb           0 b      18.39 Mb           0 b            12            --  
autograd::engine::evaluate_function: ToCopyBackward0...         0.00%     117.000us         7.07%        3.070s     767.472ms       0.000us         0.00%       8.652ms       2.163ms      18.38 Mb           0 b     -18.38 Mb     -18.38 Mb             4            --  
                                        ToCopyBackward0         0.00%      31.000us         7.07%        3.070s     767.443ms       0.000us         0.00%       8.652ms       2.163ms      18.38 Mb           0 b           0 b           0 b             4            --  
                                            aten::clone         0.03%      14.255ms         5.17%        2.246s     558.274us       0.000us         0.00%     370.257ms      92.012us           0 b           0 b      34.81 Gb           0 b          4024            --  
                                              aten::add         0.06%      26.575ms         3.63%        1.578s     551.670us        6.135s        25.63%        6.135s       2.145ms           0 b           0 b     525.66 Gb     525.66 Gb          2860     94123.330  
                                  aten::constant_pad_nd         0.01%       5.915ms         2.70%        1.171s     950.298us       0.000us         0.00%     172.166ms     139.745us           0 b           0 b      27.48 Gb           0 b          1232            --  
                                             aten::add_         0.03%      13.256ms         2.33%        1.013s     579.741us      13.667ms         0.06%      13.667ms       7.819us           0 b           0 b      -4.50 Kb      -4.50 Kb          1748            --  
                                              aten::sum         0.07%      29.778ms         2.28%     990.606ms     638.277us        1.595s         6.66%        1.595s       1.028ms           0 b           0 b      16.28 Gb      16.28 Gb          1552            --  
autograd::engine::evaluate_function: torch::autograd...         0.01%       5.263ms         2.02%     877.932ms     643.645us       0.000us         0.00%      11.881ms       8.710us           0 b           0 b     -13.06 Gb           0 b          1364            --  
                        torch::autograd::AccumulateGrad         0.01%       6.060ms         2.01%     872.669ms     639.787us       0.000us         0.00%      11.881ms       8.710us           0 b           0 b     -13.06 Gb     -13.06 Gb          1364            --  
                                              aten::sub         0.03%      11.867ms         1.31%     569.828ms     461.026us        2.289s         9.56%        2.289s       1.852ms           0 b           0 b     174.99 Gb     174.99 Gb          1236            --  
                                              aten::pad         0.01%       2.176ms         1.20%     522.740ms     634.393us       0.000us         0.00%      12.920ms      15.680us           0 b           0 b       1.43 Gb           0 b           824            --  
                                             aten::mul_         0.01%       4.203ms         0.98%     427.128ms     693.390us       6.000us         0.00%     125.854ms     204.308us           0 b         952 b           0 b           0 b           616            --  
                                            aten::fill_         0.01%       2.730ms         0.78%     339.362ms     823.694us     104.821ms         0.44%     104.821ms     254.420us           0 b           0 b           0 b           0 b           412            --  
      autograd::engine::evaluate_function: MulBackward0         0.01%       3.853ms         0.78%     337.348ms       1.874ms       0.000us         0.00%      17.758ms      98.656us           0 b           0 b    -488.28 Mb      -1.71 Gb           180            --  
                                            aten::silu_         0.01%       3.472ms         0.61%     264.136ms     846.590us      12.413ms         0.05%      24.470ms      78.429us           0 b           0 b       1.39 Gb           0 b           312            --  
autograd::engine::evaluate_function: CudnnBatchNormB...         0.01%       5.374ms         0.56%     241.062ms     772.635us       0.000us         0.00%      32.622ms     104.558us           0 b           0 b      -1.58 Gb      -3.14 Gb           312            --  
                                           MulBackward0         0.00%       1.390ms         0.55%     237.595ms       1.291ms       0.000us         0.00%      13.850ms      75.272us           0 b           0 b       1.30 Gb           0 b           184            --  
                                CudnnBatchNormBackward0         0.01%       2.540ms         0.54%     235.688ms     755.410us       0.000us         0.00%      32.622ms     104.558us           0 b           0 b       1.56 Gb           0 b           312            --  
                        aten::cudnn_batch_norm_backward         0.02%       7.489ms         0.54%     233.148ms     747.269us      32.622ms         0.14%      32.622ms     104.558us           0 b           0 b       1.56 Gb           0 b           312            --  
     autograd::engine::evaluate_function: SiluBackward0         0.01%       3.196ms         0.40%     171.545ms     549.824us       0.000us         0.00%      18.928ms      60.667us           0 b           0 b      -1.37 Gb      -2.79 Gb           312            --  
                                       aten::batch_norm         0.00%     691.000us         0.39%     170.272ms     545.744us       0.000us         0.00%      22.960ms      73.590us           0 b           0 b       1.59 Gb           0 b           312            --  
                           aten::_batch_norm_impl_index         0.00%     914.000us         0.39%     169.581ms     543.529us       0.000us         0.00%      22.960ms      73.590us           0 b           0 b       1.59 Gb           0 b           312            --  
                                 aten::cudnn_batch_norm         0.02%      10.225ms         0.39%     168.667ms     540.599us      22.960ms         0.10%      22.960ms      73.590us           0 b           0 b       1.59 Gb           0 b           312            --  
                                          SiluBackward0         0.00%       1.154ms         0.39%     168.349ms     539.580us       0.000us         0.00%      18.928ms      60.667us           0 b           0 b       1.42 Gb           0 b           312            --  
                                    aten::silu_backward         0.01%       3.349ms         0.39%     167.195ms     535.881us      18.928ms         0.08%      18.928ms      60.667us           0 b           0 b       1.42 Gb       1.42 Gb           312            --  
autograd::engine::evaluate_function: ConvolutionBack...         0.00%       1.298ms         0.34%     146.641ms       1.358ms       0.000us         0.00%      95.445ms     883.750us           0 b           0 b    -703.20 Mb      -1.58 Gb           108            --  
                                   ConvolutionBackward0         0.00%     991.000us         0.31%     136.357ms       1.263ms       0.000us         0.00%      94.970ms     879.352us           0 b           0 b     877.24 Mb           0 b           108            --  
                             aten::convolution_backward         0.01%       4.103ms         0.31%     135.366ms       1.253ms      94.970ms         0.40%      94.970ms     879.352us           0 b           0 b     877.24 Mb       1.69 Mb           108            --  
                                          aten::sigmoid         0.00%       1.589ms         0.26%     114.221ms       1.098ms     319.000us         0.00%     319.000us       3.067us           0 b           0 b       2.35 Mb       2.35 Mb           104            --  
autograd::engine::evaluate_function: SigmoidBackward...         0.00%     859.000us         0.24%     104.835ms       1.008ms       0.000us         0.00%     212.000us       2.038us           0 b           0 b      -2.35 Mb      -4.71 Mb           104            --  
                                       SigmoidBackward0         0.00%     537.000us         0.24%     103.976ms     999.769us       0.000us         0.00%     212.000us       2.038us           0 b           0 b       2.35 Mb           0 b           104            --  
                                 aten::sigmoid_backward         0.00%       1.035ms         0.24%     103.439ms     994.606us     212.000us         0.00%     212.000us       2.038us           0 b           0 b       2.35 Mb       2.35 Mb           104            --  
     autograd::engine::evaluate_function: MeanBackward1         0.00%       1.499ms         0.21%      89.437ms     828.120us       0.000us         0.00%      10.765ms      99.676us           0 b           0 b       6.93 Mb      -1.17 Gb           108            --  
                              aten::adaptive_avg_pool2d         0.00%     259.000us         0.12%      53.664ms     496.889us       0.000us         0.00%       3.820ms      35.370us           0 b           0 b       2.54 Mb           0 b           108            --  
                                             aten::mean         0.01%       2.180ms         0.12%      53.405ms     494.491us       3.820ms         0.02%       3.820ms      35.370us           0 b           0 b       2.54 Mb       2.54 Mb           108            --  
                                       aten::bernoulli_         0.00%       1.665ms         0.12%      52.273ms     653.413us     539.000us         0.00%     539.000us       6.737us           0 b           0 b           0 b           0 b            80            --  
                                          MeanBackward1         0.00%     775.000us         0.12%      52.261ms     483.898us       0.000us         0.00%       3.181ms      29.454us           0 b           0 b     605.98 Mb           0 b           108            --  
                                            aten::empty         0.12%      51.431ms         0.12%      51.431ms       4.478us       0.000us         0.00%       0.000us       0.000us      18.39 Mb      18.39 Mb     192.10 Gb     192.10 Gb         11484            --  
                                              aten::div         0.00%       2.074ms         0.12%      50.823ms     470.583us       3.181ms         0.01%       3.181ms      29.454us           0 b           0 b     605.98 Mb     605.98 Mb           108            --  
                                             aten::div_         0.00%       1.216ms         0.10%      44.079ms     550.987us     132.000us         0.00%     132.000us       1.650us          -8 b          -8 b           0 b           0 b            80            --  
                                           aten::conv2d         0.00%     405.000us         0.08%      36.497ms     337.935us       0.000us         0.00%      22.857ms     211.639us           0 b           0 b     662.30 Mb           0 b           108      5457.393  
                                      aten::convolution         0.00%     947.000us         0.08%      36.092ms     334.185us       0.000us         0.00%      22.857ms     211.639us           0 b           0 b     662.30 Mb           0 b           108            --  
                                     aten::_convolution         0.00%     803.000us         0.08%      35.145ms     325.417us       0.000us         0.00%      22.857ms     211.639us           0 b           0 b     662.30 Mb           0 b           108            --  
                                aten::_conv_depthwise2d         0.00%       1.072ms         0.08%      33.785ms     324.856us      22.346ms         0.09%      22.346ms     214.865us           0 b           0 b     598.30 Mb           0 b           104            --  
                                            aten::randn         0.00%      67.000us         0.07%      30.080ms       3.760ms       0.000us         0.00%       0.000us       0.000us      18.39 Mb           0 b           0 b           0 b             8            --  
                                          aten::normal_         0.07%      29.671ms         0.07%      29.671ms       3.709ms       0.000us         0.00%       0.000us       0.000us           0 b           0 b           0 b           0 b             8            --  
                                             aten::real         0.02%       7.295ms         0.07%      28.840ms      11.667us       0.000us         0.00%       0.000us       0.000us           0 b           0 b           0 b           0 b          2472            --  
                                             aten::imag         0.02%       7.470ms         0.06%      27.481ms      11.117us       0.000us         0.00%       0.000us       0.000us           0 b           0 b           0 b           0 b          2472            --  
                                       aten::empty_like         0.02%       7.795ms         0.05%      23.276ms       7.265us       0.000us         0.00%       0.000us       0.000us           0 b           0 b      33.57 Gb           0 b          3204            --  
                                           aten::select         0.04%      16.647ms         0.05%      20.063ms       4.058us       0.000us         0.00%       0.000us       0.000us           0 b           0 b           0 b           0 b          4944            --  
                                    aten::empty_strided         0.04%      16.248ms         0.04%      16.248ms       5.803us       0.000us         0.00%       0.000us       0.000us      18.38 Mb      18.38 Mb      18.50 Gb      18.50 Gb          2800            --  
                                     aten::view_as_real         0.04%      15.356ms         0.04%      15.356ms       3.106us       0.000us         0.00%       0.000us       0.000us           0 b           0 b           0 b           0 b          4944            --  
                                       aten::as_strided         0.03%      12.100ms         0.03%      12.100ms       0.798us       0.000us         0.00%       0.000us       0.000us           0 b           0 b           0 b           0 b         15172            --  
                                          aten::reshape         0.02%       6.779ms         0.02%       9.807ms       2.799us       0.000us         0.00%       0.000us       0.000us           0 b           0 b           0 b           0 b          3504            --  
                                        aten::unsqueeze         0.02%       6.557ms         0.02%       8.903ms       4.322us       0.000us         0.00%       0.000us       0.000us           0 b           0 b           0 b           0 b          2060            --  
                                          aten::permute         0.01%       6.168ms         0.02%       8.621ms       2.616us       0.000us         0.00%       0.000us       0.000us           0 b           0 b           0 b           0 b          3296            --  
                                            aten::_conj         0.02%       7.505ms         0.02%       8.559ms       3.462us       0.000us         0.00%       0.000us       0.000us           0 b           0 b           0 b           0 b          2472            --  
                                            aten::slice         0.01%       5.939ms         0.02%       8.174ms       2.489us       0.000us         0.00%       0.000us       0.000us           0 b           0 b           0 b           0 b          3284            --  
                                          aten::resize_         0.02%       7.080ms         0.02%       7.080ms       1.962us       0.000us         0.00%       0.000us       0.000us           0 b           0 b       1.42 Gb       1.42 Gb          3608            --  
                                            aten::alias         0.01%       3.854ms         0.01%       3.854ms       0.890us       0.000us         0.00%       0.000us       0.000us           0 b           0 b           0 b           0 b          4328            --  
                                   aten::_reshape_alias         0.01%       3.046ms         0.01%       3.046ms       0.868us       0.000us         0.00%       0.000us       0.000us           0 b           0 b           0 b           0 b          3508            --  
                                           aten::narrow         0.00%     928.000us         0.01%       2.918ms       3.576us       0.000us         0.00%       0.000us       0.000us           0 b           0 b           0 b           0 b           816            --  
                                        aten::_neg_view         0.01%       2.263ms         0.01%       2.631ms       3.193us       0.000us         0.00%       0.000us       0.000us           0 b           0 b           0 b           0 b           824            --  
                                      aten::as_strided_         0.01%       2.228ms         0.01%       2.228ms       0.676us       0.000us         0.00%       0.000us       0.000us           0 b           0 b      -2.36 Gb      -2.36 Gb          3296            --  
                                             aten::view         0.00%       1.051ms         0.00%       1.051ms       1.674us       0.000us         0.00%       0.000us       0.000us           0 b           0 b           0 b           0 b           628            --  
    autograd::engine::evaluate_function: AddmmBackward0         0.00%     189.000us         0.00%       1.046ms     261.500us       0.000us         0.00%     118.000us      29.500us           0 b           0 b       2.35 Mb    -192.00 Kb             4            --  
                                         AddmmBackward0         0.00%     140.000us         0.00%     701.000us     175.250us       0.000us         0.00%      93.000us      23.250us           0 b           0 b       2.53 Mb           0 b             4            --  
                                 cudaFuncSetCacheConfig         0.00%     684.000us         0.00%     684.000us       0.329us       0.000us         0.00%       0.000us       0.000us           0 b           0 b           0 b           0 b          2080            --  
                                        cudaMemsetAsync         0.00%     663.000us         0.00%     663.000us      12.750us       0.000us         0.00%       0.000us       0.000us           0 b           0 b       6.00 Kb       6.00 Kb            52            --  
                                           aten::expand         0.00%     481.000us         0.00%     628.000us       5.607us       0.000us         0.00%       0.000us       0.000us           0 b           0 b           0 b           0 b           112            --  
      autograd::engine::evaluate_function: AddBackward0         0.00%     537.000us         0.00%     593.000us       7.803us       0.000us         0.00%       0.000us       0.000us           0 b           0 b           0 b           0 b            76            --  
                                aten::cudnn_convolution         0.00%     283.000us         0.00%     557.000us     139.250us     511.000us         0.00%     511.000us     127.750us           0 b           0 b      64.00 Mb      63.71 Mb             4            --  
autograd::engine::evaluate_function: torch::autograd...         0.00%      45.000us         0.00%     467.000us     116.750us       0.000us         0.00%      21.000us       5.250us           0 b           0 b    -192.00 Kb    -384.00 Kb             4            --  
                            torch::autograd::CopySlices         0.00%      64.000us         0.00%     422.000us     105.500us       0.000us         0.00%      21.000us       5.250us           0 b           0 b     192.00 Kb    -384.00 Kb             4            --  
                                               aten::mm         0.00%     206.000us         0.00%     415.000us      51.875us      93.000us         0.00%      93.000us      11.625us           0 b           0 b       2.53 Mb       2.53 Mb             8        19.661  
                                           aten::linear         0.00%      49.000us         0.00%     382.000us      95.500us       0.000us         0.00%     156.000us      39.000us           0 b           0 b      14.00 Kb           0 b             4            --  
autograd::engine::evaluate_function: AsStridedBackwa...         0.00%      31.000us         0.00%     375.000us      93.750us       0.000us         0.00%      12.000us       3.000us           0 b           0 b           0 b    -192.00 Kb             4            --  
                                     AsStridedBackward0         0.00%      70.000us         0.00%     344.000us      86.000us       0.000us         0.00%      12.000us       3.000us           0 b           0 b     192.00 Kb           0 b             4            --  
                                         aten::dropout_         0.00%      45.000us         0.00%     330.000us      82.500us       0.000us         0.00%      39.000us       9.750us           0 b           0 b     192.00 Kb           0 b             4            --  
                                            aten::addmm         0.00%     188.000us         0.00%     281.000us      70.250us     156.000us         0.00%     156.000us      39.000us           0 b           0 b      14.00 Kb      14.00 Kb             4         9.830  
                                  cudaStreamSynchronize         0.00%     270.000us         0.00%     270.000us      22.500us       0.000us         0.00%       0.000us       0.000us           0 b           0 b           0 b           0 b            12            --  
                                                aten::t         0.00%     102.000us         0.00%     222.000us      11.100us       0.000us         0.00%       0.000us       0.000us           0 b           0 b           0 b           0 b            20            --  
-------------------------------------------------------  ------------  ------------  ------------  ------------  ------------  ------------  ------------  ------------  ------------  ------------  ------------  ------------  ------------  ------------  ------------  
Self CPU time total: 43.423s
Self CUDA time total: 23.935s
[0m
[0m-----------------------------------------------------------------------------------------------------------------------------[0m
[0mShowing EfficientNetB3_CIFAR100_Conv2dRFFTPhasorFunction_date-20240210-170328.pt[0m
[0m-------------------------------------------------------  ------------  ------------  ------------  ------------  ------------  ------------  ------------  ------------  ------------  ------------  ------------  ------------  ------------  ------------  ------------  
                                                   Name    Self CPU %      Self CPU   CPU total %     CPU total  CPU time avg     Self CUDA   Self CUDA %    CUDA total  CUDA time avg       CPU Mem  Self CPU Mem      CUDA Mem  Self CUDA Mem    # of Calls  Total MFLOPs  
-------------------------------------------------------  ------------  ------------  ------------  ------------  ------------  ------------  ------------  ------------  ------------  ------------  ------------  ------------  ------------  ------------  ------------  
                                          ProfilerStep*         0.00%     226.000us        55.96%       18.790s        4.698s       0.000us         0.00%        4.869s        1.217s       9.19 Mb        -808 b           0 b           0 b             4            --  
                                       cudaLaunchKernel        36.24%       12.169s        36.24%       12.169s     387.105us       0.000us         0.00%       0.000us       0.000us           0 b           0 b           0 b           0 b         31436            --  
autograd::engine::evaluate_function: Conv2dRFFTPhaso...         0.02%       6.529ms        34.45%       11.568s      28.078ms       0.000us         0.00%        9.627s      23.365ms           0 b           0 b      12.08 Gb      -1.77 Gb           412            --  
                       Conv2dRFFTPhasorFunctionBackward         0.27%      91.384ms        34.37%       11.541s      28.011ms       0.000us         0.00%        9.626s      23.363ms           0 b           0 b      13.78 Gb    -983.11 Gb           412            --  
                                            aten::copy_         0.20%      65.672ms        17.18%        5.768s     613.654us     951.900ms         5.09%     951.900ms     101.266us           0 b           0 b    -450.11 Mb    -450.11 Mb          9400            --  
                        Conv2dRFFTPhasorFunction Step#8        11.07%        3.716s        13.99%        4.698s        4.698s       0.000us         0.00%        1.217s        1.217s       9.19 Mb       4.59 Mb           0 b      -1.31 Gb             1            --  
                       Conv2dRFFTPhasorFunction Step#10        11.07%        3.716s        13.99%        4.698s        4.698s       0.000us         0.00%        1.217s        1.217s          -4 b      -4.60 Mb           0 b      -1.31 Gb             1            --  
                       Conv2dRFFTPhasorFunction Step#11        11.07%        3.716s        13.99%        4.697s        4.697s       0.000us         0.00%        1.217s        1.217s          -4 b      -4.60 Mb           0 b      -1.31 Gb             1            --  
                        Conv2dRFFTPhasorFunction Step#9        11.06%        3.714s        13.98%        4.696s        4.696s       0.000us         0.00%        1.217s        1.217s          -4 b      -4.60 Mb           0 b      -1.31 Gb             1            --  
                                       aten::fft_irfftn         0.01%       3.888ms        12.95%        4.347s       3.517ms       0.000us         0.00%        1.593s       1.289ms           0 b           0 b      14.69 Gb           0 b          1236            --  
                                         aten::_fft_c2r         0.13%      43.597ms        12.93%        4.343s       3.514ms        1.326s         7.09%        1.593s       1.289ms           0 b           0 b      14.69 Gb     -55.45 Gb          1236            --  
                                              aten::abs         2.63%     884.442ms        11.82%        3.970s     802.933us       0.000us         0.00%     575.169ms     116.337us           0 b           0 b      13.72 Gb     -48.22 Gb          4944            --  
                                            aten::angle         2.63%     881.829ms        10.80%        3.625s     733.269us       0.000us         0.00%     572.321ms     115.761us           0 b           0 b      32.80 Gb     -47.78 Gb          4944            --  
                                        cudaMemcpyAsync        10.09%        3.386s        10.09%        3.386s       1.411ms       0.000us         0.00%       0.000us       0.000us           0 b           0 b           0 b           0 b          2400            --  
                               Conv2dRFFTPhasorFunction         0.21%      69.479ms         9.64%        3.238s       7.859ms       0.000us         0.00%        4.783s      11.608ms           0 b           0 b     935.69 Mb    -499.10 Gb           412            --  
                                        aten::fft_rfftn         0.02%       7.695ms         7.57%        2.543s       1.235ms       0.000us         0.00%        1.186s     575.601us           0 b           0 b      31.68 Gb     -18.88 Gb          2060            --  
                                         aten::_fft_r2c         0.17%      56.676ms         6.58%        2.210s       1.073ms        1.026s         5.49%        1.026s     498.282us           0 b           0 b      24.51 Gb     -66.41 Gb          2060            --  
                                               aten::to         0.00%     151.000us         6.48%        2.174s      18.120ms       0.000us         0.00%      11.935ms      99.458us      18.38 Mb           0 b      18.39 Mb           0 b           120            --  
                                         aten::_to_copy         0.00%     208.000us         6.48%        2.174s     181.189ms       0.000us         0.00%      11.935ms     994.583us      18.38 Mb           0 b      18.39 Mb           0 b            12            --  
autograd::engine::evaluate_function: ToCopyBackward0...         0.00%     128.000us         6.46%        2.170s     542.469ms       0.000us         0.00%       8.842ms       2.211ms      18.38 Mb           0 b     -18.38 Mb     -18.38 Mb             4            --  
                                        ToCopyBackward0         0.00%      24.000us         6.46%        2.170s     542.437ms       0.000us         0.00%       8.842ms       2.211ms      18.38 Mb           0 b           0 b           0 b             4            --  
                                              aten::mul         0.17%      55.578ms         5.69%        1.912s     399.277us        7.902s        42.26%        7.902s       1.650ms      -1.06 Kb      -1.06 Kb     876.93 Gb     876.93 Gb          4788     94642.089  
                                            aten::clone         0.05%      17.175ms         5.39%        1.811s     450.084us       0.000us         0.00%     457.871ms     113.785us           0 b           0 b      50.28 Gb           0 b          4024            --  
                                  aten::constant_pad_nd         0.02%       7.346ms         2.68%     898.760ms     729.513us       0.000us         0.00%     172.207ms     139.778us           0 b           0 b      27.49 Gb           0 b          1232            --  
                                              aten::sum         0.08%      26.952ms         1.96%     658.405ms     424.230us        1.595s         8.53%        1.595s       1.028ms           0 b           0 b      16.29 Gb      16.29 Gb          1552            --  
                                             aten::add_         0.05%      15.776ms         1.84%     618.851ms     354.034us      13.694ms         0.07%      13.694ms       7.834us           0 b           0 b      -1.50 Kb      -1.50 Kb          1748            --  
                                              aten::pad         0.01%       2.543ms         1.72%     576.019ms     699.052us       0.000us         0.00%      12.930ms      15.692us           0 b           0 b       1.44 Gb           0 b           824            --  
                                              aten::add         0.06%      19.327ms         1.60%     537.361ms     330.887us        1.559s         8.34%        1.559s     959.670us           0 b           0 b     175.69 Gb     175.69 Gb          1624       519.378  
                                              aten::exp         1.59%     533.342ms         1.59%     533.342ms     431.506us       0.000us         0.00%       0.000us       0.000us           0 b           0 b     349.95 Gb     349.95 Gb          1236            --  
autograd::engine::evaluate_function: torch::autograd...         0.02%       5.187ms         1.48%     496.131ms     363.732us       0.000us         0.00%      11.897ms       8.722us           0 b           0 b     -13.06 Gb           0 b          1364            --  
                        torch::autograd::AccumulateGrad         0.02%       6.475ms         1.46%     490.944ms     359.930us       0.000us         0.00%      11.897ms       8.722us           0 b           0 b     -13.06 Gb     -13.06 Gb          1364            --  
                                             aten::mul_         0.01%       4.689ms         1.09%     367.008ms     595.792us       6.000us         0.00%     125.860ms     204.318us           0 b       1.06 Kb           0 b           0 b           616            --  
                                            aten::fill_         0.01%       4.537ms         0.52%     173.375ms     420.813us     104.816ms         0.56%     104.816ms     254.408us           0 b           0 b           0 b           0 b           412            --  
                                            aten::silu_         0.01%       4.031ms         0.39%     132.476ms     424.603us      12.417ms         0.07%      24.498ms      78.519us           0 b           0 b       1.39 Gb           0 b           312            --  
autograd::engine::evaluate_function: CudnnBatchNormB...         0.01%       4.643ms         0.37%     124.561ms     399.234us       0.000us         0.00%      32.489ms     104.131us           0 b           0 b      -1.59 Gb      -3.15 Gb           312            --  
                                CudnnBatchNormBackward0         0.01%       2.475ms         0.36%     119.918ms     384.353us       0.000us         0.00%      32.489ms     104.131us           0 b           0 b       1.56 Gb           0 b           312            --  
                        aten::cudnn_batch_norm_backward         0.02%       7.320ms         0.35%     117.443ms     376.420us      32.489ms         0.17%      32.489ms     104.131us           0 b           0 b       1.56 Gb           0 b           312            --  
                                       aten::batch_norm         0.00%     772.000us         0.33%     111.651ms     357.856us       0.000us         0.00%      22.946ms      73.545us           0 b           0 b       1.60 Gb           0 b           312            --  
                           aten::_batch_norm_impl_index         0.00%       1.012ms         0.33%     110.879ms     355.381us       0.000us         0.00%      22.946ms      73.545us           0 b           0 b       1.60 Gb           0 b           312            --  
      autograd::engine::evaluate_function: MulBackward0         0.01%       2.198ms         0.33%     109.932ms     610.733us       0.000us         0.00%      17.803ms      98.906us           0 b           0 b    -493.48 Mb      -1.73 Gb           180            --  
                                 aten::cudnn_batch_norm         0.04%      14.593ms         0.33%     109.867ms     352.138us      22.946ms         0.12%      22.946ms      73.545us           0 b           0 b       1.60 Gb           0 b           312            --  
     autograd::engine::evaluate_function: SiluBackward0         0.01%       2.820ms         0.31%     105.055ms     336.715us       0.000us         0.00%      18.944ms      60.718us           0 b           0 b      -1.36 Gb      -2.79 Gb           312            --  
                                          SiluBackward0         0.00%       1.060ms         0.30%     102.235ms     327.676us       0.000us         0.00%      18.944ms      60.718us           0 b           0 b       1.43 Gb           0 b           312            --  
                                    aten::silu_backward         0.01%       3.192ms         0.30%     101.175ms     324.279us      18.944ms         0.10%      18.944ms      60.718us           0 b           0 b       1.43 Gb       1.43 Gb           312            --  
                                           MulBackward0         0.00%       1.343ms         0.27%      91.342ms     496.424us       0.000us         0.00%      13.867ms      75.364us           0 b           0 b       1.30 Gb           0 b           184            --  
                                            aten::empty         0.22%      74.999ms         0.22%      74.999ms       3.968us       0.000us         0.00%       0.000us       0.000us      18.39 Mb      18.39 Mb     192.14 Gb     192.14 Gb         18900            --  
     autograd::engine::evaluate_function: MeanBackward1         0.00%       1.527ms         0.21%      69.632ms     644.741us       0.000us         0.00%      10.769ms      99.713us           0 b           0 b      13.03 Mb      -1.16 Gb           108            --  
                                          aten::sigmoid         0.01%       1.735ms         0.20%      67.294ms     647.058us     328.000us         0.00%     328.000us       3.154us           0 b           0 b       2.35 Mb       2.35 Mb           104            --  
                                           aten::conv2d         0.00%     911.000us         0.18%      60.447ms     559.694us       0.000us         0.00%      22.904ms     212.074us           0 b           0 b     658.47 Mb           0 b           108      5457.393  
                                      aten::convolution         0.00%       1.412ms         0.18%      59.536ms     551.259us       0.000us         0.00%      22.904ms     212.074us           0 b           0 b     658.47 Mb           0 b           108            --  
                                     aten::_convolution         0.00%     996.000us         0.17%      58.124ms     538.185us       0.000us         0.00%      22.904ms     212.074us           0 b           0 b     658.47 Mb           0 b           108            --  
autograd::engine::evaluate_function: ConvolutionBack...         0.00%       1.114ms         0.17%      57.290ms     530.463us       0.000us         0.00%      95.355ms     882.917us           0 b           0 b    -711.89 Mb      -1.59 Gb           108            --  
                                aten::_conv_depthwise2d         0.00%       1.235ms         0.17%      56.564ms     543.885us      22.391ms         0.12%      22.391ms     215.298us           0 b           0 b     597.22 Mb           0 b           104            --  
                                   ConvolutionBackward0         0.00%     774.000us         0.17%      56.118ms     519.611us       0.000us         0.00%      94.880ms     878.519us           0 b           0 b     876.03 Mb           0 b           108            --  
                             aten::convolution_backward         0.01%       4.045ms         0.16%      55.344ms     512.444us      94.880ms         0.51%      94.880ms     878.519us           0 b           0 b     876.03 Mb       4.74 Mb           108            --  
                                             aten::real         0.04%      14.708ms         0.13%      42.180ms       8.532us       0.000us         0.00%       0.000us       0.000us           0 b           0 b           0 b           0 b          4944            --  
autograd::engine::evaluate_function: torch::autograd...         0.00%      43.000us         0.12%      40.918ms      10.229ms       0.000us         0.00%      17.000us       4.250us           0 b           0 b    -192.00 Kb    -384.00 Kb             4            --  
                            torch::autograd::CopySlices         0.00%      61.000us         0.12%      40.875ms      10.219ms       0.000us         0.00%      17.000us       4.250us           0 b           0 b     192.00 Kb    -384.00 Kb             4            --  
                                          aten::resize_         0.10%      35.033ms         0.10%      35.033ms       3.178us       0.000us         0.00%       0.000us       0.000us           0 b           0 b      83.15 Gb      83.15 Gb         11024            --  
autograd::engine::evaluate_function: SigmoidBackward...         0.00%     717.000us         0.10%      33.059ms     317.875us       0.000us         0.00%     218.000us       2.096us           0 b           0 b      -2.35 Mb      -4.69 Mb           104            --  
                                       SigmoidBackward0         0.00%     483.000us         0.10%      32.342ms     310.981us       0.000us         0.00%     218.000us       2.096us           0 b           0 b       2.34 Mb     -18.00 Kb           104            --  
                                 aten::sigmoid_backward         0.01%       3.230ms         0.09%      31.859ms     306.337us     218.000us         0.00%     218.000us       2.096us           0 b           0 b       2.35 Mb       2.35 Mb           104            --  
                                       aten::bernoulli_         0.00%     914.000us         0.09%      29.771ms     372.137us     535.000us         0.00%     535.000us       6.688us           0 b           0 b           0 b           0 b            80            --  
                                          MeanBackward1         0.00%     689.000us         0.09%      29.344ms     271.704us       0.000us         0.00%       3.181ms      29.454us           0 b           0 b     607.96 Mb           0 b           108            --  
                                       aten::empty_like         0.03%       9.804ms         0.09%      29.202ms       7.250us       0.000us         0.00%       0.000us       0.000us           0 b           0 b      34.38 Gb           0 b          4028            --  
                                    aten::empty_strided         0.08%      28.141ms         0.08%      28.141ms       5.338us       0.000us         0.00%       0.000us       0.000us      18.38 Mb      18.38 Mb      50.41 Gb      50.41 Gb          5272            --  
                                              aten::div         0.01%       1.971ms         0.08%      28.046ms     259.685us       3.181ms         0.02%       3.181ms      29.454us           0 b           0 b     607.96 Mb     607.96 Mb           108            --  
                                            aten::randn         0.00%      79.000us         0.08%      27.825ms       3.478ms       0.000us         0.00%       0.000us       0.000us      18.39 Mb           0 b           0 b           0 b             8            --  
                                          aten::normal_         0.08%      27.512ms         0.08%      27.512ms       3.439ms       0.000us         0.00%       0.000us       0.000us           0 b           0 b           0 b           0 b             8            --  
                                             aten::div_         0.00%     835.000us         0.07%      22.051ms     275.637us     141.000us         0.00%     141.000us       1.762us           0 b           0 b           0 b           0 b            80            --  
                                           aten::select         0.03%      10.690ms         0.05%      15.759ms       3.188us       0.000us         0.00%       0.000us       0.000us           0 b           0 b           0 b           0 b          4944            --  
                                       aten::as_strided         0.04%      14.899ms         0.04%      14.899ms       0.982us       0.000us         0.00%       0.000us       0.000us           0 b           0 b           0 b           0 b         15172            --  
                              aten::adaptive_avg_pool2d         0.00%     332.000us         0.04%      14.611ms     135.287us       0.000us         0.00%       3.838ms      35.537us           0 b           0 b       2.54 Mb           0 b           108            --  
                                             aten::mean         0.01%       2.354ms         0.04%      14.279ms     132.213us       3.838ms         0.02%       3.838ms      35.537us           0 b           0 b       2.54 Mb       2.54 Mb           108            --  
                                          aten::reshape         0.03%       8.853ms         0.04%      12.444ms       3.551us       0.000us         0.00%       0.000us       0.000us           0 b           0 b           0 b           0 b          3504            --  
                                     aten::view_as_real         0.03%      11.713ms         0.03%      11.713ms       2.369us       0.000us         0.00%       0.000us       0.000us           0 b           0 b           0 b           0 b          4944            --  
                                          aten::permute         0.02%       7.982ms         0.03%      10.773ms       3.269us       0.000us         0.00%       0.000us       0.000us           0 b           0 b           0 b           0 b          3296            --  
                                        aten::unsqueeze         0.02%       7.424ms         0.03%      10.168ms       4.936us       0.000us         0.00%       0.000us       0.000us           0 b           0 b           0 b           0 b          2060            --  
autograd::engine::evaluate_function: AsStridedBackwa...         0.00%      27.000us         0.03%       9.970ms       2.493ms       0.000us         0.00%       9.000us       2.250us           0 b           0 b           0 b    -192.00 Kb             4            --  
                                     AsStridedBackward0         0.00%      57.000us         0.03%       9.943ms       2.486ms       0.000us         0.00%       9.000us       2.250us           0 b           0 b     192.00 Kb           0 b             4            --  
                                            aten::slice         0.02%       6.349ms         0.03%       8.892ms       2.708us       0.000us         0.00%       0.000us       0.000us           0 b           0 b     -88.59 Mb     -88.59 Mb          3284            --  
                                        aten::new_zeros         0.00%      45.000us         0.01%       4.388ms       1.097ms       0.000us         0.00%       4.000us       1.000us           0 b           0 b     192.00 Kb           0 b             4            --  
                                            aten::zero_         0.00%      36.000us         0.01%       4.309ms     359.083us       0.000us         0.00%       4.000us       0.333us           0 b           0 b           0 b           0 b            12            --  
                                           aten::narrow         0.00%       1.320ms         0.01%       3.621ms       4.438us       0.000us         0.00%       0.000us       0.000us           0 b           0 b           0 b           0 b           816            --  
                                   aten::_reshape_alias         0.01%       3.608ms         0.01%       3.608ms       1.029us       0.000us         0.00%       0.000us       0.000us           0 b           0 b           0 b           0 b          3508            --  
                                            aten::_conj         0.01%       2.717ms         0.01%       3.233ms       3.924us       0.000us         0.00%       0.000us       0.000us           0 b           0 b           0 b           0 b           824            --  
                                            aten::alias         0.01%       3.224ms         0.01%       3.224ms       1.737us       0.000us         0.00%       0.000us       0.000us           0 b           0 b           0 b           0 b          1856            --  
                                      aten::as_strided_         0.01%       2.187ms         0.01%       2.187ms       0.664us       0.000us         0.00%       0.000us       0.000us           0 b           0 b      -1.76 Gb      -1.76 Gb          3296            --  
    autograd::engine::evaluate_function: AddmmBackward0         0.00%     306.000us         0.00%       1.246ms     311.500us       0.000us         0.00%     118.000us      29.500us           0 b           0 b       2.35 Mb    -192.00 Kb             4            --  
                                             aten::view         0.00%       1.234ms         0.00%       1.234ms       1.965us       0.000us         0.00%       0.000us       0.000us           0 b           0 b           0 b           0 b           628            --  
                                         AddmmBackward0         0.00%     152.000us         0.00%     809.000us     202.250us       0.000us         0.00%      93.000us      23.250us           0 b           0 b       2.53 Mb           0 b             4            --  
                                           aten::linear         0.00%      46.000us         0.00%     657.000us     164.250us       0.000us         0.00%     156.000us      39.000us           0 b           0 b      14.00 Kb           0 b             4            --  
                                        cudaMemsetAsync         0.00%     643.000us         0.00%     643.000us      12.365us       0.000us         0.00%       0.000us       0.000us           0 b           0 b       4.00 Kb       4.00 Kb            52            --  
                                 cudaFuncSetCacheConfig         0.00%     617.000us         0.00%     617.000us       0.297us       0.000us         0.00%       0.000us       0.000us           0 b           0 b           0 b           0 b          2080            --  
                                           aten::expand         0.00%     443.000us         0.00%     592.000us       5.286us       0.000us         0.00%       0.000us       0.000us           0 b           0 b           0 b           0 b           112            --  
                                aten::cudnn_convolution         0.00%     322.000us         0.00%     564.000us     141.000us     513.000us         0.00%     513.000us     128.250us           0 b           0 b      61.25 Mb      60.96 Mb             4            --  
                                            aten::addmm         0.00%     196.000us         0.00%     562.000us     140.500us     156.000us         0.00%     156.000us      39.000us           0 b           0 b      14.00 Kb      14.00 Kb             4         9.830  
                                               aten::mm         0.00%     228.000us         0.00%     489.000us      61.125us      93.000us         0.00%      93.000us      11.625us           0 b           0 b       2.53 Mb       2.53 Mb             8        19.661  
      autograd::engine::evaluate_function: AddBackward0         0.00%     411.000us         0.00%     464.000us       6.105us       0.000us         0.00%       0.000us       0.000us           0 b           0 b           0 b           0 b            76            --  
                                         aten::dropout_         0.00%      41.000us         0.00%     342.000us      85.500us       0.000us         0.00%      40.000us      10.000us           0 b           0 b     192.00 Kb           0 b             4            --  
-------------------------------------------------------  ------------  ------------  ------------  ------------  ------------  ------------  ------------  ------------  ------------  ------------  ------------  ------------  ------------  ------------  ------------  
Self CPU time total: 33.577s
Self CUDA time total: 18.697s
[0m
