[0m-----------------------------------------------------------------------------------------------------------------------------[0m
[0mShowing ResNet18_CIFAR100_Conv2dRFFTFunction_date-20240212-220618.pt[0m
[0m-------------------------------------------------------  ------------  ------------  ------------  ------------  ------------  ------------  ------------  ------------  ------------  ------------  ------------  ------------  ------------  ------------  ------------  
                                                   Name    Self CPU %      Self CPU   CPU total %     CPU total  CPU time avg     Self CUDA   Self CUDA %    CUDA total  CUDA time avg       CPU Mem  Self CPU Mem      CUDA Mem  Self CUDA Mem    # of Calls  Total MFLOPs  
-------------------------------------------------------  ------------  ------------  ------------  ------------  ------------  ------------  ------------  ------------  ------------  ------------  ------------  ------------  ------------  ------------  ------------  
                                          ProfilerStep*         0.00%     350.000us        50.28%       39.447s        9.862s       0.000us         0.00%       13.351s        3.338s      73.52 Mb      -1.05 Kb           0 b           0 b             4            --  
                                            aten::copy_         0.01%       6.441ms        31.34%       24.592s      35.745ms     308.271ms         0.79%     308.271ms     448.068us           0 b           0 b           0 b           0 b           688            --  
                                        cudaMemcpyAsync        29.83%       23.407s        29.83%       23.407s     139.330ms       0.000us         0.00%       0.000us       0.000us           0 b           0 b           0 b           0 b           168            --  
                                               aten::to         0.00%     120.000us        29.34%       23.022s        1.439s       0.000us         0.00%     116.384ms       7.274ms     147.00 Mb           0 b     147.10 Mb           0 b            16            --  
                                         aten::_to_copy         0.00%     209.000us        29.34%       23.022s        1.919s       0.000us         0.00%     116.384ms       9.699ms     147.00 Mb           0 b     147.10 Mb           0 b            12            --  
autograd::engine::evaluate_function: ToCopyBackward0...         0.00%     118.000us        29.30%       22.990s        5.747s       0.000us         0.00%      85.406ms      21.352ms     147.00 Mb           0 b    -147.00 Mb    -147.00 Mb             4            --  
                                        ToCopyBackward0         0.00%      16.000us        29.30%       22.989s        5.747s       0.000us         0.00%      85.406ms      21.352ms     147.00 Mb           0 b           0 b           0 b             4            --  
                                       cudaLaunchKernel        19.83%       15.556s        19.83%       15.556s       2.323ms       0.000us         0.00%       0.000us       0.000us           0 b           0 b           0 b           0 b          6696            --  
autograd::engine::evaluate_function: Conv2dRFFTFunct...         0.00%     869.000us        17.20%       13.495s     259.520ms       0.000us         0.00%       25.468s     489.768ms           0 b           0 b       2.56 Gb      -2.63 Gb            52            --  
                             Conv2dRFFTFunctionBackward         0.02%      16.317ms        17.03%       13.362s     256.965ms       0.000us         0.00%       25.460s     489.620ms           0 b           0 b       4.64 Gb   -2221.75 Gb            52            --  
                              Conv2dRFFTFunction Step#9        12.44%        9.762s        12.57%        9.862s        9.862s       0.000us         0.00%        3.337s        3.337s          -4 b     -36.77 Mb           0 b      -1.73 Gb             1            --  
                             Conv2dRFFTFunction Step#10        12.44%        9.764s        12.57%        9.862s        9.862s       0.000us         0.00%        3.338s        3.338s          -4 b     -36.77 Mb           0 b      -1.73 Gb             1            --  
                             Conv2dRFFTFunction Step#11        12.44%        9.764s        12.57%        9.861s        9.861s       0.000us         0.00%        3.338s        3.338s          -4 b     -36.77 Mb           0 b      -1.73 Gb             1            --  
                              Conv2dRFFTFunction Step#8        12.44%        9.763s        12.57%        9.861s        9.861s       0.000us         0.00%        3.338s        3.338s      73.52 Mb      36.75 Mb           0 b      -1.73 Gb             1            --  
                                              aten::mul         0.02%      16.597ms         5.14%        4.030s       4.306ms       18.830s        48.12%       18.895s      20.187ms        -208 b        -208 b    1987.88 Gb    1982.87 Gb           936     91422.720  
                                        aten::fft_rfftn         0.00%       1.423ms         4.05%        3.178s      12.222ms       0.000us         0.00%     461.638ms       1.776ms           0 b           0 b      11.54 Gb      -5.68 Gb           260            --  
                                       aten::fft_irfftn         0.00%     544.000us         3.73%        2.923s      18.737ms       0.000us         0.00%     502.972ms       3.224ms           0 b           0 b       6.11 Gb           0 b           156            --  
                                         aten::_fft_c2r         0.01%       7.930ms         3.72%        2.922s      18.733ms     394.135ms         1.01%     502.972ms       3.224ms           0 b           0 b       6.11 Gb     -21.20 Gb           156            --  
                                         aten::_fft_r2c         0.01%       9.327ms         2.68%        2.103s       8.087ms     402.466ms         1.03%     402.466ms       1.548ms           0 b           0 b       9.39 Gb     -24.24 Gb           260            --  
                                              aten::add         0.01%       5.429ms         2.47%        1.936s       5.628ms       11.589s        29.62%       11.589s      33.689ms           0 b           0 b     994.82 Gb     994.82 Gb           344    178109.678  
                                  aten::constant_pad_nd         0.00%       3.232ms         2.13%        1.675s       6.443ms       0.000us         0.00%     101.974ms     392.208us           0 b           0 b      10.74 Gb           0 b           260            --  
                                              aten::sum         0.01%       5.342ms         1.49%        1.167s       7.292ms        2.920s         7.46%        2.920s      18.253ms           0 b           0 b       6.54 Gb       6.54 Gb           160            --  
autograd::engine::evaluate_function: torch::autograd...         0.00%       1.318ms         1.46%        1.143s       4.536ms       0.000us         0.00%       4.497ms      17.845us           0 b           0 b      -3.21 Gb           0 b           252            --  
                                             aten::add_         0.00%       3.462ms         1.46%        1.142s       3.173ms      14.094ms         0.04%      14.094ms      39.150us           0 b           0 b           0 b           0 b           360            --  
                        torch::autograd::AccumulateGrad         0.00%       1.419ms         1.46%        1.142s       4.531ms       0.000us         0.00%       4.497ms      17.845us           0 b           0 b      -3.21 Gb      -3.21 Gb           252            --  
                                            aten::fill_         0.00%       1.897ms         1.15%     905.990ms       3.432ms      46.070ms         0.12%      46.070ms     174.508us           0 b           0 b           0 b           0 b           264            --  
                                            aten::clone         0.00%       1.831ms         1.04%     814.461ms       1.958ms       0.000us         0.00%     132.904ms     319.481us           0 b           0 b      12.82 Gb           0 b           416            --  
                                             aten::mul_         0.00%       1.263ms         0.82%     641.515ms       4.112ms       0.000us         0.00%      52.855ms     338.814us           0 b         208 b           0 b           0 b           156            --  
                                              aten::pad         0.00%     365.000us         0.77%     601.674ms       5.785ms       0.000us         0.00%      42.802ms     411.558us           0 b           0 b       2.92 Gb           0 b           104            --  
     autograd::engine::evaluate_function: ReluBackward0         0.00%     548.000us         0.65%     513.679ms       7.554ms       0.000us         0.00%      28.894ms     424.912us           0 b           0 b      -2.32 Gb      -4.52 Gb            68            --  
                                          ReluBackward0         0.00%     432.000us         0.65%     513.131ms       7.546ms       0.000us         0.00%      28.894ms     424.912us           0 b           0 b       2.20 Gb           0 b            68            --  
                               aten::threshold_backward         0.00%       1.204ms         0.65%     512.699ms       7.540ms      28.894ms         0.07%      28.894ms     424.912us           0 b           0 b       2.20 Gb       2.20 Gb            68            --  
autograd::engine::evaluate_function: ConvolutionBack...         0.00%     379.000us         0.58%     453.096ms      16.182ms       0.000us         0.00%     120.676ms       4.310ms           0 b           0 b    -607.61 Mb      -1.77 Gb            28            --  
autograd::engine::evaluate_function: CudnnBatchNormB...         0.00%       1.013ms         0.53%     414.155ms       5.177ms       0.000us         0.00%      53.977ms     674.712us           0 b           0 b      -1.65 Gb      -4.02 Gb            80            --  
                                CudnnBatchNormBackward0         0.00%     481.000us         0.53%     413.142ms       5.164ms       0.000us         0.00%      53.977ms     674.712us           0 b           0 b       2.37 Gb           0 b            80            --  
                        aten::cudnn_batch_norm_backward         0.00%       2.494ms         0.53%     412.661ms       5.158ms      53.977ms         0.14%      53.977ms     674.712us           0 b           0 b       2.37 Gb           0 b            80            --  
                                              aten::sub         0.00%       2.226ms         0.50%     389.491ms       2.497ms        4.331s        11.07%        4.331s      27.764ms           0 b           0 b     331.31 Gb     331.31 Gb           156            --  
                                   ConvolutionBackward0         0.00%     200.000us         0.48%     377.662ms      13.488ms       0.000us         0.00%     116.306ms       4.154ms           0 b           0 b     862.89 Mb           0 b            28            --  
                             aten::convolution_backward         0.00%       2.077ms         0.48%     377.462ms      13.481ms     116.306ms         0.30%     116.306ms       4.154ms           0 b           0 b     862.89 Mb     832.79 Mb            28            --  
                                            aten::randn         0.00%     117.000us         0.38%     294.467ms      36.808ms       0.000us         0.00%       0.000us       0.000us     147.10 Mb           0 b           0 b           0 b             8            --  
                                          aten::normal_         0.37%     293.855ms         0.37%     293.855ms      36.732ms       0.000us         0.00%       0.000us       0.000us           0 b           0 b           0 b           0 b             8            --  
                                     Conv2dRFFTFunction         0.01%       7.785ms         0.06%      50.988ms     980.538us       0.000us         0.00%       13.218s     254.195ms           0 b           0 b       1.46 Gb   -1112.38 Gb            52            --  
                                            aten::empty         0.02%      11.900ms         0.02%      11.900ms       5.519us       0.000us         0.00%       0.000us       0.000us     147.10 Mb     147.10 Mb      78.10 Gb      78.10 Gb          2156            --  
                                       aten::batch_norm         0.00%     198.000us         0.01%       8.534ms     106.675us       0.000us         0.00%      43.619ms     545.237us           0 b           0 b       3.64 Gb           0 b            80            --  
                           aten::_batch_norm_impl_index         0.00%     424.000us         0.01%       8.336ms     104.200us       0.000us         0.00%      43.619ms     545.237us           0 b           0 b       3.64 Gb           0 b            80            --  
                                 aten::cudnn_batch_norm         0.00%       3.322ms         0.01%       6.059ms      75.737us      31.818ms         0.08%      31.818ms     397.725us           0 b           0 b       2.37 Gb           0 b            80            --  
                                             aten::real         0.00%       1.245ms         0.01%       4.583ms      14.689us       0.000us         0.00%       0.000us       0.000us           0 b           0 b           0 b           0 b           312            --  
                                            aten::slice         0.00%       3.209ms         0.01%       4.414ms       3.395us       0.000us         0.00%       0.000us       0.000us           0 b           0 b           0 b           0 b          1300            --  
                                       aten::empty_like         0.00%       1.388ms         0.01%       4.218ms       8.504us       0.000us         0.00%       0.000us       0.000us           0 b           0 b      15.19 Gb           0 b           496            --  
                                             aten::imag         0.00%       1.153ms         0.01%       4.137ms      13.260us       0.000us         0.00%       0.000us       0.000us           0 b           0 b           0 b           0 b           312            --  
                                           aten::narrow         0.00%       1.085ms         0.00%       3.340ms       4.588us       0.000us         0.00%       0.000us       0.000us           0 b           0 b           0 b           0 b           728            --  
                                           aten::select         0.00%       2.658ms         0.00%       3.200ms       5.128us       0.000us         0.00%       0.000us       0.000us           0 b           0 b           0 b           0 b           624            --  
                                       aten::as_strided         0.00%       2.714ms         0.00%       2.714ms       0.975us       0.000us         0.00%       0.000us       0.000us           0 b           0 b           0 b           0 b          2784            --  
                                           aten::conv2d         0.00%     120.000us         0.00%       2.445ms      87.321us       0.000us         0.00%      22.440ms     801.429us           0 b           0 b       1.10 Gb           0 b            28    159073.174  
                                      aten::convolution         0.00%     293.000us         0.00%       2.325ms      83.036us       0.000us         0.00%      22.440ms     801.429us           0 b           0 b       1.10 Gb           0 b            28            --  
                                     aten::view_as_real         0.00%       2.242ms         0.00%       2.242ms       3.593us       0.000us         0.00%       0.000us       0.000us           0 b           0 b           0 b           0 b           624            --  
                                     aten::_convolution         0.00%     181.000us         0.00%       2.032ms      72.571us       0.000us         0.00%      22.440ms     801.429us           0 b           0 b       1.10 Gb           0 b            28            --  
                                       aten::contiguous         0.00%      84.000us         0.00%       1.853ms      35.635us       0.000us         0.00%      11.801ms     226.942us           0 b           0 b       1.27 Gb           0 b            52            --  
                                aten::cudnn_convolution         0.00%       1.102ms         0.00%       1.851ms      66.107us      22.440ms         0.06%      22.440ms     801.429us           0 b           0 b       1.10 Gb       1.10 Gb            28            --  
                                            aten::relu_         0.00%     597.000us         0.00%       1.729ms      25.426us       0.000us         0.00%      19.109ms     281.015us           0 b           0 b           0 b           0 b            68            --  
autograd::engine::evaluate_function: MaxPool2DWithIn...         0.00%      33.000us         0.00%       1.638ms     409.500us       0.000us         0.00%      19.405ms       4.851ms           0 b           0 b     196.00 Mb    -588.00 Mb             4            --  
                          MaxPool2DWithIndicesBackward0         0.00%      25.000us         0.00%       1.605ms     401.250us       0.000us         0.00%      19.405ms       4.851ms           0 b           0 b     784.00 Mb           0 b             4            --  
                 aten::max_pool2d_with_indices_backward         0.00%      79.000us         0.00%       1.580ms     395.000us      16.326ms         0.04%      19.405ms       4.851ms           0 b           0 b     784.00 Mb     784.00 Mb             4            --  
                                    aten::empty_strided         0.00%       1.516ms         0.00%       1.516ms       6.891us       0.000us         0.00%       0.000us       0.000us     147.00 Mb     147.00 Mb       5.15 Gb       5.15 Gb           220            --  
                                          aten::reshape         0.00%     951.000us         0.00%       1.376ms       3.276us       0.000us         0.00%       0.000us       0.000us           0 b           0 b           0 b           0 b           420            --  
                                          aten::permute         0.00%     946.000us         0.00%       1.323ms       3.180us       0.000us         0.00%       0.000us       0.000us           0 b           0 b           0 b           0 b           416            --  
                                        aten::unsqueeze         0.00%       1.012ms         0.00%       1.310ms       5.038us       0.000us         0.00%       0.000us       0.000us           0 b           0 b           0 b           0 b           260            --  
    autograd::engine::evaluate_function: AddmmBackward0         0.00%     216.000us         0.00%       1.260ms     315.000us       0.000us         0.00%     106.000us      26.500us           0 b           0 b     802.00 Kb    -512.00 Kb             4            --  
                                       aten::clamp_min_         0.00%     551.000us         0.00%       1.132ms      16.647us      19.109ms         0.05%      19.109ms     281.015us           0 b           0 b           0 b           0 b            68            --  
                                            aten::_conj         0.00%     807.000us         0.00%     961.000us       3.080us       0.000us         0.00%       0.000us       0.000us           0 b           0 b           0 b           0 b           312            --  
                                          aten::resize_         0.00%     948.000us         0.00%     948.000us       2.279us       0.000us         0.00%       0.000us       0.000us           0 b           0 b           0 b           0 b           416            --  
                                         AddmmBackward0         0.00%     143.000us         0.00%     814.000us     203.500us       0.000us         0.00%      76.000us      19.000us           0 b           0 b       1.28 Mb           0 b             4            --  
                                            aten::zero_         0.00%      23.000us         0.00%     710.000us      59.167us       0.000us         0.00%       3.079ms     256.583us           0 b           0 b           0 b           0 b            12            --  
                                               aten::mm         0.00%     235.000us         0.00%     470.000us      58.750us      76.000us         0.00%      76.000us       9.500us           0 b           0 b       1.28 Mb       1.28 Mb             8        52.429  
                                   aten::_reshape_alias         0.00%     455.000us         0.00%     455.000us       1.073us       0.000us         0.00%       0.000us       0.000us           0 b           0 b           0 b           0 b           424            --  
     autograd::engine::evaluate_function: MeanBackward1         0.00%      38.000us         0.00%     381.000us      95.250us       0.000us         0.00%     101.000us      25.250us           0 b           0 b      24.00 Mb    -512.00 Kb             4            --  
                                        aten::_neg_view         0.00%     324.000us         0.00%     380.000us       3.654us       0.000us         0.00%       0.000us       0.000us           0 b           0 b           0 b           0 b           104            --  
                                      aten::as_strided_         0.00%     376.000us         0.00%     376.000us       0.904us       0.000us         0.00%       0.000us       0.000us           0 b           0 b    -384.88 Mb    -384.88 Mb           416            --  
                                           aten::linear         0.00%      40.000us         0.00%     357.000us      89.250us       0.000us         0.00%      77.000us      19.250us           0 b           0 b     100.00 Kb           0 b             4            --  
                                          MeanBackward1         0.00%      50.000us         0.00%     343.000us      85.750us       0.000us         0.00%     101.000us      25.250us           0 b           0 b      24.50 Mb           0 b             4            --  
    autograd::engine::evaluate_function: CloneBackward0         0.00%     297.000us         0.00%     323.000us       6.212us       0.000us         0.00%       0.000us       0.000us           0 b           0 b           0 b           0 b            52            --  
                                  cudaStreamSynchronize         0.00%     319.000us         0.00%     319.000us      26.583us       0.000us         0.00%       0.000us       0.000us           0 b           0 b           0 b           0 b            12            --  
                                            aten::zeros         0.00%     159.000us         0.00%     292.000us      36.500us       0.000us         0.00%       0.000us       0.000us          32 b           0 b           0 b           0 b             8            --  
                                             aten::view         0.00%     288.000us         0.00%     288.000us       1.756us       0.000us         0.00%       0.000us       0.000us           0 b           0 b           0 b           0 b           164            --  
                                        cudaMemsetAsync         0.00%     286.000us         0.00%     286.000us      10.214us       0.000us         0.00%       0.000us       0.000us           0 b           0 b           0 b           0 b            28            --  
                                            aten::addmm         0.00%     178.000us         0.00%     281.000us      70.250us      77.000us         0.00%      77.000us      19.250us           0 b           0 b     100.00 Kb     100.00 Kb             4        26.214  
                                                aten::t         0.00%     107.000us         0.00%     274.000us      13.700us       0.000us         0.00%       0.000us       0.000us           0 b           0 b           0 b           0 b            20            --  
                                        cudaBindTexture         0.00%     270.000us         0.00%     270.000us       4.821us       0.000us         0.00%       0.000us       0.000us           0 b           0 b           0 b           0 b            56            --  
                                              aten::div         0.00%     175.000us         0.00%     242.000us      60.500us     101.000us         0.00%     101.000us      25.250us           0 b           0 b      24.50 Mb      24.50 Mb             4            --  
                                            aten::alias         0.00%     210.000us         0.00%     210.000us       0.505us       0.000us         0.00%       0.000us       0.000us           0 b           0 b           0 b           0 b           416            --  
      autograd::engine::evaluate_function: AddBackward0         0.00%     177.000us         0.00%     198.000us       6.188us       0.000us         0.00%       0.000us       0.000us           0 b           0 b           0 b           0 b            32            --  
                                 cudaFuncSetCacheConfig         0.00%     193.000us         0.00%     193.000us       0.386us       0.000us         0.00%       0.000us       0.000us           0 b           0 b           0 b           0 b           500            --  
                                       aten::max_pool2d         0.00%      17.000us         0.00%     171.000us      42.750us       0.000us         0.00%       6.506ms       1.627ms           0 b           0 b     588.00 Mb           0 b             4            --  
                                        aten::transpose         0.00%     111.000us         0.00%     167.000us       8.350us       0.000us         0.00%       0.000us       0.000us           0 b           0 b           0 b           0 b            20            --  
                              aten::adaptive_avg_pool2d         0.00%      16.000us         0.00%     163.000us      40.750us       0.000us         0.00%     226.000us      56.500us           0 b           0 b     512.00 Kb           0 b             4            --  
                          aten::max_pool2d_with_indices         0.00%      98.000us         0.00%     154.000us      38.500us       6.506ms         0.02%       6.506ms       1.627ms           0 b           0 b     588.00 Mb     588.00 Mb             4            --  
                                             aten::mean         0.00%      97.000us         0.00%     147.000us      36.750us     226.000us         0.00%     226.000us      56.500us           0 b           0 b     512.00 Kb     512.00 Kb             4            --  
                                           aten::detach         0.00%      32.000us         0.00%      86.000us      21.500us       0.000us         0.00%       0.000us       0.000us           0 b           0 b           0 b           0 b             4            --  
        autograd::engine::evaluate_function: TBackward0         0.00%      32.000us         0.00%      83.000us      20.750us       0.000us         0.00%       0.000us       0.000us           0 b           0 b           0 b           0 b             4            --  
autograd::engine::evaluate_function: ReshapeAliasBac...         0.00%      27.000us         0.00%      82.000us      20.500us       0.000us         0.00%       0.000us       0.000us           0 b           0 b           0 b           0 b             4            --  
-------------------------------------------------------  ------------  ------------  ------------  ------------  ------------  ------------  ------------  ------------  ------------  ------------  ------------  ------------  ------------  ------------  ------------  
Self CPU time total: 78.461s
Self CUDA time total: 39.132s
[0m
[0m-----------------------------------------------------------------------------------------------------------------------------[0m
[0mShowing ResNet18_CIFAR100_Conv2dRFFTPhasorFunction_date-20240212-220618.pt[0m
[0m-------------------------------------------------------  ------------  ------------  ------------  ------------  ------------  ------------  ------------  ------------  ------------  ------------  ------------  ------------  ------------  ------------  ------------  
                                                   Name    Self CPU %      Self CPU   CPU total %     CPU total  CPU time avg     Self CUDA   Self CUDA %    CUDA total  CUDA time avg       CPU Mem  Self CPU Mem      CUDA Mem  Self CUDA Mem    # of Calls  Total MFLOPs  
-------------------------------------------------------  ------------  ------------  ------------  ------------  ------------  ------------  ------------  ------------  ------------  ------------  ------------  ------------  ------------  ------------  ------------  
                                          ProfilerStep*         0.00%     321.000us        50.38%       28.823s        7.206s       0.000us         0.00%        7.410s        1.853s      24.98 Kb      -1.05 Kb           0 b           0 b             4            --  
                                            aten::copy_         0.02%      10.830ms        28.95%       16.563s      12.624ms     506.267ms         1.78%     506.267ms     385.874us           0 b           0 b           0 b           0 b          1312            --  
                                        cudaMemcpyAsync        26.67%       15.259s        26.67%       15.259s      90.828ms       0.000us         0.00%       0.000us       0.000us           0 b           0 b           0 b           0 b           168            --  
                                               aten::to         0.00%      99.000us        26.15%       14.958s     934.872ms       0.000us         0.00%     115.090ms       7.193ms     147.00 Mb           0 b     147.10 Mb           0 b            16            --  
                                         aten::_to_copy         0.00%     211.000us        26.15%       14.958s        1.246s       0.000us         0.00%     115.090ms       9.591ms     147.00 Mb           0 b     147.10 Mb           0 b            12            --  
autograd::engine::evaluate_function: ToCopyBackward0...         0.00%      65.000us        26.09%       14.926s        3.732s       0.000us         0.00%      84.762ms      21.191ms     147.00 Mb           0 b    -147.00 Mb    -147.00 Mb             4            --  
                                        ToCopyBackward0         0.00%      17.000us        26.09%       14.926s        3.731s       0.000us         0.00%      84.762ms      21.191ms     147.00 Mb           0 b           0 b           0 b             4            --  
                                       cudaLaunchKernel        20.01%       11.447s        20.01%       11.447s       1.786ms       0.000us         0.00%       0.000us       0.000us           0 b           0 b           0 b           0 b          6408            --  
autograd::engine::evaluate_function: Conv2dRFFTPhaso...         0.00%     763.000us        18.98%       10.858s     208.806ms       0.000us         0.00%       14.158s     272.273ms           0 b           0 b       2.56 Gb      -2.63 Gb            52            --  
                       Conv2dRFFTPhasorFunctionBackward         0.03%      15.165ms        18.68%       10.687s     205.519ms       0.000us         0.00%       14.151s     272.125ms           0 b           0 b       4.64 Gb   -1788.13 Gb            52            --  
                       Conv2dRFFTPhasorFunction Step#10        12.42%        7.107s        12.60%        7.207s        7.207s       0.000us         0.00%        1.853s        1.853s          -4 b     -36.77 Mb           0 b      -1.73 Gb             1            --  
                       Conv2dRFFTPhasorFunction Step#11        12.42%        7.105s        12.60%        7.206s        7.206s       0.000us         0.00%        1.853s        1.853s          -4 b     -36.77 Mb           0 b      -1.73 Gb             1            --  
                        Conv2dRFFTPhasorFunction Step#8        12.42%        7.106s        12.59%        7.205s        7.205s       0.000us         0.00%        1.853s        1.853s      25.00 Kb     -36.75 Mb           0 b      -1.73 Gb             1            --  
                        Conv2dRFFTPhasorFunction Step#9        12.42%        7.105s        12.59%        7.205s        7.205s       0.000us         0.00%        1.853s        1.853s          -4 b     -36.77 Mb           0 b      -1.73 Gb             1            --  
                                       aten::fft_irfftn         0.00%     542.000us         4.57%        2.613s      16.751ms       0.000us         0.00%     503.073ms       3.225ms           0 b           0 b       6.10 Gb           0 b           156            --  
                                         aten::_fft_c2r         0.01%       8.024ms         4.57%        2.613s      16.748ms     394.255ms         1.38%     503.073ms       3.225ms           0 b           0 b       6.10 Gb     -21.42 Gb           156            --  
                                        aten::fft_rfftn         0.00%       1.502ms         4.35%        2.486s       9.562ms       0.000us         0.00%     461.189ms       1.774ms           0 b           0 b      11.54 Gb      -5.91 Gb           260            --  
                                              aten::mul         0.02%      10.904ms         4.07%        2.330s       3.735ms       14.535s        50.98%       14.535s      23.293ms        -184 b        -184 b    1656.56 Gb    1656.56 Gb           624    178493.719  
                                         aten::_fft_r2c         0.02%       9.385ms         3.12%        1.784s       6.861ms     401.985ms         1.41%     401.985ms       1.546ms           0 b           0 b       9.63 Gb     -23.95 Gb           260            --  
                                            aten::angle         0.72%     410.657ms         2.80%        1.604s       2.571ms       0.000us         0.00%     217.602ms     348.721us           0 b           0 b      13.14 Gb     -18.08 Gb           624            --  
                                              aten::abs         0.76%     436.684ms         2.70%        1.543s       2.473ms       0.000us         0.00%     217.744ms     348.949us           0 b           0 b       4.95 Gb     -18.08 Gb           624            --  
                                  aten::constant_pad_nd         0.01%       3.366ms         2.04%        1.166s       4.486ms       0.000us         0.00%     102.003ms     392.319us           0 b           0 b      10.74 Gb           0 b           260            --  
autograd::engine::evaluate_function: torch::autograd...         0.00%       1.270ms         1.85%        1.056s       4.190ms       0.000us         0.00%       4.482ms      17.786us           0 b           0 b      -3.21 Gb           0 b           252            --  
                                             aten::add_         0.01%       3.388ms         1.84%        1.055s       2.931ms      14.083ms         0.05%      14.083ms      39.119us          -8 b          -8 b        -512 b        -512 b           360            --  
                        torch::autograd::AccumulateGrad         0.00%       1.336ms         1.84%        1.055s       4.185ms       0.000us         0.00%       4.482ms      17.786us           0 b           0 b      -3.21 Gb      -3.21 Gb           252            --  
                                              aten::exp         1.38%     792.093ms         1.38%     792.093ms       5.078ms       0.000us         0.00%       0.000us       0.000us           0 b           0 b     662.62 Gb     662.62 Gb           156            --  
autograd::engine::evaluate_function: ConvolutionBack...         0.00%     344.000us         1.34%     764.353ms      27.298ms       0.000us         0.00%     121.071ms       4.324ms           0 b           0 b    -607.11 Mb      -1.77 Gb            28            --  
                                   ConvolutionBackward0         0.00%     193.000us         1.33%     761.826ms      27.208ms       0.000us         0.00%     116.698ms       4.168ms           0 b           0 b     862.89 Mb           0 b            28            --  
                             aten::convolution_backward         0.00%       1.940ms         1.33%     761.633ms      27.201ms     116.698ms         0.41%     116.698ms       4.168ms           0 b           0 b     862.89 Mb     832.79 Mb            28            --  
                                              aten::sum         0.01%       5.186ms         1.19%     679.753ms       4.248ms        2.921s        10.24%        2.921s      18.255ms           0 b           0 b       6.54 Gb       6.54 Gb           160            --  
                                            aten::fill_         0.00%       1.791ms         1.18%     674.870ms       2.556ms      46.087ms         0.16%      46.087ms     174.572us           0 b           0 b           0 b           0 b           264            --  
                                             aten::mul_         0.00%       1.310ms         0.89%     507.747ms       3.255ms       0.000us         0.00%      52.859ms     338.840us           0 b         184 b           0 b           0 b           156            --  
                                              aten::pad         0.00%     343.000us         0.81%     465.746ms       4.478ms       0.000us         0.00%      42.799ms     411.529us           0 b           0 b       2.92 Gb           0 b           104            --  
                                              aten::add         0.01%       2.956ms         0.71%     408.427ms       2.172ms        2.767s         9.70%        2.767s      14.716ms           0 b           0 b     332.20 Gb     332.20 Gb           188       859.308  
                                            aten::clone         0.00%       1.840ms         0.70%     398.029ms     956.800us       0.000us         0.00%     161.247ms     387.613us           0 b           0 b      17.80 Gb           0 b           416            --  
autograd::engine::evaluate_function: CudnnBatchNormB...         0.00%     933.000us         0.59%     335.984ms       4.200ms       0.000us         0.00%      53.936ms     674.200us           0 b           0 b      -1.65 Gb      -4.02 Gb            80            --  
                                CudnnBatchNormBackward0         0.00%     500.000us         0.59%     335.051ms       4.188ms       0.000us         0.00%      53.936ms     674.200us           0 b           0 b       2.37 Gb           0 b            80            --  
                        aten::cudnn_batch_norm_backward         0.00%       2.307ms         0.58%     334.551ms       4.182ms      53.936ms         0.19%      53.936ms     674.200us           0 b           0 b       2.37 Gb           0 b            80            --  
     autograd::engine::evaluate_function: ReluBackward0         0.00%     658.000us         0.56%     321.336ms       4.726ms       0.000us         0.00%      28.906ms     425.088us           0 b           0 b      -2.32 Gb      -4.52 Gb            68            --  
                                          ReluBackward0         0.00%     366.000us         0.56%     320.678ms       4.716ms       0.000us         0.00%      28.906ms     425.088us           0 b           0 b       2.20 Gb           0 b            68            --  
                               aten::threshold_backward         0.00%       1.105ms         0.56%     320.312ms       4.710ms      28.906ms         0.10%      28.906ms     425.088us           0 b           0 b       2.20 Gb       2.20 Gb            68            --  
                                            aten::randn         0.00%     119.000us         0.51%     291.660ms      36.458ms       0.000us         0.00%       0.000us       0.000us     147.10 Mb           0 b           0 b           0 b             8            --  
                                          aten::normal_         0.51%     291.222ms         0.51%     291.222ms      36.403ms       0.000us         0.00%       0.000us       0.000us           0 b           0 b           0 b           0 b             8            --  
autograd::engine::evaluate_function: MaxPool2DWithIn...         0.00%      32.000us         0.21%     122.958ms      30.739ms       0.000us         0.00%      19.408ms       4.852ms           0 b           0 b     196.00 Mb    -588.00 Mb             4            --  
                          MaxPool2DWithIndicesBackward0         0.00%      29.000us         0.21%     122.926ms      30.732ms       0.000us         0.00%      19.408ms       4.852ms           0 b           0 b     784.00 Mb           0 b             4            --  
                 aten::max_pool2d_with_indices_backward         0.00%      80.000us         0.21%     122.897ms      30.724ms      16.325ms         0.06%      19.408ms       4.852ms           0 b           0 b     784.00 Mb     784.00 Mb             4            --  
                                            aten::zero_         0.00%      24.000us         0.11%      61.365ms       5.114ms       0.000us         0.00%       3.083ms     256.917us           0 b           0 b           0 b           0 b            12            --  
                               Conv2dRFFTPhasorFunction         0.01%       7.806ms         0.10%      59.422ms       1.143ms       0.000us         0.00%        7.278s     139.961ms           0 b           0 b       1.46 Gb    -896.52 Gb            52            --  
                                            aten::empty         0.03%      14.917ms         0.03%      14.917ms       4.824us       0.000us         0.00%       0.000us       0.000us     147.10 Mb     147.10 Mb      78.09 Gb      78.09 Gb          3092            --  
                                       aten::batch_norm         0.00%     211.000us         0.01%       8.279ms     103.487us       0.000us         0.00%      44.274ms     553.425us           0 b           0 b       3.64 Gb           0 b            80            --  
                           aten::_batch_norm_impl_index         0.00%     403.000us         0.01%       8.068ms     100.850us       0.000us         0.00%      44.274ms     553.425us           0 b           0 b       3.64 Gb           0 b            80            --  
                                             aten::real         0.00%       2.077ms         0.01%       6.240ms      10.000us       0.000us         0.00%       0.000us       0.000us           0 b           0 b           0 b           0 b           624            --  
                                 aten::cudnn_batch_norm         0.01%       2.903ms         0.01%       5.714ms      71.425us      32.470ms         0.11%      32.470ms     405.875us           0 b           0 b       2.37 Gb           0 b            80            --  
                                       aten::empty_like         0.00%       1.547ms         0.01%       4.905ms       8.175us       0.000us         0.00%       0.000us       0.000us           0 b           0 b      16.76 Gb           0 b           600            --  
                                          aten::resize_         0.01%       4.892ms         0.01%       4.892ms       3.618us       0.000us         0.00%       0.000us       0.000us           0 b           0 b      32.73 Gb      32.73 Gb          1352            --  
                                            aten::slice         0.01%       3.067ms         0.01%       4.317ms       3.321us       0.000us         0.00%       0.000us       0.000us           0 b           0 b           0 b           0 b          1300            --  
                                    aten::empty_strided         0.01%       4.033ms         0.01%       4.033ms       7.581us       0.000us         0.00%       0.000us       0.000us     147.00 Mb     147.00 Mb      16.72 Gb      16.72 Gb           532            --  
                                           aten::narrow         0.00%       1.101ms         0.01%       3.144ms       4.319us       0.000us         0.00%       0.000us       0.000us           0 b           0 b           0 b           0 b           728            --  
                                       aten::as_strided         0.01%       2.918ms         0.01%       2.918ms       1.048us       0.000us         0.00%       0.000us       0.000us           0 b           0 b           0 b           0 b          2784            --  
                                           aten::select         0.00%       1.687ms         0.00%       2.384ms       3.821us       0.000us         0.00%       0.000us       0.000us           0 b           0 b           0 b           0 b           624            --  
                                           aten::conv2d         0.00%     124.000us         0.00%       2.369ms      84.607us       0.000us         0.00%      22.380ms     799.286us           0 b           0 b       1.10 Gb           0 b            28    159073.174  
                                      aten::convolution         0.00%     267.000us         0.00%       2.245ms      80.179us       0.000us         0.00%      22.380ms     799.286us           0 b           0 b       1.10 Gb           0 b            28            --  
                                     aten::_convolution         0.00%     188.000us         0.00%       1.978ms      70.643us       0.000us         0.00%      22.380ms     799.286us           0 b           0 b       1.10 Gb           0 b            28            --  
                                       aten::contiguous         0.00%     140.000us         0.00%       1.951ms      37.519us       0.000us         0.00%      11.804ms     227.000us           0 b           0 b       1.27 Gb           0 b            52            --  
                                aten::cudnn_convolution         0.00%       1.073ms         0.00%       1.790ms      63.929us      22.380ms         0.08%      22.380ms     799.286us           0 b           0 b       1.10 Gb       1.10 Gb            28            --  
                                     aten::view_as_real         0.00%       1.779ms         0.00%       1.779ms       2.851us       0.000us         0.00%       0.000us       0.000us           0 b           0 b           0 b           0 b           624            --  
                                            aten::relu_         0.00%     603.000us         0.00%       1.668ms      24.529us       0.000us         0.00%      19.101ms     280.897us           0 b           0 b           0 b           0 b            68            --  
    autograd::engine::evaluate_function: AddmmBackward0         0.00%     245.000us         0.00%       1.578ms     394.500us       0.000us         0.00%     107.000us      26.750us           0 b           0 b     802.00 Kb    -512.00 Kb             4            --  
                                          aten::reshape         0.00%       1.094ms         0.00%       1.507ms       3.588us       0.000us         0.00%       0.000us       0.000us           0 b           0 b           0 b           0 b           420            --  
                                          aten::permute         0.00%     993.000us         0.00%       1.392ms       3.346us       0.000us         0.00%       0.000us       0.000us           0 b           0 b           0 b           0 b           416            --  
                                        aten::unsqueeze         0.00%     976.000us         0.00%       1.273ms       4.896us       0.000us         0.00%       0.000us       0.000us           0 b           0 b           0 b           0 b           260            --  
                                       aten::clamp_min_         0.00%     526.000us         0.00%       1.065ms      15.662us      19.101ms         0.07%      19.101ms     280.897us           0 b           0 b           0 b           0 b            68            --  
                                         AddmmBackward0         0.00%     203.000us         0.00%       1.019ms     254.750us       0.000us         0.00%      75.000us      18.750us           0 b           0 b       1.28 Mb           0 b             4            --  
                                               aten::mm         0.00%     312.000us         0.00%     592.000us      74.000us      75.000us         0.00%      75.000us       9.375us           0 b           0 b       1.28 Mb       1.28 Mb             8        52.429  
     autograd::engine::evaluate_function: MeanBackward1         0.00%      57.000us         0.00%     529.000us     132.250us       0.000us         0.00%      99.000us      24.750us           0 b           0 b      24.00 Mb    -512.00 Kb             4            --  
                                          MeanBackward1         0.00%      78.000us         0.00%     472.000us     118.000us       0.000us         0.00%      99.000us      24.750us           0 b           0 b      24.50 Mb           0 b             4            --  
                                            aten::_conj         0.00%     370.000us         0.00%     457.000us       4.394us       0.000us         0.00%       0.000us       0.000us           0 b           0 b           0 b           0 b           104            --  
                                   aten::_reshape_alias         0.00%     434.000us         0.00%     434.000us       1.024us       0.000us         0.00%       0.000us       0.000us           0 b           0 b           0 b           0 b           424            --  
                                      aten::as_strided_         0.00%     389.000us         0.00%     389.000us       0.935us       0.000us         0.00%       0.000us       0.000us           0 b           0 b    -223.19 Mb    -223.19 Mb           416            --  
                                           aten::linear         0.00%      44.000us         0.00%     357.000us      89.250us       0.000us         0.00%      76.000us      19.000us           0 b           0 b     100.00 Kb           0 b             4            --  
                                              aten::div         0.00%     221.000us         0.00%     338.000us      84.500us      99.000us         0.00%      99.000us      24.750us           0 b           0 b      24.50 Mb      24.50 Mb             4            --  
                                  cudaStreamSynchronize         0.00%     325.000us         0.00%     325.000us      27.083us       0.000us         0.00%       0.000us       0.000us           0 b           0 b           0 b           0 b            12            --  
                                                aten::t         0.00%     149.000us         0.00%     324.000us      16.200us       0.000us         0.00%       0.000us       0.000us           0 b           0 b           0 b           0 b            20            --  
                                             aten::view         0.00%     292.000us         0.00%     292.000us       1.780us       0.000us         0.00%       0.000us       0.000us           0 b           0 b           0 b           0 b           164            --  
    autograd::engine::evaluate_function: CloneBackward0         0.00%     272.000us         0.00%     288.000us       5.538us       0.000us         0.00%       0.000us       0.000us           0 b           0 b           0 b           0 b            52            --  
                                        cudaMemsetAsync         0.00%     272.000us         0.00%     272.000us       9.714us       0.000us         0.00%       0.000us       0.000us           0 b           0 b           0 b           0 b            28            --  
                                            aten::addmm         0.00%     176.000us         0.00%     269.000us      67.250us      76.000us         0.00%      76.000us      19.000us           0 b           0 b     100.00 Kb     100.00 Kb             4        26.214  
                                            aten::zeros         0.00%     128.000us         0.00%     230.000us      28.750us       0.000us         0.00%       0.000us       0.000us          32 b           0 b           0 b           0 b             8            --  
                                        cudaBindTexture         0.00%     214.000us         0.00%     214.000us       3.821us       0.000us         0.00%       0.000us       0.000us           0 b           0 b           0 b           0 b            56            --  
      autograd::engine::evaluate_function: AddBackward0         0.00%     183.000us         0.00%     200.000us       6.250us       0.000us         0.00%       0.000us       0.000us           0 b           0 b           0 b           0 b            32            --  
                                        aten::transpose         0.00%     117.000us         0.00%     175.000us       8.750us       0.000us         0.00%       0.000us       0.000us           0 b           0 b           0 b           0 b            20            --  
                                       aten::max_pool2d         0.00%      21.000us         0.00%     174.000us      43.500us       0.000us         0.00%       6.497ms       1.624ms           0 b           0 b     588.00 Mb           0 b             4            --  
                              aten::adaptive_avg_pool2d         0.00%      18.000us         0.00%     171.000us      42.750us       0.000us         0.00%     224.000us      56.000us           0 b           0 b     512.00 Kb           0 b             4            --  
                                 cudaFuncSetCacheConfig         0.00%     154.000us         0.00%     154.000us       0.308us       0.000us         0.00%       0.000us       0.000us           0 b           0 b           0 b           0 b           500            --  
                          aten::max_pool2d_with_indices         0.00%     101.000us         0.00%     153.000us      38.250us       6.497ms         0.02%       6.497ms       1.624ms           0 b           0 b     588.00 Mb     588.00 Mb             4            --  
                                             aten::mean         0.00%     102.000us         0.00%     153.000us      38.250us     224.000us         0.00%     224.000us      56.000us           0 b           0 b     512.00 Kb     512.00 Kb             4            --  
        autograd::engine::evaluate_function: TBackward0         0.00%      49.000us         0.00%     122.000us      30.500us       0.000us         0.00%       0.000us       0.000us           0 b           0 b           0 b           0 b             4            --  
autograd::engine::evaluate_function: ReshapeAliasBac...         0.00%      42.000us         0.00%     113.000us      28.250us       0.000us         0.00%       0.000us       0.000us           0 b           0 b           0 b           0 b             4            --  
                                            aten::alias         0.00%      87.000us         0.00%      87.000us       0.837us       0.000us         0.00%       0.000us       0.000us           0 b           0 b           0 b           0 b           104            --  
                                             TBackward0         0.00%      17.000us         0.00%      73.000us      18.250us       0.000us         0.00%       0.000us       0.000us           0 b           0 b           0 b           0 b             4            --  
-------------------------------------------------------  ------------  ------------  ------------  ------------  ------------  ------------  ------------  ------------  ------------  ------------  ------------  ------------  ------------  ------------  ------------  
Self CPU time total: 57.211s
Self CUDA time total: 28.511s
[0m
