[0m-----------------------------------------------------------------------------------------------------------------------------[0m
[0mShowing AlexNet_CIFAR100_Conv2dRFFTFunction_date-20240212-071549.pt[0m
[0m-------------------------------------------------------  ------------  ------------  ------------  ------------  ------------  ------------  ------------  ------------  ------------  ------------  ------------  ------------  ------------  ------------  ------------  
                                                   Name    Self CPU %      Self CPU   CPU total %     CPU total  CPU time avg     Self CUDA   Self CUDA %    CUDA total  CUDA time avg       CPU Mem  Self CPU Mem      CUDA Mem  Self CUDA Mem    # of Calls  Total GFLOPs  
-------------------------------------------------------  ------------  ------------  ------------  ------------  ------------  ------------  ------------  ------------  ------------  ------------  ------------  ------------  ------------  ------------  ------------  
                                          ProfilerStep*         0.00%     214.000us        51.48%       12.194s        3.049s       0.000us         0.00%        3.963s     990.659ms      73.52 Mb      -1.05 Kb           0 b           0 b             4            --  
                                            aten::copy_         0.02%       4.253ms        48.45%       11.476s      54.134ms     198.888ms         1.70%     198.888ms     938.151us           0 b           0 b           0 b           0 b           212            --  
                                               aten::to         0.00%     195.000us        48.43%       11.471s     955.957ms       0.000us         0.00%     152.287ms      12.691ms     147.00 Mb           0 b     147.10 Mb           0 b            12            --  
                                         aten::_to_copy         0.00%     397.000us        48.43%       11.471s     955.941ms       0.000us         0.00%     152.287ms      12.691ms     147.00 Mb           0 b     147.10 Mb           0 b            12            --  
                                        cudaMemcpyAsync        48.42%       11.470s        48.42%       11.470s     191.166ms       0.000us         0.00%       0.000us       0.000us           0 b           0 b           0 b           0 b            60            --  
autograd::engine::evaluate_function: ToCopyBackward0...         0.00%     198.000us        48.26%       11.430s        2.858s       0.000us         0.00%     114.591ms      28.648ms     147.00 Mb           0 b    -147.00 Mb    -147.00 Mb             4            --  
                                        ToCopyBackward0         0.00%      34.000us        48.26%       11.430s        2.858s       0.000us         0.00%     114.591ms      28.648ms     147.00 Mb           0 b           0 b           0 b             4            --  
                             Conv2dRFFTFunction Step#11        12.26%        2.904s        12.92%        3.060s        3.060s       0.000us         0.00%     991.116ms     991.116ms          -4 b     -36.77 Mb           0 b    -228.88 Mb             1            --  
                              Conv2dRFFTFunction Step#9        12.25%        2.902s        12.88%        3.050s        3.050s       0.000us         0.00%     990.705ms     990.705ms          -4 b     -36.77 Mb           0 b    -228.88 Mb             1            --  
                             Conv2dRFFTFunction Step#10        12.26%        2.905s        12.84%        3.043s        3.043s       0.000us         0.00%     990.051ms     990.051ms          -4 b     -36.77 Mb           0 b    -228.21 Mb             1            --  
                              Conv2dRFFTFunction Step#8        12.25%        2.902s        12.84%        3.041s        3.041s       0.000us         0.00%     990.762ms     990.762ms      73.52 Mb      36.75 Mb           0 b    -228.21 Mb             1            --  
                                            aten::randn         0.00%     152.000us         2.13%     503.772ms      62.971ms       0.000us         0.00%       0.000us       0.000us     147.10 Mb           0 b           0 b           0 b             8            --  
                                          aten::normal_         2.12%     503.318ms         2.12%     503.318ms      62.915ms       0.000us         0.00%       0.000us       0.000us           0 b           0 b           0 b           0 b             8            --  
autograd::engine::evaluate_function: Conv2dRFFTFunct...         0.00%     322.000us         0.21%      49.243ms       3.078ms       0.000us         0.00%        7.529s     470.568ms           0 b           0 b     875.55 Mb    -363.16 Mb            16            --  
                             Conv2dRFFTFunctionBackward         0.03%       6.990ms         0.21%      48.921ms       3.058ms       0.000us         0.00%        7.529s     470.568ms           0 b           0 b       1.21 Gb    -663.19 Gb            16            --  
                                     Conv2dRFFTFunction         0.02%       4.426ms         0.12%      29.260ms       1.829ms       0.000us         0.00%        3.897s     243.591ms           0 b           0 b     285.91 Mb    -332.28 Gb            16            --  
                                       cudaLaunchKernel         0.11%      26.677ms         0.11%      26.677ms      11.247us       0.000us         0.00%       0.000us       0.000us           0 b           0 b           0 b           0 b          2372            --  
                                        aten::fft_rfftn         0.00%     640.000us         0.07%      16.217ms     202.713us       0.000us         0.00%     125.401ms       1.568ms           0 b           0 b       2.95 Gb      -2.31 Gb            80            --  
                                              aten::mul         0.03%       7.450ms         0.07%      15.578ms      54.090us        5.413s        46.37%        5.431s      18.858ms          -8 b          -8 b     594.00 Gb     592.58 Gb           288        27.052  
                                       aten::fft_irfftn         0.00%     305.000us         0.07%      15.468ms     322.250us       0.000us         0.00%     256.376ms       5.341ms           0 b           0 b       1.58 Gb           0 b            48            --  
                                         aten::_fft_c2r         0.02%       3.691ms         0.06%      15.163ms     315.896us     228.497ms         1.96%     256.376ms       5.341ms           0 b           0 b       1.58 Gb      -9.73 Gb            48            --  
                                         aten::_fft_r2c         0.02%       4.751ms         0.05%      11.195ms     139.938us     108.133ms         0.93%     108.133ms       1.352ms           0 b           0 b       2.95 Gb      -5.74 Gb            80            --  
                                  aten::constant_pad_nd         0.01%       1.476ms         0.03%       8.035ms     100.438us       0.000us         0.00%      24.343ms     304.288us           0 b           0 b       2.79 Gb           0 b            80            --  
                                            aten::clone         0.00%     637.000us         0.02%       5.838ms      48.650us       0.000us         0.00%      33.467ms     278.892us           0 b           0 b       3.16 Gb           0 b           120            --  
                                              aten::sum         0.01%       3.411ms         0.02%       5.491ms      68.638us     865.483ms         7.41%     865.483ms      10.819ms           0 b           0 b       1.67 Gb       1.67 Gb            80            --  
                                              aten::add         0.01%       2.490ms         0.02%       4.776ms      42.643us        3.462s        29.66%        3.462s      30.909ms           0 b           0 b     297.28 Gb     297.28 Gb           112        53.225  
                                            aten::empty         0.02%       4.278ms         0.02%       4.278ms       9.549us       0.000us         0.00%       0.000us       0.000us     147.10 Mb     147.10 Mb      22.88 Gb      22.88 Gb           448            --  
    autograd::engine::evaluate_function: AddmmBackward0         0.00%     535.000us         0.02%       3.986ms     332.167us       0.000us         0.00%       9.413ms     784.417us           0 b           0 b     834.50 Mb     -21.00 Mb            12            --  
                                              aten::pad         0.00%     182.000us         0.02%       3.835ms     119.844us       0.000us         0.00%       7.075ms     221.094us           0 b           0 b     487.16 Mb           0 b            32            --  
autograd::engine::evaluate_function: torch::autograd...         0.00%     521.000us         0.01%       2.769ms      40.721us       0.000us         0.00%      11.800ms     173.529us           0 b           0 b      -1.79 Gb           0 b            68            --  
                                         AddmmBackward0         0.00%     439.000us         0.01%       2.722ms     226.833us       0.000us         0.00%       9.281ms     773.417us           0 b           0 b     855.38 Mb           0 b            12            --  
                                            aten::fill_         0.00%     981.000us         0.01%       2.316ms      24.125us      12.691ms         0.11%      12.691ms     132.198us           0 b           0 b           0 b           0 b            96            --  
                        torch::autograd::AccumulateGrad         0.00%     585.000us         0.01%       2.248ms      33.059us       0.000us         0.00%      11.800ms     173.529us           0 b           0 b      -1.79 Gb      -1.79 Gb            68            --  
                                             aten::real         0.00%     631.000us         0.01%       2.245ms      23.385us       0.000us         0.00%       0.000us       0.000us           0 b           0 b           0 b           0 b            96            --  
                                             aten::imag         0.00%     557.000us         0.01%       2.041ms      21.260us       0.000us         0.00%       0.000us       0.000us           0 b           0 b           0 b           0 b            96            --  
                                       aten::empty_like         0.00%     581.000us         0.01%       2.027ms      13.696us       0.000us         0.00%       0.000us       0.000us           0 b           0 b       3.20 Gb           0 b           148            --  
                                            aten::slice         0.01%       1.440ms         0.01%       1.980ms       4.950us       0.000us         0.00%       0.000us       0.000us           0 b           0 b           0 b           0 b           400            --  
                                             aten::mul_         0.00%     521.000us         0.01%       1.875ms      39.062us       0.000us         0.00%      13.636ms     284.083us           0 b           8 b           0 b           0 b            48            --  
                                             aten::add_         0.00%     911.000us         0.01%       1.791ms      26.338us      13.418ms         0.11%      13.418ms     197.324us           0 b           0 b           0 b           0 b            68            --  
                                               aten::mm         0.00%     853.000us         0.01%       1.759ms      73.292us       9.281ms         0.08%       9.281ms     386.708us           0 b           0 b     855.38 Mb     855.38 Mb            24        56.254  
                                              aten::sub         0.00%     996.000us         0.01%       1.753ms      36.521us        1.294s        11.09%        1.294s      26.962ms           0 b           0 b      99.00 Gb      99.00 Gb            48            --  
     autograd::engine::evaluate_function: ReluBackward0         0.00%     454.000us         0.01%       1.742ms      62.214us       0.000us         0.00%       5.949ms     212.464us           0 b           0 b    -516.66 Mb    -999.62 Mb            28            --  
                                           aten::linear         0.00%     129.000us         0.01%       1.682ms     140.167us       0.000us         0.00%      12.455ms       1.038ms           0 b           0 b       8.10 Mb           0 b            12            --  
autograd::engine::evaluate_function: ConvolutionBack...         0.00%      46.000us         0.01%       1.563ms     390.750us       0.000us         0.00%      27.529ms       6.882ms           0 b           0 b     -41.71 Mb    -189.06 Mb             4            --  
                                   ConvolutionBackward0         0.00%      58.000us         0.01%       1.517ms     379.250us       0.000us         0.00%      27.529ms       6.882ms           0 b           0 b     147.36 Mb           0 b             4            --  
                                           aten::select         0.01%       1.254ms         0.01%       1.491ms       7.766us       0.000us         0.00%       0.000us       0.000us           0 b           0 b           0 b           0 b           192            --  
autograd::engine::evaluate_function: MaxPool2DWithIn...         0.00%     158.000us         0.01%       1.478ms     123.167us       0.000us         0.00%       9.989ms     832.417us           0 b           0 b      84.28 Mb    -283.75 Mb            12            --  
                                           aten::narrow         0.00%     460.000us         0.01%       1.464ms       6.536us       0.000us         0.00%       0.000us       0.000us           0 b           0 b           0 b           0 b           224            --  
                             aten::convolution_backward         0.00%     586.000us         0.01%       1.459ms     364.750us      26.405ms         0.23%      27.529ms       6.882ms           0 b           0 b     147.36 Mb     146.84 Mb             4            --  
                                           aten::conv2d         0.00%      46.000us         0.01%       1.430ms     357.500us       0.000us         0.00%       6.662ms       1.665ms           0 b           0 b     189.06 Mb           0 b             4        35.982  
                                      aten::convolution         0.00%     119.000us         0.01%       1.384ms     346.000us       0.000us         0.00%       6.662ms       1.665ms           0 b           0 b     189.06 Mb           0 b             4            --  
                                            aten::addmm         0.00%     755.000us         0.01%       1.379ms     114.917us      12.455ms         0.11%      12.455ms       1.038ms           0 b           0 b       8.10 Mb       8.10 Mb            12        28.127  
                          MaxPool2DWithIndicesBackward0         0.00%      97.000us         0.01%       1.320ms     110.000us       0.000us         0.00%       9.989ms     832.417us           0 b           0 b     368.03 Mb           0 b            12            --  
                                       aten::as_strided         0.01%       1.316ms         0.01%       1.316ms       1.400us       0.000us         0.00%       0.000us       0.000us           0 b           0 b           0 b           0 b           940            --  
                                          ReluBackward0         0.00%     213.000us         0.01%       1.288ms      46.000us       0.000us         0.00%       5.949ms     212.464us           0 b           0 b     482.97 Mb           0 b            28            --  
                                     aten::_convolution         0.00%     148.000us         0.01%       1.265ms     316.250us       0.000us         0.00%       6.662ms       1.665ms           0 b           0 b     189.06 Mb           0 b             4            --  
                                            aten::relu_         0.00%     417.000us         0.01%       1.262ms      45.071us       0.000us         0.00%       4.048ms     144.571us           0 b           0 b           0 b           0 b            28            --  
                 aten::max_pool2d_with_indices_backward         0.00%     393.000us         0.01%       1.223ms     101.917us       7.824ms         0.07%       9.989ms     832.417us           0 b           0 b     368.03 Mb     290.78 Mb            12            --  
                                    aten::empty_strided         0.01%       1.215ms         0.01%       1.215ms      13.207us       0.000us         0.00%       0.000us       0.000us     147.00 Mb     147.00 Mb       1.58 Gb       1.58 Gb            92            --  
                                     aten::view_as_real         0.00%       1.133ms         0.00%       1.133ms       5.901us       0.000us         0.00%       0.000us       0.000us           0 b           0 b           0 b           0 b           192            --  
                               aten::threshold_backward         0.00%     629.000us         0.00%       1.075ms      38.393us       5.949ms         0.05%       5.949ms     212.464us           0 b           0 b     482.97 Mb     482.97 Mb            28            --  
                                aten::cudnn_convolution         0.00%     495.000us         0.00%     848.000us     212.000us       5.044ms         0.04%       5.044ms       1.261ms           0 b           0 b     189.06 Mb     188.99 Mb             4            --  
                                       aten::clamp_min_         0.00%     385.000us         0.00%     845.000us      30.179us       4.048ms         0.03%       4.048ms     144.571us           0 b           0 b           0 b           0 b            28            --  
                                          aten::reshape         0.00%     567.000us         0.00%     832.000us       5.474us       0.000us         0.00%       0.000us       0.000us           0 b           0 b           0 b           0 b           152            --  
                                                aten::t         0.00%     399.000us         0.00%     806.000us      13.433us       0.000us         0.00%       0.000us       0.000us           0 b           0 b           0 b           0 b            60            --  
                                          aten::dropout         0.00%      44.000us         0.00%     699.000us      87.375us       0.000us         0.00%     126.000us      15.750us           0 b           0 b      16.25 Mb           0 b             8            --  
                                       aten::max_pool2d         0.00%      67.000us         0.00%     686.000us      57.167us       0.000us         0.00%       3.216ms     268.000us           0 b           0 b     258.75 Mb           0 b            12            --  
                                   aten::native_dropout         0.00%     217.000us         0.00%     655.000us      81.875us     126.000us         0.00%     126.000us      15.750us           0 b           0 b      16.25 Mb           0 b             8            --  
                          aten::max_pool2d_with_indices         0.00%     428.000us         0.00%     619.000us      51.583us       3.216ms         0.03%       3.216ms     268.000us           0 b           0 b     258.75 Mb     258.75 Mb            12            --  
                                        aten::unsqueeze         0.00%     475.000us         0.00%     598.000us       7.475us       0.000us         0.00%       0.000us       0.000us           0 b           0 b           0 b           0 b            80            --  
                                          aten::permute         0.00%     429.000us         0.00%     581.000us       4.539us       0.000us         0.00%       0.000us       0.000us           0 b           0 b           0 b           0 b           128            --  
autograd::engine::evaluate_function: NativeDropoutBa...         0.00%      87.000us         0.00%     578.000us      72.250us       0.000us         0.00%     131.000us      16.375us           0 b           0 b      -3.25 Mb     -16.25 Mb             8            --  
autograd::engine::evaluate_function: AdaptiveAvgPool...         0.00%      57.000us         0.00%     513.000us     128.250us       0.000us         0.00%     932.000us     233.000us           0 b           0 b      -9.00 Mb     -18.00 Mb             4            --  
                                          aten::resize_         0.00%     500.000us         0.00%     500.000us       3.788us       0.000us         0.00%       0.000us       0.000us           0 b           0 b       9.00 Mb       9.00 Mb           132            --  
                                 NativeDropoutBackward0         0.00%      62.000us         0.00%     491.000us      61.375us       0.000us         0.00%     131.000us      16.375us           0 b           0 b      13.00 Mb           0 b             8            --  
                                            aten::_conj         0.00%     406.000us         0.00%     479.000us       4.990us       0.000us         0.00%       0.000us       0.000us           0 b           0 b           0 b           0 b            96            --  
                                            aten::zero_         0.00%     104.000us         0.00%     468.000us      19.500us       0.000us         0.00%       1.482ms      61.750us           0 b           0 b           0 b           0 b            24            --  
                             AdaptiveAvgPool2DBackward0         0.00%      26.000us         0.00%     456.000us     114.000us       0.000us         0.00%     932.000us     233.000us           0 b           0 b       9.00 Mb           0 b             4            --  
                    aten::_adaptive_avg_pool2d_backward         0.00%     114.000us         0.00%     430.000us     107.500us     894.000us         0.01%     932.000us     233.000us           0 b           0 b       9.00 Mb           0 b             4            --  
                          aten::native_dropout_backward         0.00%     171.000us         0.00%     429.000us      53.625us     131.000us         0.00%     131.000us      16.375us           0 b           0 b      13.00 Mb           0 b             8            --  
                                        aten::transpose         0.00%     264.000us         0.00%     407.000us       6.783us       0.000us         0.00%       0.000us       0.000us           0 b           0 b           0 b           0 b            60            --  
                                        cudaMemsetAsync         0.00%     374.000us         0.00%     374.000us      15.583us       0.000us         0.00%       0.000us       0.000us           0 b           0 b           0 b           0 b            24            --  
                                       aten::contiguous         0.00%      22.000us         0.00%     361.000us      45.125us       0.000us         0.00%     721.000us      90.125us           0 b           0 b      77.25 Mb           0 b             8            --  
                                  cudaStreamSynchronize         0.00%     346.000us         0.00%     346.000us      28.833us       0.000us         0.00%       0.000us       0.000us           0 b           0 b           0 b           0 b            12            --  
                                   aten::_reshape_alias         0.00%     289.000us         0.00%     289.000us       1.853us       0.000us         0.00%       0.000us       0.000us           0 b           0 b           0 b           0 b           156            --  
                              aten::adaptive_avg_pool2d         0.00%      21.000us         0.00%     260.000us      65.000us       0.000us         0.00%     971.000us     242.750us           0 b           0 b       9.00 Mb           0 b             4            --  
        autograd::engine::evaluate_function: TBackward0         0.00%     101.000us         0.00%     248.000us      20.667us       0.000us         0.00%       0.000us       0.000us           0 b           0 b           0 b           0 b            12            --  
                                       aten::zeros_like         0.00%      30.000us         0.00%     242.000us      60.500us       0.000us         0.00%      38.000us       9.500us           0 b           0 b       9.00 Mb           0 b             4            --  
                             aten::_adaptive_avg_pool2d         0.00%      93.000us         0.00%     239.000us      59.750us     971.000us         0.01%     971.000us     242.750us           0 b           0 b       9.00 Mb           0 b             4            --  
                                        aten::_neg_view         0.00%     192.000us         0.00%     215.000us       6.719us       0.000us         0.00%       0.000us       0.000us           0 b           0 b           0 b           0 b            32            --  
                                            aten::zeros         0.00%     111.000us         0.00%     212.000us      26.500us       0.000us         0.00%       0.000us       0.000us          32 b           0 b           0 b           0 b             8            --  
                                 cudaFuncSetCacheConfig         0.00%     192.000us         0.00%     192.000us       0.800us       0.000us         0.00%       0.000us       0.000us           0 b           0 b           0 b           0 b           240            --  
                                      aten::as_strided_         0.00%     149.000us         0.00%     149.000us       1.164us       0.000us         0.00%       0.000us       0.000us           0 b           0 b           0 b           0 b           128            --  
                                             TBackward0         0.00%      39.000us         0.00%     147.000us      12.250us       0.000us         0.00%       0.000us       0.000us           0 b           0 b           0 b           0 b            12            --  
                                         cudaEventQuery         0.00%     126.000us         0.00%     126.000us       7.875us       0.000us         0.00%       0.000us       0.000us           0 b           0 b           0 b           0 b            16            --  
autograd::engine::evaluate_function: ReshapeAliasBac...         0.00%      32.000us         0.00%      99.000us      24.750us       0.000us         0.00%       0.000us       0.000us           0 b           0 b           0 b           0 b             4            --  
                                            aten::alias         0.00%      96.000us         0.00%      96.000us       0.750us       0.000us         0.00%       0.000us       0.000us           0 b           0 b           0 b           0 b           128            --  
                                           aten::detach         0.00%      27.000us         0.00%      84.000us      21.000us       0.000us         0.00%       0.000us       0.000us           0 b           0 b           0 b           0 b             4            --  
                                        cudaBindTexture         0.00%      78.000us         0.00%      78.000us       9.750us       0.000us         0.00%       0.000us       0.000us           0 b           0 b           0 b           0 b             8            --  
                                  ReshapeAliasBackward0         0.00%      19.000us         0.00%      67.000us      16.750us       0.000us         0.00%       0.000us       0.000us           0 b           0 b           0 b           0 b             4            --  
-------------------------------------------------------  ------------  ------------  ------------  ------------  ------------  ------------  ------------  ------------  ------------  ------------  ------------  ------------  ------------  ------------  ------------  
Self CPU time total: 23.686s
Self CUDA time total: 11.672s
[0m
[0m-----------------------------------------------------------------------------------------------------------------------------[0m
[0mShowing AlexNet_CIFAR100_Conv2dRFFTPhasorFunction_date-20240212-071549.pt[0m
[0m-------------------------------------------------------  ------------  ------------  ------------  ------------  ------------  ------------  ------------  ------------  ------------  ------------  ------------  ------------  ------------  ------------  ------------  
                                                   Name    Self CPU %      Self CPU   CPU total %     CPU total  CPU time avg     Self CUDA   Self CUDA %    CUDA total  CUDA time avg       CPU Mem  Self CPU Mem      CUDA Mem  Self CUDA Mem    # of Calls  Total MFLOPs  
-------------------------------------------------------  ------------  ------------  ------------  ------------  ------------  ------------  ------------  ------------  ------------  ------------  ------------  ------------  ------------  ------------  ------------  
                                          ProfilerStep*         0.00%     224.000us        52.10%        9.190s        2.297s       0.000us         0.00%        2.272s     568.043ms      36.77 Mb      -1.05 Kb           0 b           0 b             4            --  
                                            aten::copy_         0.04%       6.422ms        47.72%        8.417s      20.834ms     261.672ms         3.04%     261.672ms     647.703us           0 b           0 b           0 b           0 b           404            --  
                                               aten::to         0.00%     323.000us        47.66%        8.406s     700.499ms       0.000us         0.00%     163.386ms      13.616ms     147.00 Mb           0 b     147.10 Mb           0 b            12            --  
                                         aten::_to_copy         0.00%     684.000us        47.66%        8.406s     700.472ms       0.000us         0.00%     163.386ms      13.616ms     147.00 Mb           0 b     147.10 Mb           0 b            12            --  
                                        cudaMemcpyAsync        47.66%        8.406s        47.66%        8.406s     140.092ms       0.000us         0.00%       0.000us       0.000us           0 b           0 b           0 b           0 b            60            --  
autograd::engine::evaluate_function: ToCopyBackward0...         0.00%     213.000us        47.37%        8.354s        2.089s       0.000us         0.00%     115.236ms      28.809ms     147.00 Mb           0 b    -147.00 Mb    -147.00 Mb             4            --  
                                        ToCopyBackward0         0.00%      47.000us        47.37%        8.354s        2.088s       0.000us         0.00%     115.236ms      28.809ms     147.00 Mb           0 b           0 b           0 b             4            --  
                        Conv2dRFFTPhasorFunction Step#9        12.08%        2.131s        13.11%        2.311s        2.311s       0.000us         0.00%     574.547ms     574.547ms          -4 b     -36.77 Mb           0 b    -229.92 Mb             1            --  
                        Conv2dRFFTPhasorFunction Step#8        12.10%        2.134s        13.04%        2.300s        2.300s       0.000us         0.00%     566.872ms     566.872ms      36.77 Mb          -4 b           0 b    -230.25 Mb             1            --  
                       Conv2dRFFTPhasorFunction Step#10        12.09%        2.133s        12.98%        2.290s        2.290s       0.000us         0.00%     565.339ms     565.339ms          -4 b     -36.77 Mb           0 b    -230.25 Mb             1            --  
                       Conv2dRFFTPhasorFunction Step#11        12.09%        2.133s        12.97%        2.288s        2.288s       0.000us         0.00%     565.416ms     565.416ms          -4 b     -36.77 Mb           0 b    -229.92 Mb             1            --  
                                            aten::randn         0.00%     211.000us         3.18%     559.988ms      69.999ms       0.000us         0.00%       0.000us       0.000us     147.10 Mb           0 b           0 b           0 b             8            --  
                                          aten::normal_         3.17%     559.375ms         3.17%     559.375ms      69.922ms       0.000us         0.00%       0.000us       0.000us           0 b           0 b           0 b           0 b             8            --  
autograd::engine::evaluate_function: Conv2dRFFTPhaso...         0.00%     619.000us         0.42%      74.673ms       4.667ms       0.000us         0.00%        4.187s     261.708ms           0 b           0 b     884.58 Mb    -364.38 Mb            16            --  
                       Conv2dRFFTPhasorFunctionBackward         0.06%      10.228ms         0.42%      74.054ms       4.628ms       0.000us         0.00%        4.187s     261.708ms           0 b           0 b       1.22 Gb    -533.25 Gb            16            --  
                               Conv2dRFFTPhasorFunction         0.03%       5.388ms         0.22%      38.802ms       2.425ms       0.000us         0.00%        2.197s     137.285ms           0 b           0 b     285.19 Mb    -267.58 Gb            16            --  
                                       cudaLaunchKernel         0.18%      32.494ms         0.18%      32.494ms      14.277us       0.000us         0.00%       0.000us       0.000us           0 b           0 b           0 b           0 b          2276            --  
                                              aten::abs         0.03%       5.185ms         0.14%      24.948ms     129.938us       0.000us         0.00%      56.952ms     296.625us           0 b           0 b       1.68 Gb      -4.76 Gb           192            --  
                                        aten::fft_rfftn         0.01%     951.000us         0.13%      22.168ms     277.100us       0.000us         0.00%     125.257ms       1.566ms           0 b           0 b       2.95 Gb      -2.24 Gb            80            --  
                                            aten::angle         0.03%       4.857ms         0.12%      21.436ms     111.646us       0.000us         0.00%      56.932ms     296.521us           0 b           0 b       3.35 Gb      -4.76 Gb           192            --  
                                       aten::fft_irfftn         0.00%     370.000us         0.11%      19.027ms     396.396us       0.000us         0.00%     256.491ms       5.344ms           0 b           0 b       1.59 Gb           0 b            48            --  
                                         aten::_fft_c2r         0.03%       4.628ms         0.11%      18.657ms     388.688us     228.610ms         2.66%     256.491ms       5.344ms           0 b           0 b       1.59 Gb      -9.73 Gb            48            --  
                                         aten::_fft_r2c         0.04%       6.176ms         0.08%      14.435ms     180.438us     108.017ms         1.25%     108.017ms       1.350ms           0 b           0 b       2.86 Gb      -5.83 Gb            80            --  
                                  aten::constant_pad_nd         0.01%       2.123ms         0.06%      11.460ms     143.250us       0.000us         0.00%      24.325ms     304.062us           0 b           0 b       2.81 Gb           0 b            80            --  
                                              aten::mul         0.03%       5.745ms         0.06%      10.972ms      57.146us        4.295s        49.88%        4.295s      22.368ms          -8 b          -8 b     495.00 Gb     495.00 Gb           192     53269.496  
                                              aten::sum         0.02%       4.087ms         0.04%       6.789ms      84.862us     865.452ms        10.05%     865.452ms      10.818ms           0 b           0 b       1.67 Gb       1.67 Gb            80            --  
                                            aten::empty         0.04%       6.780ms         0.04%       6.780ms       9.212us       0.000us         0.00%       0.000us       0.000us     147.10 Mb     147.10 Mb      22.92 Gb      22.92 Gb           736            --  
                                            aten::clone         0.00%     742.000us         0.04%       6.353ms      52.942us       0.000us         0.00%      41.480ms     345.667us           0 b           0 b       4.58 Gb           0 b           120            --  
    autograd::engine::evaluate_function: AddmmBackward0         0.00%     804.000us         0.04%       6.222ms     518.500us       0.000us         0.00%       9.451ms     787.583us           0 b           0 b     835.44 Mb     -21.00 Mb            12            --  
                                              aten::pad         0.00%     241.000us         0.03%       4.919ms     153.719us       0.000us         0.00%       7.085ms     221.406us           0 b           0 b     492.19 Mb           0 b            32            --  
                                         AddmmBackward0         0.00%     660.000us         0.02%       4.274ms     356.167us       0.000us         0.00%       9.315ms     776.250us           0 b           0 b     856.31 Mb           0 b            12            --  
                                              aten::exp         0.02%       3.971ms         0.02%       3.971ms      82.729us       0.000us         0.00%       0.000us       0.000us           0 b           0 b     198.00 Gb     198.00 Gb            48            --  
autograd::engine::evaluate_function: torch::autograd...         0.00%     631.000us         0.02%       3.876ms      57.000us       0.000us         0.00%      11.795ms     173.456us           0 b           0 b      -1.80 Gb           0 b            68            --  
                                       aten::empty_like         0.00%     848.000us         0.02%       3.696ms      20.533us       0.000us         0.00%       0.000us       0.000us           0 b           0 b       3.46 Gb           0 b           180            --  
                                             aten::real         0.01%       1.306ms         0.02%       3.485ms      18.151us       0.000us         0.00%       0.000us       0.000us           0 b           0 b           0 b           0 b           192            --  
                                    aten::empty_strided         0.02%       3.445ms         0.02%       3.445ms      18.324us       0.000us         0.00%       0.000us       0.000us     147.00 Mb     147.00 Mb       4.67 Gb       4.67 Gb           188            --  
                        torch::autograd::AccumulateGrad         0.00%     854.000us         0.02%       3.245ms      47.721us       0.000us         0.00%      11.795ms     173.456us           0 b           0 b      -1.80 Gb      -1.80 Gb            68            --  
                                            aten::fill_         0.01%       1.325ms         0.02%       3.219ms      33.531us      12.684ms         0.15%      12.684ms     132.125us           0 b           0 b           0 b           0 b            96            --  
                                               aten::mm         0.01%       1.313ms         0.02%       2.925ms     121.875us       9.315ms         0.11%       9.315ms     388.125us           0 b           0 b     856.31 Mb     856.31 Mb            24     56254.005  
                                              aten::add         0.01%       1.677ms         0.02%       2.846ms      44.469us     779.619ms         9.05%     779.619ms      12.182ms           0 b           0 b      99.28 Gb      99.28 Gb            64       193.872  
                                          aten::resize_         0.01%       2.622ms         0.01%       2.622ms       6.243us       0.000us         0.00%       0.000us       0.000us           0 b           0 b       8.36 Gb       8.36 Gb           420            --  
     autograd::engine::evaluate_function: ReluBackward0         0.00%     474.000us         0.01%       2.612ms      93.286us       0.000us         0.00%       5.951ms     212.536us           0 b           0 b    -525.62 Mb   -1007.25 Mb            28            --  
                                             aten::add_         0.01%       1.247ms         0.01%       2.577ms      37.897us      13.415ms         0.16%      13.415ms     197.279us           0 b           0 b           0 b           0 b            68            --  
                                            aten::slice         0.01%       1.799ms         0.01%       2.501ms       6.253us       0.000us         0.00%       0.000us       0.000us           0 b           0 b           0 b           0 b           400            --  
                                             aten::mul_         0.00%     743.000us         0.01%       2.468ms      51.417us       0.000us         0.00%      13.635ms     284.062us           0 b           8 b           0 b           0 b            48            --  
autograd::engine::evaluate_function: MaxPool2DWithIn...         0.00%     319.000us         0.01%       2.140ms     178.333us       0.000us         0.00%       9.985ms     832.083us           0 b           0 b      82.62 Mb    -288.31 Mb            12            --  
                                          ReluBackward0         0.00%     388.000us         0.01%       2.138ms      76.357us       0.000us         0.00%       5.951ms     212.536us           0 b           0 b     481.62 Mb           0 b            28            --  
autograd::engine::evaluate_function: ConvolutionBack...         0.00%      63.000us         0.01%       2.138ms     534.500us       0.000us         0.00%      27.808ms       6.952ms           0 b           0 b     -41.71 Mb    -189.06 Mb             4            --  
                                   ConvolutionBackward0         0.00%      81.000us         0.01%       2.075ms     518.750us       0.000us         0.00%      27.808ms       6.952ms           0 b           0 b     147.36 Mb           0 b             4            --  
                                           aten::linear         0.00%     208.000us         0.01%       2.071ms     172.583us       0.000us         0.00%      12.418ms       1.035ms           0 b           0 b       8.10 Mb           0 b            12            --  
                             aten::convolution_backward         0.00%     788.000us         0.01%       1.994ms     498.500us      26.707ms         0.31%      27.808ms       6.952ms           0 b           0 b     147.36 Mb     146.84 Mb             4            --  
                                           aten::narrow         0.00%     747.000us         0.01%       1.990ms       8.884us       0.000us         0.00%       0.000us       0.000us           0 b           0 b           0 b           0 b           224            --  
                          MaxPool2DWithIndicesBackward0         0.00%     170.000us         0.01%       1.821ms     151.750us       0.000us         0.00%       9.985ms     832.083us           0 b           0 b     370.94 Mb           0 b            12            --  
                                           aten::conv2d         0.00%      76.000us         0.01%       1.802ms     450.500us       0.000us         0.00%       6.672ms       1.668ms           0 b           0 b     192.00 Mb           0 b             4     35981.722  
                                       aten::as_strided         0.01%       1.752ms         0.01%       1.752ms       1.864us       0.000us         0.00%       0.000us       0.000us           0 b           0 b           0 b           0 b           940            --  
                               aten::threshold_backward         0.01%       1.045ms         0.01%       1.750ms      62.500us       5.951ms         0.07%       5.951ms     212.536us           0 b           0 b     481.62 Mb     481.62 Mb            28            --  
                                      aten::convolution         0.00%     156.000us         0.01%       1.726ms     431.500us       0.000us         0.00%       6.672ms       1.668ms           0 b           0 b     192.00 Mb           0 b             4            --  
                 aten::max_pool2d_with_indices_backward         0.00%     578.000us         0.01%       1.651ms     137.583us       7.824ms         0.09%       9.985ms     832.083us           0 b           0 b     370.94 Mb     291.12 Mb            12            --  
                                            aten::relu_         0.00%     622.000us         0.01%       1.634ms      58.357us       0.000us         0.00%       4.052ms     144.714us           0 b           0 b           0 b           0 b            28            --  
                                            aten::addmm         0.01%     941.000us         0.01%       1.631ms     135.917us      12.418ms         0.14%      12.418ms       1.035ms           0 b           0 b       8.10 Mb       8.10 Mb            12     28127.003  
                                     aten::_convolution         0.00%     158.000us         0.01%       1.570ms     392.500us       0.000us         0.00%       6.672ms       1.668ms           0 b           0 b     192.00 Mb           0 b             4            --  
                                           aten::select         0.01%     923.000us         0.01%       1.265ms       6.589us       0.000us         0.00%       0.000us       0.000us           0 b           0 b           0 b           0 b           192            --  
                                          aten::reshape         0.00%     792.000us         0.01%       1.101ms       7.243us       0.000us         0.00%       0.000us       0.000us           0 b           0 b           0 b           0 b           152            --  
                                                aten::t         0.00%     503.000us         0.01%       1.085ms      18.083us       0.000us         0.00%       0.000us       0.000us           0 b           0 b           0 b           0 b            60            --  
                                aten::cudnn_convolution         0.00%     632.000us         0.01%       1.082ms     270.500us       5.052ms         0.06%       5.052ms       1.263ms           0 b           0 b     192.00 Mb     191.93 Mb             4            --  
                                       aten::clamp_min_         0.00%     509.000us         0.01%       1.012ms      36.143us       4.052ms         0.05%       4.052ms     144.714us           0 b           0 b           0 b           0 b            28            --  
                                     aten::view_as_real         0.01%     914.000us         0.01%     914.000us       4.760us       0.000us         0.00%       0.000us       0.000us           0 b           0 b           0 b           0 b           192            --  
                                       aten::max_pool2d         0.00%      85.000us         0.00%     880.000us      73.333us       0.000us         0.00%       3.234ms     269.500us           0 b           0 b     262.72 Mb           0 b            12            --  
                                        aten::unsqueeze         0.00%     687.000us         0.00%     859.000us      10.738us       0.000us         0.00%       0.000us       0.000us           0 b           0 b           0 b           0 b            80            --  
                          aten::max_pool2d_with_indices         0.00%     547.000us         0.00%     795.000us      66.250us       3.234ms         0.04%       3.234ms     269.500us           0 b           0 b     262.72 Mb     262.72 Mb            12            --  
autograd::engine::evaluate_function: NativeDropoutBa...         0.00%     116.000us         0.00%     751.000us      93.875us       0.000us         0.00%     133.000us      16.625us           0 b           0 b      -3.25 Mb     -16.25 Mb             8            --  
                                          aten::dropout         0.00%      48.000us         0.00%     725.000us      90.625us       0.000us         0.00%     126.000us      15.750us           0 b           0 b      16.25 Mb           0 b             8            --  
                                          aten::permute         0.00%     516.000us         0.00%     714.000us       5.578us       0.000us         0.00%       0.000us       0.000us           0 b           0 b           0 b           0 b           128            --  
                                        cudaMemsetAsync         0.00%     687.000us         0.00%     687.000us      28.625us       0.000us         0.00%       0.000us       0.000us           0 b           0 b           0 b           0 b            24            --  
                                   aten::native_dropout         0.00%     251.000us         0.00%     677.000us      84.625us     126.000us         0.00%     126.000us      15.750us           0 b           0 b      16.25 Mb           0 b             8            --  
                                 NativeDropoutBackward0         0.00%      78.000us         0.00%     635.000us      79.375us       0.000us         0.00%     133.000us      16.625us           0 b           0 b      13.00 Mb           0 b             8            --  
autograd::engine::evaluate_function: AdaptiveAvgPool...         0.00%      74.000us         0.00%     628.000us     157.000us       0.000us         0.00%     934.000us     233.500us           0 b           0 b      -9.78 Mb     -18.78 Mb             4            --  
                                            aten::zero_         0.00%     140.000us         0.00%     610.000us      25.417us       0.000us         0.00%       1.480ms      61.667us           0 b           0 b           0 b           0 b            24            --  
                                        aten::transpose         0.00%     373.000us         0.00%     582.000us       9.700us       0.000us         0.00%       0.000us       0.000us           0 b           0 b           0 b           0 b            60            --  
                          aten::native_dropout_backward         0.00%     211.000us         0.00%     557.000us      69.625us     133.000us         0.00%     133.000us      16.625us           0 b           0 b      13.00 Mb           0 b             8            --  
                             AdaptiveAvgPool2DBackward0         0.00%      35.000us         0.00%     554.000us     138.500us       0.000us         0.00%     934.000us     233.500us           0 b           0 b       9.00 Mb           0 b             4            --  
                    aten::_adaptive_avg_pool2d_backward         0.00%      99.000us         0.00%     519.000us     129.750us     895.000us         0.01%     934.000us     233.500us           0 b           0 b       9.00 Mb           0 b             4            --  
                                       aten::contiguous         0.00%      29.000us         0.00%     422.000us      52.750us       0.000us         0.00%     720.000us      90.000us           0 b           0 b      79.81 Mb           0 b             8            --  
        autograd::engine::evaluate_function: TBackward0         0.00%     146.000us         0.00%     369.000us      30.750us       0.000us         0.00%       0.000us       0.000us           0 b           0 b           0 b           0 b            12            --  
                                  cudaStreamSynchronize         0.00%     342.000us         0.00%     342.000us      28.500us       0.000us         0.00%       0.000us       0.000us           0 b           0 b           0 b           0 b            12            --  
                                   aten::_reshape_alias         0.00%     339.000us         0.00%     339.000us       2.173us       0.000us         0.00%       0.000us       0.000us           0 b           0 b           0 b           0 b           156            --  
                                       aten::zeros_like         0.00%      41.000us         0.00%     316.000us      79.000us       0.000us         0.00%      39.000us       9.750us           0 b           0 b       9.00 Mb           0 b             4            --  
                                            aten::_conj         0.00%     273.000us         0.00%     313.000us       9.781us       0.000us         0.00%       0.000us       0.000us           0 b           0 b           0 b           0 b            32            --  
                                 cudaFuncSetCacheConfig         0.00%     297.000us         0.00%     297.000us       1.238us       0.000us         0.00%       0.000us       0.000us           0 b           0 b           0 b           0 b           240            --  
                                         cudaEventQuery         0.00%     278.000us         0.00%     278.000us      17.375us       0.000us         0.00%       0.000us       0.000us           0 b           0 b           0 b           0 b            16            --  
                              aten::adaptive_avg_pool2d         0.00%      23.000us         0.00%     265.000us      66.250us       0.000us         0.00%     968.000us     242.000us           0 b           0 b       9.00 Mb           0 b             4            --  
                             aten::_adaptive_avg_pool2d         0.00%     105.000us         0.00%     242.000us      60.500us     968.000us         0.01%     968.000us     242.000us           0 b           0 b       9.00 Mb           0 b             4            --  
                                             TBackward0         0.00%      59.000us         0.00%     223.000us      18.583us       0.000us         0.00%       0.000us       0.000us           0 b           0 b           0 b           0 b            12            --  
                                      aten::as_strided_         0.00%     179.000us         0.00%     179.000us       1.398us       0.000us         0.00%       0.000us       0.000us           0 b           0 b           0 b           0 b           128            --  
                                            aten::zeros         0.00%      87.000us         0.00%     166.000us      20.750us       0.000us         0.00%       0.000us       0.000us          32 b           0 b           0 b           0 b             8            --  
autograd::engine::evaluate_function: ReshapeAliasBac...         0.00%      36.000us         0.00%     140.000us      35.000us       0.000us         0.00%       0.000us       0.000us           0 b           0 b           0 b           0 b             4            --  
                                        cudaBindTexture         0.00%     129.000us         0.00%     129.000us      16.125us       0.000us         0.00%       0.000us       0.000us           0 b           0 b           0 b           0 b             8            --  
                                  ReshapeAliasBackward0         0.00%      31.000us         0.00%     104.000us      26.000us       0.000us         0.00%       0.000us       0.000us           0 b           0 b           0 b           0 b             4            --  
                                             aten::view         0.00%      97.000us         0.00%      97.000us       8.083us       0.000us         0.00%       0.000us       0.000us           0 b           0 b           0 b           0 b            12            --  
                                           aten::detach         0.00%      28.000us         0.00%      86.000us      21.500us       0.000us         0.00%       0.000us       0.000us           0 b           0 b           0 b           0 b             4            --  
-------------------------------------------------------  ------------  ------------  ------------  ------------  ------------  ------------  ------------  ------------  ------------  ------------  ------------  ------------  ------------  ------------  ------------  
Self CPU time total: 17.637s
Self CUDA time total: 8.610s
[0m
