[0m-----------------------------------------------------------------------------------------------------------------------------[0m
[0mShowing InceptionV3_CIFAR100_Conv2dRFFTFunction_date-20240210-170631.pt[0m
[0m-------------------------------------------------------  ------------  ------------  ------------  ------------  ------------  ------------  ------------  ------------  ------------  ------------  ------------  ------------  ------------  ------------  ------------  
                                                   Name    Self CPU %      Self CPU   CPU total %     CPU total  CPU time avg     Self CUDA   Self CUDA %    CUDA total  CUDA time avg       CPU Mem  Self CPU Mem      CUDA Mem  Self CUDA Mem    # of Calls  Total MFLOPs  
-------------------------------------------------------  ------------  ------------  ------------  ------------  ------------  ------------  ------------  ------------  ------------  ------------  ------------  ------------  ------------  ------------  ------------  
                                          ProfilerStep*         0.00%     246.000us        53.49%       47.985s       11.996s       0.000us         0.00%       14.324s        3.581s      16.37 Mb        -808 b           0 b           0 b             4            --  
                                       cudaLaunchKernel        43.16%       38.717s        43.16%       38.717s       1.548ms       0.000us         0.00%       0.000us       0.000us           0 b           0 b           0 b           0 b         25016            --  
autograd::engine::evaluate_function: Conv2dRFFTFunct...         0.00%       3.734ms        30.76%       27.591s     125.414ms       0.000us         0.00%       33.171s     150.775ms           0 b           0 b      22.02 Gb      -2.98 Gb           220            --  
                             Conv2dRFFTFunctionBackward         0.06%      56.684ms        30.51%       27.372s     124.420ms       0.000us         0.00%       33.160s     150.726ms           0 b           0 b      24.18 Gb   -2029.19 Gb           220            --  
                                       aten::fft_irfftn         0.00%       2.166ms        14.78%       13.258s      19.848ms       0.000us         0.00%        7.492s      11.215ms           0 b           0 b      25.01 Gb           0 b           668            --  
                                         aten::_fft_c2r         0.04%      32.099ms        14.78%       13.256s      19.844ms        7.043s        14.72%        7.492s      11.215ms           0 b           0 b      25.01 Gb    -289.26 Gb           668            --  
                              Conv2dRFFTFunction Step#9        11.65%       10.448s        13.37%       11.997s       11.997s       0.000us         0.00%        3.581s        3.581s          -4 b      -8.19 Mb           0 b    -937.66 Mb             1            --  
                             Conv2dRFFTFunction Step#10        11.64%       10.445s        13.37%       11.996s       11.996s       0.000us         0.00%        3.581s        3.581s          -4 b      -8.19 Mb           0 b    -936.13 Mb             1            --  
                              Conv2dRFFTFunction Step#8        11.64%       10.445s        13.37%       11.996s       11.996s       0.000us         0.00%        3.581s        3.581s      16.37 Mb       8.18 Mb           0 b    -936.13 Mb             1            --  
                             Conv2dRFFTFunction Step#11        11.64%       10.446s        13.37%       11.995s       11.995s       0.000us         0.00%        3.581s        3.581s          -4 b      -8.19 Mb           0 b    -937.66 Mb             1            --  
                                            aten::copy_         0.02%      20.760ms        11.19%       10.038s       3.826ms     681.399ms         1.42%     681.399ms     259.679us           0 b           0 b           0 b           0 b          2624            --  
                                        cudaMemcpyAsync         9.20%        8.255s         9.20%        8.255s       7.968ms       0.000us         0.00%       0.000us       0.000us           0 b           0 b           0 b           0 b          1036            --  
                                              aten::mul         0.06%      49.393ms         7.82%        7.019s       1.741ms       20.545s        42.94%       20.878s       5.178ms        -872 b        -872 b    1779.22 Gb    1753.56 Gb          4032     81691.023  
                                        aten::fft_rfftn         0.01%       4.746ms         7.71%        6.918s       6.199ms       0.000us         0.00%        2.233s       2.001ms           0 b           0 b      53.35 Gb     -33.66 Gb          1116            --  
                                               aten::to         0.00%     135.000us         6.98%        6.265s     391.547ms       0.000us         0.00%      22.980ms       1.436ms      32.74 Mb           0 b      32.75 Mb           0 b            16            --  
                                         aten::_to_copy         0.00%     213.000us         6.98%        6.265s     522.051ms       0.000us         0.00%      22.980ms       1.915ms      32.74 Mb           0 b      32.75 Mb           0 b            12            --  
autograd::engine::evaluate_function: ToCopyBackward0...         0.00%     120.000us         6.98%        6.257s        1.564s       0.000us         0.00%      17.123ms       4.281ms      32.74 Mb           0 b     -32.74 Mb     -32.74 Mb             4            --  
                                        ToCopyBackward0         0.00%      38.000us         6.98%        6.257s        1.564s       0.000us         0.00%      17.123ms       4.281ms      32.74 Mb           0 b           0 b           0 b             4            --  
                                         aten::_fft_r2c         0.04%      37.838ms         5.99%        5.369s       4.811ms        1.985s         4.15%        1.985s       1.778ms           0 b           0 b      40.98 Gb    -114.49 Gb          1116            --  
                                     Conv2dRFFTFunction         0.04%      32.713ms         5.04%        4.518s      19.817ms       0.000us         0.00%       14.246s      62.482ms           0 b           0 b     857.74 Mb   -1019.35 Gb           228            --  
                                             aten::add_         0.01%      12.024ms         3.84%        3.446s       2.267ms      15.080ms         0.03%      15.080ms       9.921us         -24 b         -24 b      -1.00 Kb      -1.00 Kb          1520            --  
autograd::engine::evaluate_function: torch::autograd...         0.01%       5.385ms         3.39%        3.045s       2.671ms       0.000us         0.00%      14.322ms      12.563us           0 b           0 b     -22.89 Gb           0 b          1140            --  
                        torch::autograd::AccumulateGrad         0.01%       5.236ms         3.39%        3.039s       2.666ms       0.000us         0.00%      14.322ms      12.563us           0 b           0 b     -22.89 Gb     -22.89 Gb          1140            --  
                                            aten::clone         0.01%       6.977ms         3.25%        2.915s       1.472ms       0.000us         0.00%     593.133ms     299.562us           0 b           0 b      55.68 Gb           0 b          1980            --  
                                              aten::add         0.02%      14.383ms         2.95%        2.644s       1.767ms       10.397s        21.73%       10.397s       6.950ms           0 b           0 b     890.54 Gb     890.54 Gb          1496    159450.029  
autograd::engine::evaluate_function: ConvolutionBack...         0.00%       1.736ms         2.86%        2.569s      16.470ms       0.000us         0.00%     259.880ms       1.666ms           0 b           0 b      28.24 Mb    -476.38 Mb           156            --  
                                   ConvolutionBackward0         0.00%       1.062ms         2.86%        2.562s      16.421ms       0.000us         0.00%     259.178ms       1.661ms           0 b           0 b     449.56 Mb           0 b           156            --  
                             aten::convolution_backward         0.26%     237.164ms         2.85%        2.561s      16.414ms     259.178ms         0.54%     259.178ms       1.661ms           0 b           0 b     449.56 Mb     -34.81 Gb           156            --  
                                  aten::constant_pad_nd         0.01%       7.081ms         2.54%        2.283s       2.398ms       0.000us         0.00%     276.077ms     289.997us           0 b           0 b      48.91 Gb           0 b           952            --  
                                              aten::sum         0.01%      12.214ms         1.60%        1.438s       2.140ms        2.727s         5.70%        2.727s       4.057ms           0 b           0 b      27.07 Gb      27.07 Gb           672            --  
     autograd::engine::evaluate_function: ReluBackward0         0.00%       3.004ms         1.20%        1.081s       2.874ms       0.000us         0.00%      14.130ms      37.580us           0 b           0 b      -1.12 Gb      -2.22 Gb           376            --  
                                          ReluBackward0         0.00%       1.841ms         1.20%        1.078s       2.866ms       0.000us         0.00%      14.130ms      37.580us           0 b           0 b       1.10 Gb           0 b           376            --  
                               aten::threshold_backward         0.01%       5.245ms         1.20%        1.076s       2.861ms      14.130ms         0.03%      14.130ms      37.580us           0 b           0 b       1.10 Gb       1.10 Gb           376            --  
                                             aten::mul_         0.01%       4.760ms         1.14%        1.019s       1.526ms       0.000us         0.00%     215.943ms     323.268us           0 b         872 b           0 b           0 b           668            --  
                                              aten::sub         0.01%       6.760ms         1.12%        1.004s       1.503ms        3.881s         8.11%        3.881s       5.810ms           0 b           0 b     296.53 Gb     296.53 Gb           668            --  
autograd::engine::evaluate_function: CudnnBatchNormB...         0.01%       5.735ms         1.08%     969.549ms       2.579ms       0.000us         0.00%      23.823ms      63.359us           0 b           0 b      -1.10 Gb      -2.19 Gb           376            --  
                                CudnnBatchNormBackward0         0.00%       3.147ms         1.07%     963.814ms       2.563ms       0.000us         0.00%      23.823ms      63.359us           0 b           0 b       1.09 Gb           0 b           376            --  
                        aten::cudnn_batch_norm_backward         0.01%       9.387ms         1.07%     960.667ms       2.555ms      23.823ms         0.05%      23.823ms      63.359us           0 b           0 b       1.09 Gb           0 b           376            --  
                                            aten::fill_         0.00%       4.405ms         0.93%     838.082ms       1.293ms     192.060ms         0.40%     192.060ms     296.389us           0 b           0 b           0 b           0 b           648            --  
                                              aten::pad         0.00%       1.160ms         0.82%     739.627ms       1.651ms       0.000us         0.00%      27.985ms      62.467us           0 b           0 b       2.88 Gb           0 b           448            --  
                                           aten::conv2d         0.00%     541.000us         0.55%     492.020ms       3.154ms       0.000us         0.00%      30.242ms     193.859us           0 b           0 b     293.21 Mb           0 b           156    134747.855  
                                      aten::convolution         0.00%       1.273ms         0.55%     491.479ms       3.151ms       0.000us         0.00%      30.242ms     193.859us           0 b           0 b     293.21 Mb           0 b           156            --  
                                     aten::_convolution         0.00%     814.000us         0.55%     490.206ms       3.142ms       0.000us         0.00%      30.242ms     193.859us           0 b           0 b     293.21 Mb           0 b           156            --  
                                aten::cudnn_convolution         0.17%     154.443ms         0.55%     489.392ms       3.137ms      30.242ms         0.06%      30.242ms     193.859us           0 b           0 b     293.21 Mb    -569.36 Mb           156            --  
                                       aten::batch_norm         0.00%     786.000us         0.35%     312.526ms     813.870us       0.000us         0.00%      19.818ms      51.609us           0 b           0 b       1.59 Gb           0 b           384            --  
                           aten::_batch_norm_impl_index         0.00%       1.315ms         0.35%     311.740ms     811.823us       0.000us         0.00%      19.818ms      51.609us           0 b           0 b       1.59 Gb           0 b           384            --  
                                 aten::cudnn_batch_norm         0.01%      12.305ms         0.34%     303.487ms     790.331us      15.268ms         0.03%      15.268ms      39.760us           0 b           0 b       1.09 Gb           0 b           384            --  
                                            aten::relu_         0.00%       3.000ms         0.33%     296.508ms     772.156us       0.000us         0.00%       6.419ms      16.716us           0 b           0 b           0 b           0 b           384            --  
                                       aten::clamp_min_         0.00%       2.879ms         0.33%     293.508ms     764.344us       6.419ms         0.01%       6.419ms      16.716us           0 b           0 b           0 b           0 b           384            --  
                                       aten::avg_pool2d         0.00%     561.000us         0.08%      72.731ms       1.818ms       8.026ms         0.02%       8.026ms     200.650us           0 b           0 b     246.78 Mb     246.78 Mb            40            --  
                                            aten::randn         0.00%      76.000us         0.06%      52.755ms       6.594ms       0.000us         0.00%       0.000us       0.000us      32.75 Mb           0 b           0 b           0 b             8            --  
                                          aten::normal_         0.06%      52.347ms         0.06%      52.347ms       6.543ms       0.000us         0.00%       0.000us       0.000us           0 b           0 b           0 b           0 b             8            --  
autograd::engine::evaluate_function: MaxPool2DWithIn...         0.00%     155.000us         0.06%      50.720ms       3.170ms       0.000us         0.00%       9.186ms     574.125us           0 b           0 b     112.39 Mb    -244.74 Mb            16            --  
                          MaxPool2DWithIndicesBackward0         0.00%     131.000us         0.06%      50.565ms       3.160ms       0.000us         0.00%       9.186ms     574.125us           0 b           0 b     357.13 Mb           0 b            16            --  
                 aten::max_pool2d_with_indices_backward         0.00%     301.000us         0.06%      50.434ms       3.152ms       7.649ms         0.02%       9.186ms     574.125us           0 b           0 b     357.13 Mb     340.97 Mb            16            --  
                                            aten::empty         0.05%      42.557ms         0.05%      42.557ms       4.720us       0.000us         0.00%       0.000us       0.000us      32.75 Mb      32.75 Mb     556.11 Gb     556.11 Gb          9016            --  
autograd::engine::evaluate_function: AvgPool2DBackwa...         0.00%     267.000us         0.04%      37.825ms       1.051ms       0.000us         0.00%      13.319ms     369.972us           0 b           0 b       1.65 Mb    -245.83 Mb            36            --  
                                     AvgPool2DBackward0         0.00%     238.000us         0.04%      37.558ms       1.043ms       0.000us         0.00%      13.319ms     369.972us           0 b           0 b     247.48 Mb           0 b            36            --  
                              aten::avg_pool2d_backward         0.00%     453.000us         0.04%      37.320ms       1.037ms      13.319ms         0.03%      13.319ms     369.972us           0 b           0 b     247.48 Mb     247.48 Mb            36            --  
     autograd::engine::evaluate_function: MeanBackward1         0.00%      27.000us         0.04%      35.198ms       8.800ms       0.000us         0.00%      70.000us      17.500us           0 b           0 b      15.75 Mb    -256.00 Kb             4            --  
                                          MeanBackward1         0.00%      47.000us         0.04%      35.171ms       8.793ms       0.000us         0.00%      70.000us      17.500us           0 b           0 b      16.00 Mb           0 b             4            --  
                                              aten::div         0.00%     102.000us         0.04%      35.092ms       8.773ms      70.000us         0.00%      70.000us      17.500us           0 b           0 b      16.00 Mb      16.00 Mb             4            --  
                                            aten::zero_         0.00%     102.000us         0.03%      28.649ms     596.854us       0.000us         0.00%       2.171ms      45.229us           0 b           0 b           0 b           0 b            48            --  
autograd::engine::evaluate_function: NativeDropoutBa...         0.00%      39.000us         0.03%      28.647ms       7.162ms       0.000us         0.00%       8.000us       2.000us           0 b           0 b     -64.00 Kb    -320.00 Kb             4            --  
                                 NativeDropoutBackward0         0.00%      29.000us         0.03%      28.608ms       7.152ms       0.000us         0.00%       8.000us       2.000us           0 b           0 b     256.00 Kb           0 b             4            --  
                          aten::native_dropout_backward         0.00%      65.000us         0.03%      28.579ms       7.145ms       8.000us         0.00%       8.000us       2.000us           0 b           0 b     256.00 Kb           0 b             4            --  
    autograd::engine::evaluate_function: SliceBackward0         0.00%     129.000us         0.03%      28.387ms       2.366ms       0.000us         0.00%       2.109ms     175.750us           0 b           0 b     -69.09 Mb    -232.79 Mb            12            --  
                                         SliceBackward0         0.00%      58.000us         0.02%      16.875ms       1.406ms       0.000us         0.00%       1.258ms     104.833us           0 b           0 b      98.22 Mb           0 b            12            --  
                                   aten::slice_backward         0.00%      60.000us         0.02%      16.817ms       1.401ms       0.000us         0.00%       1.258ms     104.833us           0 b           0 b      98.22 Mb           0 b            12            --  
    autograd::engine::evaluate_function: AddmmBackward0         0.00%     215.000us         0.02%      16.283ms       4.071ms       0.000us         0.00%     121.000us      30.250us           0 b           0 b       3.13 Mb    -256.00 Kb             4            --  
                                       aten::empty_like         0.01%       5.046ms         0.02%      15.782ms       7.767us       0.000us         0.00%       0.000us       0.000us           0 b           0 b      54.31 Gb           0 b          2032            --  
                                             aten::real         0.00%       4.102ms         0.02%      15.475ms      11.583us       0.000us         0.00%       0.000us       0.000us           0 b           0 b           0 b           0 b          1336            --  
                                              aten::cat         0.00%       1.091ms         0.02%      15.258ms     238.406us       3.275ms         0.01%       3.275ms      51.172us           0 b           0 b     359.47 Mb     359.47 Mb            64            --  
                                             aten::imag         0.00%       3.943ms         0.02%      14.053ms      10.519us       0.000us         0.00%       0.000us       0.000us           0 b           0 b           0 b           0 b          1336            --  
                                           aten::linear         0.00%      90.000us         0.01%      13.424ms       1.678ms       0.000us         0.00%     318.000us      39.750us           0 b           0 b     140.00 Kb           0 b             8            --  
                                            aten::addmm         0.00%     336.000us         0.01%      13.256ms       1.657ms     318.000us         0.00%     318.000us      39.750us           0 b           0 b     140.00 Kb     140.00 Kb             8        62.259  
                                           aten::select         0.01%       8.597ms         0.01%      10.518ms       3.901us       0.000us         0.00%       0.000us       0.000us           0 b           0 b           0 b           0 b          2696            --  
                                         AddmmBackward0         0.00%     163.000us         0.01%      10.125ms       2.531ms       0.000us         0.00%      99.000us      24.750us           0 b           0 b       3.38 Mb           0 b             4            --  
                                               aten::mm         0.00%     288.000us         0.01%       9.810ms       1.226ms      99.000us         0.00%      99.000us      12.375us           0 b           0 b       3.38 Mb       3.38 Mb             8        26.214  
                                            aten::slice         0.01%       6.935ms         0.01%       9.731ms       2.822us       0.000us         0.00%       0.000us       0.000us           0 b           0 b           0 b           0 b          3448            --  
                                       aten::contiguous         0.00%     115.000us         0.01%       8.779ms     121.931us       0.000us         0.00%       4.676ms      64.944us           0 b           0 b     530.55 Mb           0 b            72            --  
                                       aten::as_strided         0.01%       8.359ms         0.01%       8.359ms       0.855us       0.000us         0.00%       0.000us       0.000us           0 b           0 b           0 b           0 b          9772            --  
                                     aten::view_as_real         0.01%       7.713ms         0.01%       7.713ms       2.887us       0.000us         0.00%       0.000us       0.000us           0 b           0 b           0 b           0 b          2672            --  
                                    aten::empty_strided         0.01%       7.551ms         0.01%       7.551ms       5.993us       0.000us         0.00%       0.000us       0.000us      32.74 Mb      32.74 Mb      28.15 Gb      28.15 Gb          1260            --  
      autograd::engine::evaluate_function: MulBackward0         0.00%      84.000us         0.01%       6.677ms     556.417us       0.000us         0.00%     278.000us      23.167us         -96 b         -96 b       2.00 Kb     -32.74 Mb            12            --  
                                           MulBackward0         0.00%      56.000us         0.01%       6.593ms     549.417us       0.000us         0.00%     278.000us      23.167us           0 b           0 b      32.74 Mb           0 b            12            --  
                                           aten::narrow         0.00%       1.959ms         0.01%       6.151ms       3.760us       0.000us         0.00%       0.000us       0.000us           0 b           0 b           0 b           0 b          1636            --  
                                            aten::zeros         0.00%     191.000us         0.01%       5.638ms     176.188us       0.000us         0.00%     760.000us      23.750us          32 b           0 b     200.05 Mb           0 b            32            --  
                                        aten::unsqueeze         0.00%       3.929ms         0.01%       5.378ms       4.768us       0.000us         0.00%       0.000us       0.000us           0 b           0 b           0 b           0 b          1128            --  
                                          aten::reshape         0.00%       3.620ms         0.01%       5.069ms       2.835us       0.000us         0.00%       0.000us       0.000us           0 b           0 b           0 b           0 b          1788            --  
                                          aten::permute         0.00%       3.569ms         0.01%       4.941ms       2.770us       0.000us         0.00%       0.000us       0.000us           0 b           0 b           0 b           0 b          1784            --  
                                            aten::_conj         0.00%       2.881ms         0.00%       3.514ms       2.615us       0.000us         0.00%       0.000us       0.000us           0 b           0 b           0 b           0 b          1344            --  
                                          aten::resize_         0.00%       3.252ms         0.00%       3.252ms       1.823us       0.000us         0.00%       0.000us       0.000us           0 b           0 b           0 b           0 b          1784            --  
autograd::engine::evaluate_function: SelectBackward0...         0.00%      78.000us         0.00%       3.227ms     268.917us       0.000us         0.00%     696.000us      58.000us           0 b           0 b      69.08 Mb     -32.74 Mb            12            --  
                                        SelectBackward0         0.00%      39.000us         0.00%       3.149ms     262.417us       0.000us         0.00%     696.000us      58.000us           0 b           0 b     101.83 Mb           0 b            12            --  
                                  aten::select_backward         0.00%      95.000us         0.00%       3.110ms     259.167us       0.000us         0.00%     696.000us      58.000us           0 b           0 b     101.83 Mb           0 b            12            --  
                              aten::adaptive_avg_pool2d         0.00%      40.000us         0.00%       2.603ms     325.375us       0.000us         0.00%     162.000us      20.250us           0 b           0 b     352.00 Kb           0 b             8            --  
                                             aten::mean         0.00%     177.000us         0.00%       2.563ms     320.375us     162.000us         0.00%     162.000us      20.250us           0 b           0 b     352.00 Kb     352.00 Kb             8            --  
                                          aten::dropout         0.00%      19.000us         0.00%       2.471ms     617.750us       0.000us         0.00%      27.000us       6.750us           0 b           0 b     320.00 Kb           0 b             4            --  
                                   aten::native_dropout         0.00%     103.000us         0.00%       2.452ms     613.000us      27.000us         0.00%      27.000us       6.750us           0 b           0 b     320.00 Kb           0 b             4            --  
-------------------------------------------------------  ------------  ------------  ------------  ------------  ------------  ------------  ------------  ------------  ------------  ------------  ------------  ------------  ------------  ------------  ------------  
Self CPU time total: 89.707s
Self CUDA time total: 47.850s
[0m
[0m-----------------------------------------------------------------------------------------------------------------------------[0m
[0mShowing InceptionV3_CIFAR100_Conv2dRFFTPhasorFunction_date-20240210-170631.pt[0m
[0m-------------------------------------------------------  ------------  ------------  ------------  ------------  ------------  ------------  ------------  ------------  ------------  ------------  ------------  ------------  ------------  ------------  ------------  
                                                   Name    Self CPU %      Self CPU   CPU total %     CPU total  CPU time avg     Self CUDA   Self CUDA %    CUDA total  CUDA time avg       CPU Mem  Self CPU Mem      CUDA Mem  Self CUDA Mem    # of Calls  Total MFLOPs  
-------------------------------------------------------  ------------  ------------  ------------  ------------  ------------  ------------  ------------  ------------  ------------  ------------  ------------  ------------  ------------  ------------  ------------  
                                          ProfilerStep*         0.00%     180.000us        53.98%       37.394s        9.348s       0.000us         0.00%        8.603s        2.151s      16.37 Mb      -1.05 Kb           0 b           0 b             4            --  
                                       cudaLaunchKernel        38.04%       26.352s        38.04%       26.352s       1.053ms       0.000us         0.00%       0.000us       0.000us           0 b           0 b           0 b           0 b         25016            --  
autograd::engine::evaluate_function: Conv2dRFFTPhaso...         0.01%       3.691ms        32.94%       22.819s     103.723ms       0.000us         0.00%       21.548s      97.946ms           0 b           0 b      22.01 Gb      -2.97 Gb           220            --  
                       Conv2dRFFTPhasorFunctionBackward         0.07%      51.742ms        32.67%       22.634s     102.880ms       0.000us         0.00%       21.537s      97.896ms           0 b           0 b      24.18 Gb   -1662.27 Gb           220            --  
                                            aten::copy_         0.05%      36.184ms        15.38%       10.654s       2.012ms        1.526s         4.10%        1.526s     288.136us           0 b           0 b     -97.44 Mb     -97.44 Mb          5296            --  
                        Conv2dRFFTPhasorFunction Step#9        11.53%        7.986s        13.50%        9.349s        9.349s       0.000us         0.00%        2.151s        2.151s          -4 b      -8.19 Mb           0 b    -938.35 Mb             1            --  
                       Conv2dRFFTPhasorFunction Step#10        11.53%        7.986s        13.49%        9.349s        9.349s       0.000us         0.00%        2.151s        2.151s          -4 b      -8.19 Mb           0 b    -939.81 Mb             1            --  
                        Conv2dRFFTPhasorFunction Step#8        11.53%        7.986s        13.49%        9.348s        9.348s       0.000us         0.00%        2.151s        2.151s      16.37 Mb       8.18 Mb           0 b    -939.81 Mb             1            --  
                       Conv2dRFFTPhasorFunction Step#11        11.53%        7.986s        13.49%        9.348s        9.348s       0.000us         0.00%        2.151s        2.151s          -4 b      -8.19 Mb           0 b    -938.35 Mb             1            --  
                                              aten::abs         2.95%        2.047s        12.18%        8.441s       3.159ms       0.000us         0.00%     943.100ms     352.957us           0 b           0 b      22.37 Gb     -79.85 Gb          2672            --  
                                       aten::fft_irfftn         0.00%       2.270ms        11.11%        7.694s      11.518ms       0.000us         0.00%        7.493s      11.217ms           0 b           0 b      25.01 Gb           0 b           668            --  
                                         aten::_fft_c2r         0.05%      31.979ms        11.10%        7.692s      11.514ms        7.044s        18.91%        7.493s      11.217ms           0 b           0 b      25.01 Gb    -289.14 Gb           668            --  
                                            aten::angle         2.18%        1.512s         9.20%        6.375s       2.386ms       0.000us         0.00%     941.604ms     352.397us           0 b           0 b      54.31 Gb     -79.76 Gb          2672            --  
                                        aten::fft_rfftn         0.01%       5.133ms         8.67%        6.006s       5.381ms       0.000us         0.00%        2.233s       2.001ms           0 b           0 b      53.35 Gb     -38.92 Gb          1116            --  
                                        cudaMemcpyAsync         8.42%        5.836s         8.42%        5.836s       5.634ms       0.000us         0.00%       0.000us       0.000us           0 b           0 b           0 b           0 b          1036            --  
                                         aten::_fft_r2c         0.06%      39.843ms         7.36%        5.096s       4.566ms        1.985s         5.33%        1.985s       1.778ms           0 b           0 b      46.23 Gb    -109.62 Gb          1116            --  
                                               aten::to         0.00%     113.000us         6.86%        4.756s     297.222ms       0.000us         0.00%      18.388ms       1.149ms      32.74 Mb           0 b      32.75 Mb           0 b            16            --  
                                         aten::_to_copy         0.00%     168.000us         6.86%        4.755s     396.286ms       0.000us         0.00%      18.388ms       1.532ms      32.74 Mb           0 b      32.75 Mb           0 b            12            --  
autograd::engine::evaluate_function: ToCopyBackward0...         0.00%      72.000us         6.85%        4.748s        1.187s       0.000us         0.00%      12.366ms       3.091ms      32.74 Mb           0 b     -32.74 Mb     -32.74 Mb             4            --  
                                        ToCopyBackward0         0.00%      21.000us         6.85%        4.748s        1.187s       0.000us         0.00%      12.366ms       3.091ms      32.74 Mb           0 b           0 b           0 b             4            --  
                               Conv2dRFFTPhasorFunction         0.05%      35.516ms         6.25%        4.332s      18.999ms       0.000us         0.00%        8.524s      37.388ms           0 b           0 b     854.25 Mb    -847.53 Gb           228            --  
                                              aten::mul         0.04%      29.860ms         4.54%        3.146s       1.167ms       13.680s        36.72%       13.680s       5.074ms      -1.00 Kb      -1.00 Kb    1482.67 Gb    1482.67 Gb          2696    159728.736  
                                            aten::clone         0.01%       7.759ms         2.79%        1.933s     976.334us       0.000us         0.00%     740.327ms     373.903us           0 b           0 b      81.33 Gb           0 b          1980            --  
autograd::engine::evaluate_function: ConvolutionBack...         0.00%       1.730ms         2.54%        1.760s      11.282ms       0.000us         0.00%     260.147ms       1.668ms           0 b           0 b      32.79 Mb    -484.09 Mb           156            --  
                                   ConvolutionBackward0         0.00%       1.033ms         2.46%        1.705s      10.931ms       0.000us         0.00%     259.445ms       1.663ms           0 b           0 b     461.81 Mb           0 b           156            --  
                             aten::convolution_backward         0.12%      83.650ms         2.46%        1.704s      10.925ms     259.445ms         0.70%     259.445ms       1.663ms           0 b           0 b     461.81 Mb     -34.81 Gb           156            --  
                                             aten::add_         0.02%      11.908ms         2.31%        1.601s       1.053ms      15.109ms         0.04%      15.109ms       9.940us           0 b           0 b           0 b           0 b          1520            --  
                                  aten::constant_pad_nd         0.01%       8.008ms         2.19%        1.520s       1.596ms       0.000us         0.00%     275.769ms     289.673us           0 b           0 b      48.93 Gb           0 b           952            --  
autograd::engine::evaluate_function: torch::autograd...         0.01%       4.598ms         2.02%        1.401s       1.229ms       0.000us         0.00%      14.332ms      12.572us           0 b           0 b     -22.90 Gb           0 b          1140            --  
                        torch::autograd::AccumulateGrad         0.01%       5.147ms         2.02%        1.396s       1.225ms       0.000us         0.00%      14.332ms      12.572us           0 b           0 b     -22.90 Gb     -22.90 Gb          1140            --  
                                              aten::add         0.01%       9.642ms         1.37%     947.772ms       1.145ms        2.948s         7.91%        2.948s       3.561ms           0 b           0 b     297.47 Gb     297.47 Gb           828       777.357  
                                              aten::exp         1.23%     854.039ms         1.23%     854.039ms       1.279ms       0.000us         0.00%       0.000us       0.000us           0 b           0 b     593.04 Gb     593.04 Gb           668            --  
                                             aten::mul_         0.01%       5.041ms         1.15%     798.756ms       1.196ms       0.000us         0.00%     215.907ms     323.214us           0 b       1.00 Kb           0 b           0 b           668            --  
                                              aten::sum         0.02%      12.040ms         1.15%     796.439ms       1.185ms        2.727s         7.32%        2.727s       4.057ms           0 b           0 b      27.08 Gb      27.08 Gb           672            --  
                                              aten::pad         0.00%       1.317ms         0.89%     616.248ms       1.376ms       0.000us         0.00%      27.944ms      62.375us           0 b           0 b       2.89 Gb           0 b           448            --  
                                            aten::fill_         0.01%       4.147ms         0.82%     569.352ms     878.630us     191.839ms         0.51%     191.839ms     296.048us           0 b           0 b           0 b           0 b           648            --  
     autograd::engine::evaluate_function: ReluBackward0         0.00%       3.050ms         0.78%     543.371ms       1.445ms       0.000us         0.00%      14.120ms      37.553us           0 b           0 b      -1.13 Gb      -2.22 Gb           376            --  
                                          ReluBackward0         0.00%       1.823ms         0.78%     540.321ms       1.437ms       0.000us         0.00%      14.120ms      37.553us           0 b           0 b       1.10 Gb           0 b           376            --  
                               aten::threshold_backward         0.01%       5.252ms         0.78%     538.498ms       1.432ms      14.120ms         0.04%      14.120ms      37.553us           0 b           0 b       1.10 Gb       1.10 Gb           376            --  
autograd::engine::evaluate_function: CudnnBatchNormB...         0.01%       5.995ms         0.73%     506.076ms       1.346ms       0.000us         0.00%      23.819ms      63.348us           0 b           0 b      -1.09 Gb      -2.18 Gb           376            --  
                                CudnnBatchNormBackward0         0.00%       2.940ms         0.72%     500.081ms       1.330ms       0.000us         0.00%      23.819ms      63.348us           0 b           0 b       1.10 Gb           0 b           376            --  
                        aten::cudnn_batch_norm_backward         0.01%       9.051ms         0.72%     497.141ms       1.322ms      23.819ms         0.06%      23.819ms      63.348us           0 b           0 b       1.10 Gb           0 b           376            --  
                                            aten::relu_         0.00%       3.402ms         0.38%     266.668ms     694.448us       0.000us         0.00%       6.424ms      16.729us           0 b           0 b           0 b           0 b           384            --  
                                       aten::batch_norm         0.00%     904.000us         0.38%     263.589ms     686.430us       0.000us         0.00%      19.754ms      51.443us           0 b           0 b       1.60 Gb           0 b           384            --  
                                       aten::clamp_min_         0.00%       2.938ms         0.38%     263.266ms     685.589us       6.424ms         0.02%       6.424ms      16.729us           0 b           0 b           0 b           0 b           384            --  
                           aten::_batch_norm_impl_index         0.00%       1.458ms         0.38%     262.685ms     684.076us       0.000us         0.00%      19.754ms      51.443us           0 b           0 b       1.60 Gb           0 b           384            --  
                                 aten::cudnn_batch_norm         0.02%      15.138ms         0.37%     255.048ms     664.188us      15.216ms         0.04%      15.216ms      39.625us           0 b           0 b       1.10 Gb           0 b           384            --  
                                           aten::conv2d         0.00%     779.000us         0.27%     186.736ms       1.197ms       0.000us         0.00%      30.207ms     193.635us           0 b           0 b     292.94 Mb           0 b           156    134747.855  
                                      aten::convolution         0.00%       1.515ms         0.27%     185.957ms       1.192ms       0.000us         0.00%      30.207ms     193.635us           0 b           0 b     292.94 Mb           0 b           156            --  
                                     aten::_convolution         0.00%       1.061ms         0.27%     184.442ms       1.182ms       0.000us         0.00%      30.207ms     193.635us           0 b           0 b     292.94 Mb           0 b           156            --  
                                aten::cudnn_convolution         0.11%      74.369ms         0.26%     183.381ms       1.176ms      30.207ms         0.08%      30.207ms     193.635us           0 b           0 b     292.94 Mb    -569.63 Mb           156            --  
autograd::engine::evaluate_function: AvgPool2DBackwa...         0.00%     287.000us         0.12%      84.029ms       2.334ms       0.000us         0.00%      13.321ms     370.028us           0 b           0 b       3.47 Mb    -244.43 Mb            36            --  
                                     AvgPool2DBackward0         0.00%     201.000us         0.12%      83.742ms       2.326ms       0.000us         0.00%      13.321ms     370.028us           0 b           0 b     247.90 Mb           0 b            36            --  
                              aten::avg_pool2d_backward         0.00%     415.000us         0.12%      83.541ms       2.321ms      13.321ms         0.04%      13.321ms     370.028us           0 b           0 b     247.90 Mb     247.90 Mb            36            --  
                                              aten::cat         0.00%       1.198ms         0.10%      66.694ms       1.042ms       3.283ms         0.01%       3.283ms      51.297us           0 b           0 b     359.86 Mb     359.86 Mb            64            --  
                                            aten::empty         0.08%      54.547ms         0.08%      54.547ms       4.188us       0.000us         0.00%       0.000us       0.000us      32.75 Mb      32.75 Mb     556.17 Gb     556.17 Gb         13024            --  
                                            aten::randn         0.00%      77.000us         0.07%      47.885ms       5.986ms       0.000us         0.00%       0.000us       0.000us      32.75 Mb           0 b           0 b           0 b             8            --  
                                          aten::normal_         0.07%      47.713ms         0.07%      47.713ms       5.964ms       0.000us         0.00%       0.000us       0.000us           0 b           0 b           0 b           0 b             8            --  
                                       aten::avg_pool2d         0.00%     605.000us         0.07%      46.607ms       1.165ms       8.032ms         0.02%       8.032ms     200.800us           0 b           0 b     246.78 Mb     246.78 Mb            40            --  
                                             aten::real         0.01%       7.818ms         0.03%      22.584ms       8.452us       0.000us         0.00%       0.000us       0.000us           0 b           0 b           0 b           0 b          2672            --  
                                       aten::empty_like         0.01%       5.940ms         0.03%      18.486ms       7.478us       0.000us         0.00%       0.000us       0.000us           0 b           0 b      55.85 Gb           0 b          2472            --  
                                          aten::resize_         0.03%      17.867ms         0.03%      17.867ms       3.085us       0.000us         0.00%       0.000us       0.000us           0 b           0 b     135.57 Gb     135.57 Gb          5792            --  
                                       aten::max_pool2d         0.00%      63.000us         0.02%      16.046ms       1.003ms       0.000us         0.00%       3.053ms     190.812us           0 b           0 b     259.51 Mb           0 b            16            --  
                          aten::max_pool2d_with_indices         0.00%     327.000us         0.02%      15.983ms     998.938us       3.053ms         0.01%       3.053ms     190.812us           0 b           0 b     259.51 Mb     259.51 Mb            16            --  
autograd::engine::evaluate_function: MaxPool2DWithIn...         0.00%     155.000us         0.02%      14.674ms     917.125us       0.000us         0.00%       9.196ms     574.750us           0 b           0 b     113.78 Mb    -243.35 Mb            16            --  
                          MaxPool2DWithIndicesBackward0         0.00%     127.000us         0.02%      14.519ms     907.438us       0.000us         0.00%       9.196ms     574.750us           0 b           0 b     357.13 Mb           0 b            16            --  
                                    aten::empty_strided         0.02%      14.435ms         0.02%      14.435ms       5.560us       0.000us         0.00%       0.000us       0.000us      32.74 Mb      32.74 Mb      80.96 Gb      80.96 Gb          2596            --  
                 aten::max_pool2d_with_indices_backward         0.00%     274.000us         0.02%      14.392ms     899.500us       7.667ms         0.02%       9.196ms     574.750us           0 b           0 b     357.13 Mb     340.97 Mb            16            --  
                                            aten::slice         0.01%       7.443ms         0.01%      10.247ms       2.972us       0.000us         0.00%       0.000us       0.000us           0 b           0 b           0 b           0 b          3448            --  
                                            aten::zero_         0.00%     103.000us         0.01%       9.128ms     190.167us       0.000us         0.00%       2.168ms      45.167us           0 b           0 b           0 b           0 b            48            --  
                                       aten::as_strided         0.01%       9.094ms         0.01%       9.094ms       0.931us       0.000us         0.00%       0.000us       0.000us           0 b           0 b           0 b           0 b          9772            --  
                                           aten::select         0.01%       5.863ms         0.01%       8.549ms       3.171us       0.000us         0.00%       0.000us       0.000us           0 b           0 b           0 b           0 b          2696            --  
                                       aten::contiguous         0.00%     169.000us         0.01%       8.484ms     117.833us       0.000us         0.00%       4.659ms      64.708us           0 b           0 b     530.89 Mb           0 b            72            --  
                                           aten::narrow         0.00%       2.256ms         0.01%       6.651ms       4.065us       0.000us         0.00%       0.000us       0.000us           0 b           0 b           0 b           0 b          1636            --  
                                     aten::view_as_real         0.01%       6.365ms         0.01%       6.365ms       2.382us       0.000us         0.00%       0.000us       0.000us           0 b           0 b           0 b           0 b          2672            --  
                                          aten::reshape         0.01%       4.329ms         0.01%       6.003ms       3.357us       0.000us         0.00%       0.000us       0.000us           0 b           0 b           0 b           0 b          1788            --  
                                          aten::permute         0.01%       3.967ms         0.01%       5.412ms       3.034us       0.000us         0.00%       0.000us       0.000us           0 b           0 b           0 b           0 b          1784            --  
                                        aten::unsqueeze         0.01%       3.905ms         0.01%       5.251ms       4.655us       0.000us         0.00%       0.000us       0.000us           0 b           0 b           0 b           0 b          1128            --  
                                           aten::linear         0.00%      82.000us         0.01%       3.782ms     472.750us       0.000us         0.00%     323.000us      40.375us           0 b           0 b     140.00 Kb           0 b             8            --  
                                            aten::addmm         0.00%     305.000us         0.01%       3.621ms     452.625us     323.000us         0.00%     323.000us      40.375us           0 b           0 b     140.00 Kb     140.00 Kb             8        62.259  
      autograd::engine::evaluate_function: CatBackward0         0.00%     644.000us         0.00%       1.887ms      29.484us       0.000us         0.00%       0.000us       0.000us           0 b           0 b           0 b           0 b            64            --  
                                            aten::_conj         0.00%       1.415ms         0.00%       1.719ms       3.837us       0.000us         0.00%       0.000us       0.000us           0 b           0 b           0 b           0 b           448            --  
                                   aten::_reshape_alias         0.00%       1.711ms         0.00%       1.711ms       0.953us       0.000us         0.00%       0.000us       0.000us           0 b           0 b           0 b           0 b          1796            --  
                                      aten::as_strided_         0.00%       1.376ms         0.00%       1.376ms       0.771us       0.000us         0.00%       0.000us       0.000us           0 b           0 b    -721.66 Mb    -721.66 Mb          1784            --  
                                             aten::view         0.00%       1.331ms         0.00%       1.331ms       1.742us       0.000us         0.00%       0.000us       0.000us           0 b           0 b           0 b           0 b           764            --  
                              aten::adaptive_avg_pool2d         0.00%      30.000us         0.00%       1.325ms     165.625us       0.000us         0.00%     162.000us      20.250us           0 b           0 b     352.00 Kb           0 b             8            --  
                                             aten::mean         0.00%     189.000us         0.00%       1.295ms     161.875us     162.000us         0.00%     162.000us      20.250us           0 b           0 b     352.00 Kb     352.00 Kb             8            --  
                                            aten::alias         0.00%       1.265ms         0.00%       1.265ms       1.622us       0.000us         0.00%       0.000us       0.000us           0 b           0 b           0 b           0 b           780            --  
                                           CatBackward0         0.00%     403.000us         0.00%       1.243ms      19.422us       0.000us         0.00%       0.000us       0.000us           0 b           0 b           0 b           0 b            64            --  
    autograd::engine::evaluate_function: AddmmBackward0         0.00%     211.000us         0.00%       1.115ms     278.750us       0.000us         0.00%     126.000us      31.500us           0 b           0 b       3.13 Mb    -256.00 Kb             4            --  
                                 cudaFuncSetCacheConfig         0.00%     868.000us         0.00%     868.000us       0.283us       0.000us         0.00%       0.000us       0.000us           0 b           0 b           0 b           0 b          3068            --  
    autograd::engine::evaluate_function: SliceBackward0         0.00%     110.000us         0.00%     868.000us      72.333us       0.000us         0.00%       2.116ms     176.333us           0 b           0 b     -65.48 Mb    -221.00 Mb            12            --  
                                         AddmmBackward0         0.00%     159.000us         0.00%     761.000us     190.250us       0.000us         0.00%     102.000us      25.500us           0 b           0 b       3.38 Mb           0 b             4            --  
                                            aten::zeros         0.00%     218.000us         0.00%     706.000us      22.062us       0.000us         0.00%     760.000us      23.750us          32 b           0 b     196.44 Mb           0 b            32            --  
autograd::engine::evaluate_function: SelectBackward0...         0.00%      77.000us         0.00%     668.000us      55.667us       0.000us         0.00%     693.000us      57.750us           0 b           0 b      60.77 Mb     -37.45 Mb            12            --  
                                         SliceBackward0         0.00%      41.000us         0.00%     631.000us      52.583us       0.000us         0.00%       1.267ms     105.583us           0 b           0 b      98.22 Mb           0 b            12            --  
                                        SelectBackward0         0.00%      30.000us         0.00%     591.000us      49.250us       0.000us         0.00%     693.000us      57.750us           0 b           0 b      98.22 Mb           0 b            12            --  
                                   aten::slice_backward         0.00%      68.000us         0.00%     590.000us      49.167us       0.000us         0.00%       1.267ms     105.583us           0 b           0 b      98.22 Mb           0 b            12            --  
                                    cudaStreamWaitEvent         0.00%     572.000us         0.00%     572.000us       0.148us       0.000us         0.00%       0.000us       0.000us           0 b           0 b           0 b           0 b          3864            --  
                                  aten::select_backward         0.00%      76.000us         0.00%     561.000us      46.750us       0.000us         0.00%     693.000us      57.750us           0 b           0 b      98.22 Mb           0 b            12            --  
-------------------------------------------------------  ------------  ------------  ------------  ------------  ------------  ------------  ------------  ------------  ------------  ------------  ------------  ------------  ------------  ------------  ------------  
Self CPU time total: 69.278s
Self CUDA time total: 37.257s
[0m
