[0mProvided parameters: main(function_name=Conv2dRFFTFunction, total_num_epochs=1,freeze_features_epochs=0, batch_size=4)[0m
[0mModel orginal architecture is VGG(
  (features): Sequential(
    (0): Conv2d(3, 64, kernel_size=(3, 3), stride=(1, 1), padding=(1, 1))
    (1): BatchNorm2d(64, eps=1e-05, momentum=0.1, affine=True, track_running_stats=True)
    (2): ReLU(inplace=True)
    (3): Conv2d(64, 64, kernel_size=(3, 3), stride=(1, 1), padding=(1, 1))
    (4): BatchNorm2d(64, eps=1e-05, momentum=0.1, affine=True, track_running_stats=True)
    (5): ReLU(inplace=True)
    (6): MaxPool2d(kernel_size=2, stride=2, padding=0, dilation=1, ceil_mode=False)
    (7): Conv2d(64, 128, kernel_size=(3, 3), stride=(1, 1), padding=(1, 1))
    (8): BatchNorm2d(128, eps=1e-05, momentum=0.1, affine=True, track_running_stats=True)
    (9): ReLU(inplace=True)
    (10): Conv2d(128, 128, kernel_size=(3, 3), stride=(1, 1), padding=(1, 1))
    (11): BatchNorm2d(128, eps=1e-05, momentum=0.1, affine=True, track_running_stats=True)
    (12): ReLU(inplace=True)
    (13): MaxPool2d(kernel_size=2, stride=2, padding=0, dilation=1, ceil_mode=False)
    (14): Conv2d(128, 256, kernel_size=(3, 3), stride=(1, 1), padding=(1, 1))
    (15): BatchNorm2d(256, eps=1e-05, momentum=0.1, affine=True, track_running_stats=True)
    (16): ReLU(inplace=True)
    (17): Conv2d(256, 256, kernel_size=(3, 3), stride=(1, 1), padding=(1, 1))
    (18): BatchNorm2d(256, eps=1e-05, momentum=0.1, affine=True, track_running_stats=True)
    (19): ReLU(inplace=True)
    (20): Conv2d(256, 256, kernel_size=(3, 3), stride=(1, 1), padding=(1, 1))
    (21): BatchNorm2d(256, eps=1e-05, momentum=0.1, affine=True, track_running_stats=True)
    (22): ReLU(inplace=True)
    (23): MaxPool2d(kernel_size=2, stride=2, padding=0, dilation=1, ceil_mode=False)
    (24): Conv2d(256, 512, kernel_size=(3, 3), stride=(1, 1), padding=(1, 1))
    (25): BatchNorm2d(512, eps=1e-05, momentum=0.1, affine=True, track_running_stats=True)
    (26): ReLU(inplace=True)
    (27): Conv2d(512, 512, kernel_size=(3, 3), stride=(1, 1), padding=(1, 1))
    (28): BatchNorm2d(512, eps=1e-05, momentum=0.1, affine=True, track_running_stats=True)
    (29): ReLU(inplace=True)
    (30): Conv2d(512, 512, kernel_size=(3, 3), stride=(1, 1), padding=(1, 1))
    (31): BatchNorm2d(512, eps=1e-05, momentum=0.1, affine=True, track_running_stats=True)
    (32): ReLU(inplace=True)
    (33): MaxPool2d(kernel_size=2, stride=2, padding=0, dilation=1, ceil_mode=False)
    (34): Conv2d(512, 512, kernel_size=(3, 3), stride=(1, 1), padding=(1, 1))
    (35): BatchNorm2d(512, eps=1e-05, momentum=0.1, affine=True, track_running_stats=True)
    (36): ReLU(inplace=True)
    (37): Conv2d(512, 512, kernel_size=(3, 3), stride=(1, 1), padding=(1, 1))
    (38): BatchNorm2d(512, eps=1e-05, momentum=0.1, affine=True, track_running_stats=True)
    (39): ReLU(inplace=True)
    (40): Conv2d(512, 512, kernel_size=(3, 3), stride=(1, 1), padding=(1, 1))
    (41): BatchNorm2d(512, eps=1e-05, momentum=0.1, affine=True, track_running_stats=True)
    (42): ReLU(inplace=True)
    (43): MaxPool2d(kernel_size=2, stride=2, padding=0, dilation=1, ceil_mode=False)
  )
  (avgpool): AdaptiveAvgPool2d(output_size=(7, 7))
  (classifier): Sequential(
    (0): Linear(in_features=25088, out_features=4096, bias=True)
    (1): ReLU(inplace=True)
    (2): Dropout(p=0.5, inplace=False)
    (3): Linear(in_features=4096, out_features=4096, bias=True)
    (4): ReLU(inplace=True)
    (5): Dropout(p=0.5, inplace=False)
    (6): Linear(in_features=4096, out_features=1000, bias=True)
  )
)[0m
[0mModel modified architecture is Sequential(
  (0): Linear(in_features=25088, out_features=4096, bias=True)
  (1): ReLU(inplace=True)
  (2): Dropout(p=0.5, inplace=False)
  (3): Linear(in_features=4096, out_features=4096, bias=True)
  (4): ReLU(inplace=True)
  (5): Dropout(p=0.5, inplace=False)
  (6): Linear(in_features=4096, out_features=100, bias=True)
)[0m
[0mFeatures not frozen on epoch 0[0m
[0mTraining: epoch=0 step=312/12500 loss=0.57375 accuracy=82.26837 runtime_forward_ms=2570.11712 runtime_backward_ms=4379.63761.[0m
[0mTraining: epoch=0 step=625/12500 loss=0.50759 accuracy=84.90415 runtime_forward_ms=2564.16516 runtime_backward_ms=4379.02862.[0m
[0mTraining: epoch=0 step=938/12500 loss=0.47259 accuracy=85.86262 runtime_forward_ms=2564.22260 runtime_backward_ms=4379.17927.[0m
[0mTraining: epoch=0 step=1251/12500 loss=0.49537 accuracy=84.82428 runtime_forward_ms=2564.18252 runtime_backward_ms=4379.25862.[0m
[0mTraining: epoch=0 step=1564/12500 loss=0.44571 accuracy=86.02236 runtime_forward_ms=2564.11880 runtime_backward_ms=4378.75876.[0m
[0mTraining: epoch=0 step=1877/12500 loss=0.41039 accuracy=86.74121 runtime_forward_ms=2564.12510 runtime_backward_ms=4378.85587.[0m
[0mTraining: epoch=0 step=2190/12500 loss=0.38659 accuracy=88.09904 runtime_forward_ms=2564.20406 runtime_backward_ms=4379.19874.[0m
[0mTraining: epoch=0 step=2503/12500 loss=0.39318 accuracy=88.25878 runtime_forward_ms=2564.20642 runtime_backward_ms=4379.22709.[0m
[0mTraining: epoch=0 step=2816/12500 loss=0.42626 accuracy=86.50159 runtime_forward_ms=2564.11224 runtime_backward_ms=4378.93837.[0m
[0mTraining: epoch=0 step=3129/12500 loss=0.37687 accuracy=89.05750 runtime_forward_ms=2564.08910 runtime_backward_ms=4378.75114.[0m
[0mTraining: epoch=0 step=3442/12500 loss=0.42130 accuracy=87.61980 runtime_forward_ms=2564.15108 runtime_backward_ms=4379.11919.[0m
[0mTraining: epoch=0 step=3755/12500 loss=0.35241 accuracy=88.33865 runtime_forward_ms=2564.16071 runtime_backward_ms=4379.18080.[0m
[0mTraining: epoch=0 step=4068/12500 loss=0.33914 accuracy=89.05750 runtime_forward_ms=2564.15456 runtime_backward_ms=4379.08923.[0m
[0mTraining: epoch=0 step=4381/12500 loss=0.38865 accuracy=87.46006 runtime_forward_ms=2564.18541 runtime_backward_ms=4379.10887.[0m
[0mTraining: epoch=0 step=4694/12500 loss=0.31437 accuracy=90.01598 runtime_forward_ms=2564.07793 runtime_backward_ms=4378.82249.[0m
[0mTraining: epoch=0 step=5007/12500 loss=0.34061 accuracy=90.01598 runtime_forward_ms=2564.16076 runtime_backward_ms=4379.03168.[0m
[0mTraining: epoch=0 step=5320/12500 loss=0.33204 accuracy=90.17572 runtime_forward_ms=2564.14631 runtime_backward_ms=4378.76270.[0m
[0mTraining: epoch=0 step=5633/12500 loss=0.40308 accuracy=87.14057 runtime_forward_ms=2564.20951 runtime_backward_ms=4379.12437.[0m
[0mTraining: epoch=0 step=5946/12500 loss=0.34926 accuracy=88.41853 runtime_forward_ms=2564.14650 runtime_backward_ms=4378.91011.[0m
[0mTraining: epoch=0 step=6259/12500 loss=0.32445 accuracy=89.29713 runtime_forward_ms=2564.16687 runtime_backward_ms=4379.06546.[0m
[0mTraining: epoch=0 step=6572/12500 loss=0.35479 accuracy=87.69968 runtime_forward_ms=2564.11226 runtime_backward_ms=4378.93882.[0m
[0mTraining: epoch=0 step=6885/12500 loss=0.35365 accuracy=90.25559 runtime_forward_ms=2564.11277 runtime_backward_ms=4378.84066.[0m
[0mTraining: epoch=0 step=7198/12500 loss=0.30288 accuracy=90.73483 runtime_forward_ms=2564.09805 runtime_backward_ms=4378.99978.[0m
[0mTraining: epoch=0 step=7511/12500 loss=0.36077 accuracy=88.89776 runtime_forward_ms=2564.11749 runtime_backward_ms=4378.82588.[0m
[0mTraining: epoch=0 step=7824/12500 loss=0.33013 accuracy=89.61662 runtime_forward_ms=2564.20905 runtime_backward_ms=4379.15662.[0m
[0mTraining: epoch=0 step=8137/12500 loss=0.36027 accuracy=89.29713 runtime_forward_ms=2564.11760 runtime_backward_ms=4378.89861.[0m
[0mTraining: epoch=0 step=8450/12500 loss=0.32517 accuracy=89.77636 runtime_forward_ms=2563.83611 runtime_backward_ms=4378.24737.[0m
[0mTraining: epoch=0 step=8763/12500 loss=0.31062 accuracy=90.41534 runtime_forward_ms=2564.63978 runtime_backward_ms=4379.99652.[0m
[0mTraining: epoch=0 step=9076/12500 loss=0.32576 accuracy=89.77636 runtime_forward_ms=2564.17935 runtime_backward_ms=4379.08026.[0m
[0mTraining: epoch=0 step=9389/12500 loss=0.31698 accuracy=89.37700 runtime_forward_ms=2564.15275 runtime_backward_ms=4378.74783.[0m
[0mTraining: epoch=0 step=9702/12500 loss=0.28840 accuracy=90.97444 runtime_forward_ms=2564.16653 runtime_backward_ms=4378.87551.[0m
[0mTraining: epoch=0 step=10015/12500 loss=0.27216 accuracy=91.85303 runtime_forward_ms=2564.23027 runtime_backward_ms=4379.34827.[0m
[0mTraining: epoch=0 step=10328/12500 loss=0.33961 accuracy=89.29713 runtime_forward_ms=2564.22961 runtime_backward_ms=4379.32906.[0m
[0mTraining: epoch=0 step=10641/12500 loss=0.34104 accuracy=89.69649 runtime_forward_ms=2564.17664 runtime_backward_ms=4379.36791.[0m
[0mTraining: epoch=0 step=10954/12500 loss=0.31524 accuracy=89.85623 runtime_forward_ms=2564.24743 runtime_backward_ms=4379.40669.[0m
[0mTraining: epoch=0 step=11267/12500 loss=0.33096 accuracy=89.53674 runtime_forward_ms=2564.19680 runtime_backward_ms=4379.51317.[0m
[0mTraining: epoch=0 step=11580/12500 loss=0.27769 accuracy=90.89457 runtime_forward_ms=2564.22241 runtime_backward_ms=4379.49130.[0m
[0mTraining: epoch=0 step=11893/12500 loss=0.29160 accuracy=89.93610 runtime_forward_ms=2564.22856 runtime_backward_ms=4379.23249.[0m
[0mTraining: epoch=0 step=12206/12500 loss=0.33055 accuracy=89.77636 runtime_forward_ms=2564.22333 runtime_backward_ms=4379.37267.[0m
[0mValidation: epoch=0 training_step=12499 loss=1.06742 accuracy=74.39000 runtime_forward_ms=2564.09618.[0m
[0m--- End of Epoch: epoch=0 duration_training=87430.29676831886 duration_validation=6415.100209388882 training_step=12499 training_loss=0.33055 training_accuracy=89.77636 validation_loss=1.06742 validation_accuracy=74.39000.[0m
[0mProvided parameters: main(function_name=Conv2dRFFTPhasorFunction, total_num_epochs=1,freeze_features_epochs=0, batch_size=4)[0m
[0mModel orginal architecture is VGG(
  (features): Sequential(
    (0): Conv2d(3, 64, kernel_size=(3, 3), stride=(1, 1), padding=(1, 1))
    (1): BatchNorm2d(64, eps=1e-05, momentum=0.1, affine=True, track_running_stats=True)
    (2): ReLU(inplace=True)
    (3): Conv2d(64, 64, kernel_size=(3, 3), stride=(1, 1), padding=(1, 1))
    (4): BatchNorm2d(64, eps=1e-05, momentum=0.1, affine=True, track_running_stats=True)
    (5): ReLU(inplace=True)
    (6): MaxPool2d(kernel_size=2, stride=2, padding=0, dilation=1, ceil_mode=False)
    (7): Conv2d(64, 128, kernel_size=(3, 3), stride=(1, 1), padding=(1, 1))
    (8): BatchNorm2d(128, eps=1e-05, momentum=0.1, affine=True, track_running_stats=True)
    (9): ReLU(inplace=True)
    (10): Conv2d(128, 128, kernel_size=(3, 3), stride=(1, 1), padding=(1, 1))
    (11): BatchNorm2d(128, eps=1e-05, momentum=0.1, affine=True, track_running_stats=True)
    (12): ReLU(inplace=True)
    (13): MaxPool2d(kernel_size=2, stride=2, padding=0, dilation=1, ceil_mode=False)
    (14): Conv2d(128, 256, kernel_size=(3, 3), stride=(1, 1), padding=(1, 1))
    (15): BatchNorm2d(256, eps=1e-05, momentum=0.1, affine=True, track_running_stats=True)
    (16): ReLU(inplace=True)
    (17): Conv2d(256, 256, kernel_size=(3, 3), stride=(1, 1), padding=(1, 1))
    (18): BatchNorm2d(256, eps=1e-05, momentum=0.1, affine=True, track_running_stats=True)
    (19): ReLU(inplace=True)
    (20): Conv2d(256, 256, kernel_size=(3, 3), stride=(1, 1), padding=(1, 1))
    (21): BatchNorm2d(256, eps=1e-05, momentum=0.1, affine=True, track_running_stats=True)
    (22): ReLU(inplace=True)
    (23): MaxPool2d(kernel_size=2, stride=2, padding=0, dilation=1, ceil_mode=False)
    (24): Conv2d(256, 512, kernel_size=(3, 3), stride=(1, 1), padding=(1, 1))
    (25): BatchNorm2d(512, eps=1e-05, momentum=0.1, affine=True, track_running_stats=True)
    (26): ReLU(inplace=True)
    (27): Conv2d(512, 512, kernel_size=(3, 3), stride=(1, 1), padding=(1, 1))
    (28): BatchNorm2d(512, eps=1e-05, momentum=0.1, affine=True, track_running_stats=True)
    (29): ReLU(inplace=True)
    (30): Conv2d(512, 512, kernel_size=(3, 3), stride=(1, 1), padding=(1, 1))
    (31): BatchNorm2d(512, eps=1e-05, momentum=0.1, affine=True, track_running_stats=True)
    (32): ReLU(inplace=True)
    (33): MaxPool2d(kernel_size=2, stride=2, padding=0, dilation=1, ceil_mode=False)
    (34): Conv2d(512, 512, kernel_size=(3, 3), stride=(1, 1), padding=(1, 1))
    (35): BatchNorm2d(512, eps=1e-05, momentum=0.1, affine=True, track_running_stats=True)
    (36): ReLU(inplace=True)
    (37): Conv2d(512, 512, kernel_size=(3, 3), stride=(1, 1), padding=(1, 1))
    (38): BatchNorm2d(512, eps=1e-05, momentum=0.1, affine=True, track_running_stats=True)
    (39): ReLU(inplace=True)
    (40): Conv2d(512, 512, kernel_size=(3, 3), stride=(1, 1), padding=(1, 1))
    (41): BatchNorm2d(512, eps=1e-05, momentum=0.1, affine=True, track_running_stats=True)
    (42): ReLU(inplace=True)
    (43): MaxPool2d(kernel_size=2, stride=2, padding=0, dilation=1, ceil_mode=False)
  )
  (avgpool): AdaptiveAvgPool2d(output_size=(7, 7))
  (classifier): Sequential(
    (0): Linear(in_features=25088, out_features=4096, bias=True)
    (1): ReLU(inplace=True)
    (2): Dropout(p=0.5, inplace=False)
    (3): Linear(in_features=4096, out_features=4096, bias=True)
    (4): ReLU(inplace=True)
    (5): Dropout(p=0.5, inplace=False)
    (6): Linear(in_features=4096, out_features=1000, bias=True)
  )
)[0m
[0mModel modified architecture is Sequential(
  (0): Linear(in_features=25088, out_features=4096, bias=True)
  (1): ReLU(inplace=True)
  (2): Dropout(p=0.5, inplace=False)
  (3): Linear(in_features=4096, out_features=4096, bias=True)
  (4): ReLU(inplace=True)
  (5): Dropout(p=0.5, inplace=False)
  (6): Linear(in_features=4096, out_features=100, bias=True)
)[0m
[0mFeatures not frozen on epoch 0[0m
[0mTraining: epoch=0 step=312/12500 loss=0.57358 accuracy=82.26837 runtime_forward_ms=2036.20442 runtime_backward_ms=3473.39112.[0m
[0mTraining: epoch=0 step=625/12500 loss=0.50748 accuracy=84.66454 runtime_forward_ms=2035.69560 runtime_backward_ms=3473.49105.[0m
[0mTraining: epoch=0 step=938/12500 loss=0.47359 accuracy=86.02236 runtime_forward_ms=2035.75047 runtime_backward_ms=3473.32612.[0m
[0mTraining: epoch=0 step=1251/12500 loss=0.49526 accuracy=84.90415 runtime_forward_ms=2035.72139 runtime_backward_ms=3473.25276.[0m
[0mTraining: epoch=0 step=1564/12500 loss=0.44815 accuracy=85.70287 runtime_forward_ms=2035.67696 runtime_backward_ms=3473.18174.[0m
[0mTraining: epoch=0 step=1877/12500 loss=0.40697 accuracy=86.82108 runtime_forward_ms=2035.72291 runtime_backward_ms=3473.66262.[0m
[0mTraining: epoch=0 step=2190/12500 loss=0.38576 accuracy=88.17891 runtime_forward_ms=2035.71919 runtime_backward_ms=3473.61928.[0m
[0mTraining: epoch=0 step=2503/12500 loss=0.39323 accuracy=88.49840 runtime_forward_ms=2035.66623 runtime_backward_ms=3473.42676.[0m
[0mTraining: epoch=0 step=2816/12500 loss=0.42475 accuracy=86.26198 runtime_forward_ms=2035.60041 runtime_backward_ms=3473.26466.[0m
[0mTraining: epoch=0 step=3129/12500 loss=0.37405 accuracy=88.57827 runtime_forward_ms=2035.68565 runtime_backward_ms=3473.26264.[0m
[0mTraining: epoch=0 step=3442/12500 loss=0.42237 accuracy=87.85942 runtime_forward_ms=2035.57823 runtime_backward_ms=3473.09040.[0m
[0mTraining: epoch=0 step=3755/12500 loss=0.34958 accuracy=88.73801 runtime_forward_ms=2035.55441 runtime_backward_ms=3472.80809.[0m
[0mTraining: epoch=0 step=4068/12500 loss=0.34093 accuracy=89.37700 runtime_forward_ms=2035.56060 runtime_backward_ms=3472.84130.[0m
[0mTraining: epoch=0 step=4381/12500 loss=0.38515 accuracy=87.93929 runtime_forward_ms=2035.67907 runtime_backward_ms=3473.38898.[0m
[0mTraining: epoch=0 step=4694/12500 loss=0.31314 accuracy=89.29713 runtime_forward_ms=2035.70466 runtime_backward_ms=3473.62380.[0m
[0mTraining: epoch=0 step=5007/12500 loss=0.33970 accuracy=90.33546 runtime_forward_ms=2035.61583 runtime_backward_ms=3473.25933.[0m
[0mTraining: epoch=0 step=5320/12500 loss=0.32773 accuracy=90.17572 runtime_forward_ms=2035.64568 runtime_backward_ms=3473.39634.[0m
[0mTraining: epoch=0 step=5633/12500 loss=0.40365 accuracy=87.46006 runtime_forward_ms=2035.68383 runtime_backward_ms=3473.33548.[0m
[0mTraining: epoch=0 step=5946/12500 loss=0.34931 accuracy=88.89776 runtime_forward_ms=2035.69707 runtime_backward_ms=3473.54210.[0m
[0mTraining: epoch=0 step=6259/12500 loss=0.32304 accuracy=90.01598 runtime_forward_ms=2035.69887 runtime_backward_ms=3473.38772.[0m
[0mTraining: epoch=0 step=6572/12500 loss=0.34492 accuracy=87.30032 runtime_forward_ms=2035.59819 runtime_backward_ms=3472.83839.[0m
[0mTraining: epoch=0 step=6885/12500 loss=0.35121 accuracy=89.45687 runtime_forward_ms=2035.59377 runtime_backward_ms=3473.11909.[0m
[0mTraining: epoch=0 step=7198/12500 loss=0.30261 accuracy=90.57508 runtime_forward_ms=2035.67813 runtime_backward_ms=3473.17714.[0m
[0mTraining: epoch=0 step=7511/12500 loss=0.36315 accuracy=87.93929 runtime_forward_ms=2035.60447 runtime_backward_ms=3473.19993.[0m
[0mTraining: epoch=0 step=7824/12500 loss=0.33201 accuracy=89.05750 runtime_forward_ms=2035.65387 runtime_backward_ms=3473.20160.[0m
[0mTraining: epoch=0 step=8137/12500 loss=0.36509 accuracy=89.93610 runtime_forward_ms=2035.71789 runtime_backward_ms=3473.80507.[0m
[0mTraining: epoch=0 step=8450/12500 loss=0.32730 accuracy=90.65495 runtime_forward_ms=2035.69592 runtime_backward_ms=3473.43115.[0m
[0mTraining: epoch=0 step=8763/12500 loss=0.30346 accuracy=90.49521 runtime_forward_ms=2035.68486 runtime_backward_ms=3473.48592.[0m
[0mTraining: epoch=0 step=9076/12500 loss=0.32405 accuracy=89.93610 runtime_forward_ms=2035.01993 runtime_backward_ms=3472.13043.[0m
[0mTraining: epoch=0 step=9389/12500 loss=0.31988 accuracy=89.77636 runtime_forward_ms=2035.59898 runtime_backward_ms=3472.93278.[0m
[0mTraining: epoch=0 step=9702/12500 loss=0.28771 accuracy=90.57508 runtime_forward_ms=2035.66260 runtime_backward_ms=3473.49357.[0m
[0mTraining: epoch=0 step=10015/12500 loss=0.28023 accuracy=91.05431 runtime_forward_ms=2036.37462 runtime_backward_ms=3474.46649.[0m
[0mTraining: epoch=0 step=10328/12500 loss=0.33364 accuracy=89.21725 runtime_forward_ms=2035.70242 runtime_backward_ms=3473.68615.[0m
[0mTraining: epoch=0 step=10641/12500 loss=0.34997 accuracy=89.37700 runtime_forward_ms=2035.73824 runtime_backward_ms=3473.61885.[0m
[0mTraining: epoch=0 step=10954/12500 loss=0.31184 accuracy=89.69649 runtime_forward_ms=2035.68413 runtime_backward_ms=3473.59836.[0m
[0mTraining: epoch=0 step=11267/12500 loss=0.33314 accuracy=89.29713 runtime_forward_ms=2035.64790 runtime_backward_ms=3473.30663.[0m
[0mTraining: epoch=0 step=11580/12500 loss=0.28132 accuracy=91.37380 runtime_forward_ms=2035.63611 runtime_backward_ms=3473.01667.[0m
[0mTraining: epoch=0 step=11893/12500 loss=0.28392 accuracy=90.57508 runtime_forward_ms=2035.57884 runtime_backward_ms=3473.01040.[0m
[0mTraining: epoch=0 step=12206/12500 loss=0.33410 accuracy=89.29713 runtime_forward_ms=2035.68279 runtime_backward_ms=3473.09326.[0m
[0mValidation: epoch=0 training_step=12499 loss=1.06839 accuracy=74.23000 runtime_forward_ms=2034.97956.[0m
[0m--- End of Epoch: epoch=0 duration_training=69500.69649064168 duration_validation=5091.853544719517 training_step=12499 training_loss=0.33410 training_accuracy=89.29713 validation_loss=1.06839 validation_accuracy=74.23000.[0m
